2019-11-06 05:30:23,572:<module>:Executing: 1979-01-01 00:00:00 to 1979-12-31 00:00:00
2019-11-06 05:30:23,574:<module>:Runtime: 364 days
2019-11-06 05:30:23,574:<module>:Timestep (dt): 120 minutes
2019-11-06 05:30:23,574:<module>:Output (dt): 1 days
2019-11-06 05:30:23,574:<module>:Repeat release: 6 days
2019-11-06 05:30:23,574:<module>:Depths: 6 dz=50 [50 to 300]
2019-11-06 05:30:23,574:<module>:Latitudes: 7 dy=0.8 [-2.4 to 2.4]
2019-11-06 05:30:23,574:<module>:Longitudes: 1 [190]
2019-11-06 05:30:23,574:<module>:Particles (/repeatdt): 42
2019-11-06 05:30:23,575:<module>:Particles (total): 2520
2019-11-06 05:30:23,575:<module>:Time decorator used.
2019-11-06 05:30:25,009:timed:ofam_fieldset: 0 hours, 0 mins, 01.43 secs
2019-11-06 05:30:25,013:EUC_particles:Executing: ParticleFile_1979-1979_v4i
Particles removed: 23
INFO: Compiled tparticleDeleteWestwardAgeAdvectionRK4_3D ==> /jobfs/local/3321478.r-man2/parcels-12904/d0a3eff2f4a1a7438a3aa533d08b1a7b.so
100% (31449600.0 of 31449600.0) |########| Elapsed Time: 0:29:49 Time:  0:29:49
Timer (base): 0 hours, 33 mins, 37.10 secs
2019-11-06 06:23:41,309:<module>:Executing: 1979-01-01 00:00:00 to 1979-06-30 00:00:00
2019-11-06 06:23:41,313:<module>:Runtime: 180 days
2019-11-06 06:23:41,313:<module>:Timestep (dt): 120 minutes
2019-11-06 06:23:41,313:<module>:Output (dt): 1 days
2019-11-06 06:23:41,313:<module>:Repeat release: 6 days
2019-11-06 06:23:41,313:<module>:Depths: 6 dz=50 [50 to 300]
2019-11-06 06:23:41,313:<module>:Latitudes: 7 dy=0.8 [-2.4 to 2.4]
2019-11-06 06:23:41,314:<module>:Longitudes: 1 [200]
2019-11-06 06:23:41,314:<module>:Particles (/repeatdt): 42
2019-11-06 06:23:41,314:<module>:Particles (total): 1260
2019-11-06 06:23:41,314:<module>:Time decorator used.
2019-11-06 06:23:42,227:__init__:Casting lon data to np.float32
2019-11-06 06:23:42,227:__init__:Casting lat data to np.float32
2019-11-06 06:23:42,227:__init__:Casting depth data to np.float32
2019-11-06 06:23:43,373:timed:ofam_fieldset: 0:0:02.06 total: 2.06 seconds.
2019-11-06 06:23:43,374:EUC_particles:Executing: ParticleFile_1979-1979_v5i
2019-11-06 06:27:32,735:timed:EUC_pset: 0:3:49.36 total: 229.36 seconds.
2019-11-06 06:27:32,740:remove_westward_particles:Particles removed: 18
2019-11-06 06:27:32,740:timed:remove_westward_particles: 0:0:00.00 total: 0.00 seconds.
2019-11-06 06:27:35,855:compile:Compiled tparticleDeleteWestwardAgeAdvectionRK4_3D ==> /jobfs/local/3321478.r-man2/parcels-12904/64f9483b526cf3b5c18d86387013973a.so
2019-11-06 06:38:16,297:timed:EUC_particles: 0:14:32.92 total: 872.92 seconds.
2019-11-06 06:38:16,828:ParticleFile_transport:Particles removed (final): 502
2019-11-06 06:38:17,633:timed:ParticleFile_transport: 0:0:01.31 total: 1.31 seconds.
2019-11-06 06:56:18,184:<module>:Executing: 1979-01-01 00:00:00 to 1989-12-31 00:00:00
2019-11-06 06:56:18,186:<module>:Runtime: 4017 days
2019-11-06 06:56:18,186:<module>:Timestep (dt): 120 minutes
2019-11-06 06:56:18,186:<module>:Output (dt): 1 days
2019-11-06 06:56:18,186:<module>:Repeat release: 6 days
2019-11-06 06:56:18,186:<module>:Depths: 6 dz=50 [50 to 300]
2019-11-06 06:56:18,186:<module>:Latitudes: 7 dy=0.8 [-2.4 to 2.4]
2019-11-06 06:56:18,187:<module>:Longitudes: 1 [190]
2019-11-06 06:56:18,187:<module>:Particles (/repeatdt): 42
2019-11-06 06:56:18,187:<module>:Particles (total): 28098
2019-11-06 06:56:18,187:<module>:Time decorator used.
2019-11-06 06:56:50,579:__init__:Casting lon data to np.float32
2019-11-06 06:56:50,579:__init__:Casting lat data to np.float32
2019-11-06 06:56:50,580:__init__:Casting depth data to np.float32
2019-11-06 06:57:37,628:timed:ofam_fieldset: 0:1:19.44 total: 79.44 seconds.
2019-11-06 06:57:37,632:EUC_particles:Executing: ParticleFile_1979-1989_v5i
2019-11-06 07:01:23,471:timed:EUC_pset: 0:3:45.84 total: 225.84 seconds.
2019-11-06 07:01:23,477:remove_westward_particles:Particles removed: 24
2019-11-06 07:01:23,477:timed:remove_westward_particles: 0:0:00.00 total: 0.00 seconds.
2019-11-06 07:01:26,419:compile:Compiled tparticleDeleteWestwardAgeAdvectionRK4_3D ==> /jobfs/local/3321478.r-man2/parcels-12904/fb0cb6412dd334295df808f1452b8d2c.so
2019-11-06 09:19:19,655:<module>:Executing: 1983-01-01 00:00:00 to 1989-12-31 00:00:00
2019-11-06 09:19:19,657:<module>:Runtime: 2556 days
2019-11-06 09:19:19,657:<module>:Timestep (dt): 240 minutes
2019-11-06 09:19:19,657:<module>:Output (dt): 1 days
2019-11-06 09:19:19,657:<module>:Repeat release: 6 days
2019-11-06 09:19:19,657:<module>:Depths: 6 dz=50 [50 to 300]
2019-11-06 09:19:19,657:<module>:Latitudes: 7 dy=0.8 [-2.4 to 2.4]
2019-11-06 09:19:19,658:<module>:Longitudes: 1 [190]
2019-11-06 09:19:19,658:<module>:Particles (/repeatdt): 42
2019-11-06 09:19:19,658:<module>:Particles (total): 17892
2019-11-06 09:19:19,658:<module>:Time decorator used.
2019-11-06 09:19:19,661:<module>:Executing: 1983-01-01 00:00:00 to 1989-12-31 00:00:00
2019-11-06 09:19:19,680:<module>:Runtime: 2556 days
2019-11-06 09:19:19,680:<module>:Timestep (dt): 240 minutes
2019-11-06 09:19:19,680:<module>:Output (dt): 1 days
2019-11-06 09:19:19,681:<module>:Repeat release: 6 days
2019-11-06 09:19:19,681:<module>:Depths: 6 dz=50 [50 to 300]
2019-11-06 09:19:19,681:<module>:Latitudes: 7 dy=0.8 [-2.4 to 2.4]
2019-11-06 09:19:19,681:<module>:Longitudes: 1 [200]
2019-11-06 09:19:19,681:<module>:Particles (/repeatdt): 42
2019-11-06 09:19:19,681:<module>:Particles (total): 17892
2019-11-06 09:19:19,681:<module>:Time decorator used.
2019-11-06 09:19:46,819:__init__:Casting lon data to np.float32
2019-11-06 09:19:46,821:__init__:Casting lat data to np.float32
2019-11-06 09:19:46,821:__init__:Casting depth data to np.float32
2019-11-06 09:19:46,822:__init__:Casting lon data to np.float32
2019-11-06 09:19:46,825:__init__:Casting lat data to np.float32
2019-11-06 09:19:46,825:__init__:Casting depth data to np.float32
2019-11-06 09:20:58,688:timed:ofam_fieldset: 0:1:39.03 total: 99.03 seconds.
2019-11-06 09:20:58,690:EUC_particles:Executing: ParticleFile_1983-1989_v0i
2019-11-06 09:20:58,701:timed:ofam_fieldset: 0:1:39.02 total: 99.02 seconds.
2019-11-06 09:20:58,709:EUC_particles:Executing: ParticleFile_1983-1989_v0i
2019-11-06 09:24:33,288:timed:EUC_pset: 0:3:34.60 total: 214.60 seconds.
2019-11-06 09:24:33,300:remove_westward_particles:Particles removed: 24
2019-11-06 09:24:33,300:timed:remove_westward_particles: 0:0:00.01 total: 0.01 seconds.
2019-11-06 09:24:38,422:timed:EUC_pset: 0:3:39.71 total: 219.71 seconds.
2019-11-06 09:24:38,430:remove_westward_particles:Particles removed: 22
2019-11-06 09:24:38,430:timed:remove_westward_particles: 0:0:00.01 total: 0.01 seconds.
2019-11-06 09:24:40,707:compile:Compiled tparticleDeleteWestwardAgeAdvectionRK4_3D ==> /jobfs/local/3325365.r-man2/parcels-12904/fae94e003cdf0011b095df4bfbd8e154.so
2019-11-06 09:24:42,000:compile:Compiled tparticleDeleteWestwardAgeAdvectionRK4_3D ==> /jobfs/local/3325364.r-man2/parcels-12904/f48bf311ed3613ca2260636a2e2eb198.so
2019-11-06 10:13:22,136:<module>:Executing: 1983-01-01 00:00:00 to 1989-12-31 00:00:00
2019-11-06 10:13:22,137:<module>:Runtime: 2556 days
2019-11-06 10:13:22,137:<module>:Timestep (dt): 240 minutes
2019-11-06 10:13:22,138:<module>:Output (dt): 1 days
2019-11-06 10:13:22,138:<module>:Repeat release: 6 days
2019-11-06 10:13:22,138:<module>:Depths: 6 dz=50 [50 to 300]
2019-11-06 10:13:22,138:<module>:Latitudes: 7 dy=0.8 [-2.4 to 2.4]
2019-11-06 10:13:22,138:<module>:Longitudes: 1 [190]
2019-11-06 10:13:22,138:<module>:Particles (/repeatdt): 42
2019-11-06 10:13:22,138:<module>:Particles (total): 17892
2019-11-06 10:13:22,139:<module>:Time decorator used.
2019-11-06 10:13:45,067:__init__:Casting lon data to np.float32
2019-11-06 10:13:45,067:__init__:Casting lat data to np.float32
2019-11-06 10:13:45,068:__init__:Casting depth data to np.float32
2019-11-06 10:14:22,449:timed:ofam_fieldset: 0:1:00.31 total: 60.31 seconds.
2019-11-06 10:14:22,451:EUC_particles:Executing: ParticleFile_1983-1989_v1i
2019-11-06 10:14:30,338:__init__:Particle initialisation from field can be very slow as it is computed in scipy mode.
2019-11-06 10:18:47,393:timed:EUC_pset: 0:4:24.94 total: 264.94 seconds.
2019-11-06 10:18:47,399:remove_westward_particles:Particles removed: 24
2019-11-06 10:18:47,399:timed:remove_westward_particles: 0:0:00.01 total: 0.01 seconds.
2019-11-06 10:18:53,049:compile:Compiled tparticleDeleteWestwardAgeAdvectionRK4_3D ==> /jobfs/local/3326762.r-man2/parcels-12904/2393db629e45cf9aa24a38cc7fc5f89f_0.so
