2019-11-07 14:13:57,760:<module>:Executing: 1983-01-01 00:00:00 to 1989-12-31 00:00:00
2019-11-07 14:13:57,762:<module>:Runtime: 2556 days
2019-11-07 14:13:57,762:<module>:Timestep (dt): 240 minutes
2019-11-07 14:13:57,762:<module>:Output (dt): 1 days
2019-11-07 14:13:57,762:<module>:Repeat release: 6 days
2019-11-07 14:13:57,763:<module>:Depths: 6 dz=50 [50 to 300]
2019-11-07 14:13:57,763:<module>:Latitudes: 7 dy=0.8 [-2.4 to 2.4]
2019-11-07 14:13:57,763:<module>:Longitudes: 1 [190]
2019-11-07 14:13:57,763:<module>:Particles (/repeatdt): 42
2019-11-07 14:13:57,763:<module>:Particles (total): 17892
2019-11-07 14:13:57,763:<module>:Time decorator used.
2019-11-07 14:15:27,158:__init__:Casting lon data to np.float32
2019-11-07 14:15:27,159:__init__:Casting lat data to np.float32
2019-11-07 14:15:27,159:__init__:Casting depth data to np.float32
2019-11-07 14:17:19,545:timed:ofam_fieldset: 0:3:21.78 total: 201.78 seconds.
2019-11-07 14:17:19,553:EUC_particles:Executing: ParticleFile_1983-1989_v1i
2019-11-07 14:17:27,796:__init__:Particle initialisation from field can be very slow as it is computed in scipy mode.
2019-11-07 14:21:06,104:timed:EUC_pset: 0:3:46.55 total: 226.55 seconds.
2019-11-07 14:21:06,108:remove_westward_particles:Particles removed: 24
2019-11-07 14:21:06,109:timed:remove_westward_particles: 0:0:00.00 total: 0.00 seconds.
2019-11-07 14:21:10,180:compile:Compiled tparticleDeleteWestwardAgeAdvectionRK4_3D ==> /jobfs/local/3368303.r-man2/parcels-12904/237844ae18e09613430f512a26897e64_0.so
2019-11-07 14:25:53,436:<module>:Executing: 1983-01-01 00:00:00 to 1989-12-31 00:00:00
2019-11-07 14:25:53,440:<module>:Runtime: 2556 days
2019-11-07 14:25:53,440:<module>:Timestep (dt): 240 minutes
2019-11-07 14:25:53,440:<module>:Output (dt): 1 days
2019-11-07 14:25:53,440:<module>:Repeat release: 6 days
2019-11-07 14:25:53,441:<module>:Depths: 6 dz=50 [50 to 300]
2019-11-07 14:25:53,441:<module>:Latitudes: 7 dy=0.8 [-2.4 to 2.4]
2019-11-07 14:25:53,441:<module>:Longitudes: 1 [200]
2019-11-07 14:25:53,441:<module>:Particles (/repeatdt): 42
2019-11-07 14:25:53,441:<module>:Particles (total): 17892
2019-11-07 14:25:53,441:<module>:Time decorator used.
2019-11-07 14:26:08,777:__init__:Casting lon data to np.float32
2019-11-07 14:26:08,777:__init__:Casting lat data to np.float32
2019-11-07 14:26:08,778:__init__:Casting depth data to np.float32
2019-11-07 14:26:35,328:timed:ofam_fieldset: 0:0:41.89 total: 41.89 seconds.
2019-11-07 14:26:35,337:EUC_particles:Executing: ParticleFile_1983-1989_v1i
2019-11-07 14:26:42,377:__init__:Particle initialisation from field can be very slow as it is computed in scipy mode.
2019-11-07 14:30:43,505:timed:EUC_pset: 0:4:08.17 total: 248.17 seconds.
2019-11-07 14:30:43,509:remove_westward_particles:Particles removed: 22
2019-11-07 14:30:43,509:timed:remove_westward_particles: 0:0:00.00 total: 0.00 seconds.
2019-11-07 14:30:47,330:compile:Compiled tparticleDeleteWestwardAgeAdvectionRK4_3D ==> /jobfs/local/3368311.r-man2/parcels-12904/84968d1c604ba2225d1a70ccd51fe057_0.so
2019-11-07 16:37:53,314:<module>:Executing: 1983-01-01 00:00:00 to 1989-12-31 00:00:00
2019-11-07 16:37:53,336:<module>:Runtime: 2556 days
2019-11-07 16:37:53,336:<module>:Timestep (dt): 240 minutes
2019-11-07 16:37:53,336:<module>:Output (dt): 1 days
2019-11-07 16:37:53,336:<module>:Repeat release: 6 days
2019-11-07 16:37:53,336:<module>:Depths: 6 dz=50 [50 to 300]
2019-11-07 16:37:53,336:<module>:Latitudes: 7 dy=0.8 [-2.4 to 2.4]
2019-11-07 16:37:53,337:<module>:Longitudes: 1 [190]
2019-11-07 16:37:53,337:<module>:Particles (/repeatdt): 42
2019-11-07 16:37:53,337:<module>:Particles (total): 17892
2019-11-07 16:37:53,337:<module>:Time decorator used.
2019-11-07 16:38:10,039:<module>:Executing: 1983-01-01 00:00:00 to 1989-12-31 00:00:00
2019-11-07 16:38:10,040:<module>:Runtime: 2556 days
2019-11-07 16:38:10,040:<module>:Timestep (dt): 240 minutes
2019-11-07 16:38:10,040:<module>:Output (dt): 1 days
2019-11-07 16:38:10,040:<module>:Repeat release: 6 days
2019-11-07 16:38:10,040:<module>:Depths: 6 dz=50 [50 to 300]
2019-11-07 16:38:10,041:<module>:Latitudes: 7 dy=0.8 [-2.4 to 2.4]
2019-11-07 16:38:10,041:<module>:Longitudes: 1 [200]
2019-11-07 16:38:10,041:<module>:Particles (/repeatdt): 42
2019-11-07 16:38:10,041:<module>:Particles (total): 17892
2019-11-07 16:38:10,041:<module>:Time decorator used.
2019-11-07 16:38:43,381:__init__:Casting lon data to np.float32
2019-11-07 16:38:43,382:__init__:Casting lat data to np.float32
2019-11-07 16:38:43,383:__init__:Casting depth data to np.float32
2019-11-07 16:38:43,388:__init__:Casting lon data to np.float32
2019-11-07 16:38:43,391:__init__:Casting lat data to np.float32
2019-11-07 16:38:43,391:__init__:Casting depth data to np.float32
2019-11-07 16:40:07,710:timed:ofam_fieldset: 0:1:57.67 total: 117.67 seconds.
2019-11-07 16:40:07,711:EUC_particles:Executing: ParticleFile_1983-1989_v1i
2019-11-07 16:40:07,718:timed:ofam_fieldset: 0:2:14.38 total: 134.38 seconds.
2019-11-07 16:40:07,721:EUC_particles:Executing: ParticleFile_1983-1989_v1i
2019-11-07 16:40:15,411:__init__:Particle initialisation from field can be very slow as it is computed in scipy mode.
2019-11-07 16:40:15,415:__init__:Particle initialisation from field can be very slow as it is computed in scipy mode.
2019-11-07 16:44:05,952:timed:EUC_pset: 0:3:58.23 total: 238.23 seconds.
2019-11-07 16:44:05,957:remove_westward_particles:Particles removed: 24
2019-11-07 16:44:05,958:timed:remove_westward_particles: 0:0:00.01 total: 0.01 seconds.
2019-11-07 16:44:09,495:timed:EUC_pset: 0:4:01.78 total: 241.78 seconds.
2019-11-07 16:44:09,503:remove_westward_particles:Particles removed: 22
2019-11-07 16:44:09,503:timed:remove_westward_particles: 0:0:00.00 total: 0.00 seconds.
2019-11-07 16:44:13,140:compile:Compiled tparticleDeleteWestwardAgeAdvectionRK4_3D ==> /jobfs/local/3370326.r-man2/parcels-12904/624eb310e861ec3133a27792885ed3ec_0.so
2019-11-07 16:44:13,151:compile:Compiled tparticleDeleteWestwardAgeAdvectionRK4_3D ==> /jobfs/local/3370335.r-man2/parcels-12904/3c55714bebf09ac2f60f9e282d852bd4_0.so
2019-11-07 19:01:55,785:<module>:Executing: 1983-01-01 00:00:00 to 1989-12-31 00:00:00
2019-11-07 19:01:55,814:<module>:Runtime: 2556 days
2019-11-07 19:01:55,814:<module>:Timestep (dt): 240 minutes
2019-11-07 19:01:55,815:<module>:Output (dt): 1 days
2019-11-07 19:01:55,815:<module>:Repeat release: 6 days
2019-11-07 19:01:55,815:<module>:Depths: 6 dz=50 [50 to 300]
2019-11-07 19:01:55,815:<module>:Latitudes: 7 dy=0.8 [-2.4 to 2.4]
2019-11-07 19:01:55,815:<module>:Longitudes: 1 [190]
2019-11-07 19:01:55,815:<module>:Particles (/repeatdt): 42
2019-11-07 19:01:55,815:<module>:Particles (total): 17892
2019-11-07 19:01:55,815:<module>:Time decorator used.
2019-11-07 19:02:43,848:__init__:Casting lon data to np.float32
2019-11-07 19:02:43,848:__init__:Casting lat data to np.float32
2019-11-07 19:02:43,849:__init__:Casting depth data to np.float32
2019-11-07 19:04:23,835:timed:ofam_fieldset: 0:2:28.02 total: 148.02 seconds.
2019-11-07 19:04:23,840:EUC_particles:Executing: ParticleFile_1983-1989_v1i
2019-11-07 19:04:30,887:__init__:Particle initialisation from field can be very slow as it is computed in scipy mode.
2019-11-07 19:08:08,698:timed:EUC_pset: 0:3:44.86 total: 224.86 seconds.
2019-11-07 19:08:08,704:remove_westward_particles:Particles removed: 24
2019-11-07 19:08:08,704:timed:remove_westward_particles: 0:0:00.01 total: 0.01 seconds.
2019-11-07 19:08:15,737:compile:Compiled tparticleDeleteWestwardAgeAdvectionRK4_3D ==> /jobfs/local/3373471.r-man2/parcels-12904/385de4df54561ed1532e7c48e24abec4_0.so
2019-11-07 23:23:52,486:<module>:Executing: 1983-01-01 00:00:00 to 1989-12-31 00:00:00
2019-11-07 23:23:52,491:<module>:Runtime: 2556 days
2019-11-07 23:23:52,491:<module>:Timestep (dt): 240 minutes
2019-11-07 23:23:52,491:<module>:Output (dt): 1 days
2019-11-07 23:23:52,491:<module>:Repeat release: 6 days
2019-11-07 23:23:52,491:<module>:Depths: 6 dz=50 [50 to 300]
2019-11-07 23:23:52,492:<module>:Latitudes: 7 dy=0.8 [-2.4 to 2.4]
2019-11-07 23:23:52,492:<module>:Longitudes: 1 [200]
2019-11-07 23:23:52,492:<module>:Particles (/repeatdt): 42
2019-11-07 23:23:52,492:<module>:Particles (total): 17892
2019-11-07 23:23:52,492:<module>:Time decorator used.
2019-11-07 23:25:06,622:__init__:Casting lon data to np.float32
2019-11-07 23:25:06,623:__init__:Casting lat data to np.float32
2019-11-07 23:25:06,623:__init__:Casting depth data to np.float32
2019-11-07 23:27:41,931:timed:ofam_fieldset: 0:3:49.44 total: 229.44 seconds.
2019-11-07 23:27:41,933:EUC_particles:Executing: ParticleFile_1983-1989_v1i
2019-11-07 23:27:49,791:__init__:Particle initialisation from field can be very slow as it is computed in scipy mode.
2019-11-07 23:31:31,342:timed:EUC_pset: 0:3:49.41 total: 229.41 seconds.
2019-11-07 23:31:31,346:remove_westward_particles:Particles removed: 22
2019-11-07 23:31:31,346:timed:remove_westward_particles: 0:0:00.00 total: 0.00 seconds.
2019-11-07 23:31:38,720:compile:Compiled tparticleDeleteWestwardAgeAdvectionRK4_3D ==> /jobfs/local/3377570.r-man2/parcels-12904/b3702846b305c44d59f3978e8e46f62a_0.so
2019-11-07 23:58:10,098:<module>:Executing: 1983-01-01 00:00:00 to 1989-12-31 00:00:00
2019-11-07 23:58:10,116:<module>:Runtime: 2556 days
2019-11-07 23:58:10,116:<module>:Timestep (dt): 240 minutes
2019-11-07 23:58:10,116:<module>:Output (dt): 1 days
2019-11-07 23:58:10,116:<module>:Repeat release: 6 days
2019-11-07 23:58:10,116:<module>:Depths: 6 dz=50 [50 to 300]
2019-11-07 23:58:10,117:<module>:Latitudes: 7 dy=0.8 [-2.4 to 2.4]
2019-11-07 23:58:10,117:<module>:Longitudes: 1 [190]
2019-11-07 23:58:10,117:<module>:Particles (/repeatdt): 42
2019-11-07 23:58:10,117:<module>:Particles (total): 17892
2019-11-07 23:58:10,117:<module>:Time decorator used.
2019-11-07 23:59:01,947:__init__:Casting lon data to np.float32
2019-11-07 23:59:01,947:__init__:Casting lat data to np.float32
2019-11-07 23:59:01,948:__init__:Casting depth data to np.float32
2019-11-08 00:00:32,322:timed:ofam_fieldset: 0:2:22.21 total: 142.21 seconds.
2019-11-08 00:00:32,360:EUC_particles:Executing: ParticleFile_1983-1989_v1i
2019-11-08 00:00:40,437:__init__:Particle initialisation from field can be very slow as it is computed in scipy mode.
2019-11-08 00:04:18,450:timed:EUC_pset: 0:3:46.09 total: 226.09 seconds.
2019-11-08 00:04:18,455:remove_westward_particles:Particles removed: 24
2019-11-08 00:04:18,455:timed:remove_westward_particles: 0:0:00.00 total: 0.00 seconds.
2019-11-08 00:04:22,212:compile:Compiled tparticleDeleteWestwardAgeAdvectionRK4_3D ==> /jobfs/local/3378783.r-man2/parcels-12904/d0ee334857af4540fd01240147cdacd7_0.so
