2020-10-19 23:51:28: sim_rcp_165_v0r02: Rank=32: GQIHZEFL: Particles=428
2020-10-19 23:51:28: sim_rcp_165_v0r02: Rank=15: GQIHZEFL: Particles=3013
2020-10-19 23:51:28: sim_rcp_165_v0r02: Rank=20: GQIHZEFL: Particles=1411
2020-10-19 23:51:28: sim_rcp_165_v0r02: Rank=40: GQIHZEFL: Particles=960
2020-10-19 23:51:28: sim_rcp_165_v0r02: Rank=21: GQIHZEFL: Particles=975
2020-10-19 23:51:28: sim_rcp_165_v0r02: Rank=28: GQIHZEFL: Particles=20766
2020-10-19 23:51:28: sim_rcp_165_v0r02: Rank=41: GQIHZEFL: Particles=803
2020-10-19 23:51:28: sim_rcp_165_v0r02: Rank=35: GQIHZEFL: Particles=2556
2020-10-19 23:51:28: sim_rcp_165_v0r02: Rank=39: GQIHZEFL: Particles=2447
2020-10-19 23:51:28: sim_rcp_165_v0r02: Rank=45: GQIHZEFL: Particles=3089
2020-10-19 23:51:28: sim_rcp_165_v0r02: Rank=18: GQIHZEFL: Particles=5319
2020-10-19 23:51:28: sim_rcp_165_v0r02: Rank=47: GQIHZEFL: Particles=950
2020-10-19 23:51:28: sim_rcp_165_v0r02: Rank=44: GQIHZEFL: Particles=2465
2020-10-19 23:51:28: sim_rcp_165_v0r02: Rank=23: GQIHZEFL: Particles=25380
2020-10-19 23:51:28: sim_rcp_165_v0r02: Rank=46: GQIHZEFL: Particles=1642
2020-10-19 23:51:28: sim_rcp_165_v0r02: Rank=31: GQIHZEFL: Particles=417
2020-10-19 23:51:28: sim_rcp_165_v0r02: Rank=33: GQIHZEFL: Particles=248
2020-10-19 23:51:28: sim_rcp_165_v0r02: Rank=22: GQIHZEFL: Particles=1229
2020-10-19 23:51:28: sim_rcp_165_v0r02: Rank=13: GQIHZEFL: Particles=1313
2020-10-19 23:51:28: sim_rcp_165_v0r02: Rank=26: GQIHZEFL: Particles=1152
2020-10-19 23:51:28: sim_rcp_165_v0r02: Rank=30: GQIHZEFL: Particles=212
2020-10-19 23:51:28: sim_rcp_165_v0r02: Rank=17: GQIHZEFL: Particles=1630
2020-10-19 23:51:28: sim_rcp_165_v0r02: Rank=29: GQIHZEFL: Particles=2971
2020-10-19 23:51:28: sim_rcp_165_v0r02: Rank=34: GQIHZEFL: Particles=900
2020-10-19 23:51:28: sim_rcp_165_v0r02: Rank=16: GQIHZEFL: Particles=1857
2020-10-19 23:51:28: sim_rcp_165_v0r02: Rank=37: GQIHZEFL: Particles=97
2020-10-19 23:51:28: sim_rcp_165_v0r02: Rank=36: GQIHZEFL: Particles=3211
2020-10-19 23:51:28: sim_rcp_165_v0r02: Rank=42: GQIHZEFL: Particles=4526
2020-10-19 23:51:28: sim_rcp_165_v0r02: Rank=24: GQIHZEFL: Particles=1593
2020-10-19 23:51:28: sim_rcp_165_v0r02: Rank=27: GQIHZEFL: Particles=1256
2020-10-19 23:51:28: sim_rcp_165_v0r02: Rank=14: GQIHZEFL: Particles=2165
2020-10-19 23:51:28: sim_rcp_165_v0r02: Rank=19: GQIHZEFL: Particles=2348
2020-10-19 23:51:28: sim_rcp_165_v0r02: Rank=38: GQIHZEFL: Particles=3116
2020-10-19 23:51:28: sim_rcp_165_v0r02: Rank=25: GQIHZEFL: Particles=2390
2020-10-19 23:51:28: sim_rcp_165_v0r02: Rank=11: GQIHZEFL: Particles=1432
2020-10-19 23:51:28: sim_rcp_165_v0r02: Rank=12: GQIHZEFL: Particles=641
2020-10-19 23:51:28: sim_rcp_165_v0r02: Rank= 6: GQIHZEFL: Particles=2122
2020-10-19 23:51:28: sim_rcp_165_v0r02: Rank=43: GQIHZEFL: Particles=1223
2020-10-19 23:51:28: sim_rcp_165_v0r02: Rank= 5: GQIHZEFL: Particles=586
2020-10-19 23:51:28: sim_rcp_165_v0r02: Rank= 7: GQIHZEFL: Particles=1475
2020-10-19 23:51:28: sim_rcp_165_v0r02: Rank= 2: GQIHZEFL: Particles=4031
2020-10-19 23:51:28: sim_rcp_165_v0r02: Rank= 4: GQIHZEFL: Particles=3632
2020-10-19 23:51:28: sim_rcp_165_v0r02: Run=696d: 2097-12-15 to 2096-01-19: Particles=156201
2020-10-19 23:51:28: sim_rcp_165_v0r02: Rank= 9: GQIHZEFL: Particles=4608
2020-10-19 23:51:28: sim_rcp_165_v0r02: Rank= 1: GQIHZEFL: Particles=1429
2020-10-19 23:51:28: sim_rcp_165_v0r02: Rank= 8: GQIHZEFL: Particles=2952
2020-10-19 23:51:28: sim_rcp_165_v0r02: Rank= 3: GQIHZEFL: Particles=2463
2020-10-19 23:51:28: sim_rcp_165_v0r02: Rank=10: GQIHZEFL: Particles=3090
2020-10-19 23:51:28: sim_rcp_165_v0r02: Rep=6d: dt=60m: Out=1d: Land=0.975 Vmin=1e-07
2020-10-19 23:51:28: sim_rcp_165_v0r02: Rank= 0: GQIHZEFL: Particles=21682
2020-10-20 09:44:43:  sim_rcp_165_v0r02: Completed: 10:08:16: Rank= 6: Particles: Start=2122 Del=385 End=1737
2020-10-20 11:57:14:  sim_rcp_165_v0r02: Completed: 12:20:47: Rank=40: Particles: Start=960 Del=222 End=738
2020-10-20 13:32:55:  sim_rcp_165_v0r02: Completed: 13:56:28: Rank=33: Particles: Start=248 Del=199 End=49
2020-10-20 00:15:09: sim_hist_165_v0r04: Rank=12: KULLKFQD: Particles=4852
2020-10-20 00:15:09: sim_hist_165_v0r04: Rank=22: KULLKFQD: Particles=923
2020-10-20 00:15:09: sim_hist_165_v0r04: Rank=31: KULLKFQD: Particles=1045
2020-10-20 00:15:09: sim_hist_165_v0r04: Rank=25: KULLKFQD: Particles=3961
2020-10-20 00:15:09: sim_hist_165_v0r04: Rank=14: KULLKFQD: Particles=7762
2020-10-20 00:15:09: sim_hist_165_v0r04: Rank=44: KULLKFQD: Particles=4482
2020-10-20 00:15:09: sim_hist_165_v0r04: Rank=33: KULLKFQD: Particles=864
2020-10-20 00:15:09: sim_hist_165_v0r04: Rank=43: KULLKFQD: Particles=4350
2020-10-20 00:15:09: sim_hist_165_v0r04: Rank=30: KULLKFQD: Particles=5832
2020-10-20 00:15:09: sim_hist_165_v0r04: Rank=40: KULLKFQD: Particles=3886
2020-10-20 00:15:09: sim_hist_165_v0r04: Rank=18: KULLKFQD: Particles=1209
2020-10-20 00:15:09: sim_hist_165_v0r04: Rank=42: KULLKFQD: Particles=3357
2020-10-20 00:15:09: sim_hist_165_v0r04: Rank=37: KULLKFQD: Particles=1675
2020-10-20 00:15:09: sim_hist_165_v0r04: Rank=39: KULLKFQD: Particles=2137
2020-10-20 00:15:09: sim_hist_165_v0r04: Rank= 1: KULLKFQD: Particles=3742
2020-10-20 00:15:09: sim_hist_165_v0r04: Rank=45: KULLKFQD: Particles=2109
2020-10-20 00:15:09: sim_hist_165_v0r04: Rank=47: KULLKFQD: Particles=1307
2020-10-20 00:15:09: sim_hist_165_v0r04: Rank=20: KULLKFQD: Particles=1996
2020-10-20 00:15:09: sim_hist_165_v0r04: Rank= 4: KULLKFQD: Particles=30213
2020-10-20 00:15:09: sim_hist_165_v0r04: Rank=41: KULLKFQD: Particles=1867
2020-10-20 00:15:09: sim_hist_165_v0r04: Rank=24: KULLKFQD: Particles=4028
2020-10-20 00:15:09: sim_hist_165_v0r04: Rank= 9: KULLKFQD: Particles=4588
2020-10-20 00:15:09: sim_hist_165_v0r04: Rank=16: KULLKFQD: Particles=1664
2020-10-20 00:15:09: sim_hist_165_v0r04: Run=696d: 2004-12-01 to 2003-01-05: Particles=210402
2020-10-20 00:15:09: sim_hist_165_v0r04: Rank=15: KULLKFQD: Particles=3740
2020-10-20 00:15:09: sim_hist_165_v0r04: Rank=38: KULLKFQD: Particles=32963
2020-10-20 00:15:09: sim_hist_165_v0r04: Rank= 3: KULLKFQD: Particles=1011
2020-10-20 00:15:09: sim_hist_165_v0r04: Rank=27: KULLKFQD: Particles=3714
2020-10-20 00:15:09: sim_hist_165_v0r04: Rank=23: KULLKFQD: Particles=812
2020-10-20 00:15:09: sim_hist_165_v0r04: Rank=46: KULLKFQD: Particles=4907
2020-10-20 00:15:09: sim_hist_165_v0r04: Rank= 2: KULLKFQD: Particles=2525
2020-10-20 00:15:09: sim_hist_165_v0r04: Rank=36: KULLKFQD: Particles=3648
2020-10-20 00:15:09: sim_hist_165_v0r04: Rank=13: KULLKFQD: Particles=4080
2020-10-20 00:15:09: sim_hist_165_v0r04: Rank= 8: KULLKFQD: Particles=4222
2020-10-20 00:15:09: sim_hist_165_v0r04: Rank=10: KULLKFQD: Particles=4282
2020-10-20 00:15:09: sim_hist_165_v0r04: Rank=21: KULLKFQD: Particles=3336
2020-10-20 00:15:09: sim_hist_165_v0r04: Rank= 7: KULLKFQD: Particles=2440
2020-10-20 00:15:09: sim_hist_165_v0r04: Rank=11: KULLKFQD: Particles=2179
2020-10-20 00:15:09: sim_hist_165_v0r04: Rank=35: KULLKFQD: Particles=2448
2020-10-20 00:15:09: sim_hist_165_v0r04: Rank=28: KULLKFQD: Particles=5836
2020-10-20 00:15:09: sim_hist_165_v0r04: Rank= 5: KULLKFQD: Particles=3440
2020-10-20 00:15:09: sim_hist_165_v0r04: Rank=34: KULLKFQD: Particles=3215
2020-10-20 00:15:09: sim_hist_165_v0r04: Rank=26: KULLKFQD: Particles=1508
2020-10-20 00:15:09: sim_hist_165_v0r04: Rank= 6: KULLKFQD: Particles=3637
2020-10-20 00:15:09: sim_hist_165_v0r04: Rank=32: KULLKFQD: Particles=4325
2020-10-20 00:15:09: sim_hist_165_v0r04: Rank=29: KULLKFQD: Particles=2814
2020-10-20 00:15:09: sim_hist_165_v0r04: Rank=17: KULLKFQD: Particles=878
2020-10-20 00:15:09: sim_hist_165_v0r04: Rank=19: KULLKFQD: Particles=4318
2020-10-20 00:15:09: sim_hist_165_v0r04: Rep=6d: dt=60m: Out=1d: Land=0.975 Vmin=1e-07
2020-10-20 00:15:09: sim_hist_165_v0r04: Rank= 0: KULLKFQD: Particles=6275
2020-10-20 02:20:37: sim_hist_165_v0r04: Completed: 02:06:38: Rank=20: Particles: Start=1996 Del=850 End=1146
2020-10-20 02:40:50: sim_hist_165_v0r04: Completed: 02:26:52: Rank=41: Particles: Start=1867 Del=455 End=1412
2020-10-20 02:44:47: sim_hist_165_v0r04: Completed: 02:30:48: Rank=26: Particles: Start=1508 Del=481 End=1027
2020-10-20 02:50:33: sim_hist_165_v0r04: Completed: 02:36:34: Rank=24: Particles: Start=4028 Del=113 End=3915
2020-10-20 03:12:44: sim_hist_165_v0r04: Completed: 02:58:46: Rank=18: Particles: Start=1209 Del=646 End=563
2020-10-20 03:24:42: sim_hist_165_v0r04: Completed: 03:10:44: Rank=13: Particles: Start=4080 Del=640 End=3440
2020-10-20 03:24:45: sim_hist_165_v0r04: Completed: 03:10:46: Rank=32: Particles: Start=4325 Del=3584 End=741
2020-10-20 03:59:29: sim_hist_165_v0r04: Completed: 03:45:30: Rank=43: Particles: Start=4350 Del=166 End=4184
2020-10-20 05:31:29: sim_hist_165_v0r04: Completed: 05:17:30: Rank=46: Particles: Start=4907 Del=2521 End=2386
2020-10-20 05:42:07: sim_hist_165_v0r04: Completed: 05:28:08: Rank=31: Particles: Start=1045 Del=611 End=434
2020-10-20 05:53:46: sim_hist_165_v0r04: Completed: 05:39:47: Rank=33: Particles: Start=864 Del=413 End=451
2020-10-20 06:26:35: sim_hist_190_v0r03: Particles: File=135235 New=85330 West=35435 I=49895 Total=185130
2020-10-20 06:26:35: sim_hist_190_v0r03: Runtime=696d: 2006-10-28 to 2004-12-01: Rep=6d (x115)
2020-10-20 06:26:35: sim_hist_190_v0r03: Lon=190: Lat=[-2.6-2.6 x0.1]: Depth=[25-350m x25]f32
2020-10-20 06:26:35: Saved: /g/data/e14/as3189/OFAM/data/r_sim_hist_190_v0r03.nc
2020-10-20 06:50:10: sim_hist_165_v0r04: Completed: 06:36:11: Rank=25: Particles: Start=3961 Del=12 End=3949
2020-10-20 08:34:38: sim_hist_165_v0r04: Completed: 08:20:39: Rank=34: Particles: Start=3215 Del=1219 End=1996
2020-10-20 08:35:16: sim_hist_165_v0r04: Completed: 08:21:18: Rank=22: Particles: Start=923 Del=393 End=530
2020-10-20 09:27:36: sim_hist_165_v0r04: Completed: 09:13:37: Rank=15: Particles: Start=3740 Del=1663 End=2077
2020-10-20 09:39:34: sim_hist_165_v0r04: Completed: 09:25:35: Rank= 0: Particles: Start=6275 Del=1035 End=5240
2020-10-20 10:46:12: sim_hist_165_v0r04: Completed: 10:32:13: Rank=36: Particles: Start=3648 Del=195 End=3453
2020-10-20 10:57:09: sim_hist_165_v0r04: Completed: 10:43:10: Rank=28: Particles: Start=5836 Del=1570 End=4266
2020-10-20 11:00:51: sim_hist_165_v0r04: Completed: 10:46:52: Rank=12: Particles: Start=4852 Del=1334 End=3518
2020-10-20 11:39:47: sim_hist_165_v0r04: Completed: 11:25:48: Rank= 8: Particles: Start=4222 Del=561 End=3661
2020-10-20 13:07:09: sim_hist_165_v0r04: Completed: 12:53:10: Rank= 6: Particles: Start=3637 Del=1140 End=2497
2020-10-20 13:30:50: sim_hist_165_v0r04: Completed: 13:16:51: Rank=23: Particles: Start=812 Del=75 End=737
2020-10-20 15:05:45: sim_hist_165_v0r04: Completed: 14:51:46: Rank=37: Particles: Start=1675 Del=737 End=938
2020-10-20 15:17:18: sim_hist_165_v0r04: Completed: 15:03:19: Rank= 3: Particles: Start=1011 Del=118 End=893
2020-10-20 15:26:09: sim_hist_165_v0r04: Completed: 15:12:10: Rank=17: Particles: Start=878 Del=234 End=644
2020-10-20 15:35:53: sim_hist_190_v0r03: Rank=28: FVTBSGNN: Particles=895
2020-10-20 15:35:53: sim_hist_190_v0r03: Rank=46: FVTBSGNN: Particles=3343
2020-10-20 15:35:53: sim_hist_190_v0r03: Rank=17: FVTBSGNN: Particles=2075
2020-10-20 15:35:53: sim_hist_190_v0r03: Run=696d: 2006-10-28 to 2004-12-01: Particles=185130
2020-10-20 15:35:53: sim_hist_190_v0r03: Rank=15: FVTBSGNN: Particles=3402
2020-10-20 15:35:53: sim_hist_190_v0r03: Rank=27: FVTBSGNN: Particles=31906
2020-10-20 15:35:53: sim_hist_190_v0r03: Rank=29: FVTBSGNN: Particles=3402
2020-10-20 15:35:53: sim_hist_190_v0r03: Rank= 1: FVTBSGNN: Particles=6068
2020-10-20 15:35:53: sim_hist_190_v0r03: Rank=22: FVTBSGNN: Particles=2229
2020-10-20 15:35:53: sim_hist_190_v0r03: Rank=32: FVTBSGNN: Particles=1247
2020-10-20 15:35:53: sim_hist_190_v0r03: Rank=14: FVTBSGNN: Particles=2476
2020-10-20 15:35:53: sim_hist_190_v0r03: Rank=25: FVTBSGNN: Particles=3913
2020-10-20 15:35:53: sim_hist_190_v0r03: Rank=33: FVTBSGNN: Particles=2386
2020-10-20 15:35:53: sim_hist_190_v0r03: Rank=40: FVTBSGNN: Particles=3590
2020-10-20 15:35:53: sim_hist_190_v0r03: Rank= 8: FVTBSGNN: Particles=4113
2020-10-20 15:35:53: sim_hist_190_v0r03: Rank=47: FVTBSGNN: Particles=605
2020-10-20 15:35:53: sim_hist_190_v0r03: Rank=36: FVTBSGNN: Particles=835
2020-10-20 15:35:53: sim_hist_190_v0r03: Rank=35: FVTBSGNN: Particles=947
2020-10-20 15:35:53: sim_hist_190_v0r03: Rank= 6: FVTBSGNN: Particles=2456
2020-10-20 15:35:53: sim_hist_190_v0r03: Rank=34: FVTBSGNN: Particles=2734
2020-10-20 15:35:53: sim_hist_190_v0r03: Rank=45: FVTBSGNN: Particles=1889
2020-10-20 15:35:53: sim_hist_190_v0r03: Rank=13: FVTBSGNN: Particles=3516
2020-10-20 15:35:53: sim_hist_190_v0r03: Rank=31: FVTBSGNN: Particles=4343
2020-10-20 15:35:53: sim_hist_190_v0r03: Rank=26: FVTBSGNN: Particles=1085
2020-10-20 15:35:53: sim_hist_190_v0r03: Rank= 5: FVTBSGNN: Particles=27276
2020-10-20 15:35:53: sim_hist_190_v0r03: Rank=20: FVTBSGNN: Particles=5163
2020-10-20 15:35:53: sim_hist_190_v0r03: Rank= 4: FVTBSGNN: Particles=1652
2020-10-20 15:35:53: sim_hist_190_v0r03: Rank= 7: FVTBSGNN: Particles=3706
2020-10-20 15:35:53: sim_hist_190_v0r03: Rank= 3: FVTBSGNN: Particles=3231
2020-10-20 15:35:53: sim_hist_190_v0r03: Rank=39: FVTBSGNN: Particles=3532
2020-10-20 15:35:53: sim_hist_190_v0r03: Rank= 2: FVTBSGNN: Particles=2544
2020-10-20 15:35:53: sim_hist_190_v0r03: Rank=21: FVTBSGNN: Particles=1062
2020-10-20 15:35:53: sim_hist_190_v0r03: Rank=11: FVTBSGNN: Particles=2049
2020-10-20 15:35:53: sim_hist_190_v0r03: Rank=24: FVTBSGNN: Particles=2298
2020-10-20 15:35:53: sim_hist_190_v0r03: Rank=38: FVTBSGNN: Particles=5796
2020-10-20 15:35:53: sim_hist_190_v0r03: Rank=44: FVTBSGNN: Particles=2962
2020-10-20 15:35:53: sim_hist_190_v0r03: Rank=30: FVTBSGNN: Particles=2847
2020-10-20 15:35:53: sim_hist_190_v0r03: Rank= 9: FVTBSGNN: Particles=2456
2020-10-20 15:35:53: sim_hist_190_v0r03: Rank=19: FVTBSGNN: Particles=2373
2020-10-20 15:35:53: sim_hist_190_v0r03: Rank=37: FVTBSGNN: Particles=2677
2020-10-20 15:35:53: sim_hist_190_v0r03: Rank=41: FVTBSGNN: Particles=2693
2020-10-20 15:35:53: sim_hist_190_v0r03: Rank=18: FVTBSGNN: Particles=3579
2020-10-20 15:35:53: sim_hist_190_v0r03: Rank=43: FVTBSGNN: Particles=1140
2020-10-20 15:35:53: sim_hist_190_v0r03: Rank=16: FVTBSGNN: Particles=3326
2020-10-20 15:35:53: sim_hist_190_v0r03: Rank=10: FVTBSGNN: Particles=1548
2020-10-20 15:35:53: sim_hist_190_v0r03: Rank=12: FVTBSGNN: Particles=2475
2020-10-20 15:35:53: sim_hist_190_v0r03: Rank=42: FVTBSGNN: Particles=3115
2020-10-20 15:35:53: sim_hist_190_v0r03: Rank=23: FVTBSGNN: Particles=3288
2020-10-20 15:35:53: sim_hist_190_v0r03: Rep=6d: dt=60m: Out=1d: Land=0.975 Vmin=1e-07
2020-10-20 15:35:53: sim_hist_190_v0r03: Rank= 0: FVTBSGNN: Particles=2887
2020-10-20 17:24:40:  sim_rcp_165_v0r02: Completed: 17:48:13: Rank=24: Particles: Start=1593 Del=228 End=1365
2020-10-20 18:55:07:  sim_rcp_165_v0r02: Completed: 19:18:40: Rank=44: Particles: Start=2465 Del=2018 End=447
2020-10-20 19:59:06:  sim_rcp_165_v0r02: Completed: 20:22:39: Rank=37: Particles: Start=97 Del=18 End=79
2020-10-20 23:54:57:  sim_rcp_165_v0r02: Completed: 24:18:30: Rank=32: Particles: Start=428 Del=292 End=136
2020-10-21 02:12:33:  sim_rcp_165_v0r02: Completed: 26:36:06: Rank=30: Particles: Start=212 Del=16 End=196
2020-10-21 02:36:56:  sim_rcp_165_v0r02: Completed: 27:00:29: Rank=29: Particles: Start=2971 Del=946 End=2025
2020-10-21 06:20:37:  sim_rcp_165_v0r02: Completed: 30:44:10: Rank= 5: Particles: Start=586 Del=274 End=312
2020-10-21 11:30:25:  sim_rcp_165_v0r02: Completed: 35:53:58: Rank=19: Particles: Start=2348 Del=447 End=1901
2020-10-21 14:59:45:  sim_rcp_165_v0r02: Completed: 39:23:18: Rank=15: Particles: Start=3013 Del=2791 End=222
2020-10-20 17:56:37: sim_hist_190_v0r03: Completed: 02:28:33: Rank=10: Particles: Start=1548 Del=735 End=813
2020-10-20 18:04:04: sim_hist_190_v0r03: Completed: 02:36:00: Rank=43: Particles: Start=1140 Del=262 End=878
2020-10-20 18:11:53: sim_hist_190_v0r03: Completed: 02:43:49: Rank=24: Particles: Start=2298 Del=169 End=2129
2020-10-20 18:23:04: sim_hist_190_v0r03: Completed: 02:54:60: Rank=21: Particles: Start=1062 Del=508 End=554
2020-10-20 18:38:06: sim_hist_190_v0r03: Completed: 03:10:02: Rank=36: Particles: Start=835 Del=446 End=389
2020-10-20 18:38:39: sim_hist_190_v0r03: Completed: 03:10:35: Rank=28: Particles: Start=895 Del=509 End=386
2020-10-20 18:39:36: sim_hist_190_v0r03: Completed: 03:11:32: Rank= 9: Particles: Start=2456 Del=1877 End=579
2020-10-20 18:42:11: sim_hist_190_v0r03: Completed: 03:14:06: Rank=30: Particles: Start=2847 Del=902 End=1945
2020-10-20 19:03:29: sim_hist_165_v0r04: Completed: 18:49:31: Rank= 7: Particles: Start=2440 Del=1129 End=1311
2020-10-20 19:25:02: sim_hist_190_v0r03: Completed: 03:56:58: Rank=32: Particles: Start=1247 Del=237 End=1010
2020-10-20 19:27:58: sim_hist_190_v0r03: Completed: 03:59:54: Rank= 2: Particles: Start=2544 Del=760 End=1784
2020-10-20 19:39:20: sim_hist_190_v0r03: Completed: 04:11:16: Rank=14: Particles: Start=2476 Del=162 End=2314
2020-10-20 19:53:54: sim_hist_165_v0r04: Completed: 19:39:55: Rank=10: Particles: Start=4282 Del=436 End=3846
2020-10-20 20:11:05: sim_hist_190_v0r03: Completed: 04:43:01: Rank=41: Particles: Start=2693 Del=1117 End=1576
2020-10-20 20:48:11: sim_hist_190_v0r03: Completed: 05:20:07: Rank=47: Particles: Start=605 Del=307 End=298
2020-10-20 20:52:21: sim_hist_190_v0r03: Completed: 05:24:17: Rank= 7: Particles: Start=3706 Del=549 End=3157
2020-10-20 21:08:48: sim_hist_190_v0r03: Completed: 05:40:44: Rank=12: Particles: Start=2475 Del=817 End=1658
2020-10-20 21:30:30: sim_hist_190_v0r03: Completed: 06:02:26: Rank=37: Particles: Start=2677 Del=42 End=2635
2020-10-20 21:34:51: sim_hist_190_v0r03: Completed: 06:06:46: Rank=18: Particles: Start=3579 Del=1012 End=2567
2020-10-20 21:56:14: sim_hist_190_v0r03: Completed: 06:28:09: Rank=25: Particles: Start=3913 Del=756 End=3157
2020-10-20 22:02:56: sim_hist_190_v0r03: Completed: 06:34:52: Rank=33: Particles: Start=2386 Del=67 End=2319
2020-10-20 22:16:32: sim_hist_190_v0r03: Completed: 06:48:28: Rank=22: Particles: Start=2229 Del=65 End=2164
2020-10-20 22:22:51: sim_hist_165_v0r04: Completed: 22:08:53: Rank=21: Particles: Start=3336 Del=1462 End=1874
2020-10-20 22:44:33: sim_hist_190_v0r03: Completed: 07:16:29: Rank=46: Particles: Start=3343 Del=203 End=3140
2020-10-20 23:24:15: sim_hist_190_v0r03: Completed: 07:56:11: Rank=39: Particles: Start=3532 Del=307 End=3225
2020-10-21 00:08:58: sim_hist_165_v0r04: Completed: 23:54:59: Rank= 2: Particles: Start=2525 Del=107 End=2418
2020-10-21 00:39:43: sim_hist_190_v0r03: Completed: 09:11:39: Rank=31: Particles: Start=4343 Del=463 End=3880
2020-10-21 01:14:36: sim_hist_165_v0r04: Completed: 25:00:37: Rank=47: Particles: Start=1307 Del=108 End=1199
2020-10-21 01:35:19: sim_hist_165_v0r04: Completed: 25:21:20: Rank=42: Particles: Start=3357 Del=1010 End=2347
2020-10-21 02:02:44: sim_hist_190_v0r03: Completed: 10:34:40: Rank= 3: Particles: Start=3231 Del=83 End=3148
2020-10-21 02:49:05: sim_hist_190_v0r03: Completed: 11:21:01: Rank=45: Particles: Start=1889 Del=134 End=1755
2020-10-21 02:50:43: sim_hist_165_v0r04: Completed: 26:36:45: Rank=30: Particles: Start=5832 Del=12 End=5820
2020-10-21 03:11:41: sim_hist_165_v0r04: Completed: 26:57:43: Rank=44: Particles: Start=4482 Del=817 End=3665
2020-10-21 03:52:00: sim_hist_165_v0r04: Completed: 27:38:01: Rank=27: Particles: Start=3714 Del=1588 End=2126
2020-10-21 04:48:05: sim_hist_190_v0r03: Completed: 13:20:01: Rank= 4: Particles: Start=1652 Del=150 End=1502
2020-10-21 04:50:38: sim_hist_190_v0r03: Completed: 13:22:34: Rank=26: Particles: Start=1085 Del=508 End=577
2020-10-21 04:54:44: sim_hist_190_v0r03: Completed: 13:26:40: Rank=38: Particles: Start=5796 Del=189 End=5607
2020-10-21 04:55:56: sim_hist_165_v0r04: Completed: 28:41:57: Rank= 1: Particles: Start=3742 Del=905 End=2837
2020-10-21 05:59:21: sim_hist_190_v0r03: Completed: 14:31:16: Rank=40: Particles: Start=3590 Del=249 End=3341
2020-10-21 07:39:47: sim_hist_165_v0r04: Completed: 31:25:48: Rank=39: Particles: Start=2137 Del=63 End=2074
2020-10-21 08:00:58: sim_hist_165_v0r04: Completed: 31:46:59: Rank=45: Particles: Start=2109 Del=86 End=2023
2020-10-21 09:33:35: sim_hist_165_v0r04: Completed: 33:19:36: Rank=35: Particles: Start=2448 Del=74 End=2374
2020-10-21 09:45:12: sim_hist_190_v0r03: Completed: 18:17:08: Rank=15: Particles: Start=3402 Del=100 End=3302
2020-10-21 09:53:45: sim_hist_190_v0r03: Completed: 18:25:41: Rank=11: Particles: Start=2049 Del=102 End=1947
2020-10-21 09:56:37: sim_hist_165_v0r04: Completed: 33:42:38: Rank=14: Particles: Start=7762 Del=974 End=6788
2020-10-21 10:51:48: sim_hist_190_v0r03: Completed: 19:23:43: Rank=35: Particles: Start=947 Del=96 End=851
2020-10-21 12:22:42: sim_hist_190_v0r03: Completed: 20:54:38: Rank=42: Particles: Start=3115 Del=81 End=3034
2020-10-21 12:37:25: sim_hist_190_v0r03: Completed: 21:09:20: Rank=44: Particles: Start=2962 Del=536 End=2426
2020-10-21 13:12:59: sim_hist_165_v0r04: Completed: 36:59:00: Rank=11: Particles: Start=2179 Del=81 End=2098
2020-10-21 13:50:59: sim_hist_190_v0r03: Completed: 22:22:55: Rank=17: Particles: Start=2075 Del=961 End=1114
2020-10-21 13:52:43: sim_hist_165_v0r04: Completed: 37:38:44: Rank=29: Particles: Start=2814 Del=67 End=2747
2020-10-21 14:08:49: sim_hist_190_v0r03: Completed: 22:40:44: Rank=20: Particles: Start=5163 Del=43 End=5120
2020-10-21 16:11:38: sim_hist_190_v0r03: Completed: 24:43:34: Rank=19: Particles: Start=2373 Del=59 End=2314
2020-10-21 17:23:10: sim_hist_190_v0r03: Completed: 25:55:05: Rank= 8: Particles: Start=4113 Del=68 End=4045
2020-10-21 18:12:50: sim_hist_190_v0r03: Completed: 26:44:46: Rank=16: Particles: Start=3326 Del=83 End=3243
2020-10-21 20:03:16: sim_hist_190_v0r03: Completed: 28:35:12: Rank= 1: Particles: Start=6068 Del=162 End=5906
2020-10-21 20:20:12: sim_hist_190_v0r03: Completed: 28:52:08: Rank=13: Particles: Start=3516 Del=101 End=3415
2020-10-21 20:50:38: sim_hist_165_v0r04: Completed: 44:36:39: Rank=19: Particles: Start=4318 Del=19 End=4299
2020-10-21 21:00:03: sim_hist_190_v0r03: Completed: 29:31:59: Rank=23: Particles: Start=3288 Del=50 End=3238
2020-10-21 21:29:17: sim_hist_190_v0r03: Completed: 30:01:12: Rank= 6: Particles: Start=2456 Del=829 End=1627
2020-10-21 21:39:13: sim_hist_165_v0r04: Completed: 45:25:14: Rank= 9: Particles: Start=4588 Del=4 End=4584
2020-10-21 22:02:21: sim_hist_190_v0r03: Completed: 30:34:17: Rank= 0: Particles: Start=2887 Del=976 End=1911
2020-10-21 23:56:17: sim_hist_190_v0r03: Completed: 32:28:12: Rank=29: Particles: Start=3402 Del=912 End=2490
2020-10-22 01:46:41: sim_hist_190_v0r03: Completed: 34:18:37: Rank=34: Particles: Start=2734 Del=846 End=1888