2019-11-08 00:56:25,011:<module>:Executing: 1983-01-01 00:00:00 to 1989-12-31 00:00:00
2019-11-08 00:56:25,014:<module>:Runtime: 2556 days
2019-11-08 00:56:25,014:<module>:Timestep (dt): 240 minutes
2019-11-08 00:56:25,014:<module>:Output (dt): 1 days
2019-11-08 00:56:25,014:<module>:Repeat release: 6 days
2019-11-08 00:56:25,014:<module>:Depths: 6 dz=50 [50 to 300]
2019-11-08 00:56:25,014:<module>:Latitudes: 7 dy=0.8 [-2.4 to 2.4]
2019-11-08 00:56:25,014:<module>:Longitudes: 1 [200]
2019-11-08 00:56:25,014:<module>:Particles (/repeatdt): 42
2019-11-08 00:56:25,015:<module>:Particles (total): 17892
2019-11-08 00:56:25,015:<module>:Time decorator used.
2019-11-08 00:57:29,433:__init__:Casting lon data to np.float32
2019-11-08 00:57:29,433:__init__:Casting lat data to np.float32
2019-11-08 00:57:29,434:__init__:Casting depth data to np.float32
2019-11-08 00:59:28,102:timed:ofam_fieldset: 0:3:03.09 total: 183.09 seconds.
2019-11-08 00:59:28,104:EUC_particles:Executing: ParticleFile_1983-1989_v1i
2019-11-08 00:59:35,825:__init__:Particle initialisation from field can be very slow as it is computed in scipy mode.
2019-11-08 01:03:14,412:timed:EUC_pset: 0:3:46.31 total: 226.31 seconds.
2019-11-08 01:03:14,417:remove_westward_particles:Particles removed: 22
2019-11-08 01:03:14,417:timed:remove_westward_particles: 0:0:00.00 total: 0.00 seconds.
2019-11-08 01:03:21,127:compile:Compiled tparticleDeleteWestwardAgeAdvectionRK4_3D ==> /jobfs/local/3385022.r-man2/parcels-12904/08f7b836a3eba5eab25fd7664dba6b77_0.so
