2020-05-05 15:19:57,538:run_EUC:INFO:Executing: 1981-01-01 00:00:00 to 1991-12-31 00:00:00
2020-05-05 15:19:57,539:run_EUC:INFO:Runtime: 4016 days
2020-05-05 15:19:57,539:run_EUC:INFO:Timestep (dt): 240 minutes
2020-05-05 15:19:57,539:run_EUC:INFO:Output (dt): 1 days
2020-05-05 15:19:57,539:run_EUC:INFO:Repeat release: 6 days
2020-05-05 15:19:57,539:run_EUC:INFO:Depths: 14 dz=25 [25 to 350]
2020-05-05 15:19:57,539:run_EUC:INFO:Latitudes: 14 dy=0.4 [-2.6 to 2.6]
2020-05-05 15:19:57,540:run_EUC:INFO:Longitudes: 1 [190]
2020-05-05 15:19:57,540:run_EUC:INFO:Particles (/repeatdt): 196
2020-05-05 15:19:57,540:run_EUC:INFO:Particles (total): 131124
2020-05-05 15:19:57,540:run_EUC:INFO:Time decorator used.
2020-05-05 15:20:47,634:__init__:WARNING:Casting lon data to np.float32
2020-05-05 15:20:47,635:__init__:WARNING:Casting lat data to np.float32
2020-05-05 15:20:47,635:__init__:WARNING:Casting depth data to np.float32
2020-05-05 15:50:19,236:run_EUC:INFO:Executing: 1981-01-01 00:00:00 to 1991-12-31 00:00:00
2020-05-05 15:50:19,239:run_EUC:INFO:Runtime: 4016 days
2020-05-05 15:50:19,239:run_EUC:INFO:Timestep (dt): 240 minutes
2020-05-05 15:50:19,240:run_EUC:INFO:Output (dt): 1 days
2020-05-05 15:50:19,240:run_EUC:INFO:Repeat release: 6 days
2020-05-05 15:50:19,240:run_EUC:INFO:Depths: 14 dz=25 [25 to 350]
2020-05-05 15:50:19,240:run_EUC:INFO:Latitudes: 14 dy=0.4 [-2.6 to 2.6]
2020-05-05 15:50:19,240:run_EUC:INFO:Longitudes: 1 [190]
2020-05-05 15:50:19,240:run_EUC:INFO:Particles (/repeatdt): 196
2020-05-05 15:50:19,240:run_EUC:INFO:Particles (total): 131124
2020-05-05 15:50:19,241:run_EUC:INFO:Time decorator used.
2020-05-05 15:51:30,867:timed:INFO:ofam_fieldset: 0:1:11.63 total: 71.63 seconds.
2020-05-05 15:51:30,868:EUC_particles:INFO:Executing: ParticleFile_1981-1991_v0i
2020-05-05 15:53:17,311:timed:INFO:EUC_pset: 0:1:46.44 total: 106.44 seconds.
2020-05-05 15:53:17,355:remove_westward_particles:DEBUG:Particles removed: 107
2020-05-05 15:53:17,355:timed:INFO:remove_westward_particles: 0:0:00.04 total: 0.04 seconds.
2020-05-05 16:46:25,870:run_EUC:INFO:Executing: 1981-01-01 00:00:00 to 1991-12-31 00:00:00
2020-05-05 16:46:25,879:run_EUC:INFO:Runtime: 4016 days
2020-05-05 16:46:25,879:run_EUC:INFO:Timestep (dt): 240 minutes
2020-05-05 16:46:25,879:run_EUC:INFO:Output (dt): 1 days
2020-05-05 16:46:25,879:run_EUC:INFO:Repeat release: 6 days
2020-05-05 16:46:25,879:run_EUC:INFO:Depths: 14 dz=25 [25 to 350]
2020-05-05 16:46:25,879:run_EUC:INFO:Latitudes: 14 dy=0.4 [-2.6 to 2.6]
2020-05-05 16:46:25,880:run_EUC:INFO:Longitudes: 1 [190]
2020-05-05 16:46:25,880:run_EUC:INFO:Particles (/repeatdt): 196
2020-05-05 16:46:25,880:run_EUC:INFO:Particles (total): 131124
2020-05-05 16:46:25,880:run_EUC:INFO:Time decorator used.
2020-05-05 16:49:14,801:timed:INFO:ofam_fieldset: 0:2:48.92 total: 168.92 seconds.
2020-05-05 16:49:14,804:EUC_particles:INFO:ParticleFile_1981-1991_v0i: Started.
2020-05-05 16:50:52,955:timed:INFO:EUC_pset: 0:1:38.15 total: 98.15 seconds.
2020-05-05 16:50:52,994:remove_westward_particles:DEBUG:Particles removed: 109
2020-05-05 16:50:52,995:timed:INFO:remove_westward_particles: 0:0:00.04 total: 0.04 seconds.
2020-05-05 16:50:52,995:EUC_particles:DEBUG:ParticleFile_1981-1991_v0i: Output file.
2020-05-05 16:50:53,003:EUC_particles:INFO:ParticleFile_1981-1991_v0i: Kernels:pset.Kernel(DeleteWestward) + pset.Kernel(Age) + AdvectionRK4_3D
2020-05-05 17:20:16,312:run_EUC:INFO:Executing: 1981-01-01 00:00:00 to 1991-12-31 00:00:00
2020-05-05 17:20:16,349:run_EUC:INFO:Runtime: 4016 days
2020-05-05 17:20:16,349:run_EUC:INFO:Timestep (dt): 240 minutes
2020-05-05 17:20:16,349:run_EUC:INFO:Output (dt): 1 days
2020-05-05 17:20:16,350:run_EUC:INFO:Repeat release: 6 days
2020-05-05 17:20:16,350:run_EUC:INFO:Depths: 14 dz=25 [25 to 350]
2020-05-05 17:20:16,350:run_EUC:INFO:Latitudes: 14 dy=0.4 [-2.6 to 2.6]
2020-05-05 17:20:16,350:run_EUC:INFO:Longitudes: 1 [190]
2020-05-05 17:20:16,350:run_EUC:INFO:Particles (/repeatdt): 196
2020-05-05 17:20:16,350:run_EUC:INFO:Particles (total): 131124
2020-05-05 17:20:16,350:run_EUC:INFO:Time decorator used.
2020-05-05 17:22:53,629:timed:INFO:ofam_fieldset: 0:2:37.28 total: 157.28 seconds.
2020-05-05 17:22:53,827:EUC_particles:INFO:ParticleFile_1981-1991_v0i: Started.
2020-05-05 17:24:39,482:timed:INFO:EUC_pset: 0:1:45.65 total: 105.65 seconds.
2020-05-05 17:24:39,522:remove_westward_particles:DEBUG:Particles removed: 109
2020-05-05 17:24:39,522:timed:INFO:remove_westward_particles: 0:0:00.04 total: 0.04 seconds.
2020-05-05 17:24:39,522:EUC_particles:DEBUG:ParticleFile_1981-1991_v0i: Output file.
2020-05-05 17:24:39,524:EUC_particles:INFO:ParticleFile_1981-1991_v0i: Kernels:pset.Kernel(DeleteWestward) + pset.Kernel(Age) + AdvectionRK4_3D
2020-05-05 18:25:04,250:run_EUC:INFO:Executing: 1981-01-01 00:00:00 to 1991-12-31 00:00:00
2020-05-05 18:25:04,253:run_EUC:INFO:Runtime: 4016 days
2020-05-05 18:25:04,253:run_EUC:INFO:Timestep (dt): 240 minutes
2020-05-05 18:25:04,254:run_EUC:INFO:Output (dt): 1 days
2020-05-05 18:25:04,254:run_EUC:INFO:Repeat release: 6 days
2020-05-05 18:25:04,254:run_EUC:INFO:Depths: 14 dz=25 [25 to 350]
2020-05-05 18:25:04,254:run_EUC:INFO:Latitudes: 14 dy=0.4 [-2.6 to 2.6]
2020-05-05 18:25:04,254:run_EUC:INFO:Longitudes: 1 [190]
2020-05-05 18:25:04,254:run_EUC:INFO:Particles (/repeatdt): 196
2020-05-05 18:25:04,254:run_EUC:INFO:Particles (total): 131124
2020-05-05 18:25:04,255:run_EUC:INFO:Time decorator used.
