2022-04-06 12:48:04:update_formatted_file_sources: 0:0:00.00 total: 0.00 seconds.
2022-04-06 12:48:05:get_final_particle_obs: 0:0:00.01 total: 0.01 seconds.
2022-04-06 12:51:04:group_particles_by_variable: 0:2:59.00 total: 179.00 seconds.
2022-04-06 12:51:05:group_euc_transport: 0:3:00.17 total: 180.17 seconds.
2022-04-06 12:51:53:group_particles_by_variable: 0:0:47.82 total: 47.82 seconds.
2022-04-06 13:18:56:update_formatted_file_sources: 0:0:00.00 total: 0.00 seconds.
2022-04-06 13:18:57:get_final_particle_obs: 0:0:00.01 total: 0.01 seconds.
2022-04-06 13:21:59:group_particles_by_variable: 0:3:02.46 total: 182.46 seconds.
2022-04-06 13:27:15:get_final_particle_obs: 0:0:00.01 total: 0.01 seconds.
2022-04-06 13:29:57:group_particles_by_variable: 0:2:42.27 total: 162.27 seconds.
2022-04-06 13:29:59:group_euc_transport: 0:2:43.83 total: 163.83 seconds.
2022-04-06 13:30:37:group_particles_by_variable: 0:0:38.28 total: 38.28 seconds.
2022-04-06 13:37:22:get_final_particle_obs: 0:0:00.01 total: 0.01 seconds.
2022-04-06 13:41:42:group_particles_by_variable: 0:4:19.81 total: 259.81 seconds.
2022-04-06 13:43:12:group_euc_transport: 0:5:50.03 total: 350.03 seconds.
2022-04-06 13:47:33:group_particles_by_variable: 0:4:20.80 total: 260.80 seconds.
2022-04-06 13:50:30:plx_source_file: 0:13:09.38 total: 789.38 seconds.
2022-04-06 13:50:30:get_final_particle_obs: 0:0:00.01 total: 0.01 seconds.
2022-04-06 13:55:08:group_particles_by_variable: 0:4:37.52 total: 277.52 seconds.
2022-04-06 13:55:51:group_euc_transport: 0:5:20.65 total: 320.65 seconds.
2022-04-06 13:57:09:get_final_particle_obs: 0:0:00.01 total: 0.01 seconds.
2022-04-06 13:57:10:get_final_particle_obs: 0:0:00.01 total: 0.01 seconds.
2022-04-06 13:57:30:get_final_particle_obs: 0:0:00.02 total: 0.02 seconds.
2022-04-06 13:57:30:get_final_particle_obs: 0:0:00.01 total: 0.01 seconds.
2022-04-06 13:57:30:get_final_particle_obs: 0:0:00.02 total: 0.02 seconds.
2022-04-06 13:59:54:group_particles_by_variable: 0:2:23.67 total: 143.67 seconds.
2022-04-06 13:59:54:group_particles_by_variable: 0:2:44.20 total: 164.20 seconds.
2022-04-06 13:59:55:group_euc_transport: 0:2:24.99 total: 144.99 seconds.
2022-04-06 13:59:56:group_euc_transport: 0:2:45.70 total: 165.70 seconds.
2022-04-06 14:00:05:group_particles_by_variable: 0:2:55.57 total: 175.57 seconds.
2022-04-06 14:00:06:group_particles_by_variable: 0:2:35.70 total: 155.70 seconds.
2022-04-06 14:00:06:group_euc_transport: 0:2:57.21 total: 177.21 seconds.
2022-04-06 14:00:07:group_particles_by_variable: 0:2:36.39 total: 156.39 seconds.
2022-04-06 14:00:08:group_euc_transport: 0:2:37.11 total: 157.11 seconds.
2022-04-06 14:00:08:group_euc_transport: 0:2:37.79 total: 157.79 seconds.
2022-04-06 14:00:37:group_particles_by_variable: 0:0:41.94 total: 41.94 seconds.
2022-04-06 14:00:40:group_particles_by_variable: 0:0:44.52 total: 44.52 seconds.
2022-04-06 14:00:42:group_particles_by_variable: 0:4:51.38 total: 291.38 seconds.
2022-04-06 14:00:53:group_particles_by_variable: 0:0:44.91 total: 44.91 seconds.
2022-04-06 14:00:55:group_particles_by_variable: 0:0:47.38 total: 47.38 seconds.
2022-04-06 14:00:59:group_particles_by_variable: 0:0:52.13 total: 52.13 seconds.
2022-04-06 14:01:11:plx_source_file: 0:3:41.98 total: 221.98 seconds.
2022-04-06 14:01:11:get_final_particle_obs: 0:0:00.01 total: 0.01 seconds.
2022-04-06 14:01:18:plx_source_file: 0:4:08.78 total: 248.78 seconds.
2022-04-06 14:01:18:get_final_particle_obs: 0:0:00.01 total: 0.01 seconds.
2022-04-06 14:01:32:plx_source_file: 0:4:03.41 total: 243.41 seconds.
2022-04-06 14:01:33:get_final_particle_obs: 0:0:00.01 total: 0.01 seconds.
2022-04-06 14:01:41:plx_source_file: 0:4:11.70 total: 251.70 seconds.
2022-04-06 14:01:41:get_final_particle_obs: 0:0:00.01 total: 0.01 seconds.
2022-04-06 14:01:42:plx_source_file: 0:4:33.74 total: 273.74 seconds.
2022-04-06 14:01:42:get_final_particle_obs: 0:0:00.01 total: 0.01 seconds.
2022-04-06 14:03:31:group_particles_by_variable: 0:2:19.48 total: 139.48 seconds.
2022-04-06 14:03:32:group_euc_transport: 0:2:20.75 total: 140.75 seconds.
2022-04-06 14:03:56:group_particles_by_variable: 0:2:37.75 total: 157.75 seconds.
2022-04-06 14:03:57:group_particles_by_variable: 0:2:15.80 total: 135.80 seconds.
2022-04-06 14:03:58:group_euc_transport: 0:2:39.24 total: 159.24 seconds.
2022-04-06 14:03:58:group_euc_transport: 0:2:17.10 total: 137.10 seconds.
2022-04-06 14:04:02:group_particles_by_variable: 0:2:29.39 total: 149.39 seconds.
2022-04-06 14:04:04:group_euc_transport: 0:2:30.79 total: 150.79 seconds.
2022-04-06 14:04:19:group_particles_by_variable: 0:0:46.71 total: 46.71 seconds.
2022-04-06 14:04:39:group_particles_by_variable: 0:0:40.95 total: 40.95 seconds.
2022-04-06 14:04:40:group_particles_by_variable: 0:0:41.25 total: 41.25 seconds.
2022-04-06 14:04:44:group_particles_by_variable: 0:0:39.98 total: 39.98 seconds.
2022-04-06 14:04:46:group_particles_by_variable: 0:3:04.34 total: 184.34 seconds.
2022-04-06 14:04:48:group_euc_transport: 0:3:05.98 total: 185.98 seconds.
2022-04-06 14:04:57:plx_source_file: 0:3:45.56 total: 225.56 seconds.
2022-04-06 14:04:57:get_final_particle_obs: 0:0:00.01 total: 0.01 seconds.
2022-04-06 14:05:16:plx_source_file: 0:3:35.23 total: 215.23 seconds.
2022-04-06 14:05:16:get_final_particle_obs: 0:0:00.01 total: 0.01 seconds.
2022-04-06 14:05:18:plx_source_file: 0:4:00.10 total: 240.10 seconds.
2022-04-06 14:05:18:plx_source_file: 0:3:45.92 total: 225.92 seconds.
2022-04-06 14:05:19:get_final_particle_obs: 0:0:00.01 total: 0.01 seconds.
2022-04-06 14:05:19:get_final_particle_obs: 0:0:00.01 total: 0.01 seconds.
2022-04-06 14:05:33:group_particles_by_variable: 0:0:44.73 total: 44.73 seconds.
2022-04-06 14:05:42:plx_source_file: 0:15:12.05 total: 912.05 seconds.
2022-04-06 14:05:42:get_final_particle_obs: 0:0:00.02 total: 0.02 seconds.
2022-04-06 14:06:12:plx_source_file: 0:4:30.01 total: 270.01 seconds.
2022-04-06 14:06:12:get_final_particle_obs: 0:0:00.01 total: 0.01 seconds.
2022-04-06 14:07:31:group_particles_by_variable: 0:2:33.78 total: 153.78 seconds.
2022-04-06 14:07:32:group_euc_transport: 0:2:35.09 total: 155.09 seconds.
2022-04-06 14:08:00:group_particles_by_variable: 0:2:40.90 total: 160.90 seconds.
2022-04-06 14:08:01:group_euc_transport: 0:2:42.46 total: 162.46 seconds.
2022-04-06 14:08:02:group_particles_by_variable: 0:2:45.60 total: 165.60 seconds.
2022-04-06 14:08:04:group_euc_transport: 0:2:47.51 total: 167.51 seconds.
2022-04-06 14:08:09:group_particles_by_variable: 0:0:37.16 total: 37.16 seconds.
2022-04-06 14:08:11:group_particles_by_variable: 0:2:51.93 total: 171.93 seconds.
2022-04-06 14:08:12:group_euc_transport: 0:2:53.53 total: 173.53 seconds.
2022-04-06 14:08:41:group_particles_by_variable: 0:0:39.91 total: 39.91 seconds.
2022-04-06 14:08:41:plx_source_file: 0:3:44.82 total: 224.82 seconds.
2022-04-06 14:08:42:get_final_particle_obs: 0:0:00.01 total: 0.01 seconds.
2022-04-06 14:08:47:group_particles_by_variable: 0:0:42.83 total: 42.83 seconds.
2022-04-06 14:09:00:group_particles_by_variable: 0:0:47.86 total: 47.86 seconds.
2022-04-06 14:09:12:group_particles_by_variable: 0:2:59.60 total: 179.60 seconds.
2022-04-06 14:09:13:group_euc_transport: 0:3:01.32 total: 181.32 seconds.
2022-04-06 14:09:21:plx_source_file: 0:4:02.70 total: 242.70 seconds.
2022-04-06 14:09:21:get_final_particle_obs: 0:0:00.01 total: 0.01 seconds.
2022-04-06 14:09:24:plx_source_file: 0:4:08.48 total: 248.48 seconds.
2022-04-06 14:09:25:get_final_particle_obs: 0:0:00.01 total: 0.01 seconds.
2022-04-06 14:09:42:plx_source_file: 0:4:24.28 total: 264.28 seconds.
2022-04-06 14:09:43:get_final_particle_obs: 0:0:00.01 total: 0.01 seconds.
2022-04-06 14:10:00:group_particles_by_variable: 0:0:47.10 total: 47.10 seconds.
2022-04-06 14:10:06:group_particles_by_variable: 0:4:24.17 total: 264.17 seconds.
2022-04-06 14:10:39:plx_source_file: 0:4:27.32 total: 267.32 seconds.
2022-04-06 14:10:39:get_final_particle_obs: 0:0:00.01 total: 0.01 seconds.
2022-04-06 14:10:58:group_particles_by_variable: 0:2:15.91 total: 135.91 seconds.
2022-04-06 14:10:59:group_euc_transport: 0:2:17.03 total: 137.03 seconds.
2022-04-06 14:11:26:group_particles_by_variable: 0:0:27.33 total: 27.33 seconds.
2022-04-06 14:11:46:group_particles_by_variable: 0:2:21.50 total: 141.50 seconds.
2022-04-06 14:11:48:group_euc_transport: 0:2:22.77 total: 142.77 seconds.
2022-04-06 14:11:50:plx_source_file: 0:3:08.15 total: 188.15 seconds.
2022-04-06 14:11:50:get_final_particle_obs: 0:0:00.01 total: 0.01 seconds.
2022-04-06 14:11:53:group_particles_by_variable: 0:2:31.18 total: 151.18 seconds.
2022-04-06 14:11:54:group_euc_transport: 0:2:32.57 total: 152.57 seconds.
2022-04-06 14:12:19:group_particles_by_variable: 0:2:36.39 total: 156.39 seconds.
2022-04-06 14:12:20:group_particles_by_variable: 0:0:32.47 total: 32.47 seconds.
2022-04-06 14:12:21:group_euc_transport: 0:2:37.83 total: 157.83 seconds.
2022-04-06 14:12:24:group_euc_transport: 0:6:42.05 total: 402.05 seconds.
2022-04-06 14:12:25:group_particles_by_variable: 0:0:31.11 total: 31.11 seconds.
2022-04-06 14:12:48:plx_source_file: 0:3:23.20 total: 203.20 seconds.
2022-04-06 14:12:48:get_final_particle_obs: 0:0:00.01 total: 0.01 seconds.
2022-04-06 14:12:53:plx_source_file: 0:3:32.35 total: 212.35 seconds.
2022-04-06 14:12:54:get_final_particle_obs: 0:0:00.01 total: 0.01 seconds.
2022-04-06 14:12:56:group_particles_by_variable: 0:0:35.00 total: 35.00 seconds.
2022-04-06 14:13:29:plx_source_file: 0:3:46.34 total: 226.34 seconds.
2022-04-06 14:13:29:get_final_particle_obs: 0:0:00.01 total: 0.01 seconds.
2022-04-06 14:13:33:group_particles_by_variable: 0:2:53.65 total: 173.65 seconds.
2022-04-06 14:13:35:group_euc_transport: 0:2:55.28 total: 175.28 seconds.
2022-04-06 14:14:08:group_particles_by_variable: 0:0:33.31 total: 33.31 seconds.
2022-04-06 14:14:19:group_particles_by_variable: 0:2:28.77 total: 148.77 seconds.
2022-04-06 14:14:20:group_euc_transport: 0:2:30.12 total: 150.12 seconds.
2022-04-06 14:14:35:plx_source_file: 0:3:55.82 total: 235.82 seconds.
2022-04-06 14:14:35:get_final_particle_obs: 0:0:00.01 total: 0.01 seconds.
2022-04-06 14:14:54:group_particles_by_variable: 0:0:33.71 total: 33.71 seconds.
2022-04-06 14:15:16:group_particles_by_variable: 0:2:27.67 total: 147.67 seconds.
2022-04-06 14:15:17:group_euc_transport: 0:2:29.00 total: 149.00 seconds.
2022-04-06 14:15:22:plx_source_file: 0:3:32.63 total: 212.63 seconds.
2022-04-06 14:15:23:get_final_particle_obs: 0:0:00.01 total: 0.01 seconds.
2022-04-06 14:15:29:group_particles_by_variable: 0:2:35.34 total: 155.34 seconds.
2022-04-06 14:15:31:group_euc_transport: 0:2:36.73 total: 156.73 seconds.
2022-04-06 14:15:49:group_particles_by_variable: 0:0:31.56 total: 31.56 seconds.
2022-04-06 14:16:01:group_particles_by_variable: 0:0:29.96 total: 29.96 seconds.
2022-04-06 14:16:07:group_particles_by_variable: 0:2:37.59 total: 157.59 seconds.
2022-04-06 14:16:08:group_euc_transport: 0:2:39.01 total: 159.01 seconds.
2022-04-06 14:16:15:plx_source_file: 0:3:27.47 total: 207.47 seconds.
2022-04-06 14:16:15:get_final_particle_obs: 0:0:00.01 total: 0.01 seconds.
2022-04-06 14:16:26:plx_source_file: 0:3:32.85 total: 212.85 seconds.
2022-04-06 14:16:27:get_final_particle_obs: 0:0:00.01 total: 0.01 seconds.
2022-04-06 14:16:39:group_particles_by_variable: 0:0:30.96 total: 30.96 seconds.
2022-04-06 14:17:05:plx_source_file: 0:3:36.68 total: 216.68 seconds.
2022-04-06 14:17:06:get_final_particle_obs: 0:0:00.01 total: 0.01 seconds.
2022-04-06 14:17:25:group_particles_by_variable: 0:5:01.41 total: 301.41 seconds.
2022-04-06 14:17:37:group_particles_by_variable: 0:3:01.29 total: 181.29 seconds.
2022-04-06 14:17:38:group_euc_transport: 0:3:02.81 total: 182.81 seconds.
2022-04-06 14:17:40:group_particles_by_variable: 0:2:16.91 total: 136.91 seconds.
2022-04-06 14:17:41:group_euc_transport: 0:2:18.01 total: 138.01 seconds.
2022-04-06 14:17:55:get_final_particle_obs: 0:0:00.01 total: 0.01 seconds.
2022-04-06 14:18:04:group_particles_by_variable: 0:0:22.92 total: 22.92 seconds.
2022-04-06 14:18:12:group_particles_by_variable: 0:0:34.15 total: 34.15 seconds.
2022-04-06 14:18:17:get_final_particle_obs: 0:0:00.01 total: 0.01 seconds.
2022-04-06 14:18:22:plx_source_file: 0:3:00.07 total: 180.07 seconds.
2022-04-06 14:18:23:get_final_particle_obs: 0:0:00.01 total: 0.01 seconds.
2022-04-06 14:18:40:plx_source_file: 0:4:05.71 total: 245.71 seconds.
2022-04-06 14:18:41:group_particles_by_variable: 0:2:25.18 total: 145.18 seconds.
2022-04-06 14:18:41:get_final_particle_obs: 0:0:00.01 total: 0.01 seconds.
2022-04-06 14:18:42:group_euc_transport: 0:2:26.48 total: 146.48 seconds.
2022-04-06 14:19:05:group_particles_by_variable: 0:0:22.94 total: 22.94 seconds.
2022-04-06 14:19:07:group_particles_by_variable: 0:2:40.17 total: 160.17 seconds.
2022-04-06 14:19:08:group_euc_transport: 0:2:41.62 total: 161.62 seconds.
2022-04-06 14:19:25:plx_source_file: 0:3:10.27 total: 190.27 seconds.
2022-04-06 14:19:26:get_final_particle_obs: 0:0:00.01 total: 0.01 seconds.
2022-04-06 14:19:36:group_particles_by_variable: 0:0:27.67 total: 27.67 seconds.
2022-04-06 14:19:54:group_particles_by_variable: 0:2:48.14 total: 168.14 seconds.
2022-04-06 14:19:56:group_euc_transport: 0:2:49.66 total: 169.66 seconds.
2022-04-06 14:20:05:plx_source_file: 0:3:38.48 total: 218.48 seconds.
2022-04-06 14:20:05:get_final_particle_obs: 0:0:00.01 total: 0.01 seconds.
2022-04-06 14:20:06:group_particles_by_variable: 0:2:10.81 total: 130.81 seconds.
2022-04-06 14:20:07:group_euc_transport: 0:2:12.02 total: 132.02 seconds.
2022-04-06 14:20:24:group_particles_by_variable: 0:0:27.96 total: 27.96 seconds.
2022-04-06 14:20:26:group_particles_by_variable: 0:2:09.30 total: 129.30 seconds.
2022-04-06 14:20:27:group_euc_transport: 0:2:10.50 total: 130.50 seconds.
2022-04-06 14:20:34:group_particles_by_variable: 0:2:11.19 total: 131.19 seconds.
2022-04-06 14:20:35:group_euc_transport: 0:2:12.25 total: 132.25 seconds.
2022-04-06 14:20:45:group_particles_by_variable: 0:0:37.20 total: 37.20 seconds.
2022-04-06 14:20:48:plx_source_file: 0:3:42.18 total: 222.18 seconds.
2022-04-06 14:20:48:get_final_particle_obs: 0:0:00.01 total: 0.01 seconds.
2022-04-06 14:20:57:group_particles_by_variable: 0:0:21.69 total: 21.69 seconds.
2022-04-06 14:21:04:group_particles_by_variable: 0:0:36.99 total: 36.99 seconds.
2022-04-06 14:21:15:plx_source_file: 0:2:52.52 total: 172.52 seconds.
2022-04-06 14:21:15:get_final_particle_obs: 0:0:00.01 total: 0.01 seconds.
2022-04-06 14:21:18:plx_source_file: 0:3:24.73 total: 204.73 seconds.
2022-04-06 14:21:19:get_final_particle_obs: 0:0:00.01 total: 0.01 seconds.
2022-04-06 14:21:35:plx_source_file: 0:3:20.12 total: 200.12 seconds.
2022-04-06 14:21:35:get_final_particle_obs: 0:0:00.01 total: 0.01 seconds.
2022-04-06 14:21:47:group_particles_by_variable: 0:2:21.15 total: 141.15 seconds.
2022-04-06 14:21:48:group_euc_transport: 0:2:22.46 total: 142.46 seconds.
2022-04-06 14:22:11:group_particles_by_variable: 0:3:29.97 total: 209.97 seconds.
2022-04-06 14:22:12:group_particles_by_variable: 0:0:23.97 total: 23.97 seconds.
2022-04-06 14:22:13:group_euc_transport: 0:3:31.58 total: 211.58 seconds.
2022-04-06 14:22:32:group_particles_by_variable: 0:2:27.15 total: 147.15 seconds.
2022-04-06 14:22:34:group_euc_transport: 0:2:28.52 total: 148.52 seconds.
2022-04-06 14:22:35:plx_source_file: 0:3:09.40 total: 189.40 seconds.
2022-04-06 14:22:35:get_final_particle_obs: 0:0:00.01 total: 0.01 seconds.
2022-04-06 14:22:43:group_particles_by_variable: 0:0:30.74 total: 30.74 seconds.
2022-04-06 14:22:58:group_particles_by_variable: 0:0:23.90 total: 23.90 seconds.
2022-04-06 14:23:00:plx_source_file: 0:17:18.02 total: 1038.02 seconds.
2022-04-06 14:23:00:get_final_particle_obs: 0:0:00.01 total: 0.01 seconds.
2022-04-06 14:23:09:plx_source_file: 0:4:28.24 total: 268.24 seconds.
2022-04-06 14:23:09:get_final_particle_obs: 0:0:00.01 total: 0.01 seconds.
2022-04-06 14:23:19:plx_source_file: 0:3:14.32 total: 194.32 seconds.
2022-04-06 14:23:20:get_final_particle_obs: 0:0:00.01 total: 0.01 seconds.
2022-04-06 14:23:25:group_particles_by_variable: 0:2:05.87 total: 125.87 seconds.
2022-04-06 14:23:26:group_euc_transport: 0:2:07.02 total: 127.02 seconds.
2022-04-06 14:23:29:group_particles_by_variable: 0:2:40.41 total: 160.41 seconds.
2022-04-06 14:23:30:group_euc_transport: 0:2:41.86 total: 161.86 seconds.
2022-04-06 14:23:32:group_particles_by_variable: 0:2:16.89 total: 136.89 seconds.
2022-04-06 14:23:33:group_euc_transport: 0:2:17.99 total: 137.99 seconds.
2022-04-06 14:23:35:group_particles_by_variable: 0:1:59.10 total: 119.10 seconds.
2022-04-06 14:23:36:group_euc_transport: 0:2:00.22 total: 120.22 seconds.
2022-04-06 14:23:50:group_particles_by_variable: 0:0:16.48 total: 16.48 seconds.
2022-04-06 14:23:51:group_particles_by_variable: 0:0:21.19 total: 21.19 seconds.
2022-04-06 14:24:01:group_particles_by_variable: 0:0:34.76 total: 34.76 seconds.
2022-04-06 14:24:03:plx_source_file: 0:2:47.88 total: 167.88 seconds.
2022-04-06 14:24:03:get_final_particle_obs: 0:0:00.01 total: 0.01 seconds.
2022-04-06 14:24:08:plx_source_file: 0:3:19.97 total: 199.97 seconds.
2022-04-06 14:24:08:get_final_particle_obs: 0:0:00.01 total: 0.01 seconds.
2022-04-06 14:24:18:group_particles_by_variable: 0:0:42.45 total: 42.45 seconds.
2022-04-06 14:24:30:plx_source_file: 0:3:11.41 total: 191.41 seconds.
2022-04-06 14:24:30:get_final_particle_obs: 0:0:00.01 total: 0.01 seconds.
2022-04-06 14:24:56:plx_source_file: 0:3:21.16 total: 201.16 seconds.
2022-04-06 14:24:57:get_final_particle_obs: 0:0:00.01 total: 0.01 seconds.
2022-04-06 14:25:00:group_particles_by_variable: 0:2:24.68 total: 144.68 seconds.
2022-04-06 14:25:01:group_euc_transport: 0:2:26.00 total: 146.00 seconds.
2022-04-06 14:25:18:group_particles_by_variable: 0:0:16.83 total: 16.83 seconds.
2022-04-06 14:25:32:plx_source_file: 0:2:57.16 total: 177.16 seconds.
2022-04-06 14:25:32:get_final_particle_obs: 0:0:00.01 total: 0.01 seconds.
2022-04-06 14:25:48:group_particles_by_variable: 0:2:27.96 total: 147.96 seconds.
2022-04-06 14:25:49:group_euc_transport: 0:2:29.37 total: 149.37 seconds.
2022-04-06 14:26:09:group_particles_by_variable: 0:3:00.29 total: 180.29 seconds.
2022-04-06 14:26:11:group_euc_transport: 0:3:01.92 total: 181.92 seconds.
2022-04-06 14:26:14:group_particles_by_variable: 0:0:25.10 total: 25.10 seconds.
2022-04-06 14:26:30:group_particles_by_variable: 0:2:27.20 total: 147.20 seconds.
2022-04-06 14:26:32:group_euc_transport: 0:2:28.52 total: 148.52 seconds.
2022-04-06 14:26:32:plx_source_file: 0:3:13.40 total: 193.40 seconds.
2022-04-06 14:26:33:get_final_particle_obs: 0:0:00.01 total: 0.01 seconds.
2022-04-06 14:26:34:group_particles_by_variable: 0:0:23.27 total: 23.27 seconds.
2022-04-06 14:26:38:group_particles_by_variable: 0:2:07.48 total: 127.48 seconds.
2022-04-06 14:26:39:group_euc_transport: 0:2:08.66 total: 128.66 seconds.
2022-04-06 14:26:41:group_particles_by_variable: 0:2:33.21 total: 153.21 seconds.
2022-04-06 14:26:43:group_euc_transport: 0:2:34.66 total: 154.66 seconds.
2022-04-06 14:26:47:group_particles_by_variable: 0:0:15.46 total: 15.46 seconds.
2022-04-06 14:26:53:plx_source_file: 0:3:43.84 total: 223.84 seconds.
2022-04-06 14:26:53:get_final_particle_obs: 0:0:00.01 total: 0.01 seconds.
2022-04-06 14:27:00:plx_source_file: 0:2:57.14 total: 177.14 seconds.
2022-04-06 14:27:03:group_particles_by_variable: 0:0:19.99 total: 19.99 seconds.
2022-04-06 14:27:04:group_particles_by_variable: 0:2:06.92 total: 126.92 seconds.
2022-04-06 14:27:05:group_euc_transport: 0:2:08.33 total: 128.33 seconds.
2022-04-06 14:27:06:group_particles_by_variable: 0:4:05.99 total: 245.99 seconds.
2022-04-06 14:27:11:group_particles_by_variable: 0:0:32.67 total: 32.67 seconds.
2022-04-06 14:27:19:plx_source_file: 0:3:11.49 total: 191.49 seconds.
2022-04-06 14:27:19:get_final_particle_obs: 0:0:00.01 total: 0.01 seconds.
2022-04-06 14:27:37:group_particles_by_variable: 0:0:31.89 total: 31.89 seconds.
2022-04-06 14:27:40:plx_source_file: 0:3:10.03 total: 190.03 seconds.
2022-04-06 14:27:40:get_final_particle_obs: 0:0:00.01 total: 0.01 seconds.
2022-04-06 14:27:54:group_euc_transport: 0:4:53.81 total: 293.81 seconds.
2022-04-06 14:27:57:group_particles_by_variable: 0:2:24.81 total: 144.81 seconds.
2022-04-06 14:27:59:group_euc_transport: 0:2:26.13 total: 146.13 seconds.
2022-04-06 14:28:04:plx_source_file: 0:3:07.46 total: 187.46 seconds.
2022-04-06 14:28:04:get_final_particle_obs: 0:0:00.01 total: 0.01 seconds.
2022-04-06 14:28:17:group_particles_by_variable: 0:0:18.78 total: 18.78 seconds.
2022-04-06 14:28:33:plx_source_file: 0:3:01.07 total: 181.07 seconds.
2022-04-06 14:28:33:get_final_particle_obs: 0:0:00.01 total: 0.01 seconds.
2022-04-06 14:29:05:group_particles_by_variable: 0:2:32.06 total: 152.06 seconds.
2022-04-06 14:29:06:group_euc_transport: 0:2:33.46 total: 153.46 seconds.
2022-04-06 14:29:24:group_particles_by_variable: 0:0:17.04 total: 17.04 seconds.
2022-04-06 14:29:37:plx_source_file: 0:3:04.82 total: 184.82 seconds.
2022-04-06 14:29:37:get_final_particle_obs: 0:0:00.01 total: 0.01 seconds.
2022-04-06 14:29:41:group_particles_by_variable: 0:2:01.12 total: 121.12 seconds.
2022-04-06 14:29:42:group_euc_transport: 0:2:02.19 total: 122.19 seconds.
2022-04-06 14:29:48:group_particles_by_variable: 0:1:15.17 total: 75.17 seconds.
2022-04-06 14:29:49:group_euc_transport: 0:1:15.84 total: 75.84 seconds.
2022-04-06 14:29:54:group_particles_by_variable: 0:2:33.91 total: 153.91 seconds.
2022-04-06 14:29:55:group_euc_transport: 0:2:35.32 total: 155.32 seconds.
2022-04-06 14:29:57:group_particles_by_variable: 0:3:03.48 total: 183.48 seconds.
2022-04-06 14:29:58:group_euc_transport: 0:3:05.13 total: 185.13 seconds.
2022-04-06 14:30:00:group_particles_by_variable: 0:1:56.10 total: 116.10 seconds.
2022-04-06 14:30:01:group_particles_by_variable: 0:0:11.74 total: 11.74 seconds.
2022-04-06 14:30:01:group_euc_transport: 0:1:57.08 total: 117.08 seconds.
2022-04-06 14:30:08:group_particles_by_variable: 0:0:25.59 total: 25.59 seconds.
2022-04-06 14:30:10:plx_source_file: 0:1:36.87 total: 96.87 seconds.
2022-04-06 14:30:12:group_particles_by_variable: 0:0:17.25 total: 17.25 seconds.
2022-04-06 14:30:25:group_particles_by_variable: 0:0:27.19 total: 27.19 seconds.
2022-04-06 14:30:26:plx_source_file: 0:3:07.14 total: 187.14 seconds.
2022-04-06 14:30:27:get_final_particle_obs: 0:0:00.01 total: 0.01 seconds.
2022-04-06 14:30:28:plx_source_file: 0:2:48.17 total: 168.17 seconds.
2022-04-06 14:30:28:group_particles_by_variable: 0:0:26.75 total: 26.75 seconds.
2022-04-06 14:30:28:get_final_particle_obs: 0:0:00.01 total: 0.01 seconds.
2022-04-06 14:30:35:merge_plx_source_files: 0:33:06.09 total: 1986.09 seconds.
2022-04-06 14:30:37:group_particles_by_variable: 0:2:43.41 total: 163.41 seconds.
2022-04-06 14:30:46:plx_source_file: 0:3:53.50 total: 233.50 seconds.
2022-04-06 14:30:46:get_final_particle_obs: 0:0:00.01 total: 0.01 seconds.
2022-04-06 14:30:51:plx_source_file: 0:2:46.76 total: 166.76 seconds.
2022-04-06 14:30:51:get_final_particle_obs: 0:0:00.01 total: 0.01 seconds.
2022-04-06 14:31:00:group_particles_by_variable: 0:1:22.20 total: 82.20 seconds.
2022-04-06 14:31:00:group_euc_transport: 0:1:22.92 total: 82.92 seconds.
2022-04-06 14:31:11:group_particles_by_variable: 0:0:10.57 total: 10.57 seconds.
2022-04-06 14:31:19:plx_source_file: 0:1:41.88 total: 101.88 seconds.
2022-04-06 14:31:46:merge_plx_source_files: 0:34:16.84 total: 2056.84 seconds.
2022-04-06 14:31:54:group_particles_by_variable: 0:1:27.54 total: 87.54 seconds.
2022-04-06 14:31:55:group_euc_transport: 0:1:28.15 total: 88.15 seconds.
2022-04-06 14:32:06:group_particles_by_variable: 0:0:11.03 total: 11.03 seconds.
2022-04-06 14:32:15:plx_source_file: 0:1:48.64 total: 108.64 seconds.
2022-04-06 14:32:42:merge_plx_source_files: 0:35:32.67 total: 2132.67 seconds.
2022-04-06 14:32:56:group_particles_by_variable: 0:2:27.30 total: 147.30 seconds.
2022-04-06 14:32:57:group_euc_transport: 0:2:28.62 total: 148.62 seconds.
2022-04-06 14:33:13:group_particles_by_variable: 0:2:21.57 total: 141.57 seconds.
2022-04-06 14:33:14:group_euc_transport: 0:2:22.96 total: 142.96 seconds.
2022-04-06 14:33:20:group_particles_by_variable: 0:0:22.74 total: 22.74 seconds.
2022-04-06 14:33:21:plx_source_file: 0:10:21.05 total: 621.05 seconds.
2022-04-06 14:33:21:get_final_particle_obs: 0:0:00.02 total: 0.02 seconds.
2022-04-06 14:33:39:plx_source_file: 0:3:10.68 total: 190.68 seconds.
2022-04-06 14:33:39:get_final_particle_obs: 0:0:00.01 total: 0.01 seconds.
2022-04-06 14:33:45:group_particles_by_variable: 0:0:31.39 total: 31.39 seconds.
2022-04-06 14:33:49:group_particles_by_variable: 0:3:02.53 total: 182.53 seconds.
2022-04-06 14:33:51:group_euc_transport: 0:3:04.16 total: 184.16 seconds.
2022-04-06 14:34:10:group_particles_by_variable: 0:0:19.07 total: 19.07 seconds.
2022-04-06 14:34:11:plx_source_file: 0:3:20.16 total: 200.16 seconds.
2022-04-06 14:34:11:get_final_particle_obs: 0:0:00.01 total: 0.01 seconds.
2022-04-06 14:34:26:plx_source_file: 0:3:39.43 total: 219.43 seconds.
2022-04-06 14:34:26:get_final_particle_obs: 0:0:00.01 total: 0.01 seconds.
2022-04-06 14:35:44:group_particles_by_variable: 0:2:04.59 total: 124.59 seconds.
2022-04-06 14:35:45:group_euc_transport: 0:2:05.75 total: 125.75 seconds.
2022-04-06 14:36:00:group_particles_by_variable: 0:1:34.04 total: 94.04 seconds.
2022-04-06 14:36:01:group_euc_transport: 0:1:34.82 total: 94.82 seconds.
2022-04-06 14:36:07:group_particles_by_variable: 0:0:21.91 total: 21.91 seconds.
2022-04-06 14:36:12:group_particles_by_variable: 0:0:11.79 total: 11.79 seconds.
2022-04-06 14:36:16:group_particles_by_variable: 0:2:05.40 total: 125.40 seconds.
2022-04-06 14:36:18:group_euc_transport: 0:2:06.44 total: 126.44 seconds.
2022-04-06 14:36:22:plx_source_file: 0:1:56.80 total: 116.80 seconds.
2022-04-06 14:36:25:plx_source_file: 0:2:46.25 total: 166.25 seconds.
2022-04-06 14:36:25:get_final_particle_obs: 0:0:00.01 total: 0.01 seconds.
2022-04-06 14:36:41:group_particles_by_variable: 0:0:23.12 total: 23.12 seconds.
2022-04-06 14:37:00:plx_source_file: 0:2:49.74 total: 169.74 seconds.
2022-04-06 14:37:01:get_final_particle_obs: 0:0:00.01 total: 0.01 seconds.
2022-04-06 14:38:20:group_particles_by_variable: 0:4:58.32 total: 298.32 seconds.
2022-04-06 14:38:33:group_particles_by_variable: 0:2:07.31 total: 127.31 seconds.
2022-04-06 14:38:34:group_euc_transport: 0:2:08.50 total: 128.50 seconds.
2022-04-06 14:38:58:group_particles_by_variable: 0:0:24.47 total: 24.47 seconds.
2022-04-06 14:39:14:group_particles_by_variable: 0:2:13.70 total: 133.70 seconds.
2022-04-06 14:39:16:group_euc_transport: 0:2:14.78 total: 134.78 seconds.
2022-04-06 14:39:19:plx_source_file: 0:2:53.98 total: 173.98 seconds.
2022-04-06 14:39:19:get_final_particle_obs: 0:0:00.01 total: 0.01 seconds.
2022-04-06 14:39:35:group_particles_by_variable: 0:0:19.81 total: 19.81 seconds.
2022-04-06 14:39:52:plx_source_file: 0:2:51.08 total: 171.08 seconds.
2022-04-06 14:39:52:get_final_particle_obs: 0:0:00.01 total: 0.01 seconds.
2022-04-06 14:41:22:merge_plx_source_files: 0:44:14.40 total: 2654.40 seconds.
2022-04-06 14:41:27:group_particles_by_variable: 0:2:07.15 total: 127.15 seconds.
2022-04-06 14:41:28:group_euc_transport: 0:2:08.31 total: 128.31 seconds.
2022-04-06 14:41:45:group_particles_by_variable: 0:0:17.55 total: 17.55 seconds.
2022-04-06 14:41:56:group_particles_by_variable: 0:2:04.51 total: 124.51 seconds.
2022-04-06 14:41:58:group_euc_transport: 0:2:05.56 total: 125.56 seconds.
2022-04-06 14:41:59:plx_source_file: 0:2:40.09 total: 160.09 seconds.
2022-04-06 14:41:59:get_final_particle_obs: 0:0:00.01 total: 0.01 seconds.
2022-04-06 14:42:15:group_particles_by_variable: 0:0:17.44 total: 17.44 seconds.
2022-04-06 14:42:29:plx_source_file: 0:2:37.37 total: 157.37 seconds.
2022-04-06 14:42:29:get_final_particle_obs: 0:0:00.01 total: 0.01 seconds.
2022-04-06 14:42:31:group_euc_transport: 0:9:09.87 total: 549.87 seconds.
2022-04-06 14:44:07:group_particles_by_variable: 0:2:08.23 total: 128.23 seconds.
2022-04-06 14:44:09:group_euc_transport: 0:2:09.44 total: 129.44 seconds.
2022-04-06 14:44:24:group_particles_by_variable: 0:0:15.01 total: 15.01 seconds.
2022-04-06 14:44:36:group_particles_by_variable: 0:2:06.22 total: 126.22 seconds.
2022-04-06 14:44:36:plx_source_file: 0:2:36.60 total: 156.60 seconds.
2022-04-06 14:44:36:get_final_particle_obs: 0:0:00.01 total: 0.01 seconds.
2022-04-06 14:44:37:group_euc_transport: 0:2:07.33 total: 127.33 seconds.
2022-04-06 14:44:52:group_particles_by_variable: 0:0:14.94 total: 14.94 seconds.
2022-04-06 14:45:06:plx_source_file: 0:2:37.41 total: 157.41 seconds.
2022-04-06 14:45:06:get_final_particle_obs: 0:0:00.01 total: 0.01 seconds.
2022-04-06 14:45:39:group_particles_by_variable: 0:1:02.82 total: 62.82 seconds.
2022-04-06 14:45:39:group_euc_transport: 0:1:03.31 total: 63.31 seconds.
2022-04-06 14:45:47:group_particles_by_variable: 0:0:07.88 total: 7.88 seconds.
2022-04-06 14:45:53:plx_source_file: 0:1:17.21 total: 77.21 seconds.
2022-04-06 14:46:13:group_particles_by_variable: 0:1:06.80 total: 66.80 seconds.
2022-04-06 14:46:14:group_euc_transport: 0:1:07.54 total: 67.54 seconds.
2022-04-06 14:46:15:merge_plx_source_files: 0:28:20.96 total: 1700.96 seconds.
2022-04-06 14:46:25:group_particles_by_variable: 0:0:11.25 total: 11.25 seconds.
2022-04-06 14:46:32:plx_source_file: 0:1:25.76 total: 85.76 seconds.
2022-04-06 14:46:56:merge_plx_source_files: 0:28:40.70 total: 1720.70 seconds.
2022-04-06 14:48:43:group_particles_by_variable: 0:6:11.82 total: 371.82 seconds.
2022-04-06 14:54:49:plx_source_file: 0:21:28.29 total: 1288.29 seconds.
2022-04-06 14:54:49:get_final_particle_obs: 0:0:00.02 total: 0.02 seconds.
2022-04-06 14:58:42:group_particles_by_variable: 0:3:52.93 total: 232.93 seconds.
2022-04-06 14:59:25:group_euc_transport: 0:4:35.82 total: 275.82 seconds.
2022-04-06 15:01:31:group_particles_by_variable: 0:2:05.79 total: 125.79 seconds.
2022-04-06 15:04:29:plx_source_file: 0:9:40.34 total: 580.34 seconds.
2022-04-06 15:04:30:get_final_particle_obs: 0:0:00.01 total: 0.01 seconds.
2022-04-06 15:08:41:group_particles_by_variable: 0:4:11.44 total: 251.44 seconds.
2022-04-06 15:09:35:group_euc_transport: 0:5:04.88 total: 304.88 seconds.
2022-04-06 15:12:18:group_particles_by_variable: 0:2:43.35 total: 163.35 seconds.
2022-04-06 15:15:15:plx_source_file: 0:10:45.28 total: 645.28 seconds.
2022-04-06 15:15:15:get_final_particle_obs: 0:0:00.02 total: 0.02 seconds.
2022-04-06 15:19:42:group_particles_by_variable: 0:4:27.36 total: 267.36 seconds.
2022-04-06 15:22:56:group_euc_transport: 0:7:40.52 total: 460.52 seconds.
2022-04-06 15:25:39:group_particles_by_variable: 0:2:43.14 total: 163.14 seconds.
2022-04-06 15:27:14:plx_source_file: 0:11:59.36 total: 719.36 seconds.
2022-04-06 15:27:14:get_final_particle_obs: 0:0:00.01 total: 0.01 seconds.
2022-04-06 15:31:50:group_particles_by_variable: 0:4:35.61 total: 275.61 seconds.
2022-04-06 15:32:01:group_euc_transport: 0:4:46.98 total: 286.98 seconds.
2022-04-06 15:32:38:group_particles_by_variable: 0:0:36.82 total: 36.82 seconds.
2022-04-06 15:33:36:plx_source_file: 0:6:21.59 total: 381.59 seconds.
2022-04-06 15:33:36:get_final_particle_obs: 0:0:00.03 total: 0.03 seconds.
2022-04-06 15:36:09:group_particles_by_variable: 0:2:32.66 total: 152.66 seconds.
2022-04-06 15:36:13:group_euc_transport: 0:2:36.72 total: 156.72 seconds.
2022-04-06 15:36:34:group_particles_by_variable: 0:0:21.39 total: 21.39 seconds.
2022-04-06 15:36:53:plx_source_file: 0:3:17.17 total: 197.17 seconds.
2022-04-06 15:40:40:merge_plx_source_files: 2:3:20.07 total: 7400.07 seconds.
2022-04-06 21:17:43:plx_source_file: 0:0:00.00 total: 0.00 seconds.
2022-04-06 21:17:43:plx_source_file: 0:0:00.00 total: 0.00 seconds.
2022-04-06 21:17:43:plx_source_file: 0:0:00.00 total: 0.00 seconds.
2022-04-06 21:17:43:plx_source_file: 0:0:00.00 total: 0.00 seconds.
2022-04-06 21:17:43:plx_source_file: 0:0:00.00 total: 0.00 seconds.
2022-04-06 21:17:43:plx_source_file: 0:0:00.00 total: 0.00 seconds.
2022-04-06 21:17:43:plx_source_file: 0:0:00.00 total: 0.00 seconds.
2022-04-06 21:17:43:plx_source_file: 0:0:00.00 total: 0.00 seconds.
2022-04-06 21:17:43:plx_source_file: 0:0:00.00 total: 0.00 seconds.
2022-04-06 21:17:45:get_final_particle_obs: 0:0:00.01 total: 0.01 seconds.
2022-04-06 21:18:57:group_particles_by_variable: 0:1:12.61 total: 72.61 seconds.
2022-04-06 21:18:58:group_euc_transport: 0:1:13.30 total: 73.30 seconds.
2022-04-06 21:19:08:group_particles_by_variable: 0:0:09.61 total: 9.61 seconds.
2022-04-06 21:19:14:plx_source_file: 0:1:31.40 total: 91.40 seconds.
2022-04-06 21:20:37:merge_plx_source_files: 0:2:53.74 total: 173.74 seconds.
2022-04-17 15:00:03:get_final_particle_obs: 0:0:00.02 total: 0.02 seconds.
2022-04-17 15:02:36:group_particles_by_variable: 0:2:32.93 total: 152.93 seconds.
2022-04-17 15:02:37:group_euc_transport: 0:2:34.20 total: 154.20 seconds.
2022-04-17 15:03:53:group_particles_by_variable: 0:1:15.29 total: 75.29 seconds.
2022-04-17 15:05:04:plx_source_file: 0:5:02.58 total: 302.58 seconds.
2022-04-17 15:05:04:get_final_particle_obs: 0:0:00.02 total: 0.02 seconds.
2022-04-17 15:07:20:group_particles_by_variable: 0:2:15.98 total: 135.98 seconds.
2022-04-17 15:07:21:group_euc_transport: 0:2:16.90 total: 136.90 seconds.
2022-04-17 15:08:45:group_particles_by_variable: 0:1:24.05 total: 84.05 seconds.
2022-04-17 15:09:56:plx_source_file: 0:4:52.12 total: 292.12 seconds.
2022-04-17 15:09:56:get_final_particle_obs: 0:0:00.02 total: 0.02 seconds.
2022-04-17 15:12:24:group_particles_by_variable: 0:2:27.04 total: 147.04 seconds.
2022-04-17 15:12:25:group_euc_transport: 0:2:28.07 total: 148.07 seconds.
2022-04-17 15:13:27:group_particles_by_variable: 0:1:02.29 total: 62.29 seconds.
2022-04-17 15:14:21:plx_source_file: 0:4:24.62 total: 264.62 seconds.
2022-04-17 15:14:21:get_final_particle_obs: 0:0:00.02 total: 0.02 seconds.
2022-04-17 15:16:31:group_particles_by_variable: 0:2:10.26 total: 130.26 seconds.
2022-04-17 15:16:32:group_euc_transport: 0:2:11.19 total: 131.19 seconds.
2022-04-17 15:17:27:group_particles_by_variable: 0:0:54.84 total: 54.84 seconds.
2022-04-17 15:18:15:plx_source_file: 0:3:54.44 total: 234.44 seconds.
2022-04-17 15:18:16:get_final_particle_obs: 0:0:00.02 total: 0.02 seconds.
2022-04-17 15:21:37:group_particles_by_variable: 0:3:21.04 total: 201.04 seconds.
2022-04-17 15:21:38:group_euc_transport: 0:3:22.61 total: 202.61 seconds.
2022-04-17 15:23:31:group_particles_by_variable: 0:1:52.56 total: 112.56 seconds.
2022-04-17 15:27:36:plx_source_file: 0:9:21.20 total: 561.20 seconds.
2022-04-17 15:27:37:get_final_particle_obs: 0:0:00.02 total: 0.02 seconds.
2022-04-17 15:31:39:group_particles_by_variable: 0:4:01.99 total: 241.99 seconds.
2022-04-17 15:31:40:group_euc_transport: 0:4:02.85 total: 242.85 seconds.
2022-04-17 15:36:28:group_particles_by_variable: 0:4:48.09 total: 288.09 seconds.
2022-04-17 15:39:47:plx_source_file: 0:12:10.41 total: 730.41 seconds.
2022-04-17 15:39:47:get_final_particle_obs: 0:0:00.01 total: 0.01 seconds.
2022-04-17 15:43:47:group_particles_by_variable: 0:3:59.93 total: 239.93 seconds.
2022-04-17 15:43:48:group_euc_transport: 0:4:00.80 total: 240.80 seconds.
2022-04-17 15:46:43:group_particles_by_variable: 0:2:54.72 total: 174.72 seconds.
2022-04-17 15:49:29:plx_source_file: 0:9:41.72 total: 581.72 seconds.
2022-04-17 15:49:29:get_final_particle_obs: 0:0:00.01 total: 0.01 seconds.
2022-04-17 15:53:20:group_particles_by_variable: 0:3:50.83 total: 230.83 seconds.
2022-04-17 15:53:21:group_euc_transport: 0:3:51.67 total: 231.67 seconds.
2022-04-17 15:56:24:group_particles_by_variable: 0:3:03.86 total: 183.86 seconds.
2022-04-17 15:58:56:plx_source_file: 0:9:27.56 total: 567.56 seconds.
2022-04-17 15:58:56:get_final_particle_obs: 0:0:00.01 total: 0.01 seconds.
2022-04-17 16:02:39:group_particles_by_variable: 0:3:42.54 total: 222.54 seconds.
2022-04-17 16:02:40:group_euc_transport: 0:3:43.48 total: 223.48 seconds.
2022-04-17 16:04:26:group_particles_by_variable: 0:1:46.13 total: 106.13 seconds.
2022-04-17 16:06:25:plx_source_file: 0:7:29.31 total: 449.31 seconds.
2022-04-17 16:06:26:get_final_particle_obs: 0:0:00.02 total: 0.02 seconds.
2022-04-17 16:08:36:group_particles_by_variable: 0:2:09.80 total: 129.80 seconds.
2022-04-17 16:08:36:group_euc_transport: 0:2:10.30 total: 130.30 seconds.
2022-04-17 16:10:48:group_particles_by_variable: 0:2:11.47 total: 131.47 seconds.
2022-04-17 16:12:17:plx_source_file: 0:5:51.13 total: 351.13 seconds.
2022-04-17 16:21:50:merge_plx_source_files: 1:21:48.67 total: 4908.67 seconds.
2022-04-17 16:34:40:get_final_particle_obs: 0:0:00.02 total: 0.02 seconds.
2022-04-17 16:34:47:get_final_particle_obs: 0:0:00.04 total: 0.04 seconds.
2022-04-17 16:34:55:get_final_particle_obs: 0:0:00.02 total: 0.02 seconds.
2022-04-17 16:34:59:get_final_particle_obs: 0:0:00.02 total: 0.02 seconds.
2022-04-17 16:35:00:get_final_particle_obs: 0:0:00.02 total: 0.02 seconds.
2022-04-17 16:35:06:get_final_particle_obs: 0:0:00.02 total: 0.02 seconds.
2022-04-17 16:35:06:get_final_particle_obs: 0:0:00.02 total: 0.02 seconds.
2022-04-17 16:37:22:group_particles_by_variable: 0:2:34.77 total: 154.77 seconds.
2022-04-17 16:37:23:group_euc_transport: 0:2:36.10 total: 156.10 seconds.
2022-04-17 16:37:56:group_particles_by_variable: 0:3:00.74 total: 180.74 seconds.
2022-04-17 16:37:57:group_euc_transport: 0:3:02.16 total: 182.16 seconds.
2022-04-17 16:38:10:group_particles_by_variable: 0:3:29.58 total: 209.58 seconds.
2022-04-17 16:38:11:group_particles_by_variable: 0:3:11.01 total: 191.01 seconds.
2022-04-17 16:38:12:group_euc_transport: 0:3:31.20 total: 211.20 seconds.
2022-04-17 16:38:13:group_euc_transport: 0:3:12.62 total: 192.62 seconds.
2022-04-17 16:38:13:group_particles_by_variable: 0:3:07.58 total: 187.58 seconds.
2022-04-17 16:38:15:group_euc_transport: 0:3:09.10 total: 189.10 seconds.
2022-04-17 16:38:20:group_particles_by_variable: 0:3:20.96 total: 200.96 seconds.
2022-04-17 16:38:22:group_euc_transport: 0:3:23.15 total: 203.15 seconds.
2022-04-17 16:38:28:group_particles_by_variable: 0:3:22.38 total: 202.38 seconds.
2022-04-17 16:38:30:group_euc_transport: 0:3:24.06 total: 204.06 seconds.
2022-04-17 16:38:44:group_particles_by_variable: 0:1:20.52 total: 80.52 seconds.
2022-04-17 16:39:40:group_particles_by_variable: 0:1:28.19 total: 88.19 seconds.
2022-04-17 16:39:45:group_particles_by_variable: 0:1:47.77 total: 107.77 seconds.
2022-04-17 16:39:50:plx_source_file: 0:5:06.45 total: 306.45 seconds.
2022-04-17 16:39:51:get_final_particle_obs: 0:0:00.01 total: 0.01 seconds.
2022-04-17 16:39:51:group_particles_by_variable: 0:1:28.76 total: 88.76 seconds.
2022-04-17 16:39:51:group_particles_by_variable: 0:1:36.33 total: 96.33 seconds.
2022-04-17 16:39:52:group_particles_by_variable: 0:1:38.80 total: 98.80 seconds.
2022-04-17 16:40:09:group_particles_by_variable: 0:1:39.21 total: 99.21 seconds.
2022-04-17 16:41:00:plx_source_file: 0:6:21.53 total: 381.53 seconds.
2022-04-17 16:41:00:get_final_particle_obs: 0:0:00.02 total: 0.02 seconds.
2022-04-17 16:41:04:plx_source_file: 0:6:07.13 total: 367.13 seconds.
2022-04-17 16:41:05:get_final_particle_obs: 0:0:00.02 total: 0.02 seconds.
2022-04-17 16:41:06:plx_source_file: 0:6:12.41 total: 372.41 seconds.
2022-04-17 16:41:06:get_final_particle_obs: 0:0:00.03 total: 0.03 seconds.
2022-04-17 16:41:15:plx_source_file: 0:6:10.43 total: 370.43 seconds.
2022-04-17 16:41:15:get_final_particle_obs: 0:0:00.02 total: 0.02 seconds.
2022-04-17 16:41:18:plx_source_file: 0:6:19.55 total: 379.55 seconds.
2022-04-17 16:41:18:get_final_particle_obs: 0:0:00.02 total: 0.02 seconds.
2022-04-17 16:41:33:plx_source_file: 0:6:28.62 total: 388.62 seconds.
2022-04-17 16:41:33:get_final_particle_obs: 0:0:00.02 total: 0.02 seconds.
2022-04-17 16:42:10:group_particles_by_variable: 0:2:18.87 total: 138.87 seconds.
2022-04-17 16:42:11:group_euc_transport: 0:2:19.95 total: 139.95 seconds.
2022-04-17 16:43:22:group_particles_by_variable: 0:1:11.05 total: 71.05 seconds.
2022-04-17 16:43:39:group_particles_by_variable: 0:2:33.76 total: 153.76 seconds.
2022-04-17 16:43:40:group_euc_transport: 0:2:35.22 total: 155.22 seconds.
2022-04-17 16:43:54:group_particles_by_variable: 0:2:47.90 total: 167.90 seconds.
2022-04-17 16:43:55:group_euc_transport: 0:2:49.33 total: 169.33 seconds.
2022-04-17 16:44:03:group_particles_by_variable: 0:2:47.53 total: 167.53 seconds.
2022-04-17 16:44:04:group_euc_transport: 0:2:48.99 total: 168.99 seconds.
2022-04-17 16:44:22:plx_source_file: 0:4:31.25 total: 271.25 seconds.
2022-04-17 16:44:22:get_final_particle_obs: 0:0:00.02 total: 0.02 seconds.
2022-04-17 16:44:24:group_particles_by_variable: 0:3:23.86 total: 203.86 seconds.
2022-04-17 16:44:26:group_euc_transport: 0:3:25.45 total: 205.45 seconds.
2022-04-17 16:44:28:group_particles_by_variable: 0:3:09.51 total: 189.51 seconds.
2022-04-17 16:44:30:group_euc_transport: 0:3:11.13 total: 191.13 seconds.
2022-04-17 16:44:46:group_particles_by_variable: 0:3:12.95 total: 192.95 seconds.
2022-04-17 16:44:48:group_euc_transport: 0:3:14.64 total: 194.64 seconds.
2022-04-17 16:45:18:group_particles_by_variable: 0:1:37.90 total: 97.90 seconds.
2022-04-17 16:45:22:group_particles_by_variable: 0:1:26.73 total: 86.73 seconds.
2022-04-17 16:45:30:group_particles_by_variable: 0:1:25.93 total: 85.93 seconds.
2022-04-17 16:45:56:group_particles_by_variable: 0:1:30.39 total: 90.39 seconds.
2022-04-17 16:45:58:group_particles_by_variable: 0:1:28.77 total: 88.77 seconds.
2022-04-17 16:46:18:group_particles_by_variable: 0:1:29.68 total: 89.68 seconds.
2022-04-17 16:46:33:plx_source_file: 0:5:27.68 total: 327.68 seconds.
2022-04-17 16:46:33:get_final_particle_obs: 0:0:00.01 total: 0.01 seconds.
2022-04-17 16:46:35:group_particles_by_variable: 0:2:13.07 total: 133.07 seconds.
2022-04-17 16:46:36:group_euc_transport: 0:2:14.15 total: 134.15 seconds.
2022-04-17 16:46:44:plx_source_file: 0:5:29.53 total: 329.53 seconds.
2022-04-17 16:46:44:plx_source_file: 0:5:39.99 total: 339.99 seconds.
2022-04-17 16:46:45:get_final_particle_obs: 0:0:00.02 total: 0.02 seconds.
2022-04-17 16:46:45:get_final_particle_obs: 0:0:00.02 total: 0.02 seconds.
2022-04-17 16:47:15:plx_source_file: 0:6:14.40 total: 374.40 seconds.
2022-04-17 16:47:15:get_final_particle_obs: 0:0:00.02 total: 0.02 seconds.
2022-04-17 16:47:17:plx_source_file: 0:5:59.12 total: 359.12 seconds.
2022-04-17 16:47:17:get_final_particle_obs: 0:0:00.02 total: 0.02 seconds.
2022-04-17 16:47:36:plx_source_file: 0:6:02.85 total: 362.85 seconds.
2022-04-17 16:47:36:get_final_particle_obs: 0:0:00.02 total: 0.02 seconds.
2022-04-17 16:47:46:group_particles_by_variable: 0:1:10.15 total: 70.15 seconds.
2022-04-17 16:48:41:plx_source_file: 0:4:19.90 total: 259.90 seconds.
2022-04-17 16:48:42:get_final_particle_obs: 0:0:00.02 total: 0.02 seconds.
2022-04-17 16:49:25:group_particles_by_variable: 0:2:40.48 total: 160.48 seconds.
2022-04-17 16:49:27:group_euc_transport: 0:2:41.82 total: 161.82 seconds.
2022-04-17 16:49:27:group_particles_by_variable: 0:2:53.37 total: 173.37 seconds.
2022-04-17 16:49:28:group_euc_transport: 0:2:54.81 total: 174.81 seconds.
2022-04-17 16:49:49:group_particles_by_variable: 0:3:04.11 total: 184.11 seconds.
2022-04-17 16:49:51:group_euc_transport: 0:3:05.78 total: 185.78 seconds.
2022-04-17 16:50:29:group_particles_by_variable: 0:3:14.36 total: 194.36 seconds.
2022-04-17 16:50:30:group_particles_by_variable: 0:3:12.42 total: 192.42 seconds.
2022-04-17 16:50:31:group_euc_transport: 0:3:15.93 total: 195.93 seconds.
2022-04-17 16:50:32:group_euc_transport: 0:3:14.08 total: 194.08 seconds.
2022-04-17 16:50:44:group_particles_by_variable: 0:1:17.62 total: 77.62 seconds.
2022-04-17 16:50:47:group_particles_by_variable: 0:1:18.71 total: 78.71 seconds.
2022-04-17 16:50:55:group_particles_by_variable: 0:2:12.80 total: 132.80 seconds.
2022-04-17 16:50:56:group_euc_transport: 0:2:13.82 total: 133.82 seconds.
2022-04-17 16:50:56:group_particles_by_variable: 0:3:19.91 total: 199.91 seconds.
2022-04-17 16:50:58:group_euc_transport: 0:3:21.90 total: 201.90 seconds.
2022-04-17 16:51:19:group_particles_by_variable: 0:1:28.82 total: 88.82 seconds.
2022-04-17 16:51:48:group_particles_by_variable: 0:0:51.89 total: 51.89 seconds.
2022-04-17 16:51:51:plx_source_file: 0:5:06.39 total: 306.39 seconds.
2022-04-17 16:51:51:get_final_particle_obs: 0:0:00.02 total: 0.02 seconds.
2022-04-17 16:51:52:group_particles_by_variable: 0:1:21.37 total: 81.37 seconds.
2022-04-17 16:51:54:plx_source_file: 0:5:21.08 total: 321.08 seconds.
2022-04-17 16:51:55:get_final_particle_obs: 0:0:00.01 total: 0.01 seconds.
2022-04-17 16:52:01:group_particles_by_variable: 0:1:29.63 total: 89.63 seconds.
2022-04-17 16:52:29:plx_source_file: 0:3:47.81 total: 227.81 seconds.
2022-04-17 16:52:30:get_final_particle_obs: 0:0:00.02 total: 0.02 seconds.
2022-04-17 16:52:34:plx_source_file: 0:5:49.90 total: 349.90 seconds.
2022-04-17 16:52:35:get_final_particle_obs: 0:0:00.02 total: 0.02 seconds.
2022-04-17 16:52:49:group_particles_by_variable: 0:1:50.63 total: 110.63 seconds.
2022-04-17 16:53:03:plx_source_file: 0:5:48.70 total: 348.70 seconds.
2022-04-17 16:53:04:get_final_particle_obs: 0:0:00.02 total: 0.02 seconds.
2022-04-17 16:53:18:plx_source_file: 0:6:01.24 total: 361.24 seconds.
2022-04-17 16:53:19:get_final_particle_obs: 0:0:00.03 total: 0.03 seconds.
2022-04-17 16:54:19:plx_source_file: 0:6:43.13 total: 403.13 seconds.
2022-04-17 16:54:19:get_final_particle_obs: 0:0:00.02 total: 0.02 seconds.
2022-04-17 16:54:32:group_particles_by_variable: 0:2:40.91 total: 160.91 seconds.
2022-04-17 16:54:33:group_euc_transport: 0:2:42.08 total: 162.08 seconds.
2022-04-17 16:54:39:group_particles_by_variable: 0:2:44.46 total: 164.46 seconds.
2022-04-17 16:54:41:group_euc_transport: 0:2:45.83 total: 165.83 seconds.
2022-04-17 16:54:59:group_particles_by_variable: 0:2:29.20 total: 149.20 seconds.
2022-04-17 16:55:00:group_euc_transport: 0:2:30.37 total: 150.37 seconds.
2022-04-17 16:55:24:group_particles_by_variable: 0:2:49.39 total: 169.39 seconds.
2022-04-17 16:55:25:group_euc_transport: 0:2:50.57 total: 170.57 seconds.
2022-04-17 16:55:42:group_particles_by_variable: 0:1:08.94 total: 68.94 seconds.
2022-04-17 16:55:48:group_particles_by_variable: 0:0:47.78 total: 47.78 seconds.
2022-04-17 16:55:49:group_particles_by_variable: 0:1:08.43 total: 68.43 seconds.
2022-04-17 16:56:02:group_particles_by_variable: 0:2:58.06 total: 178.06 seconds.
2022-04-17 16:56:03:group_euc_transport: 0:2:59.65 total: 179.65 seconds.
2022-04-17 16:56:23:group_particles_by_variable: 0:3:04.17 total: 184.17 seconds.
2022-04-17 16:56:25:group_euc_transport: 0:3:05.71 total: 185.71 seconds.
2022-04-17 16:56:26:plx_source_file: 0:3:57.06 total: 237.06 seconds.
2022-04-17 16:56:27:get_final_particle_obs: 0:0:00.01 total: 0.01 seconds.
2022-04-17 16:56:34:group_particles_by_variable: 0:1:08.66 total: 68.66 seconds.
2022-04-17 16:56:41:plx_source_file: 0:4:50.49 total: 290.49 seconds.
2022-04-17 16:56:42:get_final_particle_obs: 0:0:00.02 total: 0.02 seconds.
2022-04-17 16:56:46:plx_source_file: 0:4:51.22 total: 291.22 seconds.
2022-04-17 16:56:46:get_final_particle_obs: 0:0:00.01 total: 0.01 seconds.
2022-04-17 16:56:57:group_particles_by_variable: 0:0:53.66 total: 53.66 seconds.
2022-04-17 16:57:22:group_particles_by_variable: 0:3:02.47 total: 182.47 seconds.
2022-04-17 16:57:24:group_euc_transport: 0:3:04.25 total: 184.25 seconds.
2022-04-17 16:57:29:group_particles_by_variable: 0:1:03.96 total: 63.96 seconds.
2022-04-17 16:57:31:plx_source_file: 0:4:56.95 total: 296.95 seconds.
2022-04-17 16:57:31:get_final_particle_obs: 0:0:00.02 total: 0.02 seconds.
2022-04-17 16:57:44:plx_source_file: 0:4:40.81 total: 280.81 seconds.
2022-04-17 16:57:44:get_final_particle_obs: 0:0:00.02 total: 0.02 seconds.
2022-04-17 16:58:22:plx_source_file: 0:5:03.85 total: 303.85 seconds.
2022-04-17 16:58:23:get_final_particle_obs: 0:0:00.01 total: 0.01 seconds.
2022-04-17 16:58:38:group_particles_by_variable: 0:2:10.98 total: 130.98 seconds.
2022-04-17 16:58:39:group_euc_transport: 0:2:12.03 total: 132.03 seconds.
2022-04-17 16:58:42:group_particles_by_variable: 0:1:17.97 total: 77.97 seconds.
2022-04-17 16:59:24:group_particles_by_variable: 0:0:44.90 total: 44.90 seconds.
2022-04-17 16:59:24:group_particles_by_variable: 0:2:38.52 total: 158.52 seconds.
2022-04-17 16:59:26:group_euc_transport: 0:2:39.91 total: 159.91 seconds.
2022-04-17 16:59:30:group_particles_by_variable: 0:2:48.60 total: 168.60 seconds.
2022-04-17 16:59:32:group_euc_transport: 0:2:50.23 total: 170.23 seconds.
2022-04-17 16:59:46:plx_source_file: 0:5:26.89 total: 326.89 seconds.
2022-04-17 16:59:46:get_final_particle_obs: 0:0:00.02 total: 0.02 seconds.
2022-04-17 17:00:02:plx_source_file: 0:3:36.06 total: 216.06 seconds.
2022-04-17 17:00:03:get_final_particle_obs: 0:0:00.02 total: 0.02 seconds.
2022-04-17 17:00:20:group_particles_by_variable: 0:2:48.42 total: 168.42 seconds.
2022-04-17 17:00:21:group_euc_transport: 0:2:49.69 total: 169.69 seconds.
2022-04-17 17:00:31:group_particles_by_variable: 0:1:05.27 total: 65.27 seconds.
2022-04-17 17:00:48:group_particles_by_variable: 0:1:15.72 total: 75.72 seconds.
2022-04-17 17:00:52:group_particles_by_variable: 0:3:06.99 total: 186.99 seconds.
2022-04-17 17:00:53:group_euc_transport: 0:3:08.57 total: 188.57 seconds.
2022-04-17 17:01:17:group_particles_by_variable: 0:2:54.15 total: 174.15 seconds.
2022-04-17 17:01:18:group_euc_transport: 0:2:55.62 total: 175.62 seconds.
2022-04-17 17:01:25:plx_source_file: 0:4:39.64 total: 279.64 seconds.
2022-04-17 17:01:25:get_final_particle_obs: 0:0:00.01 total: 0.01 seconds.
2022-04-17 17:01:30:group_particles_by_variable: 0:1:08.38 total: 68.38 seconds.
2022-04-17 17:01:52:plx_source_file: 0:5:10.86 total: 310.86 seconds.
2022-04-17 17:01:52:get_final_particle_obs: 0:0:00.02 total: 0.02 seconds.
2022-04-17 17:02:09:group_particles_by_variable: 0:1:16.27 total: 76.27 seconds.
2022-04-17 17:02:21:group_particles_by_variable: 0:1:02.99 total: 62.99 seconds.
2022-04-17 17:02:23:group_particles_by_variable: 0:2:20.63 total: 140.63 seconds.
2022-04-17 17:02:25:group_euc_transport: 0:2:21.77 total: 141.77 seconds.
2022-04-17 17:02:29:plx_source_file: 0:4:57.65 total: 297.65 seconds.
2022-04-17 17:02:29:get_final_particle_obs: 0:0:00.04 total: 0.04 seconds.
2022-04-17 17:02:47:group_particles_by_variable: 0:3:00.73 total: 180.73 seconds.
2022-04-17 17:02:48:group_euc_transport: 0:3:02.23 total: 182.23 seconds.
2022-04-17 17:03:13:plx_source_file: 0:5:28.76 total: 328.76 seconds.
2022-04-17 17:03:13:get_final_particle_obs: 0:0:00.02 total: 0.02 seconds.
2022-04-17 17:03:15:plx_source_file: 0:4:52.65 total: 292.65 seconds.
2022-04-17 17:03:15:get_final_particle_obs: 0:0:00.02 total: 0.02 seconds.
2022-04-17 17:03:17:group_particles_by_variable: 0:0:52.14 total: 52.14 seconds.
2022-04-17 17:03:55:group_particles_by_variable: 0:1:06.98 total: 66.98 seconds.
2022-04-17 17:04:01:plx_source_file: 0:3:58.14 total: 238.14 seconds.
2022-04-17 17:04:01:get_final_particle_obs: 0:0:00.01 total: 0.01 seconds.
2022-04-17 17:04:22:group_particles_by_variable: 0:2:29.06 total: 149.06 seconds.
2022-04-17 17:04:23:group_euc_transport: 0:2:30.09 total: 150.09 seconds.
2022-04-17 17:04:24:group_particles_by_variable: 0:2:58.35 total: 178.35 seconds.
2022-04-17 17:04:25:group_euc_transport: 0:2:59.76 total: 179.76 seconds.
2022-04-17 17:04:53:plx_source_file: 0:5:07.31 total: 307.31 seconds.
2022-04-17 17:04:53:get_final_particle_obs: 0:0:00.02 total: 0.02 seconds.
2022-04-17 17:05:02:group_particles_by_variable: 0:2:32.82 total: 152.82 seconds.
2022-04-17 17:05:03:group_euc_transport: 0:2:34.00 total: 154.00 seconds.
2022-04-17 17:05:16:group_particles_by_variable: 0:0:53.10 total: 53.10 seconds.
2022-04-17 17:05:22:group_particles_by_variable: 0:0:56.51 total: 56.51 seconds.
2022-04-17 17:05:53:group_particles_by_variable: 0:0:49.18 total: 49.18 seconds.
2022-04-17 17:06:00:plx_source_file: 0:4:08.37 total: 248.37 seconds.
2022-04-17 17:06:01:get_final_particle_obs: 0:0:00.02 total: 0.02 seconds.
2022-04-17 17:06:07:group_particles_by_variable: 0:2:54.07 total: 174.07 seconds.
2022-04-17 17:06:09:group_euc_transport: 0:2:55.57 total: 175.57 seconds.
2022-04-17 17:06:11:plx_source_file: 0:4:45.50 total: 285.50 seconds.
2022-04-17 17:06:11:get_final_particle_obs: 0:0:00.01 total: 0.01 seconds.
2022-04-17 17:06:16:group_particles_by_variable: 0:2:14.63 total: 134.63 seconds.
2022-04-17 17:06:17:group_euc_transport: 0:2:15.81 total: 135.81 seconds.
2022-04-17 17:06:24:group_particles_by_variable: 0:3:08.18 total: 188.18 seconds.
2022-04-17 17:06:25:group_euc_transport: 0:3:09.78 total: 189.78 seconds.
2022-04-17 17:06:32:plx_source_file: 0:4:03.53 total: 243.53 seconds.
2022-04-17 17:06:33:get_final_particle_obs: 0:0:00.02 total: 0.02 seconds.
2022-04-17 17:06:54:group_particles_by_variable: 0:0:36.83 total: 36.83 seconds.
2022-04-17 17:07:07:group_particles_by_variable: 0:0:57.98 total: 57.98 seconds.
2022-04-17 17:07:25:group_particles_by_variable: 0:1:00.01 total: 60.01 seconds.
2022-04-17 17:07:40:plx_source_file: 0:3:39.18 total: 219.18 seconds.
2022-04-17 17:07:41:get_final_particle_obs: 0:0:00.04 total: 0.04 seconds.
2022-04-17 17:07:56:plx_source_file: 0:4:43.41 total: 283.41 seconds.
2022-04-17 17:07:56:group_particles_by_variable: 0:3:02.84 total: 182.84 seconds.
2022-04-17 17:07:57:get_final_particle_obs: 0:0:00.01 total: 0.01 seconds.
2022-04-17 17:07:58:group_euc_transport: 0:3:04.55 total: 184.55 seconds.
2022-04-17 17:08:17:plx_source_file: 0:5:01.87 total: 301.87 seconds.
2022-04-17 17:08:17:get_final_particle_obs: 0:0:00.02 total: 0.02 seconds.
2022-04-17 17:08:23:group_particles_by_variable: 0:2:22.39 total: 142.39 seconds.
2022-04-17 17:08:24:group_euc_transport: 0:2:23.45 total: 143.45 seconds.
2022-04-17 17:08:50:group_particles_by_variable: 0:2:38.63 total: 158.63 seconds.
2022-04-17 17:08:51:group_euc_transport: 0:2:39.96 total: 159.96 seconds.
2022-04-17 17:09:02:group_particles_by_variable: 0:1:04.37 total: 64.37 seconds.
2022-04-17 17:09:13:group_particles_by_variable: 0:2:39.77 total: 159.77 seconds.
2022-04-17 17:09:14:group_euc_transport: 0:2:41.06 total: 161.06 seconds.
2022-04-17 17:09:15:group_particles_by_variable: 0:0:50.20 total: 50.20 seconds.
2022-04-17 17:09:42:group_particles_by_variable: 0:0:51.37 total: 51.37 seconds.
2022-04-17 17:09:55:plx_source_file: 0:3:54.20 total: 234.20 seconds.
2022-04-17 17:09:55:get_final_particle_obs: 0:0:00.02 total: 0.02 seconds.
2022-04-17 17:09:57:plx_source_file: 0:5:04.03 total: 304.03 seconds.
2022-04-17 17:09:58:get_final_particle_obs: 0:0:00.02 total: 0.02 seconds.
2022-04-17 17:10:06:group_particles_by_variable: 0:0:52.34 total: 52.34 seconds.
2022-04-17 17:10:07:group_particles_by_variable: 0:2:26.27 total: 146.27 seconds.
2022-04-17 17:10:08:group_euc_transport: 0:2:27.39 total: 147.39 seconds.
2022-04-17 17:10:24:plx_source_file: 0:4:13.76 total: 253.76 seconds.
2022-04-17 17:10:25:get_final_particle_obs: 0:0:00.01 total: 0.01 seconds.
2022-04-17 17:10:41:group_particles_by_variable: 0:0:32.96 total: 32.96 seconds.
2022-04-17 17:10:49:plx_source_file: 0:4:17.06 total: 257.06 seconds.
2022-04-17 17:10:50:get_final_particle_obs: 0:0:00.01 total: 0.01 seconds.
2022-04-17 17:10:58:group_particles_by_variable: 0:3:01.04 total: 181.04 seconds.
2022-04-17 17:10:59:group_euc_transport: 0:3:02.60 total: 182.60 seconds.
2022-04-17 17:11:07:plx_source_file: 0:3:27.23 total: 207.23 seconds.
2022-04-17 17:11:07:get_final_particle_obs: 0:0:00.01 total: 0.01 seconds.
2022-04-17 17:11:20:group_particles_by_variable: 0:3:03.18 total: 183.18 seconds.
2022-04-17 17:11:22:group_euc_transport: 0:3:04.78 total: 184.78 seconds.
2022-04-17 17:11:50:group_particles_by_variable: 0:0:50.27 total: 50.27 seconds.
2022-04-17 17:12:07:group_particles_by_variable: 0:0:45.49 total: 45.49 seconds.
2022-04-17 17:12:18:group_particles_by_variable: 0:1:11.21 total: 71.21 seconds.
2022-04-17 17:12:19:group_euc_transport: 0:1:11.75 total: 71.75 seconds.
2022-04-17 17:12:27:group_particles_by_variable: 0:2:31.44 total: 151.44 seconds.
2022-04-17 17:12:28:group_euc_transport: 0:2:32.46 total: 152.46 seconds.
2022-04-17 17:12:33:plx_source_file: 0:4:36.31 total: 276.31 seconds.
2022-04-17 17:12:33:get_final_particle_obs: 0:0:00.02 total: 0.02 seconds.
2022-04-17 17:12:37:group_particles_by_variable: 0:0:17.65 total: 17.65 seconds.
2022-04-17 17:12:46:plx_source_file: 0:4:28.89 total: 268.89 seconds.
2022-04-17 17:12:46:get_final_particle_obs: 0:0:00.01 total: 0.01 seconds.
2022-04-17 17:12:50:plx_source_file: 0:1:42.57 total: 102.57 seconds.
2022-04-17 17:13:01:group_particles_by_variable: 0:3:03.76 total: 183.76 seconds.
2022-04-17 17:13:03:group_euc_transport: 0:3:05.39 total: 185.39 seconds.
2022-04-17 17:13:03:group_particles_by_variable: 0:0:35.70 total: 35.70 seconds.
2022-04-17 17:13:21:merge_plx_source_files: 0:38:37.13 total: 2317.13 seconds.
2022-04-17 17:13:23:group_particles_by_variable: 0:2:58.07 total: 178.07 seconds.
2022-04-17 17:13:24:group_euc_transport: 0:2:59.45 total: 179.45 seconds.
2022-04-17 17:13:33:plx_source_file: 0:3:37.90 total: 217.90 seconds.
2022-04-17 17:13:33:get_final_particle_obs: 0:0:00.02 total: 0.02 seconds.
2022-04-17 17:13:33:group_particles_by_variable: 0:2:43.13 total: 163.13 seconds.
2022-04-17 17:13:34:group_euc_transport: 0:2:44.50 total: 164.50 seconds.
2022-04-17 17:13:48:group_particles_by_variable: 0:0:44.87 total: 44.87 seconds.
2022-04-17 17:14:12:group_particles_by_variable: 0:0:47.46 total: 47.46 seconds.
2022-04-17 17:14:12:group_particles_by_variable: 0:0:38.09 total: 38.09 seconds.
2022-04-17 17:14:25:plx_source_file: 0:4:27.73 total: 267.73 seconds.
2022-04-17 17:14:25:get_final_particle_obs: 0:0:00.02 total: 0.02 seconds.
2022-04-17 17:14:43:plx_source_file: 0:3:53.37 total: 233.37 seconds.
2022-04-17 17:14:43:get_final_particle_obs: 0:0:00.02 total: 0.02 seconds.
2022-04-17 17:14:49:plx_source_file: 0:4:25.08 total: 265.08 seconds.
2022-04-17 17:14:50:get_final_particle_obs: 0:0:00.01 total: 0.01 seconds.
2022-04-17 17:15:25:group_particles_by_variable: 0:2:52.03 total: 172.03 seconds.
2022-04-17 17:15:27:group_euc_transport: 0:2:53.54 total: 173.54 seconds.
2022-04-17 17:15:49:group_particles_by_variable: 0:3:02.46 total: 182.46 seconds.
2022-04-17 17:15:50:group_euc_transport: 0:3:03.98 total: 183.98 seconds.
2022-04-17 17:16:08:group_particles_by_variable: 0:2:35.31 total: 155.31 seconds.
2022-04-17 17:16:10:group_euc_transport: 0:2:36.61 total: 156.61 seconds.
2022-04-17 17:16:11:group_particles_by_variable: 0:0:44.35 total: 44.35 seconds.
2022-04-17 17:16:36:group_particles_by_variable: 0:0:46.04 total: 46.04 seconds.
2022-04-17 17:16:49:group_particles_by_variable: 0:0:39.15 total: 39.15 seconds.
2022-04-17 17:16:50:plx_source_file: 0:4:17.50 total: 257.50 seconds.
2022-04-17 17:16:50:get_final_particle_obs: 0:0:00.02 total: 0.02 seconds.
2022-04-17 17:17:15:plx_source_file: 0:4:29.50 total: 269.50 seconds.
2022-04-17 17:17:15:get_final_particle_obs: 0:0:00.01 total: 0.01 seconds.
2022-04-17 17:17:19:plx_source_file: 0:3:46.28 total: 226.28 seconds.
2022-04-17 17:17:19:get_final_particle_obs: 0:0:00.01 total: 0.01 seconds.
2022-04-17 17:17:26:group_particles_by_variable: 0:3:00.91 total: 180.91 seconds.
2022-04-17 17:17:28:group_euc_transport: 0:3:02.62 total: 182.62 seconds.
2022-04-17 17:17:30:group_particles_by_variable: 0:2:46.93 total: 166.93 seconds.
2022-04-17 17:17:32:group_euc_transport: 0:2:48.33 total: 168.33 seconds.
2022-04-17 17:17:38:group_particles_by_variable: 0:2:48.16 total: 168.16 seconds.
2022-04-17 17:17:39:group_euc_transport: 0:2:49.53 total: 169.53 seconds.
2022-04-17 17:18:10:group_particles_by_variable: 0:0:38.28 total: 38.28 seconds.
2022-04-17 17:18:14:group_particles_by_variable: 0:0:45.48 total: 45.48 seconds.
2022-04-17 17:18:15:group_particles_by_variable: 0:0:35.76 total: 35.76 seconds.
2022-04-17 17:18:38:group_particles_by_variable: 0:1:18.69 total: 78.69 seconds.
2022-04-17 17:18:38:group_euc_transport: 0:1:19.26 total: 79.26 seconds.
2022-04-17 17:18:43:plx_source_file: 0:3:59.78 total: 239.78 seconds.
2022-04-17 17:18:43:get_final_particle_obs: 0:0:00.02 total: 0.02 seconds.
2022-04-17 17:18:44:plx_source_file: 0:3:54.24 total: 234.24 seconds.
2022-04-17 17:18:44:get_final_particle_obs: 0:0:00.01 total: 0.01 seconds.
2022-04-17 17:18:52:plx_source_file: 0:4:26.83 total: 266.83 seconds.
2022-04-17 17:18:52:get_final_particle_obs: 0:0:00.02 total: 0.02 seconds.
2022-04-17 17:18:56:group_particles_by_variable: 0:0:17.70 total: 17.70 seconds.
2022-04-17 17:19:10:plx_source_file: 0:1:51.39 total: 111.39 seconds.
2022-04-17 17:19:50:group_particles_by_variable: 0:2:59.00 total: 179.00 seconds.
2022-04-17 17:19:51:group_euc_transport: 0:3:00.52 total: 180.52 seconds.
2022-04-17 17:19:57:merge_plx_source_files: 0:45:00.15 total: 2700.15 seconds.
2022-04-17 17:20:11:group_particles_by_variable: 0:1:28.23 total: 88.23 seconds.
2022-04-17 17:20:12:group_euc_transport: 0:1:28.88 total: 88.88 seconds.
2022-04-17 17:20:12:group_particles_by_variable: 0:1:28.27 total: 88.27 seconds.
2022-04-17 17:20:13:group_euc_transport: 0:1:28.86 total: 88.86 seconds.
2022-04-17 17:20:17:group_particles_by_variable: 0:3:01.89 total: 181.89 seconds.
2022-04-17 17:20:19:group_euc_transport: 0:3:03.42 total: 183.42 seconds.
2022-04-17 17:20:26:group_particles_by_variable: 0:0:35.32 total: 35.32 seconds.
2022-04-17 17:20:34:group_particles_by_variable: 0:0:22.63 total: 22.63 seconds.
2022-04-17 17:20:35:group_particles_by_variable: 0:0:22.12 total: 22.12 seconds.
2022-04-17 17:20:52:plx_source_file: 0:2:08.20 total: 128.20 seconds.
2022-04-17 17:20:53:plx_source_file: 0:2:10.39 total: 130.39 seconds.
2022-04-17 17:20:55:group_particles_by_variable: 0:0:35.98 total: 35.98 seconds.
2022-04-17 17:20:57:plx_source_file: 0:4:06.69 total: 246.69 seconds.
2022-04-17 17:20:57:get_final_particle_obs: 0:0:00.02 total: 0.02 seconds.
2022-04-17 17:21:25:plx_source_file: 0:4:10.01 total: 250.01 seconds.
2022-04-17 17:21:25:get_final_particle_obs: 0:0:00.02 total: 0.02 seconds.
2022-04-17 17:22:16:group_particles_by_variable: 0:3:23.93 total: 203.93 seconds.
2022-04-17 17:22:30:group_euc_transport: 0:3:37.70 total: 217.70 seconds.
2022-04-17 17:22:40:group_particles_by_variable: 0:1:42.46 total: 102.46 seconds.
2022-04-17 17:22:40:group_euc_transport: 0:1:43.17 total: 103.17 seconds.
2022-04-17 17:22:50:merge_plx_source_files: 0:47:45.85 total: 2865.85 seconds.
2022-04-17 17:23:02:group_particles_by_variable: 0:1:35.98 total: 95.98 seconds.
2022-04-17 17:23:02:group_euc_transport: 0:1:36.63 total: 96.63 seconds.
2022-04-17 17:23:05:group_particles_by_variable: 0:0:24.31 total: 24.31 seconds.
2022-04-17 17:23:17:group_particles_by_variable: 0:0:47.06 total: 47.06 seconds.
2022-04-17 17:23:26:group_particles_by_variable: 0:0:23.67 total: 23.67 seconds.
2022-04-17 17:23:45:plx_source_file: 0:2:19.43 total: 139.43 seconds.
2022-04-17 17:23:45:plx_source_file: 0:2:48.65 total: 168.65 seconds.
2022-04-17 17:23:46:plx_source_file: 0:4:54.58 total: 294.58 seconds.
2022-04-17 17:23:47:get_final_particle_obs: 0:0:00.01 total: 0.01 seconds.
2022-04-17 17:24:25:merge_plx_source_files: 0:49:26.52 total: 2966.52 seconds.
2022-04-17 17:24:54:merge_plx_source_files: 0:50:01.23 total: 3001.23 seconds.
2022-04-17 17:25:18:group_particles_by_variable: 0:1:31.82 total: 91.82 seconds.
2022-04-17 17:25:19:group_euc_transport: 0:1:32.57 total: 92.57 seconds.
2022-04-17 17:25:41:group_particles_by_variable: 0:0:22.27 total: 22.27 seconds.
2022-04-17 17:26:00:plx_source_file: 0:2:13.74 total: 133.74 seconds.
2022-04-17 17:26:02:merge_plx_source_files: 0:51:23.48 total: 3083.48 seconds.
2022-04-17 17:28:01:merge_plx_source_files: 0:52:57.07 total: 3177.07 seconds.
2022-05-12 11:27:02:get_final_particle_obs: 0:0:00.04 total: 0.04 seconds.
2022-05-12 11:30:33:group_particles_by_variable: 0:3:30.95 total: 210.95 seconds.
2022-05-12 11:30:38:group_euc_transport: 0:3:35.86 total: 215.86 seconds.
2022-05-12 11:32:44:group_particles_by_variable: 0:2:05.91 total: 125.91 seconds.
2022-05-12 11:34:14:plx_source_file: 0:7:14.85 total: 434.85 seconds.
2022-05-12 11:34:15:get_final_particle_obs: 0:0:00.04 total: 0.04 seconds.
2022-05-12 11:39:04:group_particles_by_variable: 0:4:49.13 total: 289.13 seconds.
2022-05-12 11:39:11:group_euc_transport: 0:4:56.12 total: 296.12 seconds.
2022-05-12 11:41:31:group_particles_by_variable: 0:2:19.64 total: 139.64 seconds.
2022-05-12 11:42:52:plx_source_file: 0:8:38.01 total: 518.01 seconds.
2022-05-12 11:42:53:get_final_particle_obs: 0:0:00.03 total: 0.03 seconds.
2022-05-12 11:45:56:group_particles_by_variable: 0:3:02.91 total: 182.91 seconds.
2022-05-12 11:45:58:group_euc_transport: 0:3:04.74 total: 184.74 seconds.
2022-05-12 11:47:38:group_particles_by_variable: 0:1:39.61 total: 99.61 seconds.
2022-05-12 11:49:42:plx_source_file: 0:6:49.66 total: 409.66 seconds.
2022-05-12 11:49:43:get_final_particle_obs: 0:0:00.04 total: 0.04 seconds.
2022-05-12 11:52:44:group_particles_by_variable: 0:3:01.62 total: 181.62 seconds.
2022-05-12 11:52:46:group_euc_transport: 0:3:03.18 total: 183.18 seconds.
2022-05-12 11:54:10:group_particles_by_variable: 0:1:24.01 total: 84.01 seconds.
2022-05-12 11:55:12:plx_source_file: 0:5:30.27 total: 330.27 seconds.
2022-05-12 11:55:13:get_final_particle_obs: 0:0:00.02 total: 0.02 seconds.
2022-05-12 11:58:13:group_particles_by_variable: 0:3:00.09 total: 180.09 seconds.
2022-05-12 11:58:15:group_euc_transport: 0:3:01.85 total: 181.85 seconds.
2022-05-12 11:59:34:group_particles_by_variable: 0:1:19.79 total: 79.79 seconds.
2022-05-12 12:00:33:plx_source_file: 0:5:21.11 total: 321.11 seconds.
2022-05-12 12:00:34:get_final_particle_obs: 0:0:00.03 total: 0.03 seconds.
2022-05-12 12:03:39:group_particles_by_variable: 0:3:05.09 total: 185.09 seconds.
2022-05-12 12:03:41:group_euc_transport: 0:3:06.79 total: 186.79 seconds.
2022-05-12 12:04:55:group_particles_by_variable: 0:1:13.79 total: 73.79 seconds.
2022-05-12 12:05:48:plx_source_file: 0:5:14.66 total: 314.66 seconds.
2022-05-12 12:05:48:get_final_particle_obs: 0:0:00.02 total: 0.02 seconds.
2022-05-12 12:08:26:group_particles_by_variable: 0:2:37.43 total: 157.43 seconds.
2022-05-12 12:08:28:group_euc_transport: 0:2:39.27 total: 159.27 seconds.
2022-05-12 12:09:37:group_particles_by_variable: 0:1:09.31 total: 69.31 seconds.
2022-05-12 12:10:22:plx_source_file: 0:4:33.60 total: 273.60 seconds.
2022-05-12 12:10:22:get_final_particle_obs: 0:0:00.02 total: 0.02 seconds.
2022-05-12 12:13:14:group_particles_by_variable: 0:2:52.31 total: 172.31 seconds.
2022-05-12 12:13:16:group_euc_transport: 0:2:53.78 total: 173.78 seconds.
2022-05-12 12:14:12:group_particles_by_variable: 0:0:56.00 total: 56.00 seconds.
2022-05-12 12:14:53:plx_source_file: 0:4:31.62 total: 271.62 seconds.
2022-05-12 12:14:54:get_final_particle_obs: 0:0:00.02 total: 0.02 seconds.
2022-05-12 12:17:43:group_particles_by_variable: 0:2:49.76 total: 169.76 seconds.
2022-05-12 12:17:45:group_euc_transport: 0:2:51.43 total: 171.43 seconds.
2022-05-12 12:18:28:group_particles_by_variable: 0:0:43.14 total: 43.14 seconds.
2022-05-12 12:18:59:plx_source_file: 0:4:05.50 total: 245.50 seconds.
2022-05-12 12:18:59:get_final_particle_obs: 0:0:00.02 total: 0.02 seconds.
2022-05-12 12:20:32:group_particles_by_variable: 0:1:32.24 total: 92.24 seconds.
2022-05-12 12:20:32:group_euc_transport: 0:1:32.90 total: 92.90 seconds.
2022-05-12 12:20:58:group_particles_by_variable: 0:0:25.98 total: 25.98 seconds.
2022-05-12 12:21:17:plx_source_file: 0:2:17.70 total: 137.70 seconds.
2022-05-12 12:23:01:merge_plx_source_files: 0:56:01.02 total: 3361.02 seconds.
2022-05-12 13:05:38:get_final_particle_obs: 0:0:00.02 total: 0.02 seconds.
2022-05-12 13:05:50:get_final_particle_obs: 0:0:00.02 total: 0.02 seconds.
2022-05-12 13:05:55:get_final_particle_obs: 0:0:00.03 total: 0.03 seconds.
2022-05-12 13:05:55:get_final_particle_obs: 0:0:00.02 total: 0.02 seconds.
2022-05-12 13:06:08:get_final_particle_obs: 0:0:00.02 total: 0.02 seconds.
2022-05-12 13:06:08:get_final_particle_obs: 0:0:00.02 total: 0.02 seconds.
2022-05-12 13:06:24:get_final_particle_obs: 0:0:00.02 total: 0.02 seconds.
2022-05-12 13:08:17:group_particles_by_variable: 0:2:22.75 total: 142.75 seconds.
2022-05-12 13:08:19:group_euc_transport: 0:2:24.04 total: 144.04 seconds.
2022-05-12 13:08:37:group_particles_by_variable: 0:2:47.41 total: 167.41 seconds.
2022-05-12 13:08:39:group_euc_transport: 0:2:48.83 total: 168.83 seconds.
2022-05-12 13:08:40:group_particles_by_variable: 0:3:01.43 total: 181.43 seconds.
2022-05-12 13:08:41:group_euc_transport: 0:3:03.07 total: 183.07 seconds.
2022-05-12 13:08:48:group_particles_by_variable: 0:2:40.03 total: 160.03 seconds.
2022-05-12 13:09:07:group_euc_transport: 0:2:59.09 total: 179.09 seconds.
2022-05-12 13:09:22:group_particles_by_variable: 0:3:27.40 total: 207.40 seconds.
2022-05-12 13:09:24:group_euc_transport: 0:3:29.28 total: 209.28 seconds.
2022-05-12 13:09:35:group_particles_by_variable: 0:3:26.46 total: 206.46 seconds.
2022-05-12 13:09:50:group_euc_transport: 0:3:41.00 total: 221.00 seconds.
2022-05-12 13:09:52:group_particles_by_variable: 0:1:32.93 total: 92.93 seconds.
2022-05-12 13:10:08:group_particles_by_variable: 0:3:44.26 total: 224.26 seconds.
2022-05-12 13:10:17:group_particles_by_variable: 0:1:38.56 total: 98.56 seconds.
2022-05-12 13:10:23:group_particles_by_variable: 0:1:41.35 total: 101.35 seconds.
2022-05-12 13:10:59:group_euc_transport: 0:4:35.10 total: 275.10 seconds.
2022-05-12 13:11:05:plx_source_file: 0:5:11.62 total: 311.62 seconds.
2022-05-12 13:11:05:get_final_particle_obs: 0:0:00.02 total: 0.02 seconds.
2022-05-12 13:11:28:plx_source_file: 0:5:38.57 total: 338.57 seconds.
2022-05-12 13:11:28:get_final_particle_obs: 0:0:00.02 total: 0.02 seconds.
2022-05-12 13:11:31:group_particles_by_variable: 0:2:06.87 total: 126.87 seconds.
2022-05-12 13:11:44:plx_source_file: 0:6:06.80 total: 366.80 seconds.
2022-05-12 13:11:44:get_final_particle_obs: 0:0:00.02 total: 0.02 seconds.
2022-05-12 13:12:32:group_particles_by_variable: 0:2:42.35 total: 162.35 seconds.
2022-05-12 13:13:17:plx_source_file: 0:7:23.11 total: 443.11 seconds.
2022-05-12 13:13:17:get_final_particle_obs: 0:0:00.02 total: 0.02 seconds.
2022-05-12 13:13:27:group_particles_by_variable: 0:2:21.16 total: 141.16 seconds.
2022-05-12 13:13:28:group_particles_by_variable: 0:2:28.36 total: 148.36 seconds.
2022-05-12 13:13:29:group_euc_transport: 0:2:23.28 total: 143.28 seconds.
2022-05-12 13:14:32:plx_source_file: 0:8:25.39 total: 505.39 seconds.
2022-05-12 13:14:33:get_final_particle_obs: 0:0:00.02 total: 0.02 seconds.
2022-05-12 13:14:46:group_particles_by_variable: 0:5:38.65 total: 338.65 seconds.
2022-05-12 13:15:04:group_particles_by_variable: 0:1:35.23 total: 95.23 seconds.
2022-05-12 13:15:24:group_particles_by_variable: 0:3:56.03 total: 236.03 seconds.
2022-05-12 13:15:26:plx_source_file: 0:9:03.19 total: 543.19 seconds.
2022-05-12 13:15:26:get_final_particle_obs: 0:0:00.02 total: 0.02 seconds.
2022-05-12 13:15:36:group_euc_transport: 0:4:08.39 total: 248.39 seconds.
2022-05-12 13:16:19:plx_source_file: 0:5:14.18 total: 314.18 seconds.
2022-05-12 13:16:20:get_final_particle_obs: 0:0:00.02 total: 0.02 seconds.
2022-05-12 13:16:29:group_particles_by_variable: 0:3:11.93 total: 191.93 seconds.
2022-05-12 13:16:32:group_euc_transport: 0:3:14.66 total: 194.66 seconds.
2022-05-12 13:17:27:group_particles_by_variable: 0:5:42.06 total: 342.06 seconds.
2022-05-12 13:17:48:group_euc_transport: 0:6:03.41 total: 363.41 seconds.
2022-05-12 13:17:54:group_particles_by_variable: 0:3:20.85 total: 200.85 seconds.
2022-05-12 13:18:06:group_euc_transport: 0:3:33.21 total: 213.21 seconds.
2022-05-12 13:18:26:group_particles_by_variable: 0:1:53.80 total: 113.80 seconds.
2022-05-12 13:18:34:group_particles_by_variable: 0:3:07.74 total: 187.74 seconds.
2022-05-12 13:18:36:group_particles_by_variable: 0:2:16.14 total: 136.14 seconds.
2022-05-12 13:18:40:group_euc_transport: 0:2:19.94 total: 139.94 seconds.
2022-05-12 13:18:40:group_euc_transport: 0:3:14.30 total: 194.30 seconds.
2022-05-12 13:19:00:plx_source_file: 0:12:54.06 total: 774.06 seconds.
2022-05-12 13:19:01:get_final_particle_obs: 0:0:00.03 total: 0.03 seconds.
2022-05-12 13:19:54:group_particles_by_variable: 0:1:14.34 total: 74.34 seconds.
2022-05-12 13:19:57:plx_source_file: 0:6:40.72 total: 400.72 seconds.
2022-05-12 13:19:58:get_final_particle_obs: 0:0:00.02 total: 0.02 seconds.
2022-05-12 13:20:28:group_particles_by_variable: 0:2:22.05 total: 142.05 seconds.
2022-05-12 13:20:53:plx_source_file: 0:4:33.58 total: 273.58 seconds.
2022-05-12 13:20:53:get_final_particle_obs: 0:0:00.02 total: 0.02 seconds.
2022-05-12 13:22:12:plx_source_file: 0:7:40.09 total: 460.09 seconds.
2022-05-12 13:22:13:get_final_particle_obs: 0:0:00.02 total: 0.02 seconds.
2022-05-12 13:22:23:group_particles_by_variable: 0:3:42.16 total: 222.16 seconds.
2022-05-12 13:22:58:group_particles_by_variable: 0:3:57.23 total: 237.23 seconds.
2022-05-12 13:23:03:group_euc_transport: 0:4:02.18 total: 242.18 seconds.
2022-05-12 13:23:07:group_particles_by_variable: 0:2:13.74 total: 133.74 seconds.
2022-05-12 13:23:10:group_euc_transport: 0:2:16.85 total: 136.85 seconds.
2022-05-12 13:23:27:group_particles_by_variable: 0:3:28.74 total: 208.74 seconds.
2022-05-12 13:23:29:group_euc_transport: 0:3:31.07 total: 211.07 seconds.
2022-05-12 13:24:17:group_particles_by_variable: 0:1:06.81 total: 66.81 seconds.
2022-05-12 13:24:43:group_particles_by_variable: 0:9:06.32 total: 546.32 seconds.
2022-05-12 13:25:12:plx_source_file: 0:4:19.60 total: 259.60 seconds.
2022-05-12 13:25:13:get_final_particle_obs: 0:0:00.02 total: 0.02 seconds.
2022-05-12 13:25:29:group_particles_by_variable: 0:2:00.31 total: 120.31 seconds.
2022-05-12 13:25:47:group_particles_by_variable: 0:3:33.96 total: 213.96 seconds.
2022-05-12 13:25:55:group_euc_transport: 0:3:41.90 total: 221.90 seconds.
2022-05-12 13:25:58:group_particles_by_variable: 0:8:09.78 total: 489.78 seconds.
2022-05-12 13:26:59:plx_source_file: 0:7:01.56 total: 421.56 seconds.
2022-05-12 13:26:59:get_final_particle_obs: 0:0:00.02 total: 0.02 seconds.
2022-05-12 13:27:05:plx_source_file: 0:11:39.50 total: 699.50 seconds.
2022-05-12 13:27:06:get_final_particle_obs: 0:0:00.02 total: 0.02 seconds.
2022-05-12 13:27:53:group_particles_by_variable: 0:2:40.50 total: 160.50 seconds.
2022-05-12 13:27:55:group_euc_transport: 0:2:42.27 total: 162.27 seconds.
2022-05-12 13:27:59:group_particles_by_variable: 0:4:56.29 total: 296.29 seconds.
2022-05-12 13:28:29:group_particles_by_variable: 0:2:34.34 total: 154.34 seconds.
2022-05-12 13:29:17:group_particles_by_variable: 0:1:21.95 total: 81.95 seconds.
2022-05-12 13:30:03:plx_source_file: 0:18:35.03 total: 1115.03 seconds.
2022-05-12 13:30:03:get_final_particle_obs: 0:0:00.02 total: 0.02 seconds.
2022-05-12 13:30:12:group_particles_by_variable: 0:3:12.18 total: 192.18 seconds.
2022-05-12 13:30:14:group_euc_transport: 0:3:14.22 total: 194.22 seconds.
2022-05-12 13:30:18:plx_source_file: 0:5:05.96 total: 305.96 seconds.
2022-05-12 13:30:19:get_final_particle_obs: 0:0:00.02 total: 0.02 seconds.
2022-05-12 13:30:27:plx_source_file: 0:11:27.20 total: 687.20 seconds.
2022-05-12 13:30:28:get_final_particle_obs: 0:0:00.03 total: 0.03 seconds.
2022-05-12 13:30:39:plx_source_file: 0:8:26.68 total: 506.68 seconds.
2022-05-12 13:30:39:get_final_particle_obs: 0:0:00.02 total: 0.02 seconds.
2022-05-12 13:30:51:group_particles_by_variable: 0:3:45.22 total: 225.22 seconds.
2022-05-12 13:31:03:plx_source_file: 0:19:18.90 total: 1158.90 seconds.
2022-05-12 13:31:03:get_final_particle_obs: 0:0:00.02 total: 0.02 seconds.
2022-05-12 13:31:39:group_particles_by_variable: 0:1:25.64 total: 85.64 seconds.
2022-05-12 13:31:53:group_euc_transport: 0:4:47.26 total: 287.26 seconds.
2022-05-12 13:32:29:group_particles_by_variable: 0:2:09.97 total: 129.97 seconds.
2022-05-12 13:32:30:group_euc_transport: 0:2:10.95 total: 130.95 seconds.
2022-05-12 13:32:39:plx_source_file: 0:5:39.59 total: 339.59 seconds.
2022-05-12 13:32:39:get_final_particle_obs: 0:0:00.02 total: 0.02 seconds.
2022-05-12 13:33:11:group_particles_by_variable: 0:2:42.50 total: 162.50 seconds.
2022-05-12 13:33:12:group_euc_transport: 0:2:43.63 total: 163.63 seconds.
2022-05-12 13:33:13:group_particles_by_variable: 0:3:09.86 total: 189.86 seconds.
2022-05-12 13:33:14:group_euc_transport: 0:3:11.10 total: 191.10 seconds.
2022-05-12 13:33:32:group_particles_by_variable: 0:1:01.83 total: 61.83 seconds.
2022-05-12 13:33:45:group_particles_by_variable: 0:3:05.16 total: 185.16 seconds.
2022-05-12 13:33:53:group_euc_transport: 0:3:13.40 total: 193.40 seconds.
2022-05-12 13:34:15:plx_source_file: 0:3:56.72 total: 236.72 seconds.
2022-05-12 13:34:16:get_final_particle_obs: 0:0:00.02 total: 0.02 seconds.
2022-05-12 13:34:29:group_particles_by_variable: 0:1:17.35 total: 77.35 seconds.
2022-05-12 13:34:55:group_particles_by_variable: 0:3:51.45 total: 231.45 seconds.
2022-05-12 13:35:24:plx_source_file: 0:4:56.88 total: 296.88 seconds.
2022-05-12 13:35:25:get_final_particle_obs: 0:0:00.02 total: 0.02 seconds.
2022-05-12 13:35:33:group_euc_transport: 0:4:29.59 total: 269.59 seconds.
2022-05-12 13:35:42:group_particles_by_variable: 0:3:03.17 total: 183.17 seconds.
2022-05-12 13:35:44:group_euc_transport: 0:3:05.44 total: 185.44 seconds.
2022-05-12 13:36:01:group_particles_by_variable: 0:2:08.04 total: 128.04 seconds.
2022-05-12 13:36:36:group_particles_by_variable: 0:2:19.90 total: 139.90 seconds.
2022-05-12 13:36:38:group_euc_transport: 0:2:22.77 total: 142.77 seconds.
2022-05-12 13:37:08:group_particles_by_variable: 0:1:24.06 total: 84.06 seconds.
2022-05-12 13:37:10:group_particles_by_variable: 0:3:55.81 total: 235.81 seconds.
2022-05-12 13:37:30:group_particles_by_variable: 0:0:51.11 total: 51.11 seconds.
2022-05-12 13:37:47:group_particles_by_variable: 0:2:22.45 total: 142.45 seconds.
2022-05-12 13:37:48:plx_source_file: 0:7:08.84 total: 428.84 seconds.
2022-05-12 13:37:48:get_final_particle_obs: 0:0:00.02 total: 0.02 seconds.
2022-05-12 13:37:48:group_euc_transport: 0:2:23.49 total: 143.49 seconds.
2022-05-12 13:38:07:plx_source_file: 0:3:51.38 total: 231.38 seconds.
2022-05-12 13:38:07:get_final_particle_obs: 0:0:00.02 total: 0.02 seconds.
2022-05-12 13:38:11:plx_source_file: 0:5:32.23 total: 332.23 seconds.
2022-05-12 13:38:11:get_final_particle_obs: 0:0:00.02 total: 0.02 seconds.
2022-05-12 13:38:35:group_particles_by_variable: 0:6:41.97 total: 401.97 seconds.
2022-05-12 13:38:51:group_particles_by_variable: 0:1:02.30 total: 62.30 seconds.
2022-05-12 13:39:33:plx_source_file: 0:4:08.68 total: 248.68 seconds.
2022-05-12 13:39:33:get_final_particle_obs: 0:0:00.02 total: 0.02 seconds.
2022-05-12 13:40:03:plx_source_file: 0:12:57.56 total: 777.56 seconds.
2022-05-12 13:40:03:get_final_particle_obs: 0:0:00.02 total: 0.02 seconds.
2022-05-12 13:40:23:group_particles_by_variable: 0:2:16.49 total: 136.49 seconds.
2022-05-12 13:40:25:group_euc_transport: 0:2:17.73 total: 137.73 seconds.
2022-05-12 13:41:09:group_particles_by_variable: 0:3:20.81 total: 200.81 seconds.
2022-05-12 13:41:10:group_particles_by_variable: 0:0:45.65 total: 45.65 seconds.
2022-05-12 13:41:17:group_euc_transport: 0:3:28.52 total: 208.52 seconds.
2022-05-12 13:41:30:group_particles_by_variable: 0:5:57.47 total: 357.47 seconds.
2022-05-12 13:41:32:group_particles_by_variable: 0:3:21.00 total: 201.00 seconds.
2022-05-12 13:41:32:plx_source_file: 0:11:29.72 total: 689.72 seconds.
2022-05-12 13:41:33:get_final_particle_obs: 0:0:00.02 total: 0.02 seconds.
2022-05-12 13:41:34:group_euc_transport: 0:3:23.08 total: 203.08 seconds.
2022-05-12 13:41:42:plx_source_file: 0:3:35.61 total: 215.61 seconds.
2022-05-12 13:41:43:get_final_particle_obs: 0:0:00.02 total: 0.02 seconds.
2022-05-12 13:42:21:group_particles_by_variable: 0:2:47.64 total: 167.64 seconds.
2022-05-12 13:42:22:group_euc_transport: 0:2:48.83 total: 168.83 seconds.
2022-05-12 13:42:44:group_particles_by_variable: 0:2:40.77 total: 160.77 seconds.
2022-05-12 13:42:45:group_euc_transport: 0:2:41.99 total: 161.99 seconds.
2022-05-12 13:42:55:group_particles_by_variable: 0:1:20.79 total: 80.79 seconds.
2022-05-12 13:43:13:group_particles_by_variable: 0:1:56.55 total: 116.55 seconds.
2022-05-12 13:43:40:plx_source_file: 0:12:37.43 total: 757.43 seconds.
2022-05-12 13:43:41:get_final_particle_obs: 0:0:00.02 total: 0.02 seconds.
2022-05-12 13:43:51:plx_source_file: 0:5:40.73 total: 340.73 seconds.
2022-05-12 13:43:52:get_final_particle_obs: 0:0:00.02 total: 0.02 seconds.
2022-05-12 13:44:05:group_particles_by_variable: 0:1:43.28 total: 103.28 seconds.
2022-05-12 13:44:08:group_particles_by_variable: 0:2:25.07 total: 145.07 seconds.
2022-05-12 13:44:10:group_euc_transport: 0:2:26.60 total: 146.60 seconds.
2022-05-12 13:44:18:group_particles_by_variable: 0:1:33.20 total: 93.20 seconds.
2022-05-12 13:44:31:group_particles_by_variable: 0:2:57.98 total: 177.98 seconds.
2022-05-12 13:44:32:group_euc_transport: 0:2:59.16 total: 179.16 seconds.
2022-05-12 13:44:46:plx_source_file: 0:6:58.02 total: 418.02 seconds.
2022-05-12 13:44:46:get_final_particle_obs: 0:0:00.02 total: 0.02 seconds.
2022-05-12 13:44:48:group_particles_by_variable: 0:0:38.40 total: 38.40 seconds.
2022-05-12 13:45:18:plx_source_file: 0:3:36.08 total: 216.08 seconds.
2022-05-12 13:45:18:get_final_particle_obs: 0:0:00.02 total: 0.02 seconds.
2022-05-12 13:45:28:plx_source_file: 0:5:25.45 total: 325.45 seconds.
2022-05-12 13:45:29:get_final_particle_obs: 0:0:00.02 total: 0.02 seconds.
2022-05-12 13:45:41:plx_source_file: 0:6:07.54 total: 367.54 seconds.
2022-05-12 13:45:41:get_final_particle_obs: 0:0:00.02 total: 0.02 seconds.
2022-05-12 13:46:26:group_particles_by_variable: 0:1:07.84 total: 67.84 seconds.
2022-05-12 13:46:27:group_euc_transport: 0:1:08.72 total: 68.72 seconds.
2022-05-12 13:46:50:group_particles_by_variable: 0:0:22.44 total: 22.44 seconds.
2022-05-12 13:47:06:plx_source_file: 0:1:48.23 total: 108.23 seconds.
2022-05-12 13:47:08:group_particles_by_variable: 0:3:16.33 total: 196.33 seconds.
2022-05-12 13:47:12:group_euc_transport: 0:3:20.09 total: 200.09 seconds.
2022-05-12 13:47:23:group_particles_by_variable: 0:2:51.31 total: 171.31 seconds.
2022-05-12 13:47:36:group_particles_by_variable: 0:3:55.12 total: 235.12 seconds.
2022-05-12 13:47:52:merge_plx_source_files: 0:41:58.41 total: 2518.41 seconds.
2022-05-12 13:47:55:group_euc_transport: 0:4:14.01 total: 254.01 seconds.
2022-05-12 13:48:05:group_particles_by_variable: 0:3:18.75 total: 198.75 seconds.
2022-05-12 13:48:12:group_particles_by_variable: 0:0:59.89 total: 59.89 seconds.
2022-05-12 13:48:16:group_euc_transport: 0:3:29.52 total: 209.52 seconds.
2022-05-12 13:48:23:group_particles_by_variable: 0:2:54.07 total: 174.07 seconds.
2022-05-12 13:48:23:group_particles_by_variable: 0:2:42.36 total: 162.36 seconds.
2022-05-12 13:48:24:group_euc_transport: 0:2:55.48 total: 175.48 seconds.
2022-05-12 13:48:24:group_euc_transport: 0:2:43.44 total: 163.44 seconds.
2022-05-12 13:49:00:plx_source_file: 0:5:08.10 total: 308.10 seconds.
2022-05-12 13:49:00:get_final_particle_obs: 0:0:00.02 total: 0.02 seconds.
2022-05-12 13:49:35:group_particles_by_variable: 0:1:19.00 total: 79.00 seconds.
2022-05-12 13:49:41:group_particles_by_variable: 0:1:17.14 total: 77.14 seconds.
2022-05-12 13:50:27:plx_source_file: 0:5:40.77 total: 340.77 seconds.
2022-05-12 13:50:27:get_final_particle_obs: 0:0:00.02 total: 0.02 seconds.
2022-05-12 13:50:42:plx_source_file: 0:5:14.17 total: 314.17 seconds.
2022-05-12 13:50:43:get_final_particle_obs: 0:0:00.02 total: 0.02 seconds.
2022-05-12 13:50:47:plx_source_file: 0:9:14.58 total: 554.58 seconds.
2022-05-12 13:50:47:get_final_particle_obs: 0:0:00.02 total: 0.02 seconds.
2022-05-12 13:51:21:group_particles_by_variable: 0:2:56.86 total: 176.86 seconds.
2022-05-12 13:51:44:group_particles_by_variable: 0:3:49.47 total: 229.47 seconds.
2022-05-12 13:52:15:group_particles_by_variable: 0:3:15.43 total: 195.43 seconds.
2022-05-12 13:52:18:group_euc_transport: 0:3:17.64 total: 197.64 seconds.
2022-05-12 13:53:21:group_particles_by_variable: 0:1:03.62 total: 63.62 seconds.
2022-05-12 13:53:30:group_particles_by_variable: 0:3:03.21 total: 183.21 seconds.
2022-05-12 13:53:32:group_particles_by_variable: 0:2:49.19 total: 169.19 seconds.
2022-05-12 13:53:33:group_euc_transport: 0:2:50.43 total: 170.43 seconds.
2022-05-12 13:53:36:plx_source_file: 0:7:55.57 total: 475.57 seconds.
2022-05-12 13:53:36:get_final_particle_obs: 0:0:00.02 total: 0.02 seconds.
2022-05-12 13:53:37:group_euc_transport: 0:3:09.53 total: 189.53 seconds.
2022-05-12 13:54:05:plx_source_file: 0:5:05.91 total: 305.91 seconds.
2022-05-12 13:54:06:get_final_particle_obs: 0:0:00.02 total: 0.02 seconds.
2022-05-12 13:54:31:plx_source_file: 0:10:50.58 total: 650.58 seconds.
2022-05-12 13:54:31:get_final_particle_obs: 0:0:00.02 total: 0.02 seconds.
2022-05-12 13:54:39:group_particles_by_variable: 0:3:51.85 total: 231.85 seconds.
2022-05-12 13:54:40:group_euc_transport: 0:3:53.09 total: 233.09 seconds.
2022-05-12 13:54:41:group_particles_by_variable: 0:1:04.63 total: 64.63 seconds.
2022-05-12 13:54:48:group_particles_by_variable: 0:1:15.10 total: 75.10 seconds.
2022-05-12 13:55:31:plx_source_file: 0:5:04.69 total: 304.69 seconds.
2022-05-12 13:55:32:get_final_particle_obs: 0:0:00.02 total: 0.02 seconds.
2022-05-12 13:55:39:plx_source_file: 0:4:56.93 total: 296.93 seconds.
2022-05-12 13:55:40:get_final_particle_obs: 0:0:00.04 total: 0.04 seconds.
2022-05-12 13:57:03:group_particles_by_variable: 0:2:22.23 total: 142.23 seconds.
2022-05-12 13:57:07:group_particles_by_variable: 0:3:30.77 total: 210.77 seconds.
2022-05-12 13:57:08:group_euc_transport: 0:3:31.87 total: 211.87 seconds.
2022-05-12 13:57:19:group_particles_by_variable: 0:3:13.06 total: 193.06 seconds.
2022-05-12 13:57:23:group_euc_transport: 0:3:17.11 total: 197.11 seconds.
2022-05-12 13:58:06:group_particles_by_variable: 0:0:57.61 total: 57.61 seconds.
2022-05-12 13:58:09:group_particles_by_variable: 0:0:45.75 total: 45.75 seconds.
2022-05-12 13:58:17:group_particles_by_variable: 0:3:45.57 total: 225.57 seconds.
2022-05-12 13:58:21:group_particles_by_variable: 0:2:40.87 total: 160.87 seconds.
2022-05-12 13:58:22:group_euc_transport: 0:2:42.26 total: 162.26 seconds.
2022-05-12 13:58:46:plx_source_file: 0:4:40.80 total: 280.80 seconds.
2022-05-12 13:58:46:get_final_particle_obs: 0:0:00.02 total: 0.02 seconds.
2022-05-12 13:58:47:group_particles_by_variable: 0:3:14.94 total: 194.94 seconds.
2022-05-12 13:58:49:group_euc_transport: 0:4:17.93 total: 257.93 seconds.
2022-05-12 13:58:54:group_euc_transport: 0:3:21.94 total: 201.94 seconds.
2022-05-12 13:59:22:plx_source_file: 0:5:45.59 total: 345.59 seconds.
2022-05-12 13:59:22:get_final_particle_obs: 0:0:00.02 total: 0.02 seconds.
2022-05-12 13:59:23:group_particles_by_variable: 0:1:01.15 total: 61.15 seconds.
2022-05-12 13:59:54:group_particles_by_variable: 0:0:59.85 total: 59.85 seconds.
2022-05-12 14:00:05:plx_source_file: 0:4:26.09 total: 266.09 seconds.
2022-05-12 14:00:06:get_final_particle_obs: 0:0:00.02 total: 0.02 seconds.
2022-05-12 14:00:23:group_particles_by_variable: 0:1:36.38 total: 96.38 seconds.
2022-05-12 14:00:25:group_euc_transport: 0:1:38.76 total: 98.76 seconds.
2022-05-12 14:00:27:plx_source_file: 0:9:39.97 total: 579.97 seconds.
2022-05-12 14:00:27:get_final_particle_obs: 0:0:00.02 total: 0.02 seconds.
2022-05-12 14:00:40:plx_source_file: 0:5:08.43 total: 308.43 seconds.
2022-05-12 14:00:40:get_final_particle_obs: 0:0:00.02 total: 0.02 seconds.
2022-05-12 14:00:55:group_particles_by_variable: 0:0:29.22 total: 29.22 seconds.
2022-05-12 14:01:15:plx_source_file: 0:2:29.16 total: 149.16 seconds.
2022-05-12 14:02:28:group_particles_by_variable: 0:3:39.26 total: 219.26 seconds.
2022-05-12 14:02:34:merge_plx_source_files: 0:56:40.93 total: 3400.93 seconds.
2022-05-12 14:02:40:group_particles_by_variable: 0:2:33.91 total: 153.91 seconds.
2022-05-12 14:02:41:group_euc_transport: 0:2:35.32 total: 155.32 seconds.
2022-05-12 14:03:19:group_particles_by_variable: 0:0:38.28 total: 38.28 seconds.
2022-05-12 14:03:29:group_particles_by_variable: 0:3:01.97 total: 181.97 seconds.
2022-05-12 14:03:36:group_particles_by_variable: 0:4:13.57 total: 253.57 seconds.
2022-05-12 14:03:37:group_euc_transport: 0:3:09.56 total: 189.56 seconds.
2022-05-12 14:03:45:group_particles_by_variable: 0:3:04.90 total: 184.90 seconds.
2022-05-12 14:03:47:plx_source_file: 0:3:41.90 total: 221.90 seconds.
2022-05-12 14:03:47:get_final_particle_obs: 0:0:00.02 total: 0.02 seconds.
2022-05-12 14:03:53:group_euc_transport: 0:3:12.32 total: 192.32 seconds.
2022-05-12 14:04:25:group_euc_transport: 0:5:02.87 total: 302.87 seconds.
2022-05-12 14:04:52:group_particles_by_variable: 0:0:59.02 total: 59.02 seconds.
2022-05-12 14:05:39:plx_source_file: 0:4:59.65 total: 299.65 seconds.
2022-05-12 14:05:40:get_final_particle_obs: 0:0:00.01 total: 0.01 seconds.
2022-05-12 14:06:10:plx_source_file: 0:11:38.94 total: 698.94 seconds.
2022-05-12 14:06:10:get_final_particle_obs: 0:0:00.02 total: 0.02 seconds.
2022-05-12 14:06:23:group_particles_by_variable: 0:2:35.56 total: 155.56 seconds.
2022-05-12 14:06:25:group_euc_transport: 0:2:36.98 total: 156.98 seconds.
2022-05-12 14:07:07:group_particles_by_variable: 0:0:42.44 total: 42.44 seconds.
2022-05-12 14:07:22:group_particles_by_variable: 0:1:42.36 total: 102.36 seconds.
2022-05-12 14:07:23:group_euc_transport: 0:1:43.03 total: 103.03 seconds.
2022-05-12 14:07:37:plx_source_file: 0:3:49.84 total: 229.84 seconds.
2022-05-12 14:07:37:get_final_particle_obs: 0:0:00.01 total: 0.01 seconds.
2022-05-12 14:08:05:group_particles_by_variable: 0:0:42.07 total: 42.07 seconds.
2022-05-12 14:08:46:plx_source_file: 0:3:06.46 total: 186.46 seconds.
2022-05-12 14:09:02:group_particles_by_variable: 0:1:24.84 total: 84.84 seconds.
2022-05-12 14:09:03:group_euc_transport: 0:1:25.46 total: 85.46 seconds.
2022-05-12 14:09:28:group_particles_by_variable: 0:0:25.18 total: 25.18 seconds.
2022-05-12 14:09:46:plx_source_file: 0:2:09.39 total: 129.39 seconds.
2022-05-12 14:09:57:group_particles_by_variable: 0:6:20.45 total: 380.45 seconds.
2022-05-12 14:11:46:merge_plx_source_files: 1:5:39.04 total: 3939.04 seconds.
2022-05-12 14:12:05:merge_plx_source_files: 1:5:42.27 total: 3942.27 seconds.
2022-05-12 14:12:41:plx_source_file: 0:12:14.29 total: 734.29 seconds.
2022-05-12 14:12:41:group_particles_by_variable: 0:6:31.06 total: 391.06 seconds.
2022-05-12 14:12:42:get_final_particle_obs: 0:0:00.02 total: 0.02 seconds.
2022-05-12 14:12:48:group_euc_transport: 0:6:37.47 total: 397.47 seconds.
2022-05-12 14:13:08:group_particles_by_variable: 0:8:42.82 total: 522.82 seconds.
2022-05-12 14:15:56:plx_source_file: 0:16:34.09 total: 994.09 seconds.
2022-05-12 14:15:56:get_final_particle_obs: 0:0:00.02 total: 0.02 seconds.
2022-05-12 14:17:32:group_particles_by_variable: 0:4:44.18 total: 284.18 seconds.
2022-05-12 14:18:11:group_particles_by_variable: 0:5:29.27 total: 329.27 seconds.
2022-05-12 14:18:22:group_particles_by_variable: 0:2:25.38 total: 145.38 seconds.
2022-05-12 14:18:23:group_euc_transport: 0:2:26.50 total: 146.50 seconds.
2022-05-12 14:18:33:group_euc_transport: 0:5:51.18 total: 351.18 seconds.
2022-05-12 14:18:59:group_particles_by_variable: 0:0:36.42 total: 36.42 seconds.
2022-05-12 14:19:24:plx_source_file: 0:3:28.55 total: 208.55 seconds.
2022-05-12 14:19:24:get_final_particle_obs: 0:0:00.01 total: 0.01 seconds.
2022-05-12 14:20:33:group_particles_by_variable: 0:1:08.26 total: 68.26 seconds.
2022-05-12 14:20:33:group_euc_transport: 0:1:08.78 total: 68.78 seconds.
2022-05-12 14:20:36:plx_source_file: 0:14:25.94 total: 865.94 seconds.
2022-05-12 14:20:36:get_final_particle_obs: 0:0:00.02 total: 0.02 seconds.
2022-05-12 14:20:52:group_particles_by_variable: 0:0:19.05 total: 19.05 seconds.
2022-05-12 14:21:05:plx_source_file: 0:1:40.77 total: 100.77 seconds.
2022-05-12 14:21:17:group_particles_by_variable: 0:2:44.35 total: 164.35 seconds.
2022-05-12 14:22:29:plx_source_file: 0:9:48.16 total: 588.16 seconds.
2022-05-12 14:22:30:get_final_particle_obs: 0:0:00.02 total: 0.02 seconds.
2022-05-12 14:24:06:group_particles_by_variable: 0:3:29.56 total: 209.56 seconds.
2022-05-12 14:24:18:group_euc_transport: 0:3:42.07 total: 222.07 seconds.
2022-05-12 14:25:43:group_particles_by_variable: 0:3:13.34 total: 193.34 seconds.
2022-05-12 14:26:06:group_euc_transport: 0:3:36.68 total: 216.68 seconds.
2022-05-12 14:27:08:group_particles_by_variable: 0:2:49.44 total: 169.44 seconds.
2022-05-12 14:29:46:merge_plx_source_files: 1:23:40.26 total: 5020.26 seconds.
2022-05-12 14:30:17:group_particles_by_variable: 0:4:10.97 total: 250.97 seconds.
2022-05-12 14:31:09:plx_source_file: 0:10:32.82 total: 632.82 seconds.
2022-05-12 14:31:09:get_final_particle_obs: 0:0:00.02 total: 0.02 seconds.
2022-05-12 14:31:57:plx_source_file: 0:9:27.36 total: 567.36 seconds.
2022-05-12 14:31:57:get_final_particle_obs: 0:0:00.02 total: 0.02 seconds.
2022-05-12 14:34:20:group_particles_by_variable: 0:3:11.33 total: 191.33 seconds.
2022-05-12 14:34:30:group_euc_transport: 0:3:20.90 total: 200.90 seconds.
2022-05-12 14:35:14:group_particles_by_variable: 0:3:17.06 total: 197.06 seconds.
2022-05-12 14:35:42:group_euc_transport: 0:3:44.96 total: 224.96 seconds.
2022-05-12 14:37:22:group_particles_by_variable: 0:2:52.21 total: 172.21 seconds.
2022-05-12 14:38:17:group_particles_by_variable: 0:2:35.07 total: 155.07 seconds.
2022-05-12 14:40:01:plx_source_file: 0:8:52.62 total: 532.62 seconds.
2022-05-12 14:40:02:get_final_particle_obs: 0:0:00.02 total: 0.02 seconds.
2022-05-12 14:40:21:plx_source_file: 0:8:24.65 total: 504.65 seconds.
2022-05-12 14:40:22:get_final_particle_obs: 0:0:00.01 total: 0.01 seconds.
2022-05-12 14:41:45:group_particles_by_variable: 0:1:23.65 total: 83.65 seconds.
2022-05-12 14:41:46:group_euc_transport: 0:1:24.24 total: 84.24 seconds.
2022-05-12 14:42:17:group_particles_by_variable: 0:0:31.51 total: 31.51 seconds.
2022-05-12 14:42:38:plx_source_file: 0:2:16.71 total: 136.71 seconds.
2022-05-12 14:43:29:group_particles_by_variable: 0:3:27.21 total: 207.21 seconds.
2022-05-12 14:43:55:group_euc_transport: 0:3:53.76 total: 233.76 seconds.
2022-05-12 14:46:34:group_particles_by_variable: 0:2:38.94 total: 158.94 seconds.
2022-05-12 14:48:40:plx_source_file: 0:8:38.65 total: 518.65 seconds.
2022-05-12 14:48:40:get_final_particle_obs: 0:0:00.02 total: 0.02 seconds.
2022-05-12 14:48:58:merge_plx_source_files: 1:43:08.72 total: 6188.72 seconds.
2022-05-12 14:50:20:group_particles_by_variable: 0:1:40.28 total: 100.28 seconds.
2022-05-12 14:50:21:group_euc_transport: 0:1:41.21 total: 101.21 seconds.
2022-05-12 14:50:47:group_particles_by_variable: 0:0:25.71 total: 25.71 seconds.
2022-05-12 14:51:06:plx_source_file: 0:2:26.15 total: 146.15 seconds.
2022-05-12 14:56:19:merge_plx_source_files: 1:50:41.37 total: 6641.37 seconds.
