2020-04-17 13:26:03,488:reanalysis_wind:Creating file: erai_ps from /g/data/rr7/ERA_INT/ERA_INT/.
2020-04-17 13:26:03,489:reanalysis_wind:Creating file: jra55_uas from /g/data/rr7/JRA55/6hr/atmos/.
2020-04-17 13:26:03,488:reanalysis_wind:Creating file: erai_psl from /g/data/rr7/ERA_INT/ERA_INT/.
2020-04-17 13:26:03,489:reanalysis_wind:Creating file: jra55_huss from /g/data/rr7/JRA55/6hr/atmos/.
2020-04-17 13:26:03,488:reanalysis_wind:Creating file: erai_uas from /g/data/rr7/ERA_INT/ERA_INT/.
2020-04-17 13:26:03,489:reanalysis_wind:Creating file: jra55_vas from /g/data/rr7/JRA55/6hr/atmos/.
2020-04-17 13:26:03,488:reanalysis_wind:Creating file: erai_tas from /g/data/rr7/ERA_INT/ERA_INT/.
2020-04-17 13:26:03,489:reanalysis_wind:Creating file: jra55_psl from /g/data/rr7/JRA55/6hr/atmos/.
2020-04-17 13:26:03,488:reanalysis_wind:Creating file: erai_vas from /g/data/rr7/ERA_INT/ERA_INT/.
2020-04-17 13:26:03,489:reanalysis_wind:Creating file: jra55_tas from /g/data/rr7/JRA55/6hr/atmos/.
2020-04-17 13:26:03,491:reanalysis_wind:Creating file: erai_ta2d from /g/data/rr7/ERA_INT/ERA_INT/.
2020-04-17 13:26:05,928:reanalysis_wind:erai_tas old coords: Coordinates:
  * time     (time) datetime64[ns] 1981-01-01 1981-02-01 ... 2012-12-01
  * lon      (lon) float32 108.0 109.5 111.0 112.5 ... 286.5 288.0 289.5 291.0
  * lat      (lat) float32 -16.5 -15.0 -13.5 -12.0 -10.5 ... 12.0 13.5 15.0 16.5
2020-04-17 13:26:06,083:reanalysis_wind:erai_tas new coords: Coordinates:
  * time     (time) int64 1 2 3 4 5 6 7 8 9 10 11 12
  * lon      (lon) float64 109.0 109.1 109.2 109.3 ... 290.7 290.8 290.9 291.0
  * lat      (lat) float64 -16.0 -15.9 -15.8 -15.7 -15.6 ... 15.7 15.8 15.9 16.0
2020-04-17 13:26:06,369:reanalysis_wind:erai_psl old coords: Coordinates:
  * time     (time) datetime64[ns] 1981-01-01 1981-02-01 ... 2012-12-01
  * lat      (lat) float32 -16.5 -15.0 -13.5 -12.0 -10.5 ... 12.0 13.5 15.0 16.5
  * lon      (lon) float32 108.0 109.5 111.0 112.5 ... 286.5 288.0 289.5 291.0
2020-04-17 13:26:06,492:reanalysis_wind:erai_psl new coords: Coordinates:
  * time     (time) int64 1 2 3 4 5 6 7 8 9 10 11 12
  * lon      (lon) float64 109.0 109.1 109.2 109.3 ... 290.7 290.8 290.9 291.0
  * lat      (lat) float64 -16.0 -15.9 -15.8 -15.7 -15.6 ... 15.7 15.8 15.9 16.0
2020-04-17 13:26:06,622:reanalysis_wind:erai_vas old coords: Coordinates:
  * time     (time) datetime64[ns] 1981-01-01 1981-02-01 ... 2012-12-01
  * lon      (lon) float32 108.0 109.5 111.0 112.5 ... 286.5 288.0 289.5 291.0
  * lat      (lat) float32 -16.5 -15.0 -13.5 -12.0 -10.5 ... 12.0 13.5 15.0 16.5
2020-04-17 13:26:06,750:reanalysis_wind:erai_vas new coords: Coordinates:
  * time     (time) int64 1 2 3 4 5 6 7 8 9 10 11 12
  * lon      (lon) float64 109.0 109.1 109.2 109.3 ... 290.7 290.8 290.9 291.0
  * lat      (lat) float64 -16.0 -15.9 -15.8 -15.7 -15.6 ... 15.7 15.8 15.9 16.0
2020-04-17 13:26:06,896:reanalysis_wind:erai_uas old coords: Coordinates:
  * time     (time) datetime64[ns] 1981-01-01 1981-02-01 ... 2012-12-01
  * lat      (lat) float32 -16.5 -15.0 -13.5 -12.0 -10.5 ... 12.0 13.5 15.0 16.5
  * lon      (lon) float32 108.0 109.5 111.0 112.5 ... 286.5 288.0 289.5 291.0
2020-04-17 13:26:07,034:reanalysis_wind:erai_uas new coords: Coordinates:
  * time     (time) int64 1 2 3 4 5 6 7 8 9 10 11 12
  * lon      (lon) float64 109.0 109.1 109.2 109.3 ... 290.7 290.8 290.9 291.0
  * lat      (lat) float64 -16.0 -15.9 -15.8 -15.7 -15.6 ... 15.7 15.8 15.9 16.0
2020-04-17 13:26:07,116:reanalysis_wind:erai_ps old coords: Coordinates:
  * time     (time) datetime64[ns] 1981-01-01 1981-02-01 ... 2012-12-01
  * lat      (lat) float32 -16.5 -15.0 -13.5 -12.0 -10.5 ... 12.0 13.5 15.0 16.5
  * lon      (lon) float32 108.0 109.5 111.0 112.5 ... 286.5 288.0 289.5 291.0
2020-04-17 13:26:07,256:reanalysis_wind:erai_ps new coords: Coordinates:
  * time     (time) int64 1 2 3 4 5 6 7 8 9 10 11 12
  * lon      (lon) float64 109.0 109.1 109.2 109.3 ... 290.7 290.8 290.9 291.0
  * lat      (lat) float64 -16.0 -15.9 -15.8 -15.7 -15.6 ... 15.7 15.8 15.9 16.0
2020-04-17 13:26:07,708:reanalysis_wind:jra55_huss old coords: Coordinates:
  * lat      (lat) float32 -16.25 -15.0 -13.75 -12.5 ... 12.5 13.75 15.0 16.25
  * lon      (lon) float32 108.75 110.0 111.25 112.5 ... 288.75 290.0 291.25
  * time     (time) datetime64[ns] 1981-01-01 ... 2012-12-31T18:00:00
2020-04-17 13:26:07,925:reanalysis_wind:jra55_huss new coords: Coordinates:
  * time     (time) int64 1 2 3 4 5 6 7 8 9 10 11 12
  * lon      (lon) float64 109.0 109.1 109.2 109.3 ... 290.7 290.8 290.9 291.0
  * lat      (lat) float64 -16.0 -15.9 -15.8 -15.7 -15.6 ... 15.7 15.8 15.9 16.0
2020-04-17 13:26:08,038:reanalysis_wind:jra55_uas old coords: Coordinates:
  * lat      (lat) float32 -16.25 -15.0 -13.75 -12.5 ... 12.5 13.75 15.0 16.25
  * lon      (lon) float32 108.75 110.0 111.25 112.5 ... 288.75 290.0 291.25
  * time     (time) datetime64[ns] 1981-01-01 ... 2012-12-31T18:00:00
2020-04-17 13:26:08,216:reanalysis_wind:jra55_uas new coords: Coordinates:
  * time     (time) int64 1 2 3 4 5 6 7 8 9 10 11 12
  * lon      (lon) float64 109.0 109.1 109.2 109.3 ... 290.7 290.8 290.9 291.0
  * lat      (lat) float64 -16.0 -15.9 -15.8 -15.7 -15.6 ... 15.7 15.8 15.9 16.0
2020-04-17 13:26:08,657:reanalysis_wind:File completed: erai_tas
2020-04-17 13:26:08,664:reanalysis_wind:jra55_tas old coords: Coordinates:
  * lon      (lon) float32 108.75 110.0 111.25 112.5 ... 288.75 290.0 291.25
  * lat      (lat) float32 -16.25 -15.0 -13.75 -12.5 ... 12.5 13.75 15.0 16.25
  * time     (time) datetime64[ns] 1981-01-01 ... 2012-12-31T18:00:00
2020-04-17 13:26:08,677:timed:reanalysis_wind: 0:0:05.19 total: 5.19 seconds.
2020-04-17 13:26:08,853:reanalysis_wind:jra55_tas new coords: Coordinates:
  * time     (time) int64 1 2 3 4 5 6 7 8 9 10 11 12
  * lon      (lon) float64 109.0 109.1 109.2 109.3 ... 290.7 290.8 290.9 291.0
  * lat      (lat) float64 -16.0 -15.9 -15.8 -15.7 -15.6 ... 15.7 15.8 15.9 16.0
2020-04-17 13:26:09,670:reanalysis_wind:jra55_vas old coords: Coordinates:
  * lat      (lat) float32 -16.25 -15.0 -13.75 -12.5 ... 12.5 13.75 15.0 16.25
  * lon      (lon) float32 108.75 110.0 111.25 112.5 ... 288.75 290.0 291.25
  * time     (time) datetime64[ns] 1981-01-01 ... 2012-12-31T18:00:00
2020-04-17 13:26:09,823:reanalysis_wind:File completed: erai_vas
2020-04-17 13:26:09,830:reanalysis_wind:jra55_psl old coords: Coordinates:
  * lat      (lat) float32 -16.25 -15.0 -13.75 -12.5 ... 12.5 13.75 15.0 16.25
  * lon      (lon) float32 108.75 110.0 111.25 112.5 ... 288.75 290.0 291.25
  * time     (time) datetime64[ns] 1981-01-01 ... 2012-12-31T18:00:00
2020-04-17 13:26:09,840:timed:reanalysis_wind: 0:0:06.35 total: 6.35 seconds.
2020-04-17 13:26:09,840:reanalysis_wind:File completed: erai_psl
2020-04-17 13:26:09,857:reanalysis_wind:jra55_vas new coords: Coordinates:
  * time     (time) int64 1 2 3 4 5 6 7 8 9 10 11 12
  * lon      (lon) float64 109.0 109.1 109.2 109.3 ... 290.7 290.8 290.9 291.0
  * lat      (lat) float64 -16.0 -15.9 -15.8 -15.7 -15.6 ... 15.7 15.8 15.9 16.0
2020-04-17 13:26:09,863:timed:reanalysis_wind: 0:0:06.37 total: 6.37 seconds.
2020-04-17 13:26:10,020:reanalysis_wind:jra55_psl new coords: Coordinates:
  * time     (time) int64 1 2 3 4 5 6 7 8 9 10 11 12
  * lon      (lon) float64 109.0 109.1 109.2 109.3 ... 290.7 290.8 290.9 291.0
  * lat      (lat) float64 -16.0 -15.9 -15.8 -15.7 -15.6 ... 15.7 15.8 15.9 16.0
2020-04-17 13:26:10,103:reanalysis_wind:File completed: erai_uas
2020-04-17 13:26:10,116:timed:reanalysis_wind: 0:0:06.63 total: 6.63 seconds.
2020-04-17 13:26:10,201:reanalysis_wind:File completed: erai_ps
2020-04-17 13:26:10,210:timed:reanalysis_wind: 0:0:06.72 total: 6.72 seconds.
2020-04-17 13:26:16,242:reanalysis_wind:erai_ta2d old coords: Coordinates:
  * lon      (lon) float32 117.42191 118.12504 118.82816 ... 291.09384 291.79697
  * lat      (lat) float64 -16.49 -15.79 -15.09 -14.39 ... 15.09 15.79 16.49
  * time     (time) datetime64[ns] 1981-01-01 1981-02-01 ... 2012-12-01
2020-04-17 13:26:16,363:reanalysis_wind:erai_ta2d new coords: Coordinates:
  * time     (time) int64 1 2 3 4 5 6 7 8 9 10 11 12
  * lon      (lon) float64 109.0 109.1 109.2 109.3 ... 290.7 290.8 290.9 291.0
  * lat      (lat) float64 -16.0 -15.9 -15.8 -15.7 -15.6 ... 15.7 15.8 15.9 16.0
2020-04-17 13:26:23,174:reanalysis_wind:File completed: erai_ta2d
2020-04-17 13:26:23,214:timed:reanalysis_wind: 0:0:19.73 total: 19.73 seconds.
2020-04-17 13:27:09,931:reanalysis_wind:File completed: jra55_vas
2020-04-17 13:27:09,957:timed:reanalysis_wind: 0:1:06.47 total: 66.47 seconds.
2020-04-17 15:10:37,014:reanalysis_wind:Creating file: erai_tas 1.0 deg interp from /g/data/rr7/ERA_INT/ERA_INT/.
2020-04-17 15:10:37,014:reanalysis_wind:Creating file: erai_ps 1.0 deg interp from /g/data/rr7/ERA_INT/ERA_INT/.
2020-04-17 15:10:37,014:reanalysis_wind:Creating file: erai_psl 1.0 deg interp from /g/data/rr7/ERA_INT/ERA_INT/.
2020-04-17 15:10:37,014:reanalysis_wind:Creating file: erai_uas 1.0 deg interp from /g/data/rr7/ERA_INT/ERA_INT/.
2020-04-17 15:10:37,014:reanalysis_wind:Creating file: erai_vas 1.0 deg interp from /g/data/rr7/ERA_INT/ERA_INT/.
2020-04-17 15:10:37,015:reanalysis_wind:Creating file: erai_ta2d 1.0 deg interp from /g/data/rr7/ERA_INT/ERA_INT/.
2020-04-17 15:10:39,654:reanalysis_wind:erai_tas old coords: Coordinates:
  * time     (time) datetime64[ns] 1981-01-01 1981-02-01 ... 2012-12-01
  * lon      (lon) float32 108.0 109.5 111.0 112.5 ... 286.5 288.0 289.5 291.0
  * lat      (lat) float32 -16.5 -15.0 -13.5 -12.0 -10.5 ... 12.0 13.5 15.0 16.5
2020-04-17 15:10:39,791:reanalysis_wind:erai_tas new coords: Coordinates:
  * time     (time) int64 1 2 3 4 5 6 7 8 9 10 11 12
  * lon      (lon) float64 109.0 110.0 111.0 112.0 ... 288.0 289.0 290.0 291.0
  * lat      (lat) float64 -16.0 -15.0 -14.0 -13.0 -12.0 ... 13.0 14.0 15.0 16.0
2020-04-17 15:10:39,973:reanalysis_wind:erai_psl old coords: Coordinates:
  * time     (time) datetime64[ns] 1981-01-01 1981-02-01 ... 2012-12-01
  * lon      (lon) float32 108.0 109.5 111.0 112.5 ... 286.5 288.0 289.5 291.0
  * lat      (lat) float32 -16.5 -15.0 -13.5 -12.0 -10.5 ... 12.0 13.5 15.0 16.5
2020-04-17 15:10:40,102:reanalysis_wind:erai_psl new coords: Coordinates:
  * time     (time) int64 1 2 3 4 5 6 7 8 9 10 11 12
  * lon      (lon) float64 109.0 110.0 111.0 112.0 ... 288.0 289.0 290.0 291.0
  * lat      (lat) float64 -16.0 -15.0 -14.0 -13.0 -12.0 ... 13.0 14.0 15.0 16.0
2020-04-17 15:10:40,198:reanalysis_wind:erai_vas old coords: Coordinates:
  * time     (time) datetime64[ns] 1981-01-01 1981-02-01 ... 2012-12-01
  * lon      (lon) float32 108.0 109.5 111.0 112.5 ... 286.5 288.0 289.5 291.0
  * lat      (lat) float32 -16.5 -15.0 -13.5 -12.0 -10.5 ... 12.0 13.5 15.0 16.5
2020-04-17 15:10:40,332:reanalysis_wind:erai_vas new coords: Coordinates:
  * time     (time) int64 1 2 3 4 5 6 7 8 9 10 11 12
  * lon      (lon) float64 109.0 110.0 111.0 112.0 ... 288.0 289.0 290.0 291.0
  * lat      (lat) float64 -16.0 -15.0 -14.0 -13.0 -12.0 ... 13.0 14.0 15.0 16.0
2020-04-17 15:10:40,558:reanalysis_wind:erai_uas old coords: Coordinates:
  * time     (time) datetime64[ns] 1981-01-01 1981-02-01 ... 2012-12-01
  * lon      (lon) float32 108.0 109.5 111.0 112.5 ... 286.5 288.0 289.5 291.0
  * lat      (lat) float32 -16.5 -15.0 -13.5 -12.0 -10.5 ... 12.0 13.5 15.0 16.5
2020-04-17 15:10:40,674:reanalysis_wind:erai_uas new coords: Coordinates:
  * time     (time) int64 1 2 3 4 5 6 7 8 9 10 11 12
  * lon      (lon) float64 109.0 110.0 111.0 112.0 ... 288.0 289.0 290.0 291.0
  * lat      (lat) float64 -16.0 -15.0 -14.0 -13.0 -12.0 ... 13.0 14.0 15.0 16.0
2020-04-17 15:10:40,704:reanalysis_wind:SUCCESS: erai_tas
2020-04-17 15:10:40,712:timed:reanalysis_wind: 0:0:03.70 total: 3.70 seconds.
2020-04-17 15:10:40,754:reanalysis_wind:SUCCESS: erai_psl
2020-04-17 15:10:40,762:timed:reanalysis_wind: 0:0:03.75 total: 3.75 seconds.
2020-04-17 15:10:41,501:reanalysis_wind:erai_ps old coords: Coordinates:
  * time     (time) datetime64[ns] 1981-01-01 1981-02-01 ... 2012-12-01
  * lon      (lon) float32 108.0 109.5 111.0 112.5 ... 286.5 288.0 289.5 291.0
  * lat      (lat) float32 -16.5 -15.0 -13.5 -12.0 -10.5 ... 12.0 13.5 15.0 16.5
2020-04-17 15:10:41,626:reanalysis_wind:erai_ps new coords: Coordinates:
  * time     (time) int64 1 2 3 4 5 6 7 8 9 10 11 12
  * lon      (lon) float64 109.0 110.0 111.0 112.0 ... 288.0 289.0 290.0 291.0
  * lat      (lat) float64 -16.0 -15.0 -14.0 -13.0 -12.0 ... 13.0 14.0 15.0 16.0
2020-04-17 15:10:41,646:reanalysis_wind:SUCCESS: erai_uas
2020-04-17 15:10:41,655:timed:reanalysis_wind: 0:0:04.64 total: 4.64 seconds.
2020-04-17 15:10:42,709:reanalysis_wind:SUCCESS: erai_ps
2020-04-17 15:10:42,722:timed:reanalysis_wind: 0:0:05.71 total: 5.71 seconds.
2020-04-17 15:10:50,798:reanalysis_wind:erai_ta2d old coords: Coordinates:
  * lon      (lon) float32 117.42191 118.12504 118.82816 ... 291.09384 291.79697
  * lat      (lat) float64 -16.49 -15.79 -15.09 -14.39 ... 15.09 15.79 16.49
  * time     (time) datetime64[ns] 1981-01-01 1981-02-01 ... 2012-12-01
2020-04-17 15:10:50,923:reanalysis_wind:erai_ta2d new coords: Coordinates:
  * time     (time) int64 1 2 3 4 5 6 7 8 9 10 11 12
  * lon      (lon) float64 109.0 110.0 111.0 112.0 ... 288.0 289.0 290.0 291.0
  * lat      (lat) float64 -16.0 -15.0 -14.0 -13.0 -12.0 ... 13.0 14.0 15.0 16.0
2020-04-17 15:10:58,206:reanalysis_wind:SUCCESS: erai_ta2d
2020-04-17 15:10:58,249:timed:reanalysis_wind: 0:0:21.23 total: 21.23 seconds.
2020-04-17 15:13:00,214:reanalysis_wind:Creating file: jra55_tas 1.0 deg interp from /g/data/rr7/JRA55/6hr/atmos/.
2020-04-17 15:13:00,214:reanalysis_wind:Creating file: jra55_psl 1.0 deg interp from /g/data/rr7/JRA55/6hr/atmos/.
2020-04-17 15:13:00,214:reanalysis_wind:Creating file: jra55_vas 1.0 deg interp from /g/data/rr7/JRA55/6hr/atmos/.
2020-04-17 15:13:00,215:reanalysis_wind:Creating file: jra55_uas 1.0 deg interp from /g/data/rr7/JRA55/6hr/atmos/.
2020-04-17 15:13:00,215:reanalysis_wind:Creating file: jra55_huss 1.0 deg interp from /g/data/rr7/JRA55/6hr/atmos/.
2020-04-17 15:13:04,774:reanalysis_wind:jra55_uas old coords: Coordinates:
  * lat      (lat) float32 -16.25 -15.0 -13.75 -12.5 ... 12.5 13.75 15.0 16.25
  * lon      (lon) float32 108.75 110.0 111.25 112.5 ... 288.75 290.0 291.25
  * time     (time) datetime64[ns] 1981-01-01 ... 2012-12-31T18:00:00
2020-04-17 15:13:04,935:reanalysis_wind:jra55_huss old coords: Coordinates:
  * lon      (lon) float32 108.75 110.0 111.25 112.5 ... 288.75 290.0 291.25
  * lat      (lat) float32 -16.25 -15.0 -13.75 -12.5 ... 12.5 13.75 15.0 16.25
  * time     (time) datetime64[ns] 1981-01-01 ... 2012-12-31T18:00:00
2020-04-17 15:13:04,944:reanalysis_wind:jra55_uas new coords: Coordinates:
  * time     (time) int64 1 2 3 4 5 6 7 8 9 10 11 12
  * lon      (lon) float64 109.0 110.0 111.0 112.0 ... 288.0 289.0 290.0 291.0
  * lat      (lat) float64 -16.0 -15.0 -14.0 -13.0 -12.0 ... 13.0 14.0 15.0 16.0
2020-04-17 15:13:04,989:reanalysis_wind:jra55_vas old coords: Coordinates:
  * lat      (lat) float32 -16.25 -15.0 -13.75 -12.5 ... 12.5 13.75 15.0 16.25
  * lon      (lon) float32 108.75 110.0 111.25 112.5 ... 288.75 290.0 291.25
  * time     (time) datetime64[ns] 1981-01-01 ... 2012-12-31T18:00:00
2020-04-17 15:13:05,087:reanalysis_wind:jra55_huss new coords: Coordinates:
  * time     (time) int64 1 2 3 4 5 6 7 8 9 10 11 12
  * lon      (lon) float64 109.0 110.0 111.0 112.0 ... 288.0 289.0 290.0 291.0
  * lat      (lat) float64 -16.0 -15.0 -14.0 -13.0 -12.0 ... 13.0 14.0 15.0 16.0
2020-04-17 15:13:05,153:reanalysis_wind:jra55_vas new coords: Coordinates:
  * time     (time) int64 1 2 3 4 5 6 7 8 9 10 11 12
  * lon      (lon) float64 109.0 110.0 111.0 112.0 ... 288.0 289.0 290.0 291.0
  * lat      (lat) float64 -16.0 -15.0 -14.0 -13.0 -12.0 ... 13.0 14.0 15.0 16.0
2020-04-17 15:13:06,011:reanalysis_wind:jra55_tas old coords: Coordinates:
  * lat      (lat) float32 -16.25 -15.0 -13.75 -12.5 ... 12.5 13.75 15.0 16.25
  * lon      (lon) float32 108.75 110.0 111.25 112.5 ... 288.75 290.0 291.25
  * time     (time) datetime64[ns] 1981-01-01 ... 2012-12-31T18:00:00
2020-04-17 15:13:06,165:reanalysis_wind:jra55_tas new coords: Coordinates:
  * time     (time) int64 1 2 3 4 5 6 7 8 9 10 11 12
  * lon      (lon) float64 109.0 110.0 111.0 112.0 ... 288.0 289.0 290.0 291.0
  * lat      (lat) float64 -16.0 -15.0 -14.0 -13.0 -12.0 ... 13.0 14.0 15.0 16.0
2020-04-17 15:13:07,090:reanalysis_wind:jra55_psl old coords: Coordinates:
  * lat      (lat) float32 -16.25 -15.0 -13.75 -12.5 ... 12.5 13.75 15.0 16.25
  * lon      (lon) float32 108.75 110.0 111.25 112.5 ... 288.75 290.0 291.25
  * time     (time) datetime64[ns] 1981-01-01 ... 2012-12-31T18:00:00
2020-04-17 15:13:07,244:reanalysis_wind:jra55_psl new coords: Coordinates:
  * time     (time) int64 1 2 3 4 5 6 7 8 9 10 11 12
  * lon      (lon) float64 109.0 110.0 111.0 112.0 ... 288.0 289.0 290.0 291.0
  * lat      (lat) float64 -16.0 -15.0 -14.0 -13.0 -12.0 ... 13.0 14.0 15.0 16.0
2020-04-17 15:14:17,963:reanalysis_wind:SUCCESS: jra55_uas
2020-04-17 15:14:17,990:timed:reanalysis_wind: 0:1:17.77 total: 77.77 seconds.
2020-04-17 15:14:21,694:reanalysis_wind:SUCCESS: jra55_tas
2020-04-17 15:14:21,715:timed:reanalysis_wind: 0:1:21.50 total: 81.50 seconds.
2020-04-17 15:14:21,908:reanalysis_wind:SUCCESS: jra55_huss
2020-04-17 15:14:21,938:timed:reanalysis_wind: 0:1:21.72 total: 81.72 seconds.
2020-04-17 15:14:26,666:reanalysis_wind:SUCCESS: jra55_psl
2020-04-17 15:14:26,707:timed:reanalysis_wind: 0:1:26.49 total: 86.49 seconds.
2020-04-17 15:16:09,783:reanalysis_wind:Creating file: erai_vas 0.5 deg interp from /g/data/rr7/ERA_INT/ERA_INT/.
2020-04-17 15:16:09,783:reanalysis_wind:Creating file: erai_ps 0.5 deg interp from /g/data/rr7/ERA_INT/ERA_INT/.
2020-04-17 15:16:09,783:reanalysis_wind:Creating file: erai_tas 0.5 deg interp from /g/data/rr7/ERA_INT/ERA_INT/.
2020-04-17 15:16:09,783:reanalysis_wind:Creating file: erai_uas 0.5 deg interp from /g/data/rr7/ERA_INT/ERA_INT/.
2020-04-17 15:16:09,783:reanalysis_wind:Creating file: erai_psl 0.5 deg interp from /g/data/rr7/ERA_INT/ERA_INT/.
2020-04-17 15:16:09,785:reanalysis_wind:Creating file: erai_ta2d 0.5 deg interp from /g/data/rr7/ERA_INT/ERA_INT/.
2020-04-17 15:16:10,316:reanalysis_wind:erai_tas old coords: Coordinates:
  * time     (time) datetime64[ns] 1981-01-01 1981-02-01 ... 2012-12-01
  * lon      (lon) float32 108.0 109.5 111.0 112.5 ... 286.5 288.0 289.5 291.0
  * lat      (lat) float32 -16.5 -15.0 -13.5 -12.0 -10.5 ... 12.0 13.5 15.0 16.5
2020-04-17 15:16:10,345:reanalysis_wind:erai_psl old coords: Coordinates:
  * time     (time) datetime64[ns] 1981-01-01 1981-02-01 ... 2012-12-01
  * lon      (lon) float32 108.0 109.5 111.0 112.5 ... 286.5 288.0 289.5 291.0
  * lat      (lat) float32 -16.5 -15.0 -13.5 -12.0 -10.5 ... 12.0 13.5 15.0 16.5
2020-04-17 15:16:10,350:reanalysis_wind:erai_vas old coords: Coordinates:
  * time     (time) datetime64[ns] 1981-01-01 1981-02-01 ... 2012-12-01
  * lon      (lon) float32 108.0 109.5 111.0 112.5 ... 286.5 288.0 289.5 291.0
  * lat      (lat) float32 -16.5 -15.0 -13.5 -12.0 -10.5 ... 12.0 13.5 15.0 16.5
2020-04-17 15:16:10,359:reanalysis_wind:erai_ps old coords: Coordinates:
  * time     (time) datetime64[ns] 1981-01-01 1981-02-01 ... 2012-12-01
  * lat      (lat) float32 -16.5 -15.0 -13.5 -12.0 -10.5 ... 12.0 13.5 15.0 16.5
  * lon      (lon) float32 108.0 109.5 111.0 112.5 ... 286.5 288.0 289.5 291.0
2020-04-17 15:16:10,366:reanalysis_wind:erai_uas old coords: Coordinates:
  * time     (time) datetime64[ns] 1981-01-01 1981-02-01 ... 2012-12-01
  * lon      (lon) float32 108.0 109.5 111.0 112.5 ... 286.5 288.0 289.5 291.0
  * lat      (lat) float32 -16.5 -15.0 -13.5 -12.0 -10.5 ... 12.0 13.5 15.0 16.5
2020-04-17 15:16:10,430:reanalysis_wind:erai_tas new coords: Coordinates:
  * time     (time) int64 1 2 3 4 5 6 7 8 9 10 11 12
  * lon      (lon) float64 109.0 109.5 110.0 110.5 ... 289.5 290.0 290.5 291.0
  * lat      (lat) float64 -16.0 -15.5 -15.0 -14.5 -14.0 ... 14.5 15.0 15.5 16.0
2020-04-17 15:16:10,447:reanalysis_wind:erai_psl new coords: Coordinates:
  * time     (time) int64 1 2 3 4 5 6 7 8 9 10 11 12
  * lon      (lon) float64 109.0 109.5 110.0 110.5 ... 289.5 290.0 290.5 291.0
  * lat      (lat) float64 -16.0 -15.5 -15.0 -14.5 -14.0 ... 14.5 15.0 15.5 16.0
2020-04-17 15:16:10,459:reanalysis_wind:erai_vas new coords: Coordinates:
  * time     (time) int64 1 2 3 4 5 6 7 8 9 10 11 12
  * lon      (lon) float64 109.0 109.5 110.0 110.5 ... 289.5 290.0 290.5 291.0
  * lat      (lat) float64 -16.0 -15.5 -15.0 -14.5 -14.0 ... 14.5 15.0 15.5 16.0
2020-04-17 15:16:10,468:reanalysis_wind:erai_ps new coords: Coordinates:
  * time     (time) int64 1 2 3 4 5 6 7 8 9 10 11 12
  * lon      (lon) float64 109.0 109.5 110.0 110.5 ... 289.5 290.0 290.5 291.0
  * lat      (lat) float64 -16.0 -15.5 -15.0 -14.5 -14.0 ... 14.5 15.0 15.5 16.0
2020-04-17 15:16:10,470:reanalysis_wind:erai_uas new coords: Coordinates:
  * time     (time) int64 1 2 3 4 5 6 7 8 9 10 11 12
  * lon      (lon) float64 109.0 109.5 110.0 110.5 ... 289.5 290.0 290.5 291.0
  * lat      (lat) float64 -16.0 -15.5 -15.0 -14.5 -14.0 ... 14.5 15.0 15.5 16.0
2020-04-17 15:16:10,991:reanalysis_wind:SUCCESS: erai_vas
2020-04-17 15:16:11,009:reanalysis_wind:SUCCESS: erai_uas
2020-04-17 15:16:11,033:reanalysis_wind:SUCCESS: erai_tas
2020-04-17 15:16:11,058:reanalysis_wind:SUCCESS: erai_psl
2020-04-17 15:16:11,081:timed:reanalysis_wind: 0:0:01.30 total: 1.30 seconds.
2020-04-17 15:16:11,097:timed:reanalysis_wind: 0:0:01.31 total: 1.31 seconds.
2020-04-17 15:16:11,109:timed:reanalysis_wind: 0:0:01.33 total: 1.33 seconds.
2020-04-17 15:16:11,114:timed:reanalysis_wind: 0:0:01.33 total: 1.33 seconds.
2020-04-17 15:16:11,130:reanalysis_wind:SUCCESS: erai_ps
2020-04-17 15:16:11,153:timed:reanalysis_wind: 0:0:01.37 total: 1.37 seconds.
2020-04-17 15:16:16,506:reanalysis_wind:erai_ta2d old coords: Coordinates:
  * lon      (lon) float32 117.42191 118.12504 118.82816 ... 291.09384 291.79697
  * lat      (lat) float64 -16.49 -15.79 -15.09 -14.39 ... 15.09 15.79 16.49
  * time     (time) datetime64[ns] 1981-01-01 1981-02-01 ... 2012-12-01
2020-04-17 15:16:16,624:reanalysis_wind:erai_ta2d new coords: Coordinates:
  * time     (time) int64 1 2 3 4 5 6 7 8 9 10 11 12
  * lon      (lon) float64 109.0 109.5 110.0 110.5 ... 289.5 290.0 290.5 291.0
  * lat      (lat) float64 -16.0 -15.5 -15.0 -14.5 -14.0 ... 14.5 15.0 15.5 16.0
2020-04-17 15:16:55,375:reanalysis_wind:Creating file: jra55_uas 0.5 deg interp from /g/data/rr7/JRA55/6hr/atmos/.
2020-04-17 15:16:55,375:reanalysis_wind:Creating file: jra55_psl 0.5 deg interp from /g/data/rr7/JRA55/6hr/atmos/.
2020-04-17 15:16:55,375:reanalysis_wind:Creating file: jra55_vas 0.5 deg interp from /g/data/rr7/JRA55/6hr/atmos/.
2020-04-17 15:16:55,375:reanalysis_wind:Creating file: jra55_huss 0.5 deg interp from /g/data/rr7/JRA55/6hr/atmos/.
2020-04-17 15:16:55,375:reanalysis_wind:Creating file: jra55_tas 0.5 deg interp from /g/data/rr7/JRA55/6hr/atmos/.
2020-04-17 15:16:55,950:reanalysis_wind:jra55_huss old coords: Coordinates:
  * lat      (lat) float32 -16.25 -15.0 -13.75 -12.5 ... 12.5 13.75 15.0 16.25
  * lon      (lon) float32 108.75 110.0 111.25 112.5 ... 288.75 290.0 291.25
  * time     (time) datetime64[ns] 1981-01-01 ... 2012-12-31T18:00:00
2020-04-17 15:16:55,967:reanalysis_wind:jra55_psl old coords: Coordinates:
  * lat      (lat) float32 -16.25 -15.0 -13.75 -12.5 ... 12.5 13.75 15.0 16.25
  * lon      (lon) float32 108.75 110.0 111.25 112.5 ... 288.75 290.0 291.25
  * time     (time) datetime64[ns] 1981-01-01 ... 2012-12-31T18:00:00
2020-04-17 15:16:55,988:reanalysis_wind:jra55_vas old coords: Coordinates:
  * lon      (lon) float32 108.75 110.0 111.25 112.5 ... 288.75 290.0 291.25
  * lat      (lat) float32 -16.25 -15.0 -13.75 -12.5 ... 12.5 13.75 15.0 16.25
  * time     (time) datetime64[ns] 1981-01-01 ... 2012-12-31T18:00:00
2020-04-17 15:16:56,017:reanalysis_wind:jra55_uas old coords: Coordinates:
  * lon      (lon) float32 108.75 110.0 111.25 112.5 ... 288.75 290.0 291.25
  * lat      (lat) float32 -16.25 -15.0 -13.75 -12.5 ... 12.5 13.75 15.0 16.25
  * time     (time) datetime64[ns] 1981-01-01 ... 2012-12-31T18:00:00
2020-04-17 15:16:56,120:reanalysis_wind:jra55_huss new coords: Coordinates:
  * time     (time) int64 1 2 3 4 5 6 7 8 9 10 11 12
  * lon      (lon) float64 109.0 109.5 110.0 110.5 ... 289.5 290.0 290.5 291.0
  * lat      (lat) float64 -16.0 -15.5 -15.0 -14.5 -14.0 ... 14.5 15.0 15.5 16.0
2020-04-17 15:16:56,122:reanalysis_wind:jra55_psl new coords: Coordinates:
  * time     (time) int64 1 2 3 4 5 6 7 8 9 10 11 12
  * lon      (lon) float64 109.0 109.5 110.0 110.5 ... 289.5 290.0 290.5 291.0
  * lat      (lat) float64 -16.0 -15.5 -15.0 -14.5 -14.0 ... 14.5 15.0 15.5 16.0
2020-04-17 15:16:56,125:reanalysis_wind:jra55_tas old coords: Coordinates:
  * lon      (lon) float32 108.75 110.0 111.25 112.5 ... 288.75 290.0 291.25
  * lat      (lat) float32 -16.25 -15.0 -13.75 -12.5 ... 12.5 13.75 15.0 16.25
  * time     (time) datetime64[ns] 1981-01-01 ... 2012-12-31T18:00:00
2020-04-17 15:16:56,142:reanalysis_wind:jra55_vas new coords: Coordinates:
  * time     (time) int64 1 2 3 4 5 6 7 8 9 10 11 12
  * lon      (lon) float64 109.0 109.5 110.0 110.5 ... 289.5 290.0 290.5 291.0
  * lat      (lat) float64 -16.0 -15.5 -15.0 -14.5 -14.0 ... 14.5 15.0 15.5 16.0
2020-04-17 15:16:56,173:reanalysis_wind:jra55_uas new coords: Coordinates:
  * time     (time) int64 1 2 3 4 5 6 7 8 9 10 11 12
  * lon      (lon) float64 109.0 109.5 110.0 110.5 ... 289.5 290.0 290.5 291.0
  * lat      (lat) float64 -16.0 -15.5 -15.0 -14.5 -14.0 ... 14.5 15.0 15.5 16.0
2020-04-17 15:16:56,290:reanalysis_wind:jra55_tas new coords: Coordinates:
  * time     (time) int64 1 2 3 4 5 6 7 8 9 10 11 12
  * lon      (lon) float64 109.0 109.5 110.0 110.5 ... 289.5 290.0 290.5 291.0
  * lat      (lat) float64 -16.0 -15.5 -15.0 -14.5 -14.0 ... 14.5 15.0 15.5 16.0
2020-04-17 15:17:09,407:reanalysis_wind:SUCCESS: jra55_uas
2020-04-17 15:17:09,445:timed:reanalysis_wind: 0:0:14.07 total: 14.07 seconds.