2022-05-12 03:34:31:llwbc_transport: 0:2:02.11 total: 122.11 seconds.
2022-05-12 09:20:47:Saved: transport_LLWBCs_hist
2022-05-12 09:21:42:llwbc_transport: 0:0:55.22 total: 55.22 seconds.
2022-05-12 13:05:51:llwbc_transport: 0:0:51.97 total: 51.97 seconds.
2022-05-12 15:26:12:Saved: transport_LLWBCs_rcp
2022-05-24 16:27:36:transport_LLWBCs_hist: Calculating: mc
2022-05-24 16:27:36:transport_LLWBCs_hist: Calculating: vs
2022-05-24 16:27:36:transport_LLWBCs_hist: Calculating: ss
2022-05-24 16:27:36:transport_LLWBCs_hist: Calculating: sc
2022-05-24 16:33:38:transport_LLWBCs_rcp: Calculating: mc
2022-05-24 16:33:38:transport_LLWBCs_rcp: Calculating: vs
2022-05-24 16:33:38:transport_LLWBCs_rcp: Calculating: ss
2022-05-24 16:33:38:transport_LLWBCs_rcp: Calculating: sc
2022-05-24 19:05:18:Saved: transport_LLWBCs_rcp
2022-05-24 19:05:18:llwbc_transport: 2:32:39.58 total: 9159.58 seconds.
2022-05-25 14:42:37:transport_LLWBCs_hist: Calculating: mc
2022-05-25 14:42:37:transport_LLWBCs_hist: Calculating: vs
2022-05-25 14:42:37:transport_LLWBCs_hist: Calculating: ss
2022-05-25 14:42:37:transport_LLWBCs_hist: Calculating: sc
2022-05-25 23:03:28:Saved: transport_LLWBCs_hist
2022-05-25 23:03:28:llwbc_transport: 8:22:54.86 total: 30174.86 seconds.
2022-09-02 16:45:49:mc_net            Mean: -21.5 SV Max: -23.9 Sv in May, Min: -19.6 Sv in Sep. El Nino: -0.1 Sv La Nina:  1.3 Sv
2022-09-02 16:45:49:mc                Mean: -24.6 SV Max: -26.3 Sv in May, Min: -23.0 Sv in Sep. El Nino: -0.8 Sv La Nina:  1.6 Sv
2022-09-02 16:45:49:vs_net            Mean:  6.8 SV Max:  9.5 Sv in Jul, Min:  5.0 Sv in Feb. El Nino:  1.0 Sv La Nina: -1.0 Sv
2022-09-02 16:45:50:vs                Mean:  7.3 SV Max:  9.6 Sv in Jul, Min:  5.8 Sv in Feb. El Nino:  0.6 Sv La Nina: -0.5 Sv
2022-09-02 16:45:50:ss_net            Mean:  8.6 SV Max:  12.6 Sv in Jul, Min:  4.0 Sv in Feb. El Nino:  2.5 Sv La Nina: -0.9 Sv
2022-09-02 16:45:50:ss                Mean:  15.7 SV Max:  19.4 Sv in Aug, Min:  11.3 Sv in Feb. El Nino:  1.8 Sv La Nina: -0.4 Sv
2022-09-02 16:45:50:sc_net            Mean:  0.7 SV Max:  4.1 Sv in Nov, Min: -4.1 Sv in Mar. El Nino: -2.3 Sv La Nina:  1.9 Sv
2022-09-02 16:45:50:sc                Mean:  7.5 SV Max:  9.2 Sv in Nov, Min:  6.1 Sv in Jan. El Nino: -1.0 Sv La Nina:  1.1 Sv
2022-09-02 16:45:51:euc_165           Mean:  21.0 SV Max:  33.2 Sv in Jun, Min:  12.0 Sv in Nov. El Nino: -1.3 Sv La Nina:  2.5 Sv
2022-09-02 16:45:53:euc_190           Mean:  26.9 SV Max:  41.5 Sv in May, Min:  15.7 Sv in Sep. El Nino: -5.6 Sv La Nina:  5.3 Sv
2022-09-02 16:45:54:euc_220           Mean:  28.7 SV Max:  41.1 Sv in Apr, Min:  21.4 Sv in Aug. El Nino: -6.2 Sv La Nina:  4.8 Sv
2022-09-02 16:45:55:euc_250           Mean:  24.6 SV Max:  32.7 Sv in Apr, Min:  20.7 Sv in Feb. El Nino: -2.1 Sv La Nina:  1.4 Sv
2022-09-02 16:46:37:          HIST:  PROJ:     D:  (D%): 
2022-09-02 16:46:37: mc_net:  -21.50 -17.64   3.85 (-17.9%)
2022-09-02 16:46:37:     mc:  -24.56 -22.49   2.06 (-8.4%)
2022-09-02 16:46:37: vs_net:    6.77   8.43   1.66 (24.6%)
2022-09-02 16:46:37:     vs:    7.25   8.65   1.40 (19.3%)
2022-09-02 16:46:37: ss_net:    8.64  11.30   2.66 (30.7%)
2022-09-02 16:46:37:     ss:   15.69  18.43   2.74 (17.5%)
2022-09-02 16:46:37: sc_net:    0.69   1.47   0.77 (111.1%)
2022-09-02 16:46:37:     sc:    7.47   8.00   0.53 (7.0%)
2022-09-02 16:46:37:euc_165:   21.02  24.10   3.08 (14.6%)
2022-09-02 16:46:37:euc_190:   26.94  28.62   1.68 (6.2%)
2022-09-02 16:46:37:euc_220:   28.74  29.35   0.61 (2.1%)
2022-09-02 16:46:37:euc_250:   24.63  23.84  -0.78 (-3.2%)
2022-09-20 09:38:43: u>0.1m/s HIST:  PROJ:     D:  (D%): 
2022-09-20 09:38:43: mc_net:  -21.50 -17.64   3.85 (-17.9%)
2022-09-20 09:38:43:     mc:  -24.56 -22.49   2.06 (-8.4%)
2022-09-20 09:38:43: vs_net:    6.77   8.43   1.66 (24.6%)
2022-09-20 09:38:43:     vs:    7.25   8.65   1.40 (19.3%)
2022-09-20 09:38:43: ss_net:    8.64  11.30   2.66 (30.7%)
2022-09-20 09:38:43:     ss:   15.69  18.43   2.74 (17.5%)
2022-09-20 09:38:43: sc_net:    0.69   1.47   0.77 (111.1%)
2022-09-20 09:38:43:     sc:    7.47   8.00   0.53 (7.0%)
2022-09-20 09:38:43:euc_165:   18.26  21.27   3.00 (16.4%)
2022-09-20 09:38:43:euc_190:   24.77  26.26   1.49 (6.0%)
2022-09-20 09:38:43:euc_220:   26.72  27.08   0.37 (1.4%)
2022-09-20 09:38:43:euc_250:   22.56  21.55  -1.01 (-4.5%)
2022-09-20 09:39:15:mc_net            Mean: -21.5 SV Max: -23.9 Sv in May, Min: -19.6 Sv in Sep. El Nino: -0.1 Sv La Nina:  1.3 Sv
2022-09-20 09:39:15:mc                Mean: -24.6 SV Max: -26.3 Sv in May, Min: -23.0 Sv in Sep. El Nino: -0.8 Sv La Nina:  1.6 Sv
2022-09-20 09:39:15:vs_net            Mean:  6.8 SV Max:  9.5 Sv in Jul, Min:  5.0 Sv in Feb. El Nino:  1.0 Sv La Nina: -1.0 Sv
2022-09-20 09:39:15:vs                Mean:  7.3 SV Max:  9.6 Sv in Jul, Min:  5.8 Sv in Feb. El Nino:  0.6 Sv La Nina: -0.5 Sv
2022-09-20 09:39:15:ss_net            Mean:  8.6 SV Max:  12.6 Sv in Jul, Min:  4.0 Sv in Feb. El Nino:  2.5 Sv La Nina: -0.9 Sv
2022-09-20 09:39:15:ss                Mean:  15.7 SV Max:  19.4 Sv in Aug, Min:  11.3 Sv in Feb. El Nino:  1.8 Sv La Nina: -0.4 Sv
2022-09-20 09:39:15:sc_net            Mean:  0.7 SV Max:  4.1 Sv in Nov, Min: -4.1 Sv in Mar. El Nino: -2.3 Sv La Nina:  1.9 Sv
2022-09-20 09:39:15:sc                Mean:  7.5 SV Max:  9.2 Sv in Nov, Min:  6.1 Sv in Jan. El Nino: -1.0 Sv La Nina:  1.1 Sv
2022-09-20 09:39:16:euc_165           Mean:  18.3 SV Max:  29.9 Sv in Jun, Min:  9.6 Sv in Nov. El Nino: -1.5 Sv La Nina:  2.8 Sv
2022-09-20 09:39:17:euc_190           Mean:  24.8 SV Max:  38.5 Sv in May, Min:  14.3 Sv in Sep. El Nino: -5.7 Sv La Nina:  5.3 Sv
2022-09-20 09:39:18:euc_220           Mean:  26.7 SV Max:  38.8 Sv in Apr, Min:  20.2 Sv in Aug. El Nino: -6.0 Sv La Nina:  4.8 Sv
2022-09-20 09:39:18:euc_250           Mean:  22.6 SV Max:  31.0 Sv in Apr, Min:  18.7 Sv in Jul. El Nino: -2.1 Sv La Nina:  1.5 Sv
