2020-04-26 09:57:31,792:<module>:Creating transport file: Mindanao Current.
2020-04-26 09:57:31,792:<module>:Creating transport file: St Georges Channel.
2020-04-26 09:57:31,792:<module>:Creating transport file: Solomon Strait.
2020-04-26 09:57:31,792:<module>:Creating transport file: Vitiaz Strait.
2020-04-26 10:00:00,444:<module>:St Georges Channel test 0: nan m/s 1981-01-01 (-4.4, 152.80)
2020-04-26 10:00:01,738:<module>:Solomon Strait test 0: -0.0740 m/s 1981-01-01 (-4.1, 153.80)
2020-04-26 10:00:02,198:<module>:Mindanao Current test 0: -0.0148 m/s 1981-01-01 (6.4, 128.30)
2020-04-26 10:00:02,532:<module>:Vitiaz Strait test 0: nan m/s 1981-01-01 (-6.1, 149.10)
2020-04-26 10:00:18,922:transport:St Georges Channel test 1: -0.3781 m/s 1981-01-01 (-4.4, 152.50)
2020-04-26 10:00:20,350:transport:Solomon Strait test 1: -0.3241 m/s 1981-01-01 (-4.1, 153.40)
2020-04-26 10:00:21,124:transport:Mindanao Current test 1: -0.4867 m/s 1981-01-01 (9.0, 127.20)
2020-04-26 10:00:21,328:transport:Vitiaz Strait test 1: -0.1268 m/s 1981-01-01 (-6.1, 148.40)
2020-04-26 10:00:51,773:transport:St Georges Channel test 2: -0.3781 m/s -0.4921 Sv 1981-01-01 (-4.4, 152.50)
2020-04-26 10:00:51,774:transport:Saving transport file: St Georges Channel.
2020-04-26 10:00:59,624:transport:Mindanao Current test 2: -0.4867 m/s -23.6715 Sv 1981-01-01 (9.0, 127.20)
2020-04-26 10:00:59,624:transport:Saving transport file: Mindanao Current.
2020-04-26 10:01:00,789:transport:Vitiaz Strait test 2: -0.1268 m/s 3.0060 Sv 1981-01-01 (-6.1, 148.40)
2020-04-26 10:01:00,789:transport:Saving transport file: Vitiaz Strait.
2020-04-26 10:01:05,026:transport:Solomon Strait test 2: -0.3241 m/s -0.2934 Sv 1981-01-01 (-4.1, 153.40)
2020-04-26 10:01:05,027:transport:Saving transport file: Solomon Strait.
2020-04-26 15:07:34,001:<module>:Creating transport file: Vitiaz Strait.
2020-04-26 15:07:34,001:<module>:Creating transport file: St Georges Channel.
2020-04-26 15:07:34,001:<module>:Creating transport file: Solomon Strait.
2020-04-26 15:07:34,001:<module>:Creating transport file: Mindanao Current.
2020-04-26 15:10:00,747:<module>:Vitiaz Strait test: 3.0060 Sv 1981-01-01 (-6.1)
2020-04-26 15:10:00,747:<module>:Saving transport file: Vitiaz Strait.
2020-04-26 15:10:01,109:<module>:St Georges Channel test: -0.4921 Sv 1981-01-01 (-4.4)
2020-04-26 15:10:01,109:<module>:Saving transport file: St Georges Channel.
2020-04-26 15:10:01,115:<module>:Solomon Strait test: -0.2934 Sv 1981-01-01 (-4.1)
2020-04-26 15:10:01,116:<module>:Saving transport file: Solomon Strait.
