2020-03-21 14:48:45,095:open_tao_data:Opening TAO mon data. Depth=slice(25, 325, None). SI=True
2020-03-21 14:49:38,757:open_tao_data:Opening TAO mon data. Depth=slice(10, 360, None). SI=True
2020-03-21 14:49:43,847:EUC_vbounds:OFAM3 165: v_bnd=half_max tot=384 count=335 null=0 skip_T=6, skip_L=40
2020-03-21 14:49:51,366:EUC_vbounds:OFAM3 190: v_bnd=half_max tot=384 count=362 null=0 skip_T=5, skip_L=17
2020-03-21 14:49:58,666:EUC_vbounds:OFAM3 220: v_bnd=half_max tot=384 count=377 null=0 skip_T=1, skip_L=4
2020-03-21 14:50:01,392:open_tao_data:Opening TAO mon data. Depth=slice(10, 360, None). SI=True
2020-03-21 14:50:03,970:EUC_vbounds:TAO/TRITION 165: v_bnd=half_max tot=203 count=113 null=5 skip_T=62, skip_L=23
2020-03-21 14:50:08,293:EUC_vbounds:TAO/TRITION 190: v_bnd=half_max tot=340 count=280 null=36 skip_T=13, skip_L=11
2020-03-21 14:50:12,664:EUC_vbounds:TAO/TRITION 220: v_bnd=half_max tot=311 count=260 null=31 skip_T=0, skip_L=20
2020-03-21 14:50:21,793:EUC_vbounds:OFAM3 165: v_bnd=half_max tot=384 count=335 null=0 skip_T=6, skip_L=40
2020-03-21 14:50:29,644:EUC_vbounds:OFAM3 190: v_bnd=half_max tot=384 count=362 null=0 skip_T=5, skip_L=17
2020-03-21 14:50:36,810:EUC_vbounds:OFAM3 220: v_bnd=half_max tot=384 count=377 null=0 skip_T=1, skip_L=4
2020-03-21 14:50:39,574:open_tao_data:Opening TAO mon data. Depth=slice(10, 360, None). SI=True
2020-03-21 14:50:42,219:EUC_vbounds:TAO/TRITION 165: v_bnd=half_max tot=203 count=113 null=5 skip_T=62, skip_L=23
2020-03-21 14:50:46,408:EUC_vbounds:TAO/TRITION 190: v_bnd=half_max tot=340 count=280 null=36 skip_T=13, skip_L=11
2020-03-21 14:50:50,748:EUC_vbounds:TAO/TRITION 220: v_bnd=half_max tot=311 count=260 null=31 skip_T=0, skip_L=20
2020-03-21 14:50:59,638:EUC_vbounds:OFAM3 165: v_bnd=0.3 tot=384 count=271 null=0 skip_T=61, skip_L=43
2020-03-21 14:51:06,723:EUC_vbounds:OFAM3 190: v_bnd=0.3 tot=384 count=340 null=0 skip_T=17, skip_L=13
2020-03-21 14:51:13,902:EUC_vbounds:OFAM3 220: v_bnd=0.3 tot=384 count=364 null=0 skip_T=0, skip_L=5
2020-03-21 14:51:16,588:open_tao_data:Opening TAO mon data. Depth=slice(10, 360, None). SI=True
2020-03-21 14:51:19,057:EUC_vbounds:TAO/TRITION 165: v_bnd=0.3 tot=203 count=108 null=5 skip_T=58, skip_L=23
2020-03-21 14:51:22,600:EUC_vbounds:TAO/TRITION 190: v_bnd=0.3 tot=340 count=222 null=36 skip_T=1, skip_L=5
2020-03-21 14:51:26,433:EUC_vbounds:TAO/TRITION 220: v_bnd=0.3 tot=311 count=225 null=31 skip_T=0, skip_L=41
2020-03-21 14:51:34,604:EUC_vbounds:OFAM3 165: v_bnd=0.3 tot=384 count=271 null=0 skip_T=61, skip_L=43
2020-03-21 14:51:42,016:EUC_vbounds:OFAM3 190: v_bnd=0.3 tot=384 count=340 null=0 skip_T=17, skip_L=13
2020-03-21 14:51:48,992:EUC_vbounds:OFAM3 220: v_bnd=0.3 tot=384 count=364 null=0 skip_T=0, skip_L=5
2020-03-21 14:51:51,636:open_tao_data:Opening TAO mon data. Depth=slice(10, 360, None). SI=True
2020-03-21 14:51:54,079:EUC_vbounds:TAO/TRITION 165: v_bnd=0.3 tot=203 count=108 null=5 skip_T=58, skip_L=23
2020-03-21 14:51:57,645:EUC_vbounds:TAO/TRITION 190: v_bnd=0.3 tot=340 count=222 null=36 skip_T=1, skip_L=5
2020-03-21 14:52:01,581:EUC_vbounds:TAO/TRITION 220: v_bnd=0.3 tot=311 count=225 null=31 skip_T=0, skip_L=41
2020-03-21 14:52:10,869:EUC_vbounds:OFAM3 165: v_bnd=half_max tot=384 count=335 null=0 skip_T=6, skip_L=40
2020-03-21 14:52:18,737:EUC_vbounds:OFAM3 190: v_bnd=half_max tot=384 count=362 null=0 skip_T=5, skip_L=17
2020-03-21 14:52:33,634:open_tao_data:Opening TAO mon data. Depth=slice(10, 360, None). SI=True
2020-03-21 14:52:38,943:EUC_vbounds:OFAM3 165: v_bnd=half_max tot=384 count=335 null=0 skip_T=6, skip_L=40
2020-03-21 14:52:46,682:EUC_vbounds:OFAM3 190: v_bnd=half_max tot=384 count=362 null=0 skip_T=5, skip_L=17
2020-03-21 14:52:54,366:EUC_vbounds:OFAM3 220: v_bnd=half_max tot=384 count=377 null=0 skip_T=1, skip_L=4
2020-03-21 14:52:57,056:open_tao_data:Opening TAO mon data. Depth=slice(10, 360, None). SI=True
2020-03-21 14:52:59,827:EUC_vbounds:TAO/TRITION 165: v_bnd=half_max tot=203 count=113 null=5 skip_T=62, skip_L=23
2020-03-21 14:53:04,231:EUC_vbounds:TAO/TRITION 190: v_bnd=half_max tot=340 count=280 null=36 skip_T=13, skip_L=11
2020-03-21 14:53:08,482:EUC_vbounds:TAO/TRITION 220: v_bnd=half_max tot=311 count=260 null=31 skip_T=0, skip_L=20
2020-03-21 14:53:17,144:EUC_vbounds:OFAM3 165: v_bnd=half_max tot=384 count=335 null=0 skip_T=6, skip_L=40
2020-03-21 14:53:25,030:EUC_vbounds:OFAM3 190: v_bnd=half_max tot=384 count=362 null=0 skip_T=5, skip_L=17
2020-03-21 14:53:32,313:EUC_vbounds:OFAM3 220: v_bnd=half_max tot=384 count=377 null=0 skip_T=1, skip_L=4
2020-03-21 14:53:35,000:open_tao_data:Opening TAO mon data. Depth=slice(10, 360, None). SI=True
2020-03-21 14:53:37,772:EUC_vbounds:TAO/TRITION 165: v_bnd=half_max tot=203 count=113 null=5 skip_T=62, skip_L=23
2020-03-21 14:53:42,166:EUC_vbounds:TAO/TRITION 190: v_bnd=half_max tot=340 count=280 null=36 skip_T=13, skip_L=11
2020-03-21 14:53:46,361:EUC_vbounds:TAO/TRITION 220: v_bnd=half_max tot=311 count=260 null=31 skip_T=0, skip_L=20
2020-03-21 14:53:54,182:EUC_vbounds:OFAM3 165: v_bnd=0.3 tot=384 count=271 null=0 skip_T=61, skip_L=43
2020-03-21 14:54:01,435:EUC_vbounds:OFAM3 190: v_bnd=0.3 tot=384 count=340 null=0 skip_T=17, skip_L=13
2020-03-21 14:54:08,646:EUC_vbounds:OFAM3 220: v_bnd=0.3 tot=384 count=364 null=0 skip_T=0, skip_L=5
2020-03-21 14:54:11,388:open_tao_data:Opening TAO mon data. Depth=slice(10, 360, None). SI=True
2020-03-21 14:54:13,879:EUC_vbounds:TAO/TRITION 165: v_bnd=0.3 tot=203 count=108 null=5 skip_T=58, skip_L=23
2020-03-21 14:54:17,357:EUC_vbounds:TAO/TRITION 190: v_bnd=0.3 tot=340 count=222 null=36 skip_T=1, skip_L=5
2020-03-21 14:54:21,000:EUC_vbounds:TAO/TRITION 220: v_bnd=0.3 tot=311 count=225 null=31 skip_T=0, skip_L=41
2020-03-21 14:54:28,725:EUC_vbounds:OFAM3 165: v_bnd=0.3 tot=384 count=271 null=0 skip_T=61, skip_L=43
2020-03-21 14:54:35,815:EUC_vbounds:OFAM3 190: v_bnd=0.3 tot=384 count=340 null=0 skip_T=17, skip_L=13
2020-03-21 14:54:42,880:EUC_vbounds:OFAM3 220: v_bnd=0.3 tot=384 count=364 null=0 skip_T=0, skip_L=5
2020-03-21 14:54:45,490:open_tao_data:Opening TAO mon data. Depth=slice(10, 360, None). SI=True
2020-03-21 14:54:48,060:EUC_vbounds:TAO/TRITION 165: v_bnd=0.3 tot=203 count=108 null=5 skip_T=58, skip_L=23
2020-03-21 14:54:52,037:EUC_vbounds:TAO/TRITION 190: v_bnd=0.3 tot=340 count=222 null=36 skip_T=1, skip_L=5
2020-03-21 14:54:55,779:EUC_vbounds:TAO/TRITION 220: v_bnd=0.3 tot=311 count=225 null=31 skip_T=0, skip_L=41
2020-03-21 14:55:03,902:EUC_vbounds:OFAM3 165: v_bnd=half_max tot=384 count=335 null=0 skip_T=6, skip_L=40
2020-03-21 14:55:12,085:EUC_vbounds:OFAM3 190: v_bnd=half_max tot=384 count=362 null=0 skip_T=5, skip_L=17
2020-03-21 14:55:19,455:EUC_vbounds:OFAM3 220: v_bnd=half_max tot=384 count=377 null=0 skip_T=1, skip_L=4
2020-03-21 14:55:22,293:open_tao_data:Opening TAO mon data. Depth=slice(10, 360, None). SI=True
2020-03-21 14:55:25,093:EUC_vbounds:TAO/TRITION 165: v_bnd=half_max tot=203 count=113 null=5 skip_T=62, skip_L=23
2020-03-21 14:55:29,377:EUC_vbounds:TAO/TRITION 190: v_bnd=half_max tot=340 count=280 null=36 skip_T=13, skip_L=11
2020-03-21 14:55:33,694:EUC_vbounds:TAO/TRITION 220: v_bnd=half_max tot=311 count=260 null=31 skip_T=0, skip_L=20
2020-03-21 14:55:34,358:cor_scatter_plot:R=0.90, p=0.000 (stats.spearmanr)
2020-03-21 14:55:34,358:cor_scatter_plot:Slope=0.45 Intercept=1.58 R=0.86 P=0.000 stder=0.01
2020-03-21 14:55:34,428:cor_scatter_plot:R=0.88, p=0.000 (stats.spearmanr)
2020-03-21 14:55:34,428:cor_scatter_plot:Slope=0.50 Intercept=-8.09 R=0.88 P=0.000 stder=0.01
2020-03-21 14:55:34,467:cor_scatter_plot:R=0.87, p=0.000 (stats.spearmanr)
2020-03-21 14:55:34,467:cor_scatter_plot:Slope=0.45 Intercept=-15.76 R=0.88 P=0.000 stder=0.01
2020-03-21 14:55:44,985:open_tao_data:Opening TAO mon data. Depth=slice(10, 360, None). SI=True
2020-03-21 14:55:50,394:EUC_vbounds:OFAM3 165: v_bnd=half_max tot=384 count=335 null=0 skip_T=6, skip_L=40
2020-03-21 14:55:58,232:EUC_vbounds:OFAM3 190: v_bnd=half_max tot=384 count=362 null=0 skip_T=5, skip_L=17
2020-03-21 14:56:05,584:EUC_vbounds:OFAM3 220: v_bnd=half_max tot=384 count=377 null=0 skip_T=1, skip_L=4
2020-03-21 14:56:08,278:open_tao_data:Opening TAO mon data. Depth=slice(10, 360, None). SI=True
2020-03-21 14:56:10,948:EUC_vbounds:TAO/TRITION 165: v_bnd=half_max tot=203 count=113 null=5 skip_T=62, skip_L=23
2020-03-21 14:56:15,289:EUC_vbounds:TAO/TRITION 190: v_bnd=half_max tot=340 count=280 null=36 skip_T=13, skip_L=11
2020-03-21 14:56:19,351:EUC_vbounds:TAO/TRITION 220: v_bnd=half_max tot=311 count=260 null=31 skip_T=0, skip_L=20
2020-03-21 14:56:27,311:EUC_vbounds:OFAM3 165: v_bnd=0.3 tot=384 count=271 null=0 skip_T=61, skip_L=43
2020-03-21 14:56:34,258:EUC_vbounds:OFAM3 190: v_bnd=0.3 tot=384 count=340 null=0 skip_T=17, skip_L=13
2020-03-21 14:56:41,288:EUC_vbounds:OFAM3 220: v_bnd=0.3 tot=384 count=364 null=0 skip_T=0, skip_L=5
2020-03-21 14:56:44,022:open_tao_data:Opening TAO mon data. Depth=slice(10, 360, None). SI=True
2020-03-21 14:56:46,464:EUC_vbounds:TAO/TRITION 165: v_bnd=0.3 tot=203 count=108 null=5 skip_T=58, skip_L=23
2020-03-21 14:56:50,210:EUC_vbounds:TAO/TRITION 190: v_bnd=0.3 tot=340 count=222 null=36 skip_T=1, skip_L=5
2020-03-21 14:56:54,103:EUC_vbounds:TAO/TRITION 220: v_bnd=0.3 tot=311 count=225 null=31 skip_T=0, skip_L=41
2020-03-21 15:01:09,353:open_tao_data:Opening TAO mon data. Depth=slice(10, 360, None). SI=True
2020-03-21 15:01:14,460:EUC_vbounds:OFAM3 165: v_bnd=half_max tot=384 count=335 null=0 skip_T=6, skip_L=40
2020-03-21 15:01:21,815:EUC_vbounds:OFAM3 190: v_bnd=half_max tot=384 count=362 null=0 skip_T=5, skip_L=17
2020-03-21 15:01:28,846:EUC_vbounds:OFAM3 220: v_bnd=half_max tot=384 count=377 null=0 skip_T=1, skip_L=4
2020-03-21 15:01:31,524:open_tao_data:Opening TAO mon data. Depth=slice(10, 360, None). SI=True
2020-03-21 15:01:34,111:EUC_vbounds:TAO/TRITION 165: v_bnd=half_max tot=203 count=112 null=5 skip_T=63, skip_L=23
2020-03-21 15:01:38,206:EUC_vbounds:TAO/TRITION 190: v_bnd=half_max tot=340 count=280 null=36 skip_T=13, skip_L=11
2020-03-21 15:01:42,062:EUC_vbounds:TAO/TRITION 220: v_bnd=half_max tot=311 count=258 null=31 skip_T=0, skip_L=22
2020-03-21 15:01:50,400:EUC_vbounds:OFAM3 165: v_bnd=0.3 tot=384 count=271 null=0 skip_T=61, skip_L=43
2020-03-21 15:01:57,438:EUC_vbounds:OFAM3 190: v_bnd=0.3 tot=384 count=340 null=0 skip_T=17, skip_L=13
2020-03-21 15:02:04,613:EUC_vbounds:OFAM3 220: v_bnd=0.3 tot=384 count=364 null=0 skip_T=0, skip_L=5
2020-03-21 15:02:07,296:open_tao_data:Opening TAO mon data. Depth=slice(10, 360, None). SI=True
2020-03-21 15:02:09,842:EUC_vbounds:TAO/TRITION 165: v_bnd=0.3 tot=203 count=108 null=5 skip_T=58, skip_L=23
2020-03-21 15:02:13,601:EUC_vbounds:TAO/TRITION 190: v_bnd=0.3 tot=340 count=222 null=36 skip_T=1, skip_L=5
2020-03-21 15:02:17,360:EUC_vbounds:TAO/TRITION 220: v_bnd=0.3 tot=311 count=225 null=31 skip_T=0, skip_L=41
2020-03-21 15:02:25,134:EUC_vbounds:OFAM3 165: v_bnd=0.2 tot=384 count=271 null=0 skip_T=61, skip_L=43
2020-03-21 15:02:32,414:EUC_vbounds:OFAM3 190: v_bnd=0.2 tot=384 count=340 null=0 skip_T=17, skip_L=13
2020-03-21 15:02:39,434:EUC_vbounds:OFAM3 220: v_bnd=0.2 tot=384 count=364 null=0 skip_T=0, skip_L=5
2020-03-21 15:02:42,137:open_tao_data:Opening TAO mon data. Depth=slice(10, 360, None). SI=True
2020-03-21 15:02:44,688:EUC_vbounds:TAO/TRITION 165: v_bnd=0.2 tot=203 count=108 null=5 skip_T=58, skip_L=23
2020-03-21 15:02:48,354:EUC_vbounds:TAO/TRITION 190: v_bnd=0.2 tot=340 count=222 null=36 skip_T=1, skip_L=5
2020-03-21 15:02:52,161:EUC_vbounds:TAO/TRITION 220: v_bnd=0.2 tot=311 count=225 null=31 skip_T=0, skip_L=41
2020-03-21 15:06:05,463:open_tao_data:Opening TAO mon data. Depth=slice(10, 360, None). SI=True
2020-03-21 15:06:38,350:open_tao_data:Opening TAO mon data. Depth=slice(10, 360, None). SI=True
2020-03-21 15:06:43,143:EUC_vbounds:OFAM3 165: v_bnd=half_max tot=384 count=335 null=0 skip_T=6, skip_L=40
2020-03-21 15:06:50,252:EUC_vbounds:OFAM3 190: v_bnd=half_max tot=384 count=362 null=0 skip_T=5, skip_L=17
2020-03-21 15:06:57,214:EUC_vbounds:OFAM3 220: v_bnd=half_max tot=384 count=377 null=0 skip_T=1, skip_L=4
2020-03-21 15:06:59,827:open_tao_data:Opening TAO mon data. Depth=slice(10, 360, None). SI=True
2020-03-21 15:07:02,315:EUC_vbounds:TAO/TRITION 165: v_bnd=half_max tot=203 count=112 null=5 skip_T=63, skip_L=23
2020-03-21 15:07:06,323:EUC_vbounds:TAO/TRITION 190: v_bnd=half_max tot=340 count=280 null=36 skip_T=13, skip_L=11
2020-03-21 15:07:10,180:EUC_vbounds:TAO/TRITION 220: v_bnd=half_max tot=311 count=258 null=31 skip_T=0, skip_L=22
2020-03-21 15:07:18,276:EUC_vbounds:OFAM3 165: v_bnd=0.3 tot=384 count=271 null=0 skip_T=61, skip_L=43
2020-03-21 15:07:25,508:EUC_vbounds:OFAM3 190: v_bnd=0.3 tot=384 count=340 null=0 skip_T=17, skip_L=13
2020-03-21 15:07:32,429:EUC_vbounds:OFAM3 220: v_bnd=0.3 tot=384 count=364 null=0 skip_T=0, skip_L=5
2020-03-21 15:07:35,111:open_tao_data:Opening TAO mon data. Depth=slice(10, 360, None). SI=True
2020-03-21 15:07:37,761:EUC_vbounds:TAO/TRITION 165: v_bnd=0.3 tot=203 count=108 null=5 skip_T=58, skip_L=23
2020-03-21 15:07:41,357:EUC_vbounds:TAO/TRITION 190: v_bnd=0.3 tot=340 count=222 null=36 skip_T=1, skip_L=5
2020-03-21 15:07:45,215:EUC_vbounds:TAO/TRITION 220: v_bnd=0.3 tot=311 count=225 null=31 skip_T=0, skip_L=41
2020-03-21 15:07:52,964:EUC_vbounds:OFAM3 165: v_bnd=0.2 tot=384 count=271 null=0 skip_T=61, skip_L=43
2020-03-21 15:07:59,896:EUC_vbounds:OFAM3 190: v_bnd=0.2 tot=384 count=340 null=0 skip_T=17, skip_L=13
2020-03-21 15:08:06,826:EUC_vbounds:OFAM3 220: v_bnd=0.2 tot=384 count=364 null=0 skip_T=0, skip_L=5
2020-03-21 15:08:09,478:open_tao_data:Opening TAO mon data. Depth=slice(10, 360, None). SI=True
2020-03-21 15:08:12,089:EUC_vbounds:TAO/TRITION 165: v_bnd=0.2 tot=203 count=108 null=5 skip_T=58, skip_L=23
2020-03-21 15:08:15,680:EUC_vbounds:TAO/TRITION 190: v_bnd=0.2 tot=340 count=222 null=36 skip_T=1, skip_L=5
2020-03-21 15:08:19,363:EUC_vbounds:TAO/TRITION 220: v_bnd=0.2 tot=311 count=225 null=31 skip_T=0, skip_L=41
2020-03-21 15:08:57,477:open_tao_data:Opening TAO mon data. Depth=slice(10, 360, None). SI=True
2020-03-21 15:09:02,312:EUC_vbounds:OFAM3 165: v_bnd=half_max tot=384 count=335 null=0 skip=46(T=6,L=40).
2020-03-21 15:09:09,591:EUC_vbounds:OFAM3 190: v_bnd=half_max tot=384 count=362 null=0 skip=22(T=5,L=17).
2020-03-21 15:09:16,500:EUC_vbounds:OFAM3 220: v_bnd=half_max tot=384 count=377 null=0 skip=5(T=1,L=4).
2020-03-21 15:09:19,087:open_tao_data:Opening TAO mon data. Depth=slice(10, 360, None). SI=True
2020-03-21 15:09:21,557:EUC_vbounds:TAO/TRITION 165: v_bnd=half_max tot=203 count=112 null=5 skip=86(T=63,L=23).
2020-03-21 15:09:25,527:EUC_vbounds:TAO/TRITION 190: v_bnd=half_max tot=340 count=280 null=36 skip=24(T=13,L=11).
2020-03-21 15:09:29,349:EUC_vbounds:TAO/TRITION 220: v_bnd=half_max tot=311 count=258 null=31 skip=22(T=0,L=22).
2020-03-21 15:09:37,427:EUC_vbounds:OFAM3 165: v_bnd=0.3 tot=384 count=271 null=0 skip=104(T=61,L=43).
2020-03-21 15:09:44,495:EUC_vbounds:OFAM3 190: v_bnd=0.3 tot=384 count=340 null=0 skip=30(T=17,L=13).
2020-03-21 15:09:51,455:EUC_vbounds:OFAM3 220: v_bnd=0.3 tot=384 count=364 null=0 skip=5(T=0,L=5).
2020-03-21 15:09:54,174:open_tao_data:Opening TAO mon data. Depth=slice(10, 360, None). SI=True
2020-03-21 15:09:56,635:EUC_vbounds:TAO/TRITION 165: v_bnd=0.3 tot=203 count=108 null=5 skip=81(T=58,L=23).
2020-03-21 15:10:00,400:EUC_vbounds:TAO/TRITION 190: v_bnd=0.3 tot=340 count=222 null=36 skip=6(T=1,L=5).
2020-03-21 15:10:04,235:EUC_vbounds:TAO/TRITION 220: v_bnd=0.3 tot=311 count=225 null=31 skip=41(T=0,L=41).
2020-03-21 15:10:11,783:EUC_vbounds:OFAM3 165: v_bnd=0.2 tot=384 count=271 null=0 skip=104(T=61,L=43).
2020-03-21 15:10:18,831:EUC_vbounds:OFAM3 190: v_bnd=0.2 tot=384 count=340 null=0 skip=30(T=17,L=13).
2020-03-21 15:10:25,647:EUC_vbounds:OFAM3 220: v_bnd=0.2 tot=384 count=364 null=0 skip=5(T=0,L=5).
2020-03-21 15:10:28,279:open_tao_data:Opening TAO mon data. Depth=slice(10, 360, None). SI=True
2020-03-21 15:10:30,837:EUC_vbounds:TAO/TRITION 165: v_bnd=0.2 tot=203 count=108 null=5 skip=81(T=58,L=23).
2020-03-21 15:10:34,562:EUC_vbounds:TAO/TRITION 190: v_bnd=0.2 tot=340 count=222 null=36 skip=6(T=1,L=5).
2020-03-21 15:10:38,256:EUC_vbounds:TAO/TRITION 220: v_bnd=0.2 tot=311 count=225 null=31 skip=41(T=0,L=41).
2020-03-21 15:15:04,630:open_tao_data:Opening TAO mon data. Depth=slice(10, 360, None). SI=True
2020-03-21 15:15:07,477:EUC_vbounds:TAO/TRITION 165: v_bnd=half_max tot=202 count=112 null=5 skip=85(T=62,L=23).
2020-03-21 15:15:10,257:EUC_vbounds:OFAM3 165: v_bnd=half_max tot=202 count=172 null=0 skip=30(T=4,L=26).
2020-03-21 15:15:13,524:EUC_vbounds:TAO/TRITION 190: v_bnd=half_max tot=296 count=240 null=35 skip=21(T=11,L=10).
2020-03-21 15:15:17,819:EUC_vbounds:OFAM3 190: v_bnd=half_max tot=295 count=282 null=0 skip=13(T=1,L=12).
2020-03-21 15:15:20,731:EUC_vbounds:TAO/TRITION 220: v_bnd=half_max tot=272 count=229 null=25 skip=18(T=0,L=18).
2020-03-21 15:15:24,147:EUC_vbounds:OFAM3 220: v_bnd=half_max tot=271 count=266 null=0 skip=3(T=1,L=2).
2020-03-21 15:15:30,446:EUC_vbounds:TAO/TRITION 165: v_bnd=0.3 tot=202 count=108 null=5 skip=80(T=57,L=23).
2020-03-21 15:15:33,263:EUC_vbounds:OFAM3 165: v_bnd=0.3 tot=202 count=141 null=0 skip=32(T=7,L=25).
2020-03-21 15:15:36,128:EUC_vbounds:TAO/TRITION 190: v_bnd=0.3 tot=296 count=192 null=35 skip=6(T=1,L=5).
2020-03-21 15:15:39,768:EUC_vbounds:OFAM3 190: v_bnd=0.3 tot=295 count=201 null=0 skip=4(T=0,L=4).
2020-03-21 15:15:42,680:EUC_vbounds:TAO/TRITION 220: v_bnd=0.3 tot=272 count=201 null=25 skip=37(T=0,L=37).
2020-03-21 15:15:46,243:EUC_vbounds:OFAM3 220: v_bnd=0.3 tot=271 count=259 null=0 skip=4(T=0,L=4).
2020-03-21 15:15:52,351:EUC_vbounds:TAO/TRITION 165: v_bnd=0.2 tot=202 count=108 null=5 skip=80(T=57,L=23).
2020-03-21 15:15:55,027:EUC_vbounds:OFAM3 165: v_bnd=0.2 tot=202 count=141 null=0 skip=32(T=7,L=25).
2020-03-21 15:15:58,002:EUC_vbounds:TAO/TRITION 190: v_bnd=0.2 tot=296 count=192 null=35 skip=6(T=1,L=5).
2020-03-21 15:16:01,637:EUC_vbounds:OFAM3 190: v_bnd=0.2 tot=295 count=201 null=0 skip=4(T=0,L=4).
2020-03-21 15:16:04,447:EUC_vbounds:TAO/TRITION 220: v_bnd=0.2 tot=272 count=201 null=25 skip=37(T=0,L=37).
2020-03-21 15:16:08,042:EUC_vbounds:OFAM3 220: v_bnd=0.2 tot=271 count=259 null=0 skip=4(T=0,L=4).
2020-03-21 15:17:59,559:open_tao_data:Opening TAO mon data. Depth=slice(10, 360, None). SI=True
2020-03-21 15:18:02,390:EUC_vbounds:TAO/TRITION 165: v_bnd=half_max tot=202 count=112 null=5 skip=85(T=62,L=23).
2020-03-21 15:18:05,277:EUC_vbounds:OFAM3 165: v_bnd=half_max tot=202 count=172 null=0 skip=30(T=4,L=26).
2020-03-21 15:18:08,515:EUC_vbounds:TAO/TRITION 190: v_bnd=half_max tot=296 count=240 null=35 skip=21(T=11,L=10).
2020-03-21 15:18:12,746:EUC_vbounds:OFAM3 190: v_bnd=half_max tot=295 count=282 null=0 skip=13(T=1,L=12).
2020-03-21 15:18:15,641:EUC_vbounds:TAO/TRITION 220: v_bnd=half_max tot=272 count=229 null=25 skip=18(T=0,L=18).
2020-03-21 15:18:19,126:EUC_vbounds:OFAM3 220: v_bnd=half_max tot=271 count=266 null=0 skip=3(T=1,L=2).
2020-03-21 15:18:25,988:EUC_vbounds:TAO/TRITION 165: v_bnd=0.3 tot=202 count=108 null=5 skip=80(T=57,L=23).
2020-03-21 15:18:28,703:EUC_vbounds:OFAM3 165: v_bnd=0.3 tot=202 count=141 null=0 skip=32(T=7,L=25).
2020-03-21 15:18:31,624:EUC_vbounds:TAO/TRITION 190: v_bnd=0.3 tot=296 count=192 null=35 skip=6(T=1,L=5).
2020-03-21 15:18:35,315:EUC_vbounds:OFAM3 190: v_bnd=0.3 tot=295 count=201 null=0 skip=4(T=0,L=4).
2020-03-21 15:18:38,387:EUC_vbounds:TAO/TRITION 220: v_bnd=0.3 tot=272 count=201 null=25 skip=37(T=0,L=37).
2020-03-21 15:18:41,802:EUC_vbounds:OFAM3 220: v_bnd=0.3 tot=271 count=259 null=0 skip=4(T=0,L=4).
2020-03-21 15:18:48,744:EUC_vbounds:TAO/TRITION 165: v_bnd=0.2 tot=202 count=108 null=5 skip=80(T=57,L=23).
2020-03-21 15:18:51,494:EUC_vbounds:OFAM3 165: v_bnd=0.2 tot=202 count=141 null=0 skip=32(T=7,L=25).
2020-03-21 15:18:54,402:EUC_vbounds:TAO/TRITION 190: v_bnd=0.2 tot=296 count=192 null=35 skip=6(T=1,L=5).
2020-03-21 15:18:58,070:EUC_vbounds:OFAM3 190: v_bnd=0.2 tot=295 count=201 null=0 skip=4(T=0,L=4).
2020-03-21 15:19:01,012:EUC_vbounds:TAO/TRITION 220: v_bnd=0.2 tot=272 count=201 null=25 skip=37(T=0,L=37).
2020-03-21 15:19:04,712:EUC_vbounds:OFAM3 220: v_bnd=0.2 tot=271 count=259 null=0 skip=4(T=0,L=4).
2020-03-21 15:20:18,425:open_tao_data:Opening TAO mon data. Depth=slice(10, 360, None). SI=True
2020-03-21 15:20:23,548:EUC_vbounds:OFAM3 165: v_bnd=half_max tot=384 count=335 null=0 skip=46(T=6,L=40).
2020-03-21 15:20:30,941:EUC_vbounds:OFAM3 190: v_bnd=half_max tot=384 count=362 null=0 skip=22(T=5,L=17).
2020-03-21 15:20:38,217:EUC_vbounds:OFAM3 220: v_bnd=half_max tot=384 count=377 null=0 skip=5(T=1,L=4).
2020-03-21 15:20:40,912:open_tao_data:Opening TAO mon data. Depth=slice(10, 360, None). SI=True
2020-03-21 15:20:43,446:EUC_vbounds:TAO/TRITION 165: v_bnd=half_max tot=203 count=112 null=5 skip=86(T=63,L=23).
2020-03-21 15:20:47,363:EUC_vbounds:TAO/TRITION 190: v_bnd=half_max tot=340 count=280 null=36 skip=24(T=13,L=11).
2020-03-21 15:20:51,194:EUC_vbounds:TAO/TRITION 220: v_bnd=half_max tot=311 count=258 null=31 skip=22(T=0,L=22).
2020-03-21 15:20:59,141:EUC_vbounds:OFAM3 165: v_bnd=half_max tot=384 count=335 null=0 skip=46(T=6,L=40).
2020-03-21 15:21:06,846:EUC_vbounds:OFAM3 190: v_bnd=half_max tot=384 count=362 null=0 skip=22(T=5,L=17).
2020-03-21 15:21:13,984:EUC_vbounds:OFAM3 220: v_bnd=half_max tot=384 count=377 null=0 skip=5(T=1,L=4).
2020-03-21 15:21:16,719:open_tao_data:Opening TAO mon data. Depth=slice(10, 360, None). SI=True
2020-03-21 15:21:19,238:EUC_vbounds:TAO/TRITION 165: v_bnd=half_max tot=203 count=112 null=5 skip=86(T=63,L=23).
2020-03-21 15:21:23,469:EUC_vbounds:TAO/TRITION 190: v_bnd=half_max tot=340 count=280 null=36 skip=24(T=13,L=11).
2020-03-21 15:21:27,467:EUC_vbounds:TAO/TRITION 220: v_bnd=half_max tot=311 count=258 null=31 skip=22(T=0,L=22).
2020-03-21 15:21:28,180:cor_scatter_plot:R=0.90, p=0.000 (stats.spearmanr)
2020-03-21 15:21:28,180:cor_scatter_plot:Slope=0.44 Intercept=1.57 R=0.86 P=0.000 stder=0.01
2020-03-21 15:21:28,238:cor_scatter_plot:R=0.88, p=0.000 (stats.spearmanr)
2020-03-21 15:21:28,239:cor_scatter_plot:Slope=0.49 Intercept=-8.05 R=0.88 P=0.000 stder=0.01
2020-03-21 15:21:28,317:cor_scatter_plot:R=0.87, p=0.000 (stats.spearmanr)
2020-03-21 15:21:28,318:cor_scatter_plot:Slope=0.44 Intercept=-15.31 R=0.88 P=0.000 stder=0.01
2020-03-21 15:21:35,747:EUC_vbounds:OFAM3 165: v_bnd=0.3 tot=384 count=271 null=0 skip=104(T=61,L=43).
2020-03-21 15:21:42,732:EUC_vbounds:OFAM3 190: v_bnd=0.3 tot=384 count=340 null=0 skip=30(T=17,L=13).
2020-03-21 15:21:49,634:EUC_vbounds:OFAM3 220: v_bnd=0.3 tot=384 count=364 null=0 skip=5(T=0,L=5).
2020-03-21 15:21:52,265:open_tao_data:Opening TAO mon data. Depth=slice(10, 360, None). SI=True
2020-03-21 15:21:54,796:EUC_vbounds:TAO/TRITION 165: v_bnd=0.3 tot=203 count=108 null=5 skip=81(T=58,L=23).
2020-03-21 15:21:58,264:EUC_vbounds:TAO/TRITION 190: v_bnd=0.3 tot=340 count=222 null=36 skip=6(T=1,L=5).
2020-03-21 15:22:01,909:EUC_vbounds:TAO/TRITION 220: v_bnd=0.3 tot=311 count=225 null=31 skip=41(T=0,L=41).
2020-03-21 15:22:09,401:EUC_vbounds:OFAM3 165: v_bnd=0.3 tot=384 count=271 null=0 skip=104(T=61,L=43).
2020-03-21 15:22:16,704:EUC_vbounds:OFAM3 190: v_bnd=0.3 tot=384 count=340 null=0 skip=30(T=17,L=13).
2020-03-21 15:22:23,728:EUC_vbounds:OFAM3 220: v_bnd=0.3 tot=384 count=364 null=0 skip=5(T=0,L=5).
2020-03-21 15:22:26,351:open_tao_data:Opening TAO mon data. Depth=slice(10, 360, None). SI=True
2020-03-21 15:22:28,815:EUC_vbounds:TAO/TRITION 165: v_bnd=0.3 tot=203 count=108 null=5 skip=81(T=58,L=23).
2020-03-21 15:22:32,335:EUC_vbounds:TAO/TRITION 190: v_bnd=0.3 tot=340 count=222 null=36 skip=6(T=1,L=5).
2020-03-21 15:22:36,049:EUC_vbounds:TAO/TRITION 220: v_bnd=0.3 tot=311 count=225 null=31 skip=41(T=0,L=41).
2020-03-21 15:22:36,650:cor_scatter_plot:R=0.90, p=0.000 (stats.spearmanr)
2020-03-21 15:22:36,650:cor_scatter_plot:Slope=0.38 Intercept=2.45 R=0.85 P=0.000 stder=0.01
2020-03-21 15:22:36,703:cor_scatter_plot:R=0.84, p=0.000 (stats.spearmanr)
2020-03-21 15:22:36,703:cor_scatter_plot:Slope=0.37 Intercept=-1.76 R=0.86 P=0.000 stder=0.01
2020-03-21 15:22:36,742:cor_scatter_plot:R=0.81, p=0.000 (stats.spearmanr)
2020-03-21 15:22:36,742:cor_scatter_plot:Slope=0.29 Intercept=-5.71 R=0.84 P=0.000 stder=0.01
2020-03-21 15:22:44,011:EUC_vbounds:OFAM3 165: v_bnd=0.2 tot=384 count=271 null=0 skip=104(T=61,L=43).
2020-03-21 15:22:51,086:EUC_vbounds:OFAM3 190: v_bnd=0.2 tot=384 count=340 null=0 skip=30(T=17,L=13).
2020-03-21 15:22:58,246:EUC_vbounds:OFAM3 220: v_bnd=0.2 tot=384 count=364 null=0 skip=5(T=0,L=5).
2020-03-21 15:23:00,915:open_tao_data:Opening TAO mon data. Depth=slice(10, 360, None). SI=True
2020-03-21 15:23:03,470:EUC_vbounds:TAO/TRITION 165: v_bnd=0.2 tot=203 count=108 null=5 skip=81(T=58,L=23).
2020-03-21 15:23:07,078:EUC_vbounds:TAO/TRITION 190: v_bnd=0.2 tot=340 count=222 null=36 skip=6(T=1,L=5).
2020-03-21 15:23:10,924:EUC_vbounds:TAO/TRITION 220: v_bnd=0.2 tot=311 count=225 null=31 skip=41(T=0,L=41).
2020-03-21 15:23:19,625:EUC_vbounds:OFAM3 165: v_bnd=0.2 tot=384 count=271 null=0 skip=104(T=61,L=43).
2020-03-21 15:23:26,692:EUC_vbounds:OFAM3 190: v_bnd=0.2 tot=384 count=340 null=0 skip=30(T=17,L=13).
2020-03-21 15:23:33,725:EUC_vbounds:OFAM3 220: v_bnd=0.2 tot=384 count=364 null=0 skip=5(T=0,L=5).
2020-03-21 15:23:36,378:open_tao_data:Opening TAO mon data. Depth=slice(10, 360, None). SI=True
2020-03-21 15:23:38,942:EUC_vbounds:TAO/TRITION 165: v_bnd=0.2 tot=203 count=108 null=5 skip=81(T=58,L=23).
2020-03-21 15:23:42,603:EUC_vbounds:TAO/TRITION 190: v_bnd=0.2 tot=340 count=222 null=36 skip=6(T=1,L=5).
2020-03-21 15:23:46,418:EUC_vbounds:TAO/TRITION 220: v_bnd=0.2 tot=311 count=225 null=31 skip=41(T=0,L=41).
2020-03-21 15:23:47,072:cor_scatter_plot:R=0.90, p=0.000 (stats.spearmanr)
2020-03-21 15:23:47,072:cor_scatter_plot:Slope=0.38 Intercept=2.45 R=0.85 P=0.000 stder=0.01
2020-03-21 15:23:47,112:cor_scatter_plot:R=0.84, p=0.000 (stats.spearmanr)
2020-03-21 15:23:47,112:cor_scatter_plot:Slope=0.37 Intercept=-1.76 R=0.86 P=0.000 stder=0.01
2020-03-21 15:23:47,149:cor_scatter_plot:R=0.81, p=0.000 (stats.spearmanr)
2020-03-21 15:23:47,149:cor_scatter_plot:Slope=0.29 Intercept=-5.71 R=0.84 P=0.000 stder=0.01
2020-03-21 15:24:03,839:open_tao_data:Opening TAO mon data. Depth=slice(10, 360, None). SI=True
2020-03-21 15:24:09,058:EUC_vbounds:OFAM3 165: v_bnd=half_max tot=384 count=335 null=0 skip=46(T=6,L=40).
2020-03-21 15:24:16,456:EUC_vbounds:OFAM3 190: v_bnd=half_max tot=384 count=362 null=0 skip=22(T=5,L=17).
2020-03-21 15:24:23,410:EUC_vbounds:OFAM3 220: v_bnd=half_max tot=384 count=377 null=0 skip=5(T=1,L=4).
2020-03-21 15:24:26,155:open_tao_data:Opening TAO mon data. Depth=slice(10, 360, None). SI=True
2020-03-21 15:24:28,599:EUC_vbounds:TAO/TRITION 165: v_bnd=half_max tot=203 count=112 null=5 skip=86(T=63,L=23).
2020-03-21 15:24:32,540:EUC_vbounds:TAO/TRITION 190: v_bnd=half_max tot=340 count=280 null=36 skip=24(T=13,L=11).
2020-03-21 15:24:36,618:EUC_vbounds:TAO/TRITION 220: v_bnd=half_max tot=311 count=258 null=31 skip=22(T=0,L=22).
2020-03-21 15:24:44,551:EUC_vbounds:OFAM3 165: v_bnd=half_max tot=384 count=335 null=0 skip=46(T=6,L=40).
2020-03-21 15:24:52,099:EUC_vbounds:OFAM3 190: v_bnd=half_max tot=384 count=362 null=0 skip=22(T=5,L=17).
2020-03-21 15:24:59,429:EUC_vbounds:OFAM3 220: v_bnd=half_max tot=384 count=377 null=0 skip=5(T=1,L=4).
2020-03-21 15:25:02,208:open_tao_data:Opening TAO mon data. Depth=slice(10, 360, None). SI=True
2020-03-21 15:25:04,787:EUC_vbounds:TAO/TRITION 165: v_bnd=half_max tot=203 count=112 null=5 skip=86(T=63,L=23).
2020-03-21 15:25:08,877:EUC_vbounds:TAO/TRITION 190: v_bnd=half_max tot=340 count=280 null=36 skip=24(T=13,L=11).
2020-03-21 15:25:12,906:EUC_vbounds:TAO/TRITION 220: v_bnd=half_max tot=311 count=258 null=31 skip=22(T=0,L=22).
2020-03-21 15:25:13,642:cor_scatter_plot:R=0.90, p=0.000 (stats.spearmanr)
2020-03-21 15:25:13,642:cor_scatter_plot:Slope=0.44 Intercept=1.57 R=0.86 P=0.000 stder=0.01
2020-03-21 15:25:13,699:cor_scatter_plot:R=0.88, p=0.000 (stats.spearmanr)
2020-03-21 15:25:13,700:cor_scatter_plot:Slope=0.49 Intercept=-8.05 R=0.88 P=0.000 stder=0.01
2020-03-21 15:25:13,738:cor_scatter_plot:R=0.87, p=0.000 (stats.spearmanr)
2020-03-21 15:25:13,738:cor_scatter_plot:Slope=0.44 Intercept=-15.31 R=0.88 P=0.000 stder=0.01
2020-03-21 15:25:20,841:EUC_vbounds:OFAM3 165: v_bnd=half_max tot=384 count=335 null=0 skip=46(T=6,L=40).
2020-03-21 15:25:28,210:EUC_vbounds:OFAM3 190: v_bnd=half_max tot=384 count=362 null=0 skip=22(T=5,L=17).
2020-03-21 15:25:35,287:EUC_vbounds:OFAM3 220: v_bnd=half_max tot=384 count=377 null=0 skip=5(T=1,L=4).
2020-03-21 15:25:38,025:open_tao_data:Opening TAO mon data. Depth=slice(10, 360, None). SI=True
2020-03-21 15:25:40,654:EUC_vbounds:TAO/TRITION 165: v_bnd=half_max tot=203 count=112 null=5 skip=86(T=63,L=23).
2020-03-21 15:25:44,641:EUC_vbounds:TAO/TRITION 190: v_bnd=half_max tot=340 count=280 null=36 skip=24(T=13,L=11).
2020-03-21 15:25:48,513:EUC_vbounds:TAO/TRITION 220: v_bnd=half_max tot=311 count=258 null=31 skip=22(T=0,L=22).
2020-03-21 15:25:56,063:EUC_vbounds:OFAM3 165: v_bnd=0.3 tot=384 count=271 null=0 skip=104(T=61,L=43).
2020-03-21 15:26:03,010:EUC_vbounds:OFAM3 190: v_bnd=0.3 tot=384 count=340 null=0 skip=30(T=17,L=13).
2020-03-21 15:26:10,163:EUC_vbounds:OFAM3 220: v_bnd=0.3 tot=384 count=364 null=0 skip=5(T=0,L=5).
2020-03-21 15:26:12,800:open_tao_data:Opening TAO mon data. Depth=slice(10, 360, None). SI=True
2020-03-21 15:26:15,253:EUC_vbounds:TAO/TRITION 165: v_bnd=0.3 tot=203 count=108 null=5 skip=81(T=58,L=23).
2020-03-21 15:26:18,824:EUC_vbounds:TAO/TRITION 190: v_bnd=0.3 tot=340 count=222 null=36 skip=6(T=1,L=5).
2020-03-21 15:26:22,528:EUC_vbounds:TAO/TRITION 220: v_bnd=0.3 tot=311 count=225 null=31 skip=41(T=0,L=41).
2020-03-21 15:26:30,898:EUC_vbounds:OFAM3 165: v_bnd=0.3 tot=384 count=271 null=0 skip=104(T=61,L=43).
2020-03-21 15:26:37,948:EUC_vbounds:OFAM3 190: v_bnd=0.3 tot=384 count=340 null=0 skip=30(T=17,L=13).
2020-03-21 15:26:45,056:EUC_vbounds:OFAM3 220: v_bnd=0.3 tot=384 count=364 null=0 skip=5(T=0,L=5).
2020-03-21 15:26:47,798:open_tao_data:Opening TAO mon data. Depth=slice(10, 360, None). SI=True
2020-03-21 15:26:50,235:EUC_vbounds:TAO/TRITION 165: v_bnd=0.3 tot=203 count=108 null=5 skip=81(T=58,L=23).
2020-03-21 15:26:53,883:EUC_vbounds:TAO/TRITION 190: v_bnd=0.3 tot=340 count=222 null=36 skip=6(T=1,L=5).
2020-03-21 15:26:57,691:EUC_vbounds:TAO/TRITION 220: v_bnd=0.3 tot=311 count=225 null=31 skip=41(T=0,L=41).
2020-03-21 15:26:58,286:cor_scatter_plot:R=0.90, p=0.000 (stats.spearmanr)
2020-03-21 15:26:58,286:cor_scatter_plot:Slope=0.38 Intercept=2.45 R=0.85 P=0.000 stder=0.01
2020-03-21 15:26:58,342:cor_scatter_plot:R=0.84, p=0.000 (stats.spearmanr)
2020-03-21 15:26:58,342:cor_scatter_plot:Slope=0.37 Intercept=-1.76 R=0.86 P=0.000 stder=0.01
2020-03-21 15:26:58,385:cor_scatter_plot:R=0.81, p=0.000 (stats.spearmanr)
2020-03-21 15:26:58,385:cor_scatter_plot:Slope=0.29 Intercept=-5.71 R=0.84 P=0.000 stder=0.01
2020-03-21 15:27:06,596:EUC_vbounds:OFAM3 165: v_bnd=0.3 tot=384 count=271 null=0 skip=104(T=61,L=43).
2020-03-21 15:27:13,553:EUC_vbounds:OFAM3 190: v_bnd=0.3 tot=384 count=340 null=0 skip=30(T=17,L=13).
2020-03-21 15:27:20,400:EUC_vbounds:OFAM3 220: v_bnd=0.3 tot=384 count=364 null=0 skip=5(T=0,L=5).
2020-03-21 15:27:23,017:open_tao_data:Opening TAO mon data. Depth=slice(10, 360, None). SI=True
2020-03-21 15:27:25,418:EUC_vbounds:TAO/TRITION 165: v_bnd=0.3 tot=203 count=108 null=5 skip=81(T=58,L=23).
2020-03-21 15:27:28,925:EUC_vbounds:TAO/TRITION 190: v_bnd=0.3 tot=340 count=222 null=36 skip=6(T=1,L=5).
2020-03-21 15:27:32,585:EUC_vbounds:TAO/TRITION 220: v_bnd=0.3 tot=311 count=225 null=31 skip=41(T=0,L=41).
2020-03-21 15:27:40,562:EUC_vbounds:OFAM3 165: v_bnd=0.2 tot=384 count=271 null=0 skip=104(T=61,L=43).
2020-03-21 15:27:47,509:EUC_vbounds:OFAM3 190: v_bnd=0.2 tot=384 count=340 null=0 skip=30(T=17,L=13).
2020-03-21 15:27:54,512:EUC_vbounds:OFAM3 220: v_bnd=0.2 tot=384 count=364 null=0 skip=5(T=0,L=5).
2020-03-21 15:27:57,159:open_tao_data:Opening TAO mon data. Depth=slice(10, 360, None). SI=True
2020-03-21 15:27:59,739:EUC_vbounds:TAO/TRITION 165: v_bnd=0.2 tot=203 count=108 null=5 skip=81(T=58,L=23).
2020-03-21 15:28:03,542:EUC_vbounds:TAO/TRITION 190: v_bnd=0.2 tot=340 count=222 null=36 skip=6(T=1,L=5).
2020-03-21 15:28:07,394:EUC_vbounds:TAO/TRITION 220: v_bnd=0.2 tot=311 count=225 null=31 skip=41(T=0,L=41).
2020-03-21 15:28:15,005:EUC_vbounds:OFAM3 165: v_bnd=0.2 tot=384 count=271 null=0 skip=104(T=61,L=43).
2020-03-21 15:28:22,099:EUC_vbounds:OFAM3 190: v_bnd=0.2 tot=384 count=340 null=0 skip=30(T=17,L=13).
2020-03-21 15:28:29,202:EUC_vbounds:OFAM3 220: v_bnd=0.2 tot=384 count=364 null=0 skip=5(T=0,L=5).
2020-03-21 15:28:31,888:open_tao_data:Opening TAO mon data. Depth=slice(10, 360, None). SI=True
2020-03-21 15:28:34,464:EUC_vbounds:TAO/TRITION 165: v_bnd=0.2 tot=203 count=108 null=5 skip=81(T=58,L=23).
2020-03-21 15:28:38,055:EUC_vbounds:TAO/TRITION 190: v_bnd=0.2 tot=340 count=222 null=36 skip=6(T=1,L=5).
2020-03-21 15:28:41,847:EUC_vbounds:TAO/TRITION 220: v_bnd=0.2 tot=311 count=225 null=31 skip=41(T=0,L=41).
2020-03-21 15:28:42,428:cor_scatter_plot:R=0.90, p=0.000 (stats.spearmanr)
2020-03-21 15:28:42,428:cor_scatter_plot:Slope=0.38 Intercept=2.45 R=0.85 P=0.000 stder=0.01
2020-03-21 15:28:42,468:cor_scatter_plot:R=0.84, p=0.000 (stats.spearmanr)
2020-03-21 15:28:42,468:cor_scatter_plot:Slope=0.37 Intercept=-1.76 R=0.86 P=0.000 stder=0.01
2020-03-21 15:28:42,508:cor_scatter_plot:R=0.81, p=0.000 (stats.spearmanr)
2020-03-21 15:28:42,508:cor_scatter_plot:Slope=0.29 Intercept=-5.71 R=0.84 P=0.000 stder=0.01
2020-03-21 15:28:50,524:EUC_vbounds:OFAM3 165: v_bnd=0.2 tot=384 count=271 null=0 skip=104(T=61,L=43).
2020-03-21 15:28:57,683:EUC_vbounds:OFAM3 190: v_bnd=0.2 tot=384 count=340 null=0 skip=30(T=17,L=13).
2020-03-21 15:29:04,699:EUC_vbounds:OFAM3 220: v_bnd=0.2 tot=384 count=364 null=0 skip=5(T=0,L=5).
2020-03-21 15:29:07,378:open_tao_data:Opening TAO mon data. Depth=slice(10, 360, None). SI=True
2020-03-21 15:29:09,858:EUC_vbounds:TAO/TRITION 165: v_bnd=0.2 tot=203 count=108 null=5 skip=81(T=58,L=23).
2020-03-21 15:29:13,593:EUC_vbounds:TAO/TRITION 190: v_bnd=0.2 tot=340 count=222 null=36 skip=6(T=1,L=5).
2020-03-21 15:29:17,413:EUC_vbounds:TAO/TRITION 220: v_bnd=0.2 tot=311 count=225 null=31 skip=41(T=0,L=41).
2020-03-21 15:29:25,295:EUC_vbounds:OFAM3 165: v_bnd=0.1 tot=384 count=271 null=0 skip=104(T=61,L=43).
2020-03-21 15:29:32,239:EUC_vbounds:OFAM3 190: v_bnd=0.1 tot=384 count=340 null=0 skip=30(T=17,L=13).
2020-03-21 15:29:39,190:EUC_vbounds:OFAM3 220: v_bnd=0.1 tot=384 count=364 null=0 skip=5(T=0,L=5).
2020-03-21 15:29:41,789:open_tao_data:Opening TAO mon data. Depth=slice(10, 360, None). SI=True
2020-03-21 15:29:44,307:EUC_vbounds:TAO/TRITION 165: v_bnd=0.1 tot=203 count=108 null=5 skip=81(T=58,L=23).
2020-03-21 15:29:47,956:EUC_vbounds:TAO/TRITION 190: v_bnd=0.1 tot=340 count=222 null=36 skip=6(T=1,L=5).
2020-03-21 15:29:51,794:EUC_vbounds:TAO/TRITION 220: v_bnd=0.1 tot=311 count=225 null=31 skip=41(T=0,L=41).
2020-03-21 15:29:59,442:EUC_vbounds:OFAM3 165: v_bnd=0.1 tot=384 count=271 null=0 skip=104(T=61,L=43).
2020-03-21 15:30:06,710:EUC_vbounds:OFAM3 190: v_bnd=0.1 tot=384 count=340 null=0 skip=30(T=17,L=13).
2020-03-21 15:30:13,923:EUC_vbounds:OFAM3 220: v_bnd=0.1 tot=384 count=364 null=0 skip=5(T=0,L=5).
2020-03-21 15:30:16,655:open_tao_data:Opening TAO mon data. Depth=slice(10, 360, None). SI=True
2020-03-21 15:30:19,143:EUC_vbounds:TAO/TRITION 165: v_bnd=0.1 tot=203 count=108 null=5 skip=81(T=58,L=23).
2020-03-21 15:30:22,784:EUC_vbounds:TAO/TRITION 190: v_bnd=0.1 tot=340 count=222 null=36 skip=6(T=1,L=5).
2020-03-21 15:30:26,653:EUC_vbounds:TAO/TRITION 220: v_bnd=0.1 tot=311 count=225 null=31 skip=41(T=0,L=41).
2020-03-21 15:30:27,235:cor_scatter_plot:R=0.90, p=0.000 (stats.spearmanr)
2020-03-21 15:30:27,235:cor_scatter_plot:Slope=0.38 Intercept=2.45 R=0.85 P=0.000 stder=0.01
2020-03-21 15:30:27,274:cor_scatter_plot:R=0.84, p=0.000 (stats.spearmanr)
2020-03-21 15:30:27,275:cor_scatter_plot:Slope=0.37 Intercept=-1.76 R=0.86 P=0.000 stder=0.01
2020-03-21 15:30:27,313:cor_scatter_plot:R=0.81, p=0.000 (stats.spearmanr)
2020-03-21 15:30:27,313:cor_scatter_plot:Slope=0.29 Intercept=-5.71 R=0.84 P=0.000 stder=0.01
2020-03-21 15:30:34,526:EUC_vbounds:OFAM3 165: v_bnd=0.1 tot=384 count=271 null=0 skip=104(T=61,L=43).
2020-03-21 15:30:41,484:EUC_vbounds:OFAM3 190: v_bnd=0.1 tot=384 count=340 null=0 skip=30(T=17,L=13).
2020-03-21 15:30:48,468:EUC_vbounds:OFAM3 220: v_bnd=0.1 tot=384 count=364 null=0 skip=5(T=0,L=5).
2020-03-21 15:30:51,110:open_tao_data:Opening TAO mon data. Depth=slice(10, 360, None). SI=True
2020-03-21 15:30:53,698:EUC_vbounds:TAO/TRITION 165: v_bnd=0.1 tot=203 count=108 null=5 skip=81(T=58,L=23).
2020-03-21 15:30:57,243:EUC_vbounds:TAO/TRITION 190: v_bnd=0.1 tot=340 count=222 null=36 skip=6(T=1,L=5).
2020-03-21 15:31:00,976:EUC_vbounds:TAO/TRITION 220: v_bnd=0.1 tot=311 count=225 null=31 skip=41(T=0,L=41).
2020-03-21 16:16:27,033:open_tao_data:Opening TAO mon data. Depth=slice(10, 360, None). SI=True
2020-03-21 16:16:32,444:EUC_vbounds:TAO/TRITION 165: v_bnd=half_max tot=202 count=112 null=5 skip=85(T=62,L=23).
2020-03-21 16:16:39,249:EUC_vbounds:OFAM3 165: v_bnd=half_max tot=202 count=172 null=0 skip=30(T=4,L=26).
2020-03-21 16:16:46,827:EUC_vbounds:TAO/TRITION 190: v_bnd=half_max tot=296 count=240 null=35 skip=21(T=11,L=10).
2020-03-21 16:16:56,708:EUC_vbounds:OFAM3 190: v_bnd=half_max tot=295 count=282 null=0 skip=13(T=1,L=12).
2020-03-21 16:17:02,793:EUC_vbounds:TAO/TRITION 220: v_bnd=half_max tot=272 count=229 null=25 skip=18(T=0,L=18).
2020-03-21 16:17:10,388:EUC_vbounds:OFAM3 220: v_bnd=half_max tot=271 count=266 null=0 skip=3(T=1,L=2).
2020-03-21 16:17:19,698:EUC_vbounds:TAO/TRITION 165: v_bnd=0.3 tot=202 count=107 null=5 skip=80(T=57,L=23).
2020-03-21 16:17:26,330:EUC_vbounds:OFAM3 165: v_bnd=0.3 tot=202 count=141 null=0 skip=32(T=7,L=25).
2020-03-21 16:17:34,410:EUC_vbounds:TAO/TRITION 190: v_bnd=0.3 tot=296 count=192 null=35 skip=6(T=1,L=5).
2020-03-21 16:17:44,322:EUC_vbounds:OFAM3 190: v_bnd=0.3 tot=295 count=201 null=0 skip=4(T=0,L=4).
2020-03-21 16:17:50,296:EUC_vbounds:TAO/TRITION 220: v_bnd=0.3 tot=272 count=201 null=25 skip=37(T=0,L=37).
2020-03-21 16:17:58,004:EUC_vbounds:OFAM3 220: v_bnd=0.3 tot=271 count=259 null=0 skip=4(T=0,L=4).
2020-03-21 16:18:08,081:EUC_vbounds:TAO/TRITION 165: v_bnd=0.2 tot=202 count=107 null=5 skip=80(T=57,L=23).
2020-03-21 16:18:14,661:EUC_vbounds:OFAM3 165: v_bnd=0.2 tot=202 count=141 null=0 skip=32(T=7,L=25).
2020-03-21 16:18:22,818:EUC_vbounds:TAO/TRITION 190: v_bnd=0.2 tot=296 count=192 null=35 skip=6(T=1,L=5).
2020-03-21 16:18:32,810:EUC_vbounds:OFAM3 190: v_bnd=0.2 tot=295 count=201 null=0 skip=4(T=0,L=4).
2020-03-21 16:18:38,615:EUC_vbounds:TAO/TRITION 220: v_bnd=0.2 tot=272 count=201 null=25 skip=37(T=0,L=37).
2020-03-21 16:18:46,472:EUC_vbounds:OFAM3 220: v_bnd=0.2 tot=271 count=259 null=0 skip=4(T=0,L=4).
2020-03-21 16:24:09,274:open_tao_data:Opening TAO mon data. Depth=slice(10, 360, None). SI=True
2020-03-21 16:24:21,074:EUC_vbounds:OFAM3 165: v_bnd=half_max tot=384 count=335 null=0 skip=46(T=6,L=40).
2020-03-21 16:24:34,901:EUC_vbounds:OFAM3 190: v_bnd=half_max tot=384 count=362 null=0 skip=22(T=5,L=17).
2020-03-21 16:24:47,357:EUC_vbounds:OFAM3 220: v_bnd=half_max tot=384 count=377 null=0 skip=5(T=1,L=4).
2020-03-21 16:24:50,107:open_tao_data:Opening TAO mon data. Depth=slice(10, 360, None). SI=True
2020-03-21 16:24:55,198:EUC_vbounds:TAO/TRITION 165: v_bnd=half_max tot=203 count=112 null=5 skip=86(T=63,L=23).
2020-03-21 16:25:04,412:EUC_vbounds:TAO/TRITION 190: v_bnd=half_max tot=340 count=280 null=36 skip=24(T=13,L=11).
2020-03-21 16:25:11,598:EUC_vbounds:TAO/TRITION 220: v_bnd=half_max tot=311 count=258 null=31 skip=22(T=0,L=22).
2020-03-21 16:25:26,442:EUC_vbounds:OFAM3 165: v_bnd=half_max tot=384 count=335 null=0 skip=46(T=6,L=40).
2020-03-21 16:25:40,494:EUC_vbounds:OFAM3 190: v_bnd=half_max tot=384 count=362 null=0 skip=22(T=5,L=17).
2020-03-21 16:25:53,059:EUC_vbounds:OFAM3 220: v_bnd=half_max tot=384 count=377 null=0 skip=5(T=1,L=4).
2020-03-21 16:25:55,917:open_tao_data:Opening TAO mon data. Depth=slice(10, 360, None). SI=True
2020-03-21 16:26:01,021:EUC_vbounds:TAO/TRITION 165: v_bnd=half_max tot=203 count=112 null=5 skip=86(T=63,L=23).
2020-03-21 16:26:10,264:EUC_vbounds:TAO/TRITION 190: v_bnd=half_max tot=340 count=280 null=36 skip=24(T=13,L=11).
2020-03-21 16:26:17,631:EUC_vbounds:TAO/TRITION 220: v_bnd=half_max tot=311 count=258 null=31 skip=22(T=0,L=22).
2020-03-21 16:26:18,263:cor_scatter_plot:R=0.90, p=0.000 (stats.spearmanr)
2020-03-21 16:26:18,263:cor_scatter_plot:Slope=0.44 Intercept=1.77 R=0.84 P=0.000 stder=0.02
2020-03-21 16:26:18,304:cor_scatter_plot:R=0.88, p=0.000 (stats.spearmanr)
2020-03-21 16:26:18,304:cor_scatter_plot:Slope=0.49 Intercept=-7.77 R=0.87 P=0.000 stder=0.01
2020-03-21 16:26:18,346:cor_scatter_plot:R=0.87, p=0.000 (stats.spearmanr)
2020-03-21 16:26:18,347:cor_scatter_plot:Slope=0.44 Intercept=-15.23 R=0.88 P=0.000 stder=0.01
2020-03-21 16:26:33,675:EUC_vbounds:OFAM3 165: v_bnd=half_max tot=384 count=335 null=0 skip=46(T=6,L=40).
2020-03-21 16:26:47,439:EUC_vbounds:OFAM3 190: v_bnd=half_max tot=384 count=362 null=0 skip=22(T=5,L=17).
2020-03-21 16:27:00,399:EUC_vbounds:OFAM3 220: v_bnd=half_max tot=384 count=377 null=0 skip=5(T=1,L=4).
2020-03-21 16:27:03,131:open_tao_data:Opening TAO mon data. Depth=slice(10, 360, None). SI=True
2020-03-21 16:27:08,482:EUC_vbounds:TAO/TRITION 165: v_bnd=half_max tot=203 count=112 null=5 skip=86(T=63,L=23).
2020-03-21 16:27:17,754:EUC_vbounds:TAO/TRITION 190: v_bnd=half_max tot=340 count=280 null=36 skip=24(T=13,L=11).
2020-03-21 16:27:25,302:EUC_vbounds:TAO/TRITION 220: v_bnd=half_max tot=311 count=258 null=31 skip=22(T=0,L=22).
2020-03-21 16:27:38,721:EUC_vbounds:OFAM3 165: v_bnd=0.3 tot=384 count=271 null=0 skip=104(T=61,L=43).
2020-03-21 16:27:52,183:EUC_vbounds:OFAM3 190: v_bnd=0.3 tot=384 count=340 null=0 skip=30(T=17,L=13).
2020-03-21 16:28:04,688:EUC_vbounds:OFAM3 220: v_bnd=0.3 tot=384 count=364 null=0 skip=5(T=0,L=5).
2020-03-21 16:28:07,420:open_tao_data:Opening TAO mon data. Depth=slice(10, 360, None). SI=True
2020-03-21 16:28:12,600:EUC_vbounds:TAO/TRITION 165: v_bnd=0.3 tot=203 count=107 null=5 skip=81(T=58,L=23).
2020-03-21 16:28:22,408:EUC_vbounds:TAO/TRITION 190: v_bnd=0.3 tot=340 count=222 null=36 skip=6(T=1,L=5).
2020-03-21 16:28:29,605:EUC_vbounds:TAO/TRITION 220: v_bnd=0.3 tot=311 count=225 null=31 skip=41(T=0,L=41).
2020-03-21 16:28:42,841:EUC_vbounds:OFAM3 165: v_bnd=0.3 tot=384 count=271 null=0 skip=104(T=61,L=43).
2020-03-21 16:28:56,388:EUC_vbounds:OFAM3 190: v_bnd=0.3 tot=384 count=340 null=0 skip=30(T=17,L=13).
2020-03-21 16:29:08,921:EUC_vbounds:OFAM3 220: v_bnd=0.3 tot=384 count=364 null=0 skip=5(T=0,L=5).
2020-03-21 16:29:11,505:open_tao_data:Opening TAO mon data. Depth=slice(10, 360, None). SI=True
2020-03-21 16:29:16,785:EUC_vbounds:TAO/TRITION 165: v_bnd=0.3 tot=203 count=107 null=5 skip=81(T=58,L=23).
2020-03-21 16:29:26,485:EUC_vbounds:TAO/TRITION 190: v_bnd=0.3 tot=340 count=222 null=36 skip=6(T=1,L=5).
2020-03-21 16:29:33,756:EUC_vbounds:TAO/TRITION 220: v_bnd=0.3 tot=311 count=225 null=31 skip=41(T=0,L=41).
2020-03-21 16:29:34,368:cor_scatter_plot:R=0.89, p=0.000 (stats.spearmanr)
2020-03-21 16:29:34,368:cor_scatter_plot:Slope=0.38 Intercept=2.52 R=0.84 P=0.000 stder=0.01
2020-03-21 16:29:34,407:cor_scatter_plot:R=0.84, p=0.000 (stats.spearmanr)
2020-03-21 16:29:34,407:cor_scatter_plot:Slope=0.37 Intercept=-1.68 R=0.86 P=0.000 stder=0.01
2020-03-21 16:29:34,449:cor_scatter_plot:R=0.81, p=0.000 (stats.spearmanr)
2020-03-21 16:29:34,449:cor_scatter_plot:Slope=0.29 Intercept=-5.71 R=0.84 P=0.000 stder=0.01
2020-03-21 16:29:47,316:EUC_vbounds:OFAM3 165: v_bnd=0.3 tot=384 count=271 null=0 skip=104(T=61,L=43).
2020-03-21 16:30:00,807:EUC_vbounds:OFAM3 190: v_bnd=0.3 tot=384 count=340 null=0 skip=30(T=17,L=13).
2020-03-21 16:30:13,470:EUC_vbounds:OFAM3 220: v_bnd=0.3 tot=384 count=364 null=0 skip=5(T=0,L=5).
2020-03-21 16:30:16,143:open_tao_data:Opening TAO mon data. Depth=slice(10, 360, None). SI=True
2020-03-21 16:30:21,384:EUC_vbounds:TAO/TRITION 165: v_bnd=0.3 tot=203 count=107 null=5 skip=81(T=58,L=23).
2020-03-21 16:30:31,159:EUC_vbounds:TAO/TRITION 190: v_bnd=0.3 tot=340 count=222 null=36 skip=6(T=1,L=5).
2020-03-21 16:30:38,369:EUC_vbounds:TAO/TRITION 220: v_bnd=0.3 tot=311 count=225 null=31 skip=41(T=0,L=41).
2020-03-21 16:30:51,838:EUC_vbounds:OFAM3 165: v_bnd=0.2 tot=384 count=271 null=0 skip=104(T=61,L=43).
2020-03-21 16:31:05,194:EUC_vbounds:OFAM3 190: v_bnd=0.2 tot=384 count=340 null=0 skip=30(T=17,L=13).
2020-03-21 16:31:17,562:EUC_vbounds:OFAM3 220: v_bnd=0.2 tot=384 count=364 null=0 skip=5(T=0,L=5).
2020-03-21 16:31:20,148:open_tao_data:Opening TAO mon data. Depth=slice(10, 360, None). SI=True
2020-03-21 16:31:25,384:EUC_vbounds:TAO/TRITION 165: v_bnd=0.2 tot=203 count=107 null=5 skip=81(T=58,L=23).
2020-03-21 16:31:35,196:EUC_vbounds:TAO/TRITION 190: v_bnd=0.2 tot=340 count=222 null=36 skip=6(T=1,L=5).
2020-03-21 16:31:42,393:EUC_vbounds:TAO/TRITION 220: v_bnd=0.2 tot=311 count=225 null=31 skip=41(T=0,L=41).
2020-03-21 16:31:55,659:EUC_vbounds:OFAM3 165: v_bnd=0.2 tot=384 count=271 null=0 skip=104(T=61,L=43).
2020-03-21 16:32:09,118:EUC_vbounds:OFAM3 190: v_bnd=0.2 tot=384 count=340 null=0 skip=30(T=17,L=13).
2020-03-21 16:32:21,708:EUC_vbounds:OFAM3 220: v_bnd=0.2 tot=384 count=364 null=0 skip=5(T=0,L=5).
2020-03-21 16:32:24,355:open_tao_data:Opening TAO mon data. Depth=slice(10, 360, None). SI=True
2020-03-21 16:32:29,703:EUC_vbounds:TAO/TRITION 165: v_bnd=0.2 tot=203 count=107 null=5 skip=81(T=58,L=23).
2020-03-21 16:32:39,460:EUC_vbounds:TAO/TRITION 190: v_bnd=0.2 tot=340 count=222 null=36 skip=6(T=1,L=5).
2020-03-21 16:32:46,626:EUC_vbounds:TAO/TRITION 220: v_bnd=0.2 tot=311 count=225 null=31 skip=41(T=0,L=41).
2020-03-21 16:32:47,222:cor_scatter_plot:R=0.89, p=0.000 (stats.spearmanr)
2020-03-21 16:32:47,222:cor_scatter_plot:Slope=0.38 Intercept=2.52 R=0.84 P=0.000 stder=0.01
2020-03-21 16:32:47,277:cor_scatter_plot:R=0.84, p=0.000 (stats.spearmanr)
2020-03-21 16:32:47,277:cor_scatter_plot:Slope=0.37 Intercept=-1.68 R=0.86 P=0.000 stder=0.01
2020-03-21 16:32:47,325:cor_scatter_plot:R=0.81, p=0.000 (stats.spearmanr)
2020-03-21 16:32:47,326:cor_scatter_plot:Slope=0.29 Intercept=-5.71 R=0.84 P=0.000 stder=0.01
2020-03-21 16:32:59,915:EUC_vbounds:OFAM3 165: v_bnd=0.2 tot=384 count=271 null=0 skip=104(T=61,L=43).
2020-03-21 16:33:13,360:EUC_vbounds:OFAM3 190: v_bnd=0.2 tot=384 count=340 null=0 skip=30(T=17,L=13).
2020-03-21 16:33:25,552:EUC_vbounds:OFAM3 220: v_bnd=0.2 tot=384 count=364 null=0 skip=5(T=0,L=5).
2020-03-21 16:33:28,138:open_tao_data:Opening TAO mon data. Depth=slice(10, 360, None). SI=True
2020-03-21 16:33:33,335:EUC_vbounds:TAO/TRITION 165: v_bnd=0.2 tot=203 count=107 null=5 skip=81(T=58,L=23).
2020-03-21 16:33:43,066:EUC_vbounds:TAO/TRITION 190: v_bnd=0.2 tot=340 count=222 null=36 skip=6(T=1,L=5).
2020-03-21 16:33:50,415:EUC_vbounds:TAO/TRITION 220: v_bnd=0.2 tot=311 count=225 null=31 skip=41(T=0,L=41).
2020-03-21 16:34:04,210:EUC_vbounds:OFAM3 165: v_bnd=0.1 tot=384 count=271 null=0 skip=104(T=61,L=43).
2020-03-21 16:34:17,842:EUC_vbounds:OFAM3 190: v_bnd=0.1 tot=384 count=340 null=0 skip=30(T=17,L=13).
2020-03-21 16:34:30,059:EUC_vbounds:OFAM3 220: v_bnd=0.1 tot=384 count=364 null=0 skip=5(T=0,L=5).
2020-03-21 16:34:32,820:open_tao_data:Opening TAO mon data. Depth=slice(10, 360, None). SI=True
2020-03-21 16:34:38,245:EUC_vbounds:TAO/TRITION 165: v_bnd=0.1 tot=203 count=107 null=5 skip=81(T=58,L=23).
2020-03-21 16:34:48,135:EUC_vbounds:TAO/TRITION 190: v_bnd=0.1 tot=340 count=222 null=36 skip=6(T=1,L=5).
2020-03-21 16:34:55,459:EUC_vbounds:TAO/TRITION 220: v_bnd=0.1 tot=311 count=225 null=31 skip=41(T=0,L=41).
2020-03-21 16:35:08,720:EUC_vbounds:OFAM3 165: v_bnd=0.1 tot=384 count=271 null=0 skip=104(T=61,L=43).
2020-03-21 16:35:22,164:EUC_vbounds:OFAM3 190: v_bnd=0.1 tot=384 count=340 null=0 skip=30(T=17,L=13).
2020-03-21 16:35:34,543:EUC_vbounds:OFAM3 220: v_bnd=0.1 tot=384 count=364 null=0 skip=5(T=0,L=5).
2020-03-21 16:35:37,308:open_tao_data:Opening TAO mon data. Depth=slice(10, 360, None). SI=True
2020-03-21 16:35:42,501:EUC_vbounds:TAO/TRITION 165: v_bnd=0.1 tot=203 count=107 null=5 skip=81(T=58,L=23).
2020-03-21 16:35:52,069:EUC_vbounds:TAO/TRITION 190: v_bnd=0.1 tot=340 count=222 null=36 skip=6(T=1,L=5).
2020-03-21 16:35:59,100:EUC_vbounds:TAO/TRITION 220: v_bnd=0.1 tot=311 count=225 null=31 skip=41(T=0,L=41).
2020-03-21 16:35:59,723:cor_scatter_plot:R=0.89, p=0.000 (stats.spearmanr)
2020-03-21 16:35:59,723:cor_scatter_plot:Slope=0.38 Intercept=2.52 R=0.84 P=0.000 stder=0.01
2020-03-21 16:35:59,761:cor_scatter_plot:R=0.84, p=0.000 (stats.spearmanr)
2020-03-21 16:35:59,761:cor_scatter_plot:Slope=0.37 Intercept=-1.68 R=0.86 P=0.000 stder=0.01
2020-03-21 16:35:59,800:cor_scatter_plot:R=0.81, p=0.000 (stats.spearmanr)
2020-03-21 16:35:59,800:cor_scatter_plot:Slope=0.29 Intercept=-5.71 R=0.84 P=0.000 stder=0.01
2020-03-21 16:36:12,355:EUC_vbounds:OFAM3 165: v_bnd=0.1 tot=384 count=271 null=0 skip=104(T=61,L=43).
2020-03-21 16:36:25,991:EUC_vbounds:OFAM3 190: v_bnd=0.1 tot=384 count=340 null=0 skip=30(T=17,L=13).
2020-03-21 16:36:38,353:EUC_vbounds:OFAM3 220: v_bnd=0.1 tot=384 count=364 null=0 skip=5(T=0,L=5).
2020-03-21 16:36:41,152:open_tao_data:Opening TAO mon data. Depth=slice(10, 360, None). SI=True
2020-03-21 16:36:46,573:EUC_vbounds:TAO/TRITION 165: v_bnd=0.1 tot=203 count=107 null=5 skip=81(T=58,L=23).
2020-03-21 16:36:56,732:EUC_vbounds:TAO/TRITION 190: v_bnd=0.1 tot=340 count=222 null=36 skip=6(T=1,L=5).
2020-03-21 16:37:04,014:EUC_vbounds:TAO/TRITION 220: v_bnd=0.1 tot=311 count=225 null=31 skip=41(T=0,L=41).
2020-03-21 16:41:47,310:open_tao_data:Opening TAO mon data. Depth=slice(10, 360, None). SI=True
2020-03-21 16:41:59,626:EUC_vbounds:OFAM3 165: v_bnd=half_max tot=384 count=335 null=0 skip=46(T=6,L=40).
2020-03-21 16:42:14,041:EUC_vbounds:OFAM3 190: v_bnd=half_max tot=384 count=362 null=0 skip=22(T=5,L=17).
2020-03-21 16:42:26,697:EUC_vbounds:OFAM3 220: v_bnd=half_max tot=384 count=377 null=0 skip=5(T=1,L=4).
2020-03-21 16:42:29,293:open_tao_data:Opening TAO mon data. Depth=slice(10, 360, None). SI=True
2020-03-21 16:42:34,310:EUC_vbounds:TAO/TRITION 165: v_bnd=half_max tot=203 count=112 null=5 skip=86(T=63,L=23).
2020-03-21 16:42:43,600:EUC_vbounds:TAO/TRITION 190: v_bnd=half_max tot=340 count=280 null=36 skip=24(T=13,L=11).
2020-03-21 16:42:51,077:EUC_vbounds:TAO/TRITION 220: v_bnd=half_max tot=311 count=258 null=31 skip=22(T=0,L=22).
2020-03-21 16:43:06,443:EUC_vbounds:OFAM3 165: v_bnd=half_max tot=384 count=335 null=0 skip=46(T=6,L=40).
2020-03-21 16:43:20,795:EUC_vbounds:OFAM3 190: v_bnd=half_max tot=384 count=362 null=0 skip=22(T=5,L=17).
2020-03-21 16:43:33,502:EUC_vbounds:OFAM3 220: v_bnd=half_max tot=384 count=377 null=0 skip=5(T=1,L=4).
2020-03-21 16:43:36,370:open_tao_data:Opening TAO mon data. Depth=slice(10, 360, None). SI=True
2020-03-21 16:43:41,550:EUC_vbounds:TAO/TRITION 165: v_bnd=half_max tot=203 count=112 null=5 skip=86(T=63,L=23).
2020-03-21 16:43:50,829:EUC_vbounds:TAO/TRITION 190: v_bnd=half_max tot=340 count=280 null=36 skip=24(T=13,L=11).
2020-03-21 16:43:58,284:EUC_vbounds:TAO/TRITION 220: v_bnd=half_max tot=311 count=258 null=31 skip=22(T=0,L=22).
2020-03-21 16:43:58,968:cor_scatter_plot:R=0.90, p=0.000 (stats.spearmanr)
2020-03-21 16:43:58,969:cor_scatter_plot:Slope=0.44 Intercept=1.77 R=0.84 P=0.000 stder=0.02
2020-03-21 16:43:59,022:cor_scatter_plot:R=0.88, p=0.000 (stats.spearmanr)
2020-03-21 16:43:59,022:cor_scatter_plot:Slope=0.49 Intercept=-7.77 R=0.87 P=0.000 stder=0.01
2020-03-21 16:43:59,061:cor_scatter_plot:R=0.87, p=0.000 (stats.spearmanr)
2020-03-21 16:43:59,061:cor_scatter_plot:Slope=0.44 Intercept=-15.23 R=0.88 P=0.000 stder=0.01
2020-03-21 16:44:13,567:EUC_vbounds:OFAM3 165: v_bnd=half_max tot=384 count=335 null=0 skip=46(T=6,L=40).
2020-03-21 16:44:27,390:EUC_vbounds:OFAM3 190: v_bnd=half_max tot=384 count=362 null=0 skip=22(T=5,L=17).
2020-03-21 16:44:39,986:EUC_vbounds:OFAM3 220: v_bnd=half_max tot=384 count=377 null=0 skip=5(T=1,L=4).
2020-03-21 16:44:42,766:open_tao_data:Opening TAO mon data. Depth=slice(10, 360, None). SI=True
2020-03-21 16:44:47,952:EUC_vbounds:TAO/TRITION 165: v_bnd=half_max tot=203 count=112 null=5 skip=86(T=63,L=23).
2020-03-21 16:44:57,166:EUC_vbounds:TAO/TRITION 190: v_bnd=half_max tot=340 count=280 null=36 skip=24(T=13,L=11).
2020-03-21 16:45:04,809:EUC_vbounds:TAO/TRITION 220: v_bnd=half_max tot=311 count=258 null=31 skip=22(T=0,L=22).
2020-03-21 16:45:18,236:EUC_vbounds:OFAM3 165: v_bnd=0.3 tot=384 count=271 null=0 skip=104(T=61,L=43).
2020-03-21 16:45:31,558:EUC_vbounds:OFAM3 190: v_bnd=0.3 tot=384 count=340 null=0 skip=30(T=17,L=13).
2020-03-21 16:45:44,049:EUC_vbounds:OFAM3 220: v_bnd=0.3 tot=384 count=364 null=0 skip=5(T=0,L=5).
2020-03-21 16:45:46,687:open_tao_data:Opening TAO mon data. Depth=slice(10, 360, None). SI=True
2020-03-21 16:45:52,077:EUC_vbounds:TAO/TRITION 165: v_bnd=0.3 tot=203 count=107 null=5 skip=81(T=58,L=23).
2020-03-21 16:46:01,772:EUC_vbounds:TAO/TRITION 190: v_bnd=0.3 tot=340 count=222 null=36 skip=6(T=1,L=5).
2020-03-21 16:46:08,833:EUC_vbounds:TAO/TRITION 220: v_bnd=0.3 tot=311 count=225 null=31 skip=41(T=0,L=41).
2020-03-21 16:46:22,393:EUC_vbounds:OFAM3 165: v_bnd=0.3 tot=384 count=271 null=0 skip=104(T=61,L=43).
2020-03-21 16:46:35,997:EUC_vbounds:OFAM3 190: v_bnd=0.3 tot=384 count=340 null=0 skip=30(T=17,L=13).
2020-03-21 16:46:48,744:EUC_vbounds:OFAM3 220: v_bnd=0.3 tot=384 count=364 null=0 skip=5(T=0,L=5).
2020-03-21 16:46:51,440:open_tao_data:Opening TAO mon data. Depth=slice(10, 360, None). SI=True
2020-03-21 16:46:56,720:EUC_vbounds:TAO/TRITION 165: v_bnd=0.3 tot=203 count=107 null=5 skip=81(T=58,L=23).
2020-03-21 16:47:06,606:EUC_vbounds:TAO/TRITION 190: v_bnd=0.3 tot=340 count=222 null=36 skip=6(T=1,L=5).
2020-03-21 16:47:13,802:EUC_vbounds:TAO/TRITION 220: v_bnd=0.3 tot=311 count=225 null=31 skip=41(T=0,L=41).
2020-03-21 16:47:14,483:cor_scatter_plot:R=0.89, p=0.000 (stats.spearmanr)
2020-03-21 16:47:14,483:cor_scatter_plot:Slope=0.38 Intercept=2.52 R=0.84 P=0.000 stder=0.01
2020-03-21 16:47:14,538:cor_scatter_plot:R=0.84, p=0.000 (stats.spearmanr)
2020-03-21 16:47:14,538:cor_scatter_plot:Slope=0.37 Intercept=-1.68 R=0.86 P=0.000 stder=0.01
2020-03-21 16:47:14,577:cor_scatter_plot:R=0.81, p=0.000 (stats.spearmanr)
2020-03-21 16:47:14,578:cor_scatter_plot:Slope=0.29 Intercept=-5.71 R=0.84 P=0.000 stder=0.01
2020-03-21 16:47:27,647:EUC_vbounds:OFAM3 165: v_bnd=0.3 tot=384 count=271 null=0 skip=104(T=61,L=43).
2020-03-21 16:47:41,212:EUC_vbounds:OFAM3 190: v_bnd=0.3 tot=384 count=340 null=0 skip=30(T=17,L=13).
2020-03-21 16:47:53,679:EUC_vbounds:OFAM3 220: v_bnd=0.3 tot=384 count=364 null=0 skip=5(T=0,L=5).
2020-03-21 16:47:56,359:open_tao_data:Opening TAO mon data. Depth=slice(10, 360, None). SI=True
2020-03-21 16:48:01,690:EUC_vbounds:TAO/TRITION 165: v_bnd=0.3 tot=203 count=107 null=5 skip=81(T=58,L=23).
2020-03-21 16:48:11,506:EUC_vbounds:TAO/TRITION 190: v_bnd=0.3 tot=340 count=222 null=36 skip=6(T=1,L=5).
2020-03-21 16:48:18,898:EUC_vbounds:TAO/TRITION 220: v_bnd=0.3 tot=311 count=225 null=31 skip=41(T=0,L=41).
2020-03-21 16:48:32,407:EUC_vbounds:OFAM3 165: v_bnd=0.2 tot=384 count=271 null=0 skip=104(T=61,L=43).
2020-03-21 16:48:46,016:EUC_vbounds:OFAM3 190: v_bnd=0.2 tot=384 count=340 null=0 skip=30(T=17,L=13).
2020-03-21 16:48:58,639:EUC_vbounds:OFAM3 220: v_bnd=0.2 tot=384 count=364 null=0 skip=5(T=0,L=5).
2020-03-21 16:49:01,409:open_tao_data:Opening TAO mon data. Depth=slice(10, 360, None). SI=True
2020-03-21 16:49:06,655:EUC_vbounds:TAO/TRITION 165: v_bnd=0.2 tot=203 count=107 null=5 skip=81(T=58,L=23).
2020-03-21 16:49:16,567:EUC_vbounds:TAO/TRITION 190: v_bnd=0.2 tot=340 count=222 null=36 skip=6(T=1,L=5).
2020-03-21 16:49:24,098:EUC_vbounds:TAO/TRITION 220: v_bnd=0.2 tot=311 count=225 null=31 skip=41(T=0,L=41).
2020-03-21 16:49:39,363:EUC_vbounds:OFAM3 165: v_bnd=0.2 tot=384 count=271 null=0 skip=104(T=61,L=43).
2020-03-21 16:49:53,281:EUC_vbounds:OFAM3 190: v_bnd=0.2 tot=384 count=340 null=0 skip=30(T=17,L=13).
2020-03-21 16:50:06,235:EUC_vbounds:OFAM3 220: v_bnd=0.2 tot=384 count=364 null=0 skip=5(T=0,L=5).
2020-03-21 16:50:09,495:open_tao_data:Opening TAO mon data. Depth=slice(10, 360, None). SI=True
2020-03-21 16:50:14,898:EUC_vbounds:TAO/TRITION 165: v_bnd=0.2 tot=203 count=107 null=5 skip=81(T=58,L=23).
2020-03-21 16:50:24,860:EUC_vbounds:TAO/TRITION 190: v_bnd=0.2 tot=340 count=222 null=36 skip=6(T=1,L=5).
2020-03-21 16:50:32,145:EUC_vbounds:TAO/TRITION 220: v_bnd=0.2 tot=311 count=225 null=31 skip=41(T=0,L=41).
2020-03-21 16:50:32,737:cor_scatter_plot:R=0.89, p=0.000 (stats.spearmanr)
2020-03-21 16:50:32,738:cor_scatter_plot:Slope=0.38 Intercept=2.52 R=0.84 P=0.000 stder=0.01
2020-03-21 16:50:32,786:cor_scatter_plot:R=0.84, p=0.000 (stats.spearmanr)
2020-03-21 16:50:32,787:cor_scatter_plot:Slope=0.37 Intercept=-1.68 R=0.86 P=0.000 stder=0.01
2020-03-21 16:50:32,824:cor_scatter_plot:R=0.81, p=0.000 (stats.spearmanr)
2020-03-21 16:50:32,824:cor_scatter_plot:Slope=0.29 Intercept=-5.71 R=0.84 P=0.000 stder=0.01
2020-03-21 16:50:45,725:EUC_vbounds:OFAM3 165: v_bnd=0.2 tot=384 count=271 null=0 skip=104(T=61,L=43).
2020-03-21 16:50:59,492:EUC_vbounds:OFAM3 190: v_bnd=0.2 tot=384 count=340 null=0 skip=30(T=17,L=13).
2020-03-21 16:51:11,960:EUC_vbounds:OFAM3 220: v_bnd=0.2 tot=384 count=364 null=0 skip=5(T=0,L=5).
2020-03-21 16:51:14,575:open_tao_data:Opening TAO mon data. Depth=slice(10, 360, None). SI=True
2020-03-21 16:51:19,829:EUC_vbounds:TAO/TRITION 165: v_bnd=0.2 tot=203 count=107 null=5 skip=81(T=58,L=23).
2020-03-21 16:51:29,622:EUC_vbounds:TAO/TRITION 190: v_bnd=0.2 tot=340 count=222 null=36 skip=6(T=1,L=5).
2020-03-21 16:51:36,894:EUC_vbounds:TAO/TRITION 220: v_bnd=0.2 tot=311 count=225 null=31 skip=41(T=0,L=41).
2020-03-21 16:51:50,292:EUC_vbounds:OFAM3 165: v_bnd=0.1 tot=384 count=271 null=0 skip=104(T=61,L=43).
2020-03-21 16:52:03,767:EUC_vbounds:OFAM3 190: v_bnd=0.1 tot=384 count=340 null=0 skip=30(T=17,L=13).
2020-03-21 16:52:16,414:EUC_vbounds:OFAM3 220: v_bnd=0.1 tot=384 count=364 null=0 skip=5(T=0,L=5).
2020-03-21 16:52:18,996:open_tao_data:Opening TAO mon data. Depth=slice(10, 360, None). SI=True
2020-03-21 16:52:24,545:EUC_vbounds:TAO/TRITION 165: v_bnd=0.1 tot=203 count=107 null=5 skip=81(T=58,L=23).
2020-03-21 16:52:34,359:EUC_vbounds:TAO/TRITION 190: v_bnd=0.1 tot=340 count=222 null=36 skip=6(T=1,L=5).
2020-03-21 16:52:41,688:EUC_vbounds:TAO/TRITION 220: v_bnd=0.1 tot=311 count=225 null=31 skip=41(T=0,L=41).
2020-03-21 16:52:55,065:EUC_vbounds:OFAM3 165: v_bnd=0.1 tot=384 count=271 null=0 skip=104(T=61,L=43).
2020-03-21 16:53:08,724:EUC_vbounds:OFAM3 190: v_bnd=0.1 tot=384 count=340 null=0 skip=30(T=17,L=13).
2020-03-21 16:53:21,176:EUC_vbounds:OFAM3 220: v_bnd=0.1 tot=384 count=364 null=0 skip=5(T=0,L=5).
2020-03-21 16:53:23,817:open_tao_data:Opening TAO mon data. Depth=slice(10, 360, None). SI=True
2020-03-21 16:53:29,105:EUC_vbounds:TAO/TRITION 165: v_bnd=0.1 tot=203 count=107 null=5 skip=81(T=58,L=23).
2020-03-21 16:53:38,857:EUC_vbounds:TAO/TRITION 190: v_bnd=0.1 tot=340 count=222 null=36 skip=6(T=1,L=5).
2020-03-21 16:53:46,104:EUC_vbounds:TAO/TRITION 220: v_bnd=0.1 tot=311 count=225 null=31 skip=41(T=0,L=41).
2020-03-21 16:53:46,683:cor_scatter_plot:R=0.89, p=0.000 (stats.spearmanr)
2020-03-21 16:53:46,683:cor_scatter_plot:Slope=0.38 Intercept=2.52 R=0.84 P=0.000 stder=0.01
2020-03-21 16:53:46,723:cor_scatter_plot:R=0.84, p=0.000 (stats.spearmanr)
2020-03-21 16:53:46,723:cor_scatter_plot:Slope=0.37 Intercept=-1.68 R=0.86 P=0.000 stder=0.01
2020-03-21 16:53:46,763:cor_scatter_plot:R=0.81, p=0.000 (stats.spearmanr)
2020-03-21 16:53:46,763:cor_scatter_plot:Slope=0.29 Intercept=-5.71 R=0.84 P=0.000 stder=0.01
2020-03-21 16:53:59,455:EUC_vbounds:OFAM3 165: v_bnd=0.1 tot=384 count=271 null=0 skip=104(T=61,L=43).
2020-03-21 16:54:12,974:EUC_vbounds:OFAM3 190: v_bnd=0.1 tot=384 count=340 null=0 skip=30(T=17,L=13).
2020-03-21 16:54:25,368:EUC_vbounds:OFAM3 220: v_bnd=0.1 tot=384 count=364 null=0 skip=5(T=0,L=5).
2020-03-21 16:54:27,971:open_tao_data:Opening TAO mon data. Depth=slice(10, 360, None). SI=True
2020-03-21 16:54:33,169:EUC_vbounds:TAO/TRITION 165: v_bnd=0.1 tot=203 count=107 null=5 skip=81(T=58,L=23).
2020-03-21 16:54:42,777:EUC_vbounds:TAO/TRITION 190: v_bnd=0.1 tot=340 count=222 null=36 skip=6(T=1,L=5).
2020-03-21 16:54:50,282:EUC_vbounds:TAO/TRITION 220: v_bnd=0.1 tot=311 count=225 null=31 skip=41(T=0,L=41).
2020-03-21 17:05:39,207:open_tao_data:Opening TAO mon data. Depth=slice(10, 360, None). SI=True
2020-03-21 17:05:49,583:EUC_vbounds:OFAM3 165: v_bnd=25_max tot=384 count=264 null=0 skip=117(T=68,L=49).
2020-03-21 17:06:02,031:EUC_vbounds:OFAM3 190: v_bnd=25_max tot=384 count=299 null=0 skip=85(T=61,L=24).
2020-03-21 17:06:13,882:EUC_vbounds:OFAM3 220: v_bnd=25_max tot=384 count=363 null=0 skip=21(T=1,L=20).
2020-03-21 17:06:16,642:open_tao_data:Opening TAO mon data. Depth=slice(10, 360, None). SI=True
2020-03-21 17:06:20,534:EUC_vbounds:TAO/TRITION 165: v_bnd=25_max tot=203 count=53 null=5 skip=140(T=118,L=22).
2020-03-21 17:06:28,168:EUC_vbounds:TAO/TRITION 190: v_bnd=25_max tot=340 count=195 null=36 skip=105(T=71,L=34).
2020-03-21 17:06:35,140:EUC_vbounds:TAO/TRITION 220: v_bnd=25_max tot=311 count=214 null=31 skip=66(T=5,L=61).
2020-03-21 17:06:48,018:EUC_vbounds:OFAM3 165: v_bnd=25_max tot=384 count=264 null=0 skip=117(T=68,L=49).
2020-03-21 17:07:00,352:EUC_vbounds:OFAM3 190: v_bnd=25_max tot=384 count=299 null=0 skip=85(T=61,L=24).
2020-03-21 17:07:12,534:EUC_vbounds:OFAM3 220: v_bnd=25_max tot=384 count=363 null=0 skip=21(T=1,L=20).
2020-03-21 17:07:15,098:open_tao_data:Opening TAO mon data. Depth=slice(10, 360, None). SI=True
2020-03-21 17:07:18,968:EUC_vbounds:TAO/TRITION 165: v_bnd=25_max tot=203 count=53 null=5 skip=140(T=118,L=22).
2020-03-21 17:07:26,719:EUC_vbounds:TAO/TRITION 190: v_bnd=25_max tot=340 count=195 null=36 skip=105(T=71,L=34).
2020-03-21 17:07:33,616:EUC_vbounds:TAO/TRITION 220: v_bnd=25_max tot=311 count=214 null=31 skip=66(T=5,L=61).
2020-03-21 17:07:34,237:cor_scatter_plot:R=0.90, p=0.000 (stats.spearmanr)
2020-03-21 17:07:34,237:cor_scatter_plot:Slope=0.38 Intercept=2.27 R=0.85 P=0.000 stder=0.01
2020-03-21 17:07:34,292:cor_scatter_plot:R=0.88, p=0.000 (stats.spearmanr)
2020-03-21 17:07:34,292:cor_scatter_plot:Slope=0.41 Intercept=-6.65 R=0.89 P=0.000 stder=0.01
2020-03-21 17:07:34,332:cor_scatter_plot:R=0.84, p=0.000 (stats.spearmanr)
2020-03-21 17:07:34,332:cor_scatter_plot:Slope=0.32 Intercept=-12.45 R=0.86 P=0.000 stder=0.01
2020-03-21 17:07:46,792:EUC_vbounds:OFAM3 165: v_bnd=25_max tot=384 count=264 null=0 skip=117(T=68,L=49).
2020-03-21 17:07:59,102:EUC_vbounds:OFAM3 190: v_bnd=25_max tot=384 count=299 null=0 skip=85(T=61,L=24).
2020-03-21 17:08:11,296:EUC_vbounds:OFAM3 220: v_bnd=25_max tot=384 count=363 null=0 skip=21(T=1,L=20).
2020-03-21 17:08:13,863:open_tao_data:Opening TAO mon data. Depth=slice(10, 360, None). SI=True
2020-03-21 17:08:17,689:EUC_vbounds:TAO/TRITION 165: v_bnd=25_max tot=203 count=53 null=5 skip=140(T=118,L=22).
2020-03-21 17:08:25,318:EUC_vbounds:TAO/TRITION 190: v_bnd=25_max tot=340 count=195 null=36 skip=105(T=71,L=34).
2020-03-21 17:08:32,237:EUC_vbounds:TAO/TRITION 220: v_bnd=25_max tot=311 count=214 null=31 skip=66(T=5,L=61).
2020-03-21 17:12:11,570:open_tao_data:Opening TAO mon data. Depth=slice(10, 360, None). SI=True
2020-03-21 17:12:22,539:EUC_vbounds:OFAM3 165: v_bnd=25_max tot=384 count=264 null=0 skip=117(T=68,L=49).
2020-03-21 17:12:35,014:EUC_vbounds:OFAM3 190: v_bnd=25_max tot=384 count=299 null=0 skip=85(T=61,L=24).
2020-03-21 17:12:46,761:EUC_vbounds:OFAM3 220: v_bnd=25_max tot=384 count=363 null=0 skip=21(T=1,L=20).
2020-03-21 17:12:49,441:open_tao_data:Opening TAO mon data. Depth=slice(10, 360, None). SI=True
2020-03-21 17:12:53,283:EUC_vbounds:TAO/TRITION 165: v_bnd=25_max tot=203 count=53 null=5 skip=140(T=118,L=22).
2020-03-21 17:13:00,985:EUC_vbounds:TAO/TRITION 190: v_bnd=25_max tot=340 count=195 null=36 skip=105(T=71,L=34).
2020-03-21 17:13:07,707:EUC_vbounds:TAO/TRITION 220: v_bnd=25_max tot=311 count=214 null=31 skip=66(T=5,L=61).
2020-03-21 17:13:21,747:EUC_vbounds:OFAM3 165: v_bnd=25_max tot=384 count=264 null=0 skip=117(T=68,L=49).
2020-03-21 17:13:34,161:EUC_vbounds:OFAM3 190: v_bnd=25_max tot=384 count=299 null=0 skip=85(T=61,L=24).
2020-03-21 17:13:45,994:EUC_vbounds:OFAM3 220: v_bnd=25_max tot=384 count=363 null=0 skip=21(T=1,L=20).
2020-03-21 17:13:48,523:open_tao_data:Opening TAO mon data. Depth=slice(10, 360, None). SI=True
2020-03-21 17:13:52,549:EUC_vbounds:TAO/TRITION 165: v_bnd=25_max tot=203 count=53 null=5 skip=140(T=118,L=22).
2020-03-21 17:14:00,198:EUC_vbounds:TAO/TRITION 190: v_bnd=25_max tot=340 count=195 null=36 skip=105(T=71,L=34).
2020-03-21 17:14:07,270:EUC_vbounds:TAO/TRITION 220: v_bnd=25_max tot=311 count=214 null=31 skip=66(T=5,L=61).
2020-03-21 17:14:07,859:cor_scatter_plot:R=0.90, p=0.000 (stats.spearmanr)
2020-03-21 17:14:07,859:cor_scatter_plot:Slope=0.38 Intercept=2.27 R=0.85 P=0.000 stder=0.01
2020-03-21 17:14:07,911:cor_scatter_plot:R=0.88, p=0.000 (stats.spearmanr)
2020-03-21 17:14:07,911:cor_scatter_plot:Slope=0.41 Intercept=-6.65 R=0.89 P=0.000 stder=0.01
2020-03-21 17:14:07,950:cor_scatter_plot:R=0.84, p=0.000 (stats.spearmanr)
2020-03-21 17:14:07,951:cor_scatter_plot:Slope=0.32 Intercept=-12.45 R=0.86 P=0.000 stder=0.01
2020-03-21 17:14:20,659:EUC_vbounds:OFAM3 165: v_bnd=25_max tot=384 count=264 null=0 skip=117(T=68,L=49).
2020-03-21 17:14:32,968:EUC_vbounds:OFAM3 190: v_bnd=25_max tot=384 count=299 null=0 skip=85(T=61,L=24).
2020-03-21 17:14:45,021:EUC_vbounds:OFAM3 220: v_bnd=25_max tot=384 count=363 null=0 skip=21(T=1,L=20).
2020-03-21 17:14:47,622:open_tao_data:Opening TAO mon data. Depth=slice(10, 360, None). SI=True
2020-03-21 17:14:51,447:EUC_vbounds:TAO/TRITION 165: v_bnd=25_max tot=203 count=53 null=5 skip=140(T=118,L=22).
2020-03-21 17:14:59,041:EUC_vbounds:TAO/TRITION 190: v_bnd=25_max tot=340 count=195 null=36 skip=105(T=71,L=34).
2020-03-21 17:15:05,968:EUC_vbounds:TAO/TRITION 220: v_bnd=25_max tot=311 count=214 null=31 skip=66(T=5,L=61).
2020-03-21 17:20:09,459:open_tao_data:Opening TAO mon data. Depth=slice(10, 360, None). SI=True
2020-03-21 17:20:21,364:EUC_vbounds:OFAM3 165: v_bnd=half_max tot=384 count=335 null=0 skip=46(T=6,L=40).
2020-03-21 17:20:35,308:EUC_vbounds:OFAM3 190: v_bnd=half_max tot=384 count=362 null=0 skip=22(T=5,L=17).
2020-03-21 17:20:47,498:EUC_vbounds:OFAM3 220: v_bnd=half_max tot=384 count=377 null=0 skip=5(T=1,L=4).
2020-03-21 17:20:50,191:open_tao_data:Opening TAO mon data. Depth=slice(10, 360, None). SI=True
2020-03-21 17:20:55,120:EUC_vbounds:TAO/TRITION 165: v_bnd=half_max tot=203 count=112 null=5 skip=86(T=63,L=23).
2020-03-21 17:21:04,539:EUC_vbounds:TAO/TRITION 190: v_bnd=half_max tot=340 count=280 null=36 skip=24(T=13,L=11).
2020-03-21 17:21:11,993:EUC_vbounds:TAO/TRITION 220: v_bnd=half_max tot=311 count=258 null=31 skip=22(T=0,L=22).
2020-03-21 17:21:27,750:EUC_vbounds:OFAM3 165: v_bnd=half_max tot=384 count=335 null=0 skip=46(T=6,L=40).
2020-03-21 17:21:42,111:EUC_vbounds:OFAM3 190: v_bnd=half_max tot=384 count=362 null=0 skip=22(T=5,L=17).
2020-03-21 17:21:54,702:EUC_vbounds:OFAM3 220: v_bnd=half_max tot=384 count=377 null=0 skip=5(T=1,L=4).
2020-03-21 17:21:57,449:open_tao_data:Opening TAO mon data. Depth=slice(10, 360, None). SI=True
2020-03-21 17:22:02,600:EUC_vbounds:TAO/TRITION 165: v_bnd=half_max tot=203 count=112 null=5 skip=86(T=63,L=23).
2020-03-21 17:22:12,044:EUC_vbounds:TAO/TRITION 190: v_bnd=half_max tot=340 count=280 null=36 skip=24(T=13,L=11).
2020-03-21 17:22:19,602:EUC_vbounds:TAO/TRITION 220: v_bnd=half_max tot=311 count=258 null=31 skip=22(T=0,L=22).
2020-03-21 17:22:32,263:EUC_vbounds:OFAM3 165: v_bnd=25_max tot=384 count=264 null=0 skip=117(T=68,L=49).
2020-03-21 17:22:44,772:EUC_vbounds:OFAM3 190: v_bnd=25_max tot=384 count=299 null=0 skip=85(T=61,L=24).
2020-03-21 17:22:56,975:EUC_vbounds:OFAM3 220: v_bnd=25_max tot=384 count=363 null=0 skip=21(T=1,L=20).
2020-03-21 17:22:59,652:open_tao_data:Opening TAO mon data. Depth=slice(10, 360, None). SI=True
2020-03-21 17:23:03,700:EUC_vbounds:TAO/TRITION 165: v_bnd=25_max tot=203 count=53 null=5 skip=140(T=118,L=22).
2020-03-21 17:23:11,407:EUC_vbounds:TAO/TRITION 190: v_bnd=25_max tot=340 count=195 null=36 skip=105(T=71,L=34).
2020-03-21 17:23:18,193:EUC_vbounds:TAO/TRITION 220: v_bnd=25_max tot=311 count=214 null=31 skip=66(T=5,L=61).
2020-03-21 17:23:30,889:EUC_vbounds:OFAM3 165: v_bnd=25_max tot=384 count=264 null=0 skip=117(T=68,L=49).
2020-03-21 17:23:43,375:EUC_vbounds:OFAM3 190: v_bnd=25_max tot=384 count=299 null=0 skip=85(T=61,L=24).
2020-03-21 17:23:55,508:EUC_vbounds:OFAM3 220: v_bnd=25_max tot=384 count=363 null=0 skip=21(T=1,L=20).
2020-03-21 17:23:58,319:open_tao_data:Opening TAO mon data. Depth=slice(10, 360, None). SI=True
2020-03-21 17:24:02,192:EUC_vbounds:TAO/TRITION 165: v_bnd=25_max tot=203 count=53 null=5 skip=140(T=118,L=22).
2020-03-21 17:24:09,959:EUC_vbounds:TAO/TRITION 190: v_bnd=25_max tot=340 count=195 null=36 skip=105(T=71,L=34).
2020-03-21 17:24:17,007:EUC_vbounds:TAO/TRITION 220: v_bnd=25_max tot=311 count=214 null=31 skip=66(T=5,L=61).
2020-03-21 17:24:29,785:EUC_vbounds:OFAM3 165: v_bnd=0.3 tot=384 count=271 null=0 skip=104(T=61,L=43).
2020-03-21 17:24:43,235:EUC_vbounds:OFAM3 190: v_bnd=0.3 tot=384 count=340 null=0 skip=30(T=17,L=13).
2020-03-21 17:24:55,754:EUC_vbounds:OFAM3 220: v_bnd=0.3 tot=384 count=364 null=0 skip=5(T=0,L=5).
2020-03-21 17:24:58,496:open_tao_data:Opening TAO mon data. Depth=slice(10, 360, None). SI=True
2020-03-21 17:25:03,812:EUC_vbounds:TAO/TRITION 165: v_bnd=0.3 tot=203 count=107 null=5 skip=81(T=58,L=23).
2020-03-21 17:25:13,457:EUC_vbounds:TAO/TRITION 190: v_bnd=0.3 tot=340 count=222 null=36 skip=6(T=1,L=5).
2020-03-21 17:25:20,706:EUC_vbounds:TAO/TRITION 220: v_bnd=0.3 tot=311 count=225 null=31 skip=41(T=0,L=41).
2020-03-21 17:25:33,756:EUC_vbounds:OFAM3 165: v_bnd=0.3 tot=384 count=271 null=0 skip=104(T=61,L=43).
2020-03-21 17:25:47,157:EUC_vbounds:OFAM3 190: v_bnd=0.3 tot=384 count=340 null=0 skip=30(T=17,L=13).
2020-03-21 17:25:59,597:EUC_vbounds:OFAM3 220: v_bnd=0.3 tot=384 count=364 null=0 skip=5(T=0,L=5).
2020-03-21 17:26:02,385:open_tao_data:Opening TAO mon data. Depth=slice(10, 360, None). SI=True
2020-03-21 17:26:07,548:EUC_vbounds:TAO/TRITION 165: v_bnd=0.3 tot=203 count=107 null=5 skip=81(T=58,L=23).
2020-03-21 17:26:17,317:EUC_vbounds:TAO/TRITION 190: v_bnd=0.3 tot=340 count=222 null=36 skip=6(T=1,L=5).
2020-03-21 17:26:24,490:EUC_vbounds:TAO/TRITION 220: v_bnd=0.3 tot=311 count=225 null=31 skip=41(T=0,L=41).
2020-03-21 17:26:37,417:EUC_vbounds:OFAM3 165: v_bnd=0.2 tot=384 count=271 null=0 skip=104(T=61,L=43).
2020-03-21 17:26:50,805:EUC_vbounds:OFAM3 190: v_bnd=0.2 tot=384 count=340 null=0 skip=30(T=17,L=13).
2020-03-21 17:27:03,322:EUC_vbounds:OFAM3 220: v_bnd=0.2 tot=384 count=364 null=0 skip=5(T=0,L=5).
2020-03-21 17:27:06,006:open_tao_data:Opening TAO mon data. Depth=slice(10, 360, None). SI=True
2020-03-21 17:27:11,130:EUC_vbounds:TAO/TRITION 165: v_bnd=0.2 tot=203 count=107 null=5 skip=81(T=58,L=23).
2020-03-21 17:27:20,742:EUC_vbounds:TAO/TRITION 190: v_bnd=0.2 tot=340 count=222 null=36 skip=6(T=1,L=5).
2020-03-21 17:27:28,102:EUC_vbounds:TAO/TRITION 220: v_bnd=0.2 tot=311 count=225 null=31 skip=41(T=0,L=41).
2020-03-21 17:27:41,131:EUC_vbounds:OFAM3 165: v_bnd=0.2 tot=384 count=271 null=0 skip=104(T=61,L=43).
2020-03-21 17:27:54,457:EUC_vbounds:OFAM3 190: v_bnd=0.2 tot=384 count=340 null=0 skip=30(T=17,L=13).
2020-03-21 17:28:06,823:EUC_vbounds:OFAM3 220: v_bnd=0.2 tot=384 count=364 null=0 skip=5(T=0,L=5).
2020-03-21 17:28:09,423:open_tao_data:Opening TAO mon data. Depth=slice(10, 360, None). SI=True
2020-03-21 17:28:14,582:EUC_vbounds:TAO/TRITION 165: v_bnd=0.2 tot=203 count=107 null=5 skip=81(T=58,L=23).
2020-03-21 17:28:24,195:EUC_vbounds:TAO/TRITION 190: v_bnd=0.2 tot=340 count=222 null=36 skip=6(T=1,L=5).
2020-03-21 17:28:31,463:EUC_vbounds:TAO/TRITION 220: v_bnd=0.2 tot=311 count=225 null=31 skip=41(T=0,L=41).
2020-03-21 17:28:44,376:EUC_vbounds:OFAM3 165: v_bnd=0.1 tot=384 count=271 null=0 skip=104(T=61,L=43).
2020-03-21 17:28:57,538:EUC_vbounds:OFAM3 190: v_bnd=0.1 tot=384 count=340 null=0 skip=30(T=17,L=13).
2020-03-21 17:29:09,940:EUC_vbounds:OFAM3 220: v_bnd=0.1 tot=384 count=364 null=0 skip=5(T=0,L=5).
2020-03-21 17:29:12,583:open_tao_data:Opening TAO mon data. Depth=slice(10, 360, None). SI=True
2020-03-21 17:29:17,807:EUC_vbounds:TAO/TRITION 165: v_bnd=0.1 tot=203 count=107 null=5 skip=81(T=58,L=23).
2020-03-21 17:29:27,417:EUC_vbounds:TAO/TRITION 190: v_bnd=0.1 tot=340 count=222 null=36 skip=6(T=1,L=5).
2020-03-21 17:29:34,579:EUC_vbounds:TAO/TRITION 220: v_bnd=0.1 tot=311 count=225 null=31 skip=41(T=0,L=41).
2020-03-21 17:29:48,205:EUC_vbounds:OFAM3 165: v_bnd=0.1 tot=384 count=271 null=0 skip=104(T=61,L=43).
2020-03-21 17:30:01,495:EUC_vbounds:OFAM3 190: v_bnd=0.1 tot=384 count=340 null=0 skip=30(T=17,L=13).
2020-03-21 17:30:14,259:EUC_vbounds:OFAM3 220: v_bnd=0.1 tot=384 count=364 null=0 skip=5(T=0,L=5).
2020-03-21 17:30:16,855:open_tao_data:Opening TAO mon data. Depth=slice(10, 360, None). SI=True
2020-03-21 17:30:22,086:EUC_vbounds:TAO/TRITION 165: v_bnd=0.1 tot=203 count=107 null=5 skip=81(T=58,L=23).
2020-03-21 17:30:31,804:EUC_vbounds:TAO/TRITION 190: v_bnd=0.1 tot=340 count=222 null=36 skip=6(T=1,L=5).
2020-03-21 17:30:39,081:EUC_vbounds:TAO/TRITION 220: v_bnd=0.1 tot=311 count=225 null=31 skip=41(T=0,L=41).
