2020-03-24 14:44:11,815:open_tao_data:Opening TAO mon data. Depth=slice(10, 360, None). SI=True
2020-03-24 14:44:22,865:EUC_vbounds:OFAM3 165: v_bnd=half_max tot=384 count=290 null=0 skip=91(T=51,L=40).
2020-03-24 14:44:36,126:EUC_vbounds:OFAM3 190: v_bnd=half_max tot=384 count=353 null=0 skip=31(T=14,L=17).
2020-03-24 14:44:48,561:EUC_vbounds:OFAM3 220: v_bnd=half_max tot=384 count=377 null=0 skip=5(T=1,L=4).
2020-03-24 14:44:51,250:open_tao_data:Opening TAO mon data. Depth=slice(10, 360, None). SI=True
2020-03-24 14:44:56,270:EUC_vbounds:TAO/TRITION 165: v_bnd=half_max tot=203 count=112 null=5 skip=86(T=63,L=23).
2020-03-24 14:45:05,383:EUC_vbounds:TAO/TRITION 190: v_bnd=half_max tot=340 count=280 null=36 skip=24(T=13,L=11).
2020-03-24 14:45:12,806:EUC_vbounds:TAO/TRITION 220: v_bnd=half_max tot=311 count=258 null=31 skip=22(T=0,L=22).
2020-03-24 14:45:26,982:EUC_vbounds:OFAM3 165: v_bnd=half_max tot=384 count=290 null=0 skip=91(T=51,L=40).
2020-03-24 14:45:40,509:EUC_vbounds:OFAM3 190: v_bnd=half_max tot=384 count=353 null=0 skip=31(T=14,L=17).
2020-03-24 14:45:53,185:EUC_vbounds:OFAM3 220: v_bnd=half_max tot=384 count=377 null=0 skip=5(T=1,L=4).
2020-03-24 14:45:55,911:open_tao_data:Opening TAO mon data. Depth=slice(10, 360, None). SI=True
2020-03-24 14:46:00,991:EUC_vbounds:TAO/TRITION 165: v_bnd=half_max tot=203 count=112 null=5 skip=86(T=63,L=23).
2020-03-24 14:46:10,296:EUC_vbounds:TAO/TRITION 190: v_bnd=half_max tot=340 count=280 null=36 skip=24(T=13,L=11).
2020-03-24 14:46:17,848:EUC_vbounds:TAO/TRITION 220: v_bnd=half_max tot=311 count=258 null=31 skip=22(T=0,L=22).
2020-03-24 14:46:18,499:cor_scatter_plot:R=0.89, p=0.000 (stats.spearmanr)
2020-03-24 14:46:18,500:cor_scatter_plot:Slope=0.40 Intercept=2.28 R=0.84 P=0.000 stder=0.02
2020-03-24 14:46:18,539:cor_scatter_plot:R=0.87, p=0.000 (stats.spearmanr)
2020-03-24 14:46:18,539:cor_scatter_plot:Slope=0.46 Intercept=-6.95 R=0.86 P=0.000 stder=0.01
2020-03-24 14:46:18,580:cor_scatter_plot:R=0.86, p=0.000 (stats.spearmanr)
2020-03-24 14:46:18,580:cor_scatter_plot:Slope=0.43 Intercept=-14.62 R=0.87 P=0.000 stder=0.01
2020-03-24 14:46:31,535:EUC_vbounds:OFAM3 165: v_bnd=half_max tot=384 count=290 null=0 skip=91(T=51,L=40).
2020-03-24 14:46:44,897:EUC_vbounds:OFAM3 190: v_bnd=half_max tot=384 count=353 null=0 skip=31(T=14,L=17).
2020-03-24 14:46:57,523:EUC_vbounds:OFAM3 220: v_bnd=half_max tot=384 count=377 null=0 skip=5(T=1,L=4).
2020-03-24 14:47:00,365:open_tao_data:Opening TAO mon data. Depth=slice(10, 360, None). SI=True
2020-03-24 14:47:05,521:EUC_vbounds:TAO/TRITION 165: v_bnd=half_max tot=203 count=112 null=5 skip=86(T=63,L=23).
2020-03-24 14:47:14,707:EUC_vbounds:TAO/TRITION 190: v_bnd=half_max tot=340 count=280 null=36 skip=24(T=13,L=11).
2020-03-24 14:47:22,162:EUC_vbounds:TAO/TRITION 220: v_bnd=half_max tot=311 count=258 null=31 skip=22(T=0,L=22).
2020-03-24 14:47:32,870:EUC_vbounds:OFAM3 165: v_bnd=25_max tot=384 count=193 null=0 skip=187(T=139,L=48).
2020-03-24 14:47:42,605:EUC_vbounds:OFAM3 190: v_bnd=25_max tot=384 count=195 null=0 skip=188(T=165,L=23).
2020-03-24 14:47:53,816:EUC_vbounds:OFAM3 220: v_bnd=25_max tot=384 count=357 null=0 skip=27(T=7,L=20).
2020-03-24 14:47:56,356:open_tao_data:Opening TAO mon data. Depth=slice(10, 360, None). SI=True
2020-03-24 14:48:00,310:EUC_vbounds:TAO/TRITION 165: v_bnd=25_max tot=203 count=53 null=5 skip=140(T=118,L=22).
2020-03-24 14:48:07,925:EUC_vbounds:TAO/TRITION 190: v_bnd=25_max tot=340 count=195 null=36 skip=105(T=71,L=34).
2020-03-24 14:48:14,936:EUC_vbounds:TAO/TRITION 220: v_bnd=25_max tot=311 count=214 null=31 skip=66(T=5,L=61).
2020-03-24 14:48:26,314:EUC_vbounds:OFAM3 165: v_bnd=25_max tot=384 count=193 null=0 skip=187(T=139,L=48).
2020-03-24 14:48:35,842:EUC_vbounds:OFAM3 190: v_bnd=25_max tot=384 count=195 null=0 skip=188(T=165,L=23).
2020-03-24 14:48:47,118:EUC_vbounds:OFAM3 220: v_bnd=25_max tot=384 count=357 null=0 skip=27(T=7,L=20).
2020-03-24 14:48:49,668:open_tao_data:Opening TAO mon data. Depth=slice(10, 360, None). SI=True
2020-03-24 14:48:53,502:EUC_vbounds:TAO/TRITION 165: v_bnd=25_max tot=203 count=53 null=5 skip=140(T=118,L=22).
2020-03-24 14:49:01,244:EUC_vbounds:TAO/TRITION 190: v_bnd=25_max tot=340 count=195 null=36 skip=105(T=71,L=34).
2020-03-24 14:49:08,506:EUC_vbounds:TAO/TRITION 220: v_bnd=25_max tot=311 count=214 null=31 skip=66(T=5,L=61).
2020-03-24 14:49:09,082:cor_scatter_plot:R=0.90, p=0.000 (stats.spearmanr)
2020-03-24 14:49:09,082:cor_scatter_plot:Slope=0.33 Intercept=3.12 R=0.85 P=0.000 stder=0.01
2020-03-24 14:49:09,145:cor_scatter_plot:R=0.84, p=0.000 (stats.spearmanr)
2020-03-24 14:49:09,145:cor_scatter_plot:Slope=0.39 Intercept=-6.45 R=0.86 P=0.000 stder=0.02
2020-03-24 14:49:09,212:cor_scatter_plot:R=0.83, p=0.000 (stats.spearmanr)
2020-03-24 14:49:09,212:cor_scatter_plot:Slope=0.31 Intercept=-11.48 R=0.85 P=0.000 stder=0.01
2020-03-24 14:49:19,673:EUC_vbounds:OFAM3 165: v_bnd=25_max tot=384 count=193 null=0 skip=187(T=139,L=48).
2020-03-24 14:49:29,537:EUC_vbounds:OFAM3 190: v_bnd=25_max tot=384 count=195 null=0 skip=188(T=165,L=23).
2020-03-24 14:49:40,529:EUC_vbounds:OFAM3 220: v_bnd=25_max tot=384 count=357 null=0 skip=27(T=7,L=20).
2020-03-24 14:49:43,036:open_tao_data:Opening TAO mon data. Depth=slice(10, 360, None). SI=True
2020-03-24 14:49:46,958:EUC_vbounds:TAO/TRITION 165: v_bnd=25_max tot=203 count=53 null=5 skip=140(T=118,L=22).
2020-03-24 14:49:54,754:EUC_vbounds:TAO/TRITION 190: v_bnd=25_max tot=340 count=195 null=36 skip=105(T=71,L=34).
2020-03-24 14:50:01,436:EUC_vbounds:TAO/TRITION 220: v_bnd=25_max tot=311 count=214 null=31 skip=66(T=5,L=61).
2020-03-24 14:50:12,192:EUC_vbounds:OFAM3 165: v_bnd=0.3 tot=384 count=207 null=0 skip=168(T=125,L=43).
2020-03-24 14:50:24,148:EUC_vbounds:OFAM3 190: v_bnd=0.3 tot=384 count=303 null=0 skip=67(T=54,L=13).
2020-03-24 14:50:36,190:EUC_vbounds:OFAM3 220: v_bnd=0.3 tot=384 count=364 null=0 skip=5(T=0,L=5).
2020-03-24 14:50:38,739:open_tao_data:Opening TAO mon data. Depth=slice(10, 360, None). SI=True
2020-03-24 14:50:43,834:EUC_vbounds:TAO/TRITION 165: v_bnd=0.3 tot=203 count=107 null=5 skip=81(T=58,L=23).
2020-03-24 14:50:53,429:EUC_vbounds:TAO/TRITION 190: v_bnd=0.3 tot=340 count=222 null=36 skip=6(T=1,L=5).
2020-03-24 14:51:00,518:EUC_vbounds:TAO/TRITION 220: v_bnd=0.3 tot=311 count=225 null=31 skip=41(T=0,L=41).
2020-03-24 14:51:11,739:EUC_vbounds:OFAM3 165: v_bnd=0.3 tot=384 count=207 null=0 skip=168(T=125,L=43).
2020-03-24 14:51:23,685:EUC_vbounds:OFAM3 190: v_bnd=0.3 tot=384 count=303 null=0 skip=67(T=54,L=13).
2020-03-24 14:51:35,723:EUC_vbounds:OFAM3 220: v_bnd=0.3 tot=384 count=364 null=0 skip=5(T=0,L=5).
2020-03-24 14:51:38,363:open_tao_data:Opening TAO mon data. Depth=slice(10, 360, None). SI=True
2020-03-24 14:51:43,626:EUC_vbounds:TAO/TRITION 165: v_bnd=0.3 tot=203 count=107 null=5 skip=81(T=58,L=23).
2020-03-24 14:51:53,257:EUC_vbounds:TAO/TRITION 190: v_bnd=0.3 tot=340 count=222 null=36 skip=6(T=1,L=5).
2020-03-24 14:52:00,463:EUC_vbounds:TAO/TRITION 220: v_bnd=0.3 tot=311 count=225 null=31 skip=41(T=0,L=41).
2020-03-24 14:52:01,033:cor_scatter_plot:R=0.89, p=0.000 (stats.spearmanr)
2020-03-24 14:52:01,033:cor_scatter_plot:Slope=0.34 Intercept=3.02 R=0.85 P=0.000 stder=0.01
2020-03-24 14:52:01,071:cor_scatter_plot:R=0.82, p=0.000 (stats.spearmanr)
2020-03-24 14:52:01,071:cor_scatter_plot:Slope=0.36 Intercept=-1.68 R=0.83 P=0.000 stder=0.01
2020-03-24 14:52:01,109:cor_scatter_plot:R=0.80, p=0.000 (stats.spearmanr)
2020-03-24 14:52:01,109:cor_scatter_plot:Slope=0.28 Intercept=-5.29 R=0.83 P=0.000 stder=0.01
2020-03-24 14:52:12,307:EUC_vbounds:OFAM3 165: v_bnd=0.3 tot=384 count=207 null=0 skip=168(T=125,L=43).
2020-03-24 14:52:24,785:EUC_vbounds:OFAM3 190: v_bnd=0.3 tot=384 count=303 null=0 skip=67(T=54,L=13).
2020-03-24 14:52:37,193:EUC_vbounds:OFAM3 220: v_bnd=0.3 tot=384 count=364 null=0 skip=5(T=0,L=5).
2020-03-24 14:52:39,779:open_tao_data:Opening TAO mon data. Depth=slice(10, 360, None). SI=True
2020-03-24 14:52:44,845:EUC_vbounds:TAO/TRITION 165: v_bnd=0.3 tot=203 count=107 null=5 skip=81(T=58,L=23).
2020-03-24 14:52:54,544:EUC_vbounds:TAO/TRITION 190: v_bnd=0.3 tot=340 count=222 null=36 skip=6(T=1,L=5).
2020-03-24 14:53:01,705:EUC_vbounds:TAO/TRITION 220: v_bnd=0.3 tot=311 count=225 null=31 skip=41(T=0,L=41).
2020-03-24 14:53:12,909:EUC_vbounds:OFAM3 165: v_bnd=0.2 tot=384 count=207 null=0 skip=168(T=125,L=43).
2020-03-24 14:53:25,182:EUC_vbounds:OFAM3 190: v_bnd=0.2 tot=384 count=303 null=0 skip=67(T=54,L=13).
2020-03-24 14:53:37,595:EUC_vbounds:OFAM3 220: v_bnd=0.2 tot=384 count=364 null=0 skip=5(T=0,L=5).
2020-03-24 14:53:40,312:open_tao_data:Opening TAO mon data. Depth=slice(10, 360, None). SI=True
2020-03-24 14:53:45,493:EUC_vbounds:TAO/TRITION 165: v_bnd=0.2 tot=203 count=107 null=5 skip=81(T=58,L=23).
2020-03-24 14:53:55,523:EUC_vbounds:TAO/TRITION 190: v_bnd=0.2 tot=340 count=222 null=36 skip=6(T=1,L=5).
2020-03-24 14:54:02,730:EUC_vbounds:TAO/TRITION 220: v_bnd=0.2 tot=311 count=225 null=31 skip=41(T=0,L=41).
2020-03-24 14:54:14,418:EUC_vbounds:OFAM3 165: v_bnd=0.2 tot=384 count=207 null=0 skip=168(T=125,L=43).
2020-03-24 14:54:26,499:EUC_vbounds:OFAM3 190: v_bnd=0.2 tot=384 count=303 null=0 skip=67(T=54,L=13).
2020-03-24 14:54:38,581:EUC_vbounds:OFAM3 220: v_bnd=0.2 tot=384 count=364 null=0 skip=5(T=0,L=5).
2020-03-24 14:54:41,271:open_tao_data:Opening TAO mon data. Depth=slice(10, 360, None). SI=True
2020-03-24 14:54:46,462:EUC_vbounds:TAO/TRITION 165: v_bnd=0.2 tot=203 count=107 null=5 skip=81(T=58,L=23).
2020-03-24 14:54:56,065:EUC_vbounds:TAO/TRITION 190: v_bnd=0.2 tot=340 count=222 null=36 skip=6(T=1,L=5).
2020-03-24 14:55:03,171:EUC_vbounds:TAO/TRITION 220: v_bnd=0.2 tot=311 count=225 null=31 skip=41(T=0,L=41).
2020-03-24 14:55:03,730:cor_scatter_plot:R=0.89, p=0.000 (stats.spearmanr)
2020-03-24 14:55:03,731:cor_scatter_plot:Slope=0.34 Intercept=3.02 R=0.85 P=0.000 stder=0.01
2020-03-24 14:55:03,769:cor_scatter_plot:R=0.82, p=0.000 (stats.spearmanr)
2020-03-24 14:55:03,769:cor_scatter_plot:Slope=0.36 Intercept=-1.68 R=0.83 P=0.000 stder=0.01
2020-03-24 14:55:03,808:cor_scatter_plot:R=0.80, p=0.000 (stats.spearmanr)
2020-03-24 14:55:03,808:cor_scatter_plot:Slope=0.28 Intercept=-5.29 R=0.83 P=0.000 stder=0.01
2020-03-24 14:55:14,960:EUC_vbounds:OFAM3 165: v_bnd=0.2 tot=384 count=207 null=0 skip=168(T=125,L=43).
2020-03-24 14:55:26,841:EUC_vbounds:OFAM3 190: v_bnd=0.2 tot=384 count=303 null=0 skip=67(T=54,L=13).
2020-03-24 14:55:38,905:EUC_vbounds:OFAM3 220: v_bnd=0.2 tot=384 count=364 null=0 skip=5(T=0,L=5).
2020-03-24 14:55:41,448:open_tao_data:Opening TAO mon data. Depth=slice(10, 360, None). SI=True
2020-03-24 14:55:46,571:EUC_vbounds:TAO/TRITION 165: v_bnd=0.2 tot=203 count=107 null=5 skip=81(T=58,L=23).
2020-03-24 14:55:56,129:EUC_vbounds:TAO/TRITION 190: v_bnd=0.2 tot=340 count=222 null=36 skip=6(T=1,L=5).
2020-03-24 14:56:03,118:EUC_vbounds:TAO/TRITION 220: v_bnd=0.2 tot=311 count=225 null=31 skip=41(T=0,L=41).
2020-03-24 14:56:14,729:EUC_vbounds:OFAM3 165: v_bnd=0.1 tot=384 count=207 null=0 skip=168(T=125,L=43).
2020-03-24 14:56:27,059:EUC_vbounds:OFAM3 190: v_bnd=0.1 tot=384 count=303 null=0 skip=67(T=54,L=13).
2020-03-24 14:56:39,264:EUC_vbounds:OFAM3 220: v_bnd=0.1 tot=384 count=364 null=0 skip=5(T=0,L=5).
2020-03-24 14:56:41,930:open_tao_data:Opening TAO mon data. Depth=slice(10, 360, None). SI=True
2020-03-24 14:56:47,256:EUC_vbounds:TAO/TRITION 165: v_bnd=0.1 tot=203 count=107 null=5 skip=81(T=58,L=23).
2020-03-24 14:56:56,999:EUC_vbounds:TAO/TRITION 190: v_bnd=0.1 tot=340 count=222 null=36 skip=6(T=1,L=5).
2020-03-24 14:57:04,110:EUC_vbounds:TAO/TRITION 220: v_bnd=0.1 tot=311 count=225 null=31 skip=41(T=0,L=41).
2020-03-24 14:57:15,734:EUC_vbounds:OFAM3 165: v_bnd=0.1 tot=384 count=207 null=0 skip=168(T=125,L=43).
2020-03-24 14:57:28,014:EUC_vbounds:OFAM3 190: v_bnd=0.1 tot=384 count=303 null=0 skip=67(T=54,L=13).
2020-03-24 14:57:40,276:EUC_vbounds:OFAM3 220: v_bnd=0.1 tot=384 count=364 null=0 skip=5(T=0,L=5).
2020-03-24 14:57:42,968:open_tao_data:Opening TAO mon data. Depth=slice(10, 360, None). SI=True
2020-03-24 14:57:48,239:EUC_vbounds:TAO/TRITION 165: v_bnd=0.1 tot=203 count=107 null=5 skip=81(T=58,L=23).
2020-03-24 14:57:57,980:EUC_vbounds:TAO/TRITION 190: v_bnd=0.1 tot=340 count=222 null=36 skip=6(T=1,L=5).
2020-03-24 14:58:05,137:EUC_vbounds:TAO/TRITION 220: v_bnd=0.1 tot=311 count=225 null=31 skip=41(T=0,L=41).
2020-03-24 14:58:05,714:cor_scatter_plot:R=0.89, p=0.000 (stats.spearmanr)
2020-03-24 14:58:05,714:cor_scatter_plot:Slope=0.34 Intercept=3.02 R=0.85 P=0.000 stder=0.01
2020-03-24 14:58:05,752:cor_scatter_plot:R=0.82, p=0.000 (stats.spearmanr)
2020-03-24 14:58:05,753:cor_scatter_plot:Slope=0.36 Intercept=-1.68 R=0.83 P=0.000 stder=0.01
2020-03-24 14:58:05,791:cor_scatter_plot:R=0.80, p=0.000 (stats.spearmanr)
2020-03-24 14:58:05,791:cor_scatter_plot:Slope=0.28 Intercept=-5.29 R=0.83 P=0.000 stder=0.01
2020-03-24 14:58:16,933:EUC_vbounds:OFAM3 165: v_bnd=0.1 tot=384 count=207 null=0 skip=168(T=125,L=43).
2020-03-24 14:58:29,154:EUC_vbounds:OFAM3 190: v_bnd=0.1 tot=384 count=303 null=0 skip=67(T=54,L=13).
2020-03-24 14:58:41,342:EUC_vbounds:OFAM3 220: v_bnd=0.1 tot=384 count=364 null=0 skip=5(T=0,L=5).
2020-03-24 14:58:43,889:open_tao_data:Opening TAO mon data. Depth=slice(10, 360, None). SI=True
2020-03-24 14:58:49,067:EUC_vbounds:TAO/TRITION 165: v_bnd=0.1 tot=203 count=107 null=5 skip=81(T=58,L=23).
2020-03-24 14:58:58,609:EUC_vbounds:TAO/TRITION 190: v_bnd=0.1 tot=340 count=222 null=36 skip=6(T=1,L=5).
2020-03-24 14:59:05,691:EUC_vbounds:TAO/TRITION 220: v_bnd=0.1 tot=311 count=225 null=31 skip=41(T=0,L=41).
2020-03-24 15:10:03,913:open_tao_data:Opening TAO mon data. Depth=slice(10, 360, None). SI=True
2020-03-24 15:10:09,190:EUC_vbounds:TAO/TRITION 165: v_bnd=half_max tot=202 count=112 null=5 skip=85(T=62,L=23).
2020-03-24 15:10:15,677:EUC_vbounds:OFAM3 165: v_bnd=half_max tot=202 count=172 null=0 skip=30(T=4,L=26).
2020-03-24 15:10:23,212:EUC_vbounds:TAO/TRITION 190: v_bnd=half_max tot=296 count=240 null=35 skip=21(T=11,L=10).
2020-03-24 15:10:32,993:EUC_vbounds:OFAM3 190: v_bnd=half_max tot=295 count=282 null=0 skip=13(T=1,L=12).
2020-03-24 15:10:39,124:EUC_vbounds:TAO/TRITION 220: v_bnd=half_max tot=272 count=229 null=25 skip=18(T=0,L=18).
2020-03-24 15:10:46,937:EUC_vbounds:OFAM3 220: v_bnd=half_max tot=271 count=266 null=0 skip=3(T=1,L=2).
2020-03-24 15:10:56,420:EUC_vbounds:TAO/TRITION 165: v_bnd=0.3 tot=202 count=107 null=5 skip=80(T=57,L=23).
2020-03-24 15:11:03,111:EUC_vbounds:OFAM3 165: v_bnd=0.3 tot=202 count=141 null=0 skip=32(T=7,L=25).
2020-03-24 15:11:11,120:EUC_vbounds:TAO/TRITION 190: v_bnd=0.3 tot=296 count=192 null=35 skip=6(T=1,L=5).
2020-03-24 15:11:20,805:EUC_vbounds:OFAM3 190: v_bnd=0.3 tot=295 count=201 null=0 skip=4(T=0,L=4).
2020-03-24 15:11:26,896:EUC_vbounds:TAO/TRITION 220: v_bnd=0.3 tot=272 count=201 null=25 skip=37(T=0,L=37).
2020-03-24 15:11:34,524:EUC_vbounds:OFAM3 220: v_bnd=0.3 tot=271 count=259 null=0 skip=4(T=0,L=4).
2020-03-24 15:11:43,785:EUC_vbounds:TAO/TRITION 165: v_bnd=0.2 tot=202 count=107 null=5 skip=80(T=57,L=23).
2020-03-24 15:11:50,492:EUC_vbounds:OFAM3 165: v_bnd=0.2 tot=202 count=141 null=0 skip=32(T=7,L=25).
2020-03-24 15:11:58,494:EUC_vbounds:TAO/TRITION 190: v_bnd=0.2 tot=296 count=192 null=35 skip=6(T=1,L=5).
2020-03-24 15:12:08,439:EUC_vbounds:OFAM3 190: v_bnd=0.2 tot=295 count=201 null=0 skip=4(T=0,L=4).
2020-03-24 15:12:14,442:EUC_vbounds:TAO/TRITION 220: v_bnd=0.2 tot=272 count=201 null=25 skip=37(T=0,L=37).
2020-03-24 15:12:22,075:EUC_vbounds:OFAM3 220: v_bnd=0.2 tot=271 count=259 null=0 skip=4(T=0,L=4).
2020-03-24 15:12:32,281:EUC_vbounds:TAO/TRITION 165: v_bnd=0.1 tot=202 count=107 null=5 skip=80(T=57,L=23).
2020-03-24 15:12:38,779:EUC_vbounds:OFAM3 165: v_bnd=0.1 tot=202 count=141 null=0 skip=32(T=7,L=25).
2020-03-24 15:12:47,098:EUC_vbounds:TAO/TRITION 190: v_bnd=0.1 tot=296 count=192 null=35 skip=6(T=1,L=5).
2020-03-24 15:12:56,774:EUC_vbounds:OFAM3 190: v_bnd=0.1 tot=295 count=201 null=0 skip=4(T=0,L=4).
2020-03-24 15:13:02,618:EUC_vbounds:TAO/TRITION 220: v_bnd=0.1 tot=272 count=201 null=25 skip=37(T=0,L=37).
2020-03-24 15:13:10,475:EUC_vbounds:OFAM3 220: v_bnd=0.1 tot=271 count=259 null=0 skip=4(T=0,L=4).
2020-03-24 15:27:15,290:open_tao_data:Opening TAO mon data. Depth=slice(10, 360, None). SI=True
2020-03-24 15:27:20,572:EUC_vbounds:TAO/TRITION 165: v_bnd=half_max tot=202 count=112 null=5 skip=85(T=62,L=23).
2020-03-24 15:27:27,091:EUC_vbounds:OFAM3 165: v_bnd=half_max tot=202 count=172 null=0 skip=30(T=4,L=26).
2020-03-24 15:27:34,686:EUC_vbounds:TAO/TRITION 190: v_bnd=half_max tot=296 count=240 null=35 skip=21(T=11,L=10).
2020-03-24 15:27:44,611:EUC_vbounds:OFAM3 190: v_bnd=half_max tot=295 count=282 null=0 skip=13(T=1,L=12).
2020-03-24 15:27:50,730:EUC_vbounds:TAO/TRITION 220: v_bnd=half_max tot=272 count=229 null=25 skip=18(T=0,L=18).
2020-03-24 15:27:58,439:EUC_vbounds:OFAM3 220: v_bnd=half_max tot=271 count=266 null=0 skip=3(T=1,L=2).
2020-03-24 15:28:07,860:EUC_vbounds:TAO/TRITION 165: v_bnd=0.3 tot=202 count=107 null=5 skip=80(T=57,L=23).
2020-03-24 15:28:14,518:EUC_vbounds:OFAM3 165: v_bnd=0.3 tot=202 count=141 null=0 skip=32(T=7,L=25).
2020-03-24 15:28:22,446:EUC_vbounds:TAO/TRITION 190: v_bnd=0.3 tot=296 count=192 null=35 skip=6(T=1,L=5).
2020-03-24 15:28:32,050:EUC_vbounds:OFAM3 190: v_bnd=0.3 tot=295 count=201 null=0 skip=4(T=0,L=4).
2020-03-24 15:28:37,862:EUC_vbounds:TAO/TRITION 220: v_bnd=0.3 tot=272 count=201 null=25 skip=37(T=0,L=37).
2020-03-24 15:28:45,449:EUC_vbounds:OFAM3 220: v_bnd=0.3 tot=271 count=259 null=0 skip=4(T=0,L=4).
2020-03-24 15:28:54,849:EUC_vbounds:TAO/TRITION 165: v_bnd=0.2 tot=202 count=107 null=5 skip=80(T=57,L=23).
2020-03-24 15:29:01,369:EUC_vbounds:OFAM3 165: v_bnd=0.2 tot=202 count=141 null=0 skip=32(T=7,L=25).
2020-03-24 15:29:09,909:EUC_vbounds:TAO/TRITION 190: v_bnd=0.2 tot=296 count=192 null=35 skip=6(T=1,L=5).
2020-03-24 15:29:19,993:EUC_vbounds:OFAM3 190: v_bnd=0.2 tot=295 count=201 null=0 skip=4(T=0,L=4).
2020-03-24 15:29:25,813:EUC_vbounds:TAO/TRITION 220: v_bnd=0.2 tot=272 count=201 null=25 skip=37(T=0,L=37).
2020-03-24 15:29:33,639:EUC_vbounds:OFAM3 220: v_bnd=0.2 tot=271 count=259 null=0 skip=4(T=0,L=4).
2020-03-24 15:29:53,524:open_tao_data:Opening TAO mon data. Depth=slice(10, 360, None). SI=True
2020-03-24 15:30:04,185:EUC_vbounds:OFAM3 165: v_bnd=half_max tot=384 count=290 null=0 skip=91(T=51,L=40).
2020-03-24 15:30:17,523:EUC_vbounds:OFAM3 190: v_bnd=half_max tot=384 count=353 null=0 skip=31(T=14,L=17).
2020-03-24 15:30:29,930:EUC_vbounds:OFAM3 220: v_bnd=half_max tot=384 count=377 null=0 skip=5(T=1,L=4).
2020-03-24 15:30:32,614:open_tao_data:Opening TAO mon data. Depth=slice(10, 360, None). SI=True
2020-03-24 15:30:37,599:EUC_vbounds:TAO/TRITION 165: v_bnd=half_max tot=203 count=112 null=5 skip=86(T=63,L=23).
2020-03-24 15:30:46,666:EUC_vbounds:TAO/TRITION 190: v_bnd=half_max tot=340 count=280 null=36 skip=24(T=13,L=11).
2020-03-24 15:30:54,360:EUC_vbounds:TAO/TRITION 220: v_bnd=half_max tot=311 count=258 null=31 skip=22(T=0,L=22).
2020-03-24 15:31:05,656:EUC_vbounds:OFAM3 165: v_bnd=25_max tot=384 count=193 null=0 skip=187(T=139,L=48).
2020-03-24 15:31:15,061:EUC_vbounds:OFAM3 190: v_bnd=25_max tot=384 count=195 null=0 skip=188(T=165,L=23).
2020-03-24 15:31:26,154:EUC_vbounds:OFAM3 220: v_bnd=25_max tot=384 count=357 null=0 skip=27(T=7,L=20).
2020-03-24 15:31:28,601:open_tao_data:Opening TAO mon data. Depth=slice(10, 360, None). SI=True
2020-03-24 15:31:32,602:EUC_vbounds:TAO/TRITION 165: v_bnd=25_max tot=203 count=53 null=5 skip=140(T=118,L=22).
2020-03-24 15:31:40,308:EUC_vbounds:TAO/TRITION 190: v_bnd=25_max tot=340 count=195 null=36 skip=105(T=71,L=34).
2020-03-24 15:31:47,116:EUC_vbounds:TAO/TRITION 220: v_bnd=25_max tot=311 count=214 null=31 skip=66(T=5,L=61).
2020-03-24 15:31:58,641:EUC_vbounds:OFAM3 165: v_bnd=0.1 tot=384 count=207 null=0 skip=168(T=125,L=43).
2020-03-24 15:32:10,964:EUC_vbounds:OFAM3 190: v_bnd=0.1 tot=384 count=303 null=0 skip=67(T=54,L=13).
2020-03-24 15:32:22,976:EUC_vbounds:OFAM3 220: v_bnd=0.1 tot=384 count=364 null=0 skip=5(T=0,L=5).
2020-03-24 15:32:25,586:open_tao_data:Opening TAO mon data. Depth=slice(10, 360, None). SI=True
2020-03-24 15:32:30,949:EUC_vbounds:TAO/TRITION 165: v_bnd=0.1 tot=203 count=107 null=5 skip=81(T=58,L=23).
2020-03-24 15:32:40,455:EUC_vbounds:TAO/TRITION 190: v_bnd=0.1 tot=340 count=222 null=36 skip=6(T=1,L=5).
2020-03-24 15:32:47,571:EUC_vbounds:TAO/TRITION 220: v_bnd=0.1 tot=311 count=225 null=31 skip=41(T=0,L=41).
2020-03-24 15:36:50,279:open_tao_data:Opening TAO mon data. Depth=slice(10, 360, None). SI=True
2020-03-24 15:37:01,051:EUC_vbounds:OFAM3 165: v_bnd=half_max tot=384 count=290 null=0 skip=91(T=51,L=40).
2020-03-24 15:37:14,657:EUC_vbounds:OFAM3 190: v_bnd=half_max tot=384 count=353 null=0 skip=31(T=14,L=17).
2020-03-24 15:37:27,191:EUC_vbounds:OFAM3 220: v_bnd=half_max tot=384 count=377 null=0 skip=5(T=1,L=4).
2020-03-24 15:37:29,849:open_tao_data:Opening TAO mon data. Depth=slice(10, 360, None). SI=True
2020-03-24 15:37:34,807:EUC_vbounds:TAO/TRITION 165: v_bnd=half_max tot=203 count=112 null=5 skip=86(T=63,L=23).
2020-03-24 15:37:43,762:EUC_vbounds:TAO/TRITION 190: v_bnd=half_max tot=340 count=280 null=36 skip=24(T=13,L=11).
2020-03-24 15:37:51,070:EUC_vbounds:TAO/TRITION 220: v_bnd=half_max tot=311 count=258 null=31 skip=22(T=0,L=22).
2020-03-24 15:38:02,159:EUC_vbounds:OFAM3 165: v_bnd=25_max tot=384 count=193 null=0 skip=187(T=139,L=48).
2020-03-24 15:38:11,549:EUC_vbounds:OFAM3 190: v_bnd=25_max tot=384 count=195 null=0 skip=188(T=165,L=23).
2020-03-24 15:38:22,822:EUC_vbounds:OFAM3 220: v_bnd=25_max tot=384 count=357 null=0 skip=27(T=7,L=20).
2020-03-24 15:38:25,298:open_tao_data:Opening TAO mon data. Depth=slice(10, 360, None). SI=True
2020-03-24 15:38:29,152:EUC_vbounds:TAO/TRITION 165: v_bnd=25_max tot=203 count=53 null=5 skip=140(T=118,L=22).
2020-03-24 15:38:36,740:EUC_vbounds:TAO/TRITION 190: v_bnd=25_max tot=340 count=195 null=36 skip=105(T=71,L=34).
2020-03-24 15:38:43,594:EUC_vbounds:TAO/TRITION 220: v_bnd=25_max tot=311 count=214 null=31 skip=66(T=5,L=61).
2020-03-24 15:38:54,900:EUC_vbounds:OFAM3 165: v_bnd=0.1 tot=384 count=207 null=0 skip=168(T=125,L=43).
2020-03-24 15:39:06,863:EUC_vbounds:OFAM3 190: v_bnd=0.1 tot=384 count=303 null=0 skip=67(T=54,L=13).
2020-03-24 15:39:18,963:EUC_vbounds:OFAM3 220: v_bnd=0.1 tot=384 count=364 null=0 skip=5(T=0,L=5).
2020-03-24 15:39:21,502:open_tao_data:Opening TAO mon data. Depth=slice(10, 360, None). SI=True
2020-03-24 15:39:26,729:EUC_vbounds:TAO/TRITION 165: v_bnd=0.1 tot=203 count=107 null=5 skip=81(T=58,L=23).
2020-03-24 15:39:36,793:EUC_vbounds:TAO/TRITION 190: v_bnd=0.1 tot=340 count=222 null=36 skip=6(T=1,L=5).
2020-03-24 15:39:43,949:EUC_vbounds:TAO/TRITION 220: v_bnd=0.1 tot=311 count=225 null=31 skip=41(T=0,L=41).
