2020-09-25 18:38:54:sim_hist_165_v0r00: File=0 New=96460 W=36406(38%) N=60054 F=57713 del=2341(3.9%): uB=4550(7.6%) max=102 median=2 mean=5
2020-09-25 18:42:50:sim_hist_190_v0r00: File=0 New=96460 W=41386(43%) N=55074 F=54290 del=784(1.4%): uB=2122(3.9%) max=77 median=2 mean=4
2020-09-25 18:46:31:sim_hist_220_v0r00: File=0 New=120204 W=56151(47%) N=64053 F=62843 del=1210(1.9%): uB=1780(2.8%) max=51 median=2 mean=4
2020-09-25 18:51:10:sim_hist_250_v0r00: File=0 New=120204 W=62258(52%) N=57946 F=57281 del=665(1.1%): uB=1479(2.6%) max=73 median=2 mean=4
2020-09-25 18:55:42:sim_rcp_165_v0r00: File=0 New=96460 W=28280(29%) N=68180 F=61533 del=6647(9.7%): uB=5241(7.7%) max=148 median=2 mean=5
2020-09-25 19:00:21:sim_rcp_190_v0r00: File=0 New=120204 W=43366(36%) N=76838 F=70417 del=6421(8.4%): uB=3700(4.8%) max=72 median=2 mean=4
2020-09-25 19:05:42:sim_rcp_220_v0r00: File=0 New=120204 W=51757(43%) N=68447 F=65464 del=2983(4.4%): uB=1865(2.7%) max=126 median=2 mean=5
2020-09-25 19:10:47:sim_rcp_250_v0r00: File=0 New=120204 W=59265(49%) N=60939 F=58727 del=2212(3.6%): uB=1468(2.4%) max=50 median=2 mean=4
####################################################################################################################################################
2020-09-25 19:16:06:sim_hist_165_v0r01: File=57713 New=96460 W=37889(39%) N=116284 F=99803 del=16481(14.2%): uB=14502(12.5%) max=139 median=2 mean=5
2020-09-25 19:24:25:sim_hist_190_v0r01: File=54290 New=96460 W=41819(43%) N=108931 F=99581 del=9350(8.6%): uB=7900(7.3%) max=100 median=2 mean=4
2020-09-25 19:32:11:sim_hist_220_v0r01: File=62843 New=31164 W=16021(51%) N=77986 F=75862 del=2124(2.7%): uB=2611(3.3%) max=59 median=2 mean=4
2020-09-25 19:36:18:sim_hist_250_v0r01: File=57281 New=31164 W=17989(58%) N=70456 F=69272 del=1184(1.7%): uB=2428(3.4%) max=107 median=2 mean=4
2020-09-26 15:38:42:sim_rcp_165_v0r01: File=61533 New=86072 W=28477(33%) N=119128 F=96153 del=22975(19.3%) uB=14887(12.5%) max=211 median=3 mean=5
2020-09-26 15:46:33:sim_rcp_190_v0r01: File=70417 New=31164 W=14783(47%) N=86798 F=82864 del=3934(4.5%) uB=4422(5.1%) max=74 median=2 mean=4
2020-09-25 22:27:31:sim_rcp_220_v0r01: File=65464 New=31164 W=15359(49%) N=81269 F=78672 del=2597(3.2%) uB=2519(3.1%) max=126 median=2 mean=5
2020-09-25 22:31:43:sim_rcp_250_v0r01: File=58727 New=31164 W=17768(57%) N=72123 F=70093 del=2030(2.8%) uB=2150(3.0%) max=64 median=2 mean=4
####################################################################################################################################################
2020-09-26 15:51:24:sim_hist_165_v0r02: File=99803 New=86072 W=32886(38%) N=152989 F=129931 del=23058(15.1%) uB=21914(14.3%) max=124 median=3 mean=5

2020-09-25 22:02:51:sim_hist_220_v0r02: File=75862 New=96460 W=43768(45%) N=128554 F=117277 del=11277(8.8%): uB=7819(6.1%) max=99 median=2 mean=5
2020-09-25 22:35:39:sim_hist_250_v0r02: File=69272 New=96460 W=51662(54%) N=114070 F=105590 del=8480(7.4%) uB=7692(6.7%) max=173 median=2 mean=5

2020-09-26 16:01:52:sim_rcp_190_v0r02: File=82864 New=86072 W=31096(36%) N=137840 F=120073 del=17767(12.9%) uB=11736(8.5%) max=185 median=2 mean=5
2020-09-26 16:11:45:sim_rcp_220_v0r02: File=78672 New=96460 W=43835(45%) N=131297 F=118092 del=13205(10.1%) uB=7769(5.9%) max=165 median=2 mean=5
2020-09-25 22:43:51:sim_rcp_250_v0r02: File=70093 New=96460 W=51056(53%) N=115497 F=104683 del=10814(9.4%) uB=6955(6.0%) max=205 median=2 mean=5
####################################################################################################################################################

2020-09-25 22:51:52:sim_rcp_250_v0r03: File=104683 New=96460 W=48814(51%) N=152329 F=136309 del=16020(10.5%) uB=11433(7.5%) max=227 median=2 mean=5
2020-09-26 16:22:05:sim_rcp_250_v0r04: File=136309 New=96460 W=49683(52%) N=183086 F=162524 del=20562(11.2%) uB=15593(8.5%) max=284 median=2 mean=5
