2020-11-05 15:16:25:Generating restart file from: plx_rcp_250_v1r00
2020-11-05 15:16:25:Generating restart file from: plx_rcp_165_v1r00
2020-11-05 15:16:25:Generating restart file from: plx_rcp_190_v1r00
2020-11-05 15:16:25:Generating restart file from: plx_rcp_220_v1r00
2020-11-05 15:17:43:Generating restart file from: plx_hist_165_v1r00
2020-11-05 15:17:43:Generating restart file from: plx_hist_220_v1r00
2020-11-05 15:17:43:Generating restart file from: plx_hist_250_v1r00
2020-11-05 15:17:43:Generating restart file from: plx_hist_190_v1r00
2020-11-05 19:47:27: plx_rcp_190_v1r01: Particles: File=83124 New=147658 West=56154 I=91504 Total=174628
2020-11-05 19:47:27: plx_rcp_190_v1r01: Runtime=1200d: 2098-09-17 to 2095-06-05: Rep=6d (x199)
2020-11-05 19:47:27: plx_rcp_190_v1r01: Lon=190: Lat=[-2.6-2.6 x0.1]: Depth=[25-350m x25]f32
2020-11-05 19:47:27: Saved: /g/data/e14/as3189/OFAM/data/r_plx_rcp_190_v1r01.nc
2020-11-05 20:28:58: plx_hist_190_v1r01: Particles: File=80087 New=147658 West=62496 I=85162 Total=165249
2020-11-05 20:28:58: plx_hist_190_v1r01: Runtime=1200d: 2009-09-18 to 2006-06-06: Rep=6d (x199)
2020-11-05 20:28:58: plx_hist_190_v1r01: Lon=190: Lat=[-2.6-2.6 x0.1]: Depth=[25-350m x25]f32
2020-11-05 20:28:58: Saved: /g/data/e14/as3189/OFAM/data/r_plx_hist_190_v1r01.nc
2020-11-05 20:29:01: plx_rcp_220_v1r01: Particles: File=78282 New=147658 West=67970 I=79688 Total=157970
2020-11-05 20:29:01: plx_rcp_220_v1r01: Runtime=1200d: 2098-09-17 to 2095-06-05: Rep=6d (x199)
2020-11-05 20:29:01: plx_rcp_220_v1r01: Lon=220: Lat=[-2.6-2.6 x0.1]: Depth=[25-350m x25]f32
2020-11-05 20:29:01: Saved: /g/data/e14/as3189/OFAM/data/r_plx_rcp_220_v1r01.nc
2020-11-05 20:34:06: plx_rcp_250_v1r01: Particles: File=69255 New=147658 West=76290 I=71368 Total=140623
2020-11-05 20:34:06: plx_rcp_250_v1r01: Runtime=1200d: 2098-09-17 to 2095-06-05: Rep=6d (x199)
2020-11-05 20:34:06: plx_rcp_250_v1r01: Lon=250: Lat=[-2.6-2.6 x0.1]: Depth=[25-350m x25]f32
2020-11-05 20:34:07: Saved: /g/data/e14/as3189/OFAM/data/r_plx_rcp_250_v1r01.nc
2020-11-05 20:34:15: plx_rcp_165_v1r01: Particles: File=80649 New=147658 West=44982 I=102676 Total=183325
2020-11-05 20:34:15: plx_rcp_165_v1r01: Runtime=1200d: 2098-09-17 to 2095-06-05: Rep=6d (x199)
2020-11-05 20:34:15: plx_rcp_165_v1r01: Lon=165: Lat=[-2.6-2.6 x0.1]: Depth=[25-350m x25]f32
2020-11-05 20:34:15: Saved: /g/data/e14/as3189/OFAM/data/r_plx_rcp_165_v1r01.nc
2020-11-05 21:15:33: plx_hist_165_v1r01: Particles: File=81511 New=147658 West=54746 I=92912 Total=174423
2020-11-05 21:15:33: plx_hist_165_v1r01: Runtime=1200d: 2009-09-18 to 2006-06-06: Rep=6d (x199)
2020-11-05 21:15:33: plx_hist_165_v1r01: Lon=165: Lat=[-2.6-2.6 x0.1]: Depth=[25-350m x25]f32
2020-11-05 21:15:33: Saved: /g/data/e14/as3189/OFAM/data/r_plx_hist_165_v1r01.nc
2020-11-05 21:16:32: plx_hist_250_v1r01: Particles: File=68353 New=147658 West=79296 I=68362 Total=136715
2020-11-05 21:16:32: plx_hist_250_v1r01: Runtime=1200d: 2009-09-18 to 2006-06-06: Rep=6d (x199)
2020-11-05 21:16:32: plx_hist_250_v1r01: Lon=250: Lat=[-2.6-2.6 x0.1]: Depth=[25-350m x25]f32
2020-11-05 21:16:32: Saved: /g/data/e14/as3189/OFAM/data/r_plx_hist_250_v1r01.nc
2020-11-05 21:17:21: plx_hist_220_v1r01: Particles: File=75557 New=147658 West=70143 I=77515 Total=153072
2020-11-05 21:17:21: plx_hist_220_v1r01: Runtime=1200d: 2009-09-18 to 2006-06-06: Rep=6d (x199)
2020-11-05 21:17:21: plx_hist_220_v1r01: Lon=220: Lat=[-2.6-2.6 x0.1]: Depth=[25-350m x25]f32
2020-11-05 21:17:21: Saved: /g/data/e14/as3189/OFAM/data/r_plx_hist_220_v1r01.nc
2020-11-06 05:20:23:Generating restart file from: plx_rcp_250_v1r01
2020-11-06 05:20:23:Generating restart file from: plx_rcp_220_v1r01
2020-11-06 05:20:23:Generating restart file from: plx_rcp_190_v1r01
2020-11-06 05:20:23:Generating restart file from: plx_rcp_165_v1r01
2020-11-06 05:20:41:Generating restart file from: plx_hist_190_v1r01
2020-11-06 05:20:41:Generating restart file from: plx_hist_250_v1r01
2020-11-06 05:20:41:Generating restart file from: plx_hist_165_v1r01
2020-11-06 05:20:41:Generating restart file from: plx_hist_220_v1r01
2020-11-06 09:50:53: plx_rcp_190_v1r02: Particles: File=141851 New=147658 West=49382 I=98276 Total=240127
2020-11-06 09:50:53: plx_rcp_190_v1r02: Runtime=1200d: 2095-06-05 to 2092-02-21: Rep=6d (x199)
2020-11-06 09:50:53: plx_rcp_190_v1r02: Lon=190: Lat=[-2.6-2.6 x0.1]: Depth=[25-350m x25]f32
2020-11-06 09:50:54: Saved: /g/data/e14/as3189/OFAM/data/r_plx_rcp_190_v1r02.nc
2020-11-06 10:27:18: plx_rcp_220_v1r02: Particles: File=135120 New=147658 West=59957 I=87701 Total=222821
2020-11-06 10:27:18: plx_rcp_220_v1r02: Runtime=1200d: 2095-06-05 to 2092-02-21: Rep=6d (x199)
2020-11-06 10:27:18: plx_rcp_220_v1r02: Lon=220: Lat=[-2.6-2.6 x0.1]: Depth=[25-350m x25]f32
2020-11-06 10:27:18: Saved: /g/data/e14/as3189/OFAM/data/r_plx_rcp_220_v1r02.nc
2020-11-06 10:36:25: plx_hist_190_v1r02: Particles: File=139304 New=147658 West=57092 I=90566 Total=229870
2020-11-06 10:36:25: plx_hist_190_v1r02: Runtime=1200d: 2006-06-06 to 2003-02-22: Rep=6d (x199)
2020-11-06 10:36:25: plx_hist_190_v1r02: Lon=190: Lat=[-2.6-2.6 x0.1]: Depth=[25-350m x25]f32
2020-11-06 10:36:25: Saved: /g/data/e14/as3189/OFAM/data/r_plx_hist_190_v1r02.nc
2020-11-06 10:37:55: plx_rcp_165_v1r02: Particles: File=133914 New=147658 West=41039 I=106619 Total=240533
2020-11-06 10:37:55: plx_rcp_165_v1r02: Runtime=1200d: 2095-06-05 to 2092-02-21: Rep=6d (x199)
2020-11-06 10:37:55: plx_rcp_165_v1r02: Lon=165: Lat=[-2.6-2.6 x0.1]: Depth=[25-350m x25]f32
2020-11-06 10:37:55: Saved: /g/data/e14/as3189/OFAM/data/r_plx_rcp_165_v1r02.nc
2020-11-06 10:40:11: plx_rcp_250_v1r02: Particles: File=121409 New=147658 West=74171 I=73487 Total=194896
2020-11-06 10:40:11: plx_rcp_250_v1r02: Runtime=1200d: 2095-06-05 to 2092-02-21: Rep=6d (x199)
2020-11-06 10:40:11: plx_rcp_250_v1r02: Lon=250: Lat=[-2.6-2.6 x0.1]: Depth=[25-350m x25]f32
2020-11-06 10:40:11: Saved: /g/data/e14/as3189/OFAM/data/r_plx_rcp_250_v1r02.nc
2020-11-06 11:20:11: plx_hist_250_v1r02: Particles: File=120831 New=147658 West=77410 I=70248 Total=191079
2020-11-06 11:20:11: plx_hist_250_v1r02: Runtime=1200d: 2006-06-06 to 2003-02-22: Rep=6d (x199)
2020-11-06 11:20:11: plx_hist_250_v1r02: Lon=250: Lat=[-2.6-2.6 x0.1]: Depth=[25-350m x25]f32
2020-11-06 11:20:12: Saved: /g/data/e14/as3189/OFAM/data/r_plx_hist_250_v1r02.nc
2020-11-06 11:21:04: plx_hist_220_v1r02: Particles: File=132063 New=147658 West=66490 I=81168 Total=213231
2020-11-06 11:21:04: plx_hist_220_v1r02: Runtime=1200d: 2006-06-06 to 2003-02-22: Rep=6d (x199)
2020-11-06 11:21:04: plx_hist_220_v1r02: Lon=220: Lat=[-2.6-2.6 x0.1]: Depth=[25-350m x25]f32
2020-11-06 11:21:05: Saved: /g/data/e14/as3189/OFAM/data/r_plx_hist_220_v1r02.nc
2020-11-06 11:21:13: plx_hist_165_v1r02: Particles: File=137372 New=147658 West=54734 I=92924 Total=230296
2020-11-06 11:21:13: plx_hist_165_v1r02: Runtime=1200d: 2006-06-06 to 2003-02-22: Rep=6d (x199)
2020-11-06 11:21:13: plx_hist_165_v1r02: Lon=165: Lat=[-2.6-2.6 x0.1]: Depth=[25-350m x25]f32
2020-11-06 11:21:13: Saved: /g/data/e14/as3189/OFAM/data/r_plx_hist_165_v1r02.nc
2020-11-06 17:06:09:Generating restart file from: plx_rcp_165_v1r02
2020-11-06 17:06:09:Generating restart file from: plx_rcp_220_v1r02
2020-11-06 17:06:09:Generating restart file from: plx_rcp_250_v1r02
2020-11-06 17:06:09:Generating restart file from: plx_rcp_190_v1r02
2020-11-06 17:31:09:Generating restart file from: plx_hist_220_v1r02
2020-11-06 17:42:52:Generating restart file from: plx_hist_250_v1r02
2020-11-06 18:46:20:Generating restart file from: plx_hist_165_v1r02
2020-11-06 20:29:16:Generating restart file from: plx_hist_190_v1r02
2020-11-06 21:36:08: plx_rcp_190_v1r03: Particles: File=195630 New=147658 West=57591 I=90067 Total=285697
2020-11-06 21:36:08: plx_rcp_190_v1r03: Runtime=1200d: 2092-02-21 to 2088-11-08: Rep=6d (x199)
2020-11-06 21:36:08: plx_rcp_190_v1r03: Lon=190: Lat=[-2.6-2.6 x0.1]: Depth=[25-350m x25]f32
2020-11-06 21:36:08: Saved: /g/data/e14/as3189/OFAM/data/r_plx_rcp_190_v1r03.nc
2020-11-06 22:22:02: plx_rcp_220_v1r03: Particles: File=186542 New=147658 West=69824 I=77834 Total=264376
2020-11-06 22:22:02: plx_rcp_220_v1r03: Runtime=1200d: 2092-02-21 to 2088-11-08: Rep=6d (x199)
2020-11-06 22:22:02: plx_rcp_220_v1r03: Lon=220: Lat=[-2.6-2.6 x0.1]: Depth=[25-350m x25]f32
2020-11-06 22:22:03: Saved: /g/data/e14/as3189/OFAM/data/r_plx_rcp_220_v1r03.nc
2020-11-06 22:23:10: plx_rcp_165_v1r03: Particles: File=177443 New=147658 West=49126 I=98532 Total=275975
2020-11-06 22:23:10: plx_rcp_165_v1r03: Runtime=1200d: 2092-02-21 to 2088-11-08: Rep=6d (x199)
2020-11-06 22:23:10: plx_rcp_165_v1r03: Lon=165: Lat=[-2.6-2.6 x0.1]: Depth=[25-350m x25]f32
2020-11-06 22:23:10: Saved: /g/data/e14/as3189/OFAM/data/r_plx_rcp_165_v1r03.nc
2020-11-06 22:23:24: plx_rcp_250_v1r03: Particles: File=165085 New=147658 West=78883 I=68775 Total=233860
2020-11-06 22:23:24: plx_rcp_250_v1r03: Runtime=1200d: 2092-02-21 to 2088-11-08: Rep=6d (x199)
2020-11-06 22:23:24: plx_rcp_250_v1r03: Lon=250: Lat=[-2.6-2.6 x0.1]: Depth=[25-350m x25]f32
2020-11-06 22:23:24: Saved: /g/data/e14/as3189/OFAM/data/r_plx_rcp_250_v1r03.nc
2020-11-06 23:23:57: plx_hist_220_v1r03: Particles: File=178466 New=147658 West=72189 I=75469 Total=253935
2020-11-06 23:23:57: plx_hist_220_v1r03: Runtime=1200d: 2003-02-22 to 1999-11-10: Rep=6d (x199)
2020-11-06 23:23:57: plx_hist_220_v1r03: Lon=220: Lat=[-2.6-2.6 x0.1]: Depth=[25-350m x25]f32
2020-11-06 23:23:57: Saved: /g/data/e14/as3189/OFAM/data/r_plx_hist_220_v1r03.nc
2020-11-06 23:40:24: plx_hist_250_v1r03: Particles: File=163677 New=147658 West=81654 I=66004 Total=229681
2020-11-06 23:40:24: plx_hist_250_v1r03: Runtime=1200d: 2003-02-22 to 1999-11-10: Rep=6d (x199)
2020-11-06 23:40:24: plx_hist_250_v1r03: Lon=250: Lat=[-2.6-2.6 x0.1]: Depth=[25-350m x25]f32
2020-11-06 23:40:24: Saved: /g/data/e14/as3189/OFAM/data/r_plx_hist_250_v1r03.nc
2020-11-07 00:46:20: plx_hist_165_v1r03: Particles: File=177626 New=147658 West=56449 I=91209 Total=268835
2020-11-07 00:46:20: plx_hist_165_v1r03: Runtime=1200d: 2003-02-22 to 1999-11-10: Rep=6d (x199)
2020-11-07 00:46:20: plx_hist_165_v1r03: Lon=165: Lat=[-2.6-2.6 x0.1]: Depth=[25-350m x25]f32
2020-11-07 00:46:20: Saved: /g/data/e14/as3189/OFAM/data/r_plx_hist_165_v1r03.nc
2020-11-07 01:37:20: plx_hist_190_v1r03: Particles: File=188472 New=147658 West=63019 I=84639 Total=273111
2020-11-07 01:37:20: plx_hist_190_v1r03: Runtime=1200d: 2003-02-22 to 1999-11-10: Rep=6d (x199)
2020-11-07 01:37:20: plx_hist_190_v1r03: Lon=190: Lat=[-2.6-2.6 x0.1]: Depth=[25-350m x25]f32
2020-11-07 01:37:20: Saved: /g/data/e14/as3189/OFAM/data/r_plx_hist_190_v1r03.nc
2020-11-07 04:33:36:Generating restart file from: plx_rcp_190_v1r03
2020-11-07 04:33:36:Generating restart file from: plx_rcp_250_v1r03
2020-11-07 04:33:36:Generating restart file from: plx_rcp_165_v1r03
2020-11-07 09:05:03: plx_rcp_190_v1r04: Particles: File=228145 New=147658 West=59131 I=88527 Total=316672
2020-11-07 09:05:03: plx_rcp_190_v1r04: Runtime=1200d: 2088-11-08 to 2085-07-27: Rep=6d (x199)
2020-11-07 09:05:03: plx_rcp_190_v1r04: Lon=190: Lat=[-2.6-2.6 x0.1]: Depth=[25-350m x25]f32
2020-11-07 09:05:03: Saved: /g/data/e14/as3189/OFAM/data/r_plx_rcp_190_v1r04.nc
2020-11-07 09:52:08: plx_rcp_165_v1r04: Particles: File=204611 New=147658 West=53110 I=94548 Total=299159
2020-11-07 09:52:08: plx_rcp_165_v1r04: Runtime=1200d: 2088-11-08 to 2085-07-27: Rep=6d (x199)
2020-11-07 09:52:08: plx_rcp_165_v1r04: Lon=165: Lat=[-2.6-2.6 x0.1]: Depth=[25-350m x25]f32
2020-11-07 09:52:08: Saved: /g/data/e14/as3189/OFAM/data/r_plx_rcp_165_v1r04.nc
2020-11-07 09:52:40: plx_rcp_250_v1r04: Particles: File=196451 New=147658 West=69602 I=78056 Total=274507
2020-11-07 09:52:40: plx_rcp_250_v1r04: Runtime=1200d: 2088-11-08 to 2085-07-27: Rep=6d (x199)
2020-11-07 09:52:40: plx_rcp_250_v1r04: Lon=250: Lat=[-2.6-2.6 x0.1]: Depth=[25-350m x25]f32
2020-11-07 09:52:40: Saved: /g/data/e14/as3189/OFAM/data/r_plx_rcp_250_v1r04.nc
2020-11-07 14:25:03:Generating restart file from: plx_rcp_220_v1r03
2020-11-07 14:25:23:Generating restart file from: plx_hist_250_v1r03
2020-11-07 14:25:23:Generating restart file from: plx_hist_190_v1r03
2020-11-07 14:25:23:Generating restart file from: plx_hist_220_v1r03
2020-11-07 14:25:23:Generating restart file from: plx_hist_165_v1r03
2020-11-07 17:17:31:Generating restart file from: plx_rcp_165_v1r04
2020-11-07 17:17:31:Generating restart file from: plx_rcp_250_v1r04
2020-11-07 17:17:31:Generating restart file from: plx_rcp_190_v1r04
2020-11-07 19:31:38: plx_rcp_220_v1r04: Particles: File=217642 New=147658 West=65176 I=82482 Total=300124
2020-11-07 19:31:38: plx_rcp_220_v1r04: Runtime=1200d: 2088-11-08 to 2085-07-27: Rep=6d (x199)
2020-11-07 19:31:38: plx_rcp_220_v1r04: Lon=220: Lat=[-2.6-2.6 x0.1]: Depth=[25-350m x25]f32
2020-11-07 19:31:38: Saved: /g/data/e14/as3189/OFAM/data/r_plx_rcp_220_v1r04.nc
2020-11-07 19:37:06: plx_hist_190_v1r04: Particles: File=220745 New=147658 West=61772 I=85886 Total=306631
2020-11-07 19:37:06: plx_hist_190_v1r04: Runtime=1200d: 1999-11-10 to 1996-07-28: Rep=6d (x199)
2020-11-07 19:37:06: plx_hist_190_v1r04: Lon=190: Lat=[-2.6-2.6 x0.1]: Depth=[25-350m x25]f32
2020-11-07 19:37:06: Saved: /g/data/e14/as3189/OFAM/data/r_plx_hist_190_v1r04.nc
2020-11-07 20:19:08: plx_hist_220_v1r04: Particles: File=210139 New=147658 West=66225 I=81433 Total=291572
2020-11-07 20:19:08: plx_hist_220_v1r04: Runtime=1200d: 1999-11-10 to 1996-07-28: Rep=6d (x199)
2020-11-07 20:19:08: plx_hist_220_v1r04: Lon=220: Lat=[-2.6-2.6 x0.1]: Depth=[25-350m x25]f32
2020-11-07 20:19:08: Saved: /g/data/e14/as3189/OFAM/data/r_plx_hist_220_v1r04.nc
2020-11-07 20:22:58: plx_hist_250_v1r04: Particles: File=192817 New=147658 West=69383 I=78275 Total=271092
2020-11-07 20:22:58: plx_hist_250_v1r04: Runtime=1200d: 1999-11-10 to 1996-07-28: Rep=6d (x199)
2020-11-07 20:22:58: plx_hist_250_v1r04: Lon=250: Lat=[-2.6-2.6 x0.1]: Depth=[25-350m x25]f32
2020-11-07 20:22:58: Saved: /g/data/e14/as3189/OFAM/data/r_plx_hist_250_v1r04.nc
2020-11-07 20:24:15: plx_hist_165_v1r04: Particles: File=202767 New=147658 West=56689 I=90969 Total=293736
2020-11-07 20:24:15: plx_hist_165_v1r04: Runtime=1200d: 1999-11-10 to 1996-07-28: Rep=6d (x199)
2020-11-07 20:24:15: plx_hist_165_v1r04: Lon=165: Lat=[-2.6-2.6 x0.1]: Depth=[25-350m x25]f32
2020-11-07 20:24:15: Saved: /g/data/e14/as3189/OFAM/data/r_plx_hist_165_v1r04.nc
2020-11-07 21:49:42: plx_rcp_190_v1r05: Particles: File=249655 New=147658 West=52369 I=95289 Total=344944
2020-11-07 21:49:42: plx_rcp_190_v1r05: Runtime=1200d: 2085-07-27 to 2082-04-14: Rep=6d (x199)
2020-11-07 21:49:42: plx_rcp_190_v1r05: Lon=190: Lat=[-2.6-2.6 x0.1]: Depth=[25-350m x25]f32
2020-11-07 21:49:42: Saved: /g/data/e14/as3189/OFAM/data/r_plx_rcp_190_v1r05.nc
2020-11-07 22:35:45: plx_rcp_250_v1r05: Particles: File=229240 New=147658 West=76461 I=71197 Total=300437
2020-11-07 22:35:45: plx_rcp_250_v1r05: Runtime=1200d: 2085-07-27 to 2082-04-14: Rep=6d (x199)
2020-11-07 22:35:45: plx_rcp_250_v1r05: Lon=250: Lat=[-2.6-2.6 x0.1]: Depth=[25-350m x25]f32
2020-11-07 22:35:45: Saved: /g/data/e14/as3189/OFAM/data/r_plx_rcp_250_v1r05.nc
2020-11-07 22:47:59: plx_rcp_165_v1r05: Particles: File=219141 New=147658 West=45694 I=101964 Total=321105
2020-11-07 22:47:59: plx_rcp_165_v1r05: Runtime=1200d: 2085-07-27 to 2082-04-14: Rep=6d (x199)
2020-11-07 22:47:59: plx_rcp_165_v1r05: Lon=165: Lat=[-2.6-2.6 x0.1]: Depth=[25-350m x25]f32
2020-11-07 22:47:59: Saved: /g/data/e14/as3189/OFAM/data/r_plx_rcp_165_v1r05.nc
2020-11-08 01:18:25:Generating restart file from: plx_rcp_220_v1r04
2020-11-08 06:34:10: plx_rcp_220_v1r05: Particles: File=243344 New=147658 West=67144 I=80514 Total=323858
2020-11-08 06:34:10: plx_rcp_220_v1r05: Runtime=1200d: 2085-07-27 to 2082-04-14: Rep=6d (x199)
2020-11-08 06:34:10: plx_rcp_220_v1r05: Lon=220: Lat=[-2.6-2.6 x0.1]: Depth=[25-350m x25]f32
2020-11-08 06:34:10: Saved: /g/data/e14/as3189/OFAM/data/r_plx_rcp_220_v1r05.nc
2020-11-09 10:12:20:Generating restart file from: plx_rcp_190_v1r05
2020-11-09 10:12:20:Generating restart file from: plx_rcp_165_v1r05
2020-11-09 10:12:20:Generating restart file from: plx_rcp_220_v1r05
2020-11-09 10:12:20:Generating restart file from: plx_rcp_250_v1r05
2020-11-09 10:12:47:Generating restart file from: plx_hist_165_v1r04
2020-11-09 10:12:47:Generating restart file from: plx_hist_220_v1r04
2020-11-09 10:12:47:Generating restart file from: plx_hist_250_v1r04
2020-11-09 10:12:47:Generating restart file from: plx_hist_190_v1r04
2020-11-09 14:43:05: plx_rcp_190_v1r06: Particles: File=279645 New=147658 West=57059 I=90599 Total=370244
2020-11-09 14:43:05: plx_rcp_190_v1r06: Runtime=1200d: 2082-04-14 to 2078-12-31: Rep=6d (x199)
2020-11-09 14:43:05: plx_rcp_190_v1r06: Lon=190: Lat=[-2.6-2.6 x0.1]: Depth=[25-350m x25]f32
2020-11-09 14:43:05: Saved: /g/data/e14/as3189/OFAM/data/r_plx_rcp_190_v1r06.nc
2020-11-09 15:20:20: plx_hist_190_v1r05: Particles: File=249035 New=147658 West=59589 I=88069 Total=337104
2020-11-09 15:20:20: plx_hist_190_v1r05: Runtime=1200d: 1996-07-28 to 1993-04-15: Rep=6d (x199)
2020-11-09 15:20:20: plx_hist_190_v1r05: Lon=190: Lat=[-2.6-2.6 x0.1]: Depth=[25-350m x25]f32
2020-11-09 15:20:20: Saved: /g/data/e14/as3189/OFAM/data/r_plx_hist_190_v1r05.nc
2020-11-09 15:25:23: plx_rcp_165_v1r06: Particles: File=243588 New=147658 West=45416 I=102242 Total=345830
2020-11-09 15:25:23: plx_rcp_165_v1r06: Runtime=1200d: 2082-04-14 to 2078-12-31: Rep=6d (x199)
2020-11-09 15:25:23: plx_rcp_165_v1r06: Lon=165: Lat=[-2.6-2.6 x0.1]: Depth=[25-350m x25]f32
2020-11-09 15:25:23: Saved: /g/data/e14/as3189/OFAM/data/r_plx_rcp_165_v1r06.nc
2020-11-09 15:28:12: plx_rcp_250_v1r06: Particles: File=255531 New=147658 West=75010 I=72648 Total=328179
2020-11-09 15:28:12: plx_rcp_250_v1r06: Runtime=1200d: 2082-04-14 to 2078-12-31: Rep=6d (x199)
2020-11-09 15:28:12: plx_rcp_250_v1r06: Lon=250: Lat=[-2.6-2.6 x0.1]: Depth=[25-350m x25]f32
2020-11-09 15:28:12: Saved: /g/data/e14/as3189/OFAM/data/r_plx_rcp_250_v1r06.nc
2020-11-09 15:29:16: plx_rcp_220_v1r06: Particles: File=267993 New=147658 West=66931 I=80727 Total=348720
2020-11-09 15:29:16: plx_rcp_220_v1r06: Runtime=1200d: 2082-04-14 to 2078-12-31: Rep=6d (x199)
2020-11-09 15:29:16: plx_rcp_220_v1r06: Lon=220: Lat=[-2.6-2.6 x0.1]: Depth=[25-350m x25]f32
2020-11-09 15:29:16: Saved: /g/data/e14/as3189/OFAM/data/r_plx_rcp_220_v1r06.nc
2020-11-09 16:10:17: plx_hist_220_v1r05: Particles: File=241132 New=147658 West=71376 I=76282 Total=317414
2020-11-09 16:10:17: plx_hist_220_v1r05: Runtime=1200d: 1996-07-28 to 1993-04-15: Rep=6d (x199)
2020-11-09 16:10:17: plx_hist_220_v1r05: Lon=220: Lat=[-2.6-2.6 x0.1]: Depth=[25-350m x25]f32
2020-11-09 16:10:17: Saved: /g/data/e14/as3189/OFAM/data/r_plx_hist_220_v1r05.nc
2020-11-09 16:10:18: plx_hist_165_v1r05: Particles: File=220929 New=147658 West=59539 I=88119 Total=309048
2020-11-09 16:10:18: plx_hist_165_v1r05: Runtime=1200d: 1996-07-28 to 1993-04-15: Rep=6d (x199)
2020-11-09 16:10:18: plx_hist_165_v1r05: Lon=165: Lat=[-2.6-2.6 x0.1]: Depth=[25-350m x25]f32
2020-11-09 16:10:18: Saved: /g/data/e14/as3189/OFAM/data/r_plx_hist_165_v1r05.nc
2020-11-09 16:13:47: plx_hist_250_v1r05: Particles: File=228009 New=147658 West=79697 I=67961 Total=295970
2020-11-09 16:13:47: plx_hist_250_v1r05: Runtime=1200d: 1996-07-28 to 1993-04-15: Rep=6d (x199)
2020-11-09 16:13:47: plx_hist_250_v1r05: Lon=250: Lat=[-2.6-2.6 x0.1]: Depth=[25-350m x25]f32
2020-11-09 16:13:47: Saved: /g/data/e14/as3189/OFAM/data/r_plx_hist_250_v1r05.nc
2020-11-09 21:29:30:Generating restart file from: plx_rcp_190_v1r06
2020-11-09 21:29:30:Generating restart file from: plx_rcp_250_v1r06
2020-11-09 21:29:30:Generating restart file from: plx_rcp_165_v1r06
2020-11-09 21:30:14:Generating restart file from: plx_hist_190_v1r05
2020-11-09 22:58:23:Generating restart file from: plx_rcp_220_v1r06
2020-11-09 22:59:11:Generating restart file from: plx_hist_220_v1r05
2020-11-09 22:59:11:Generating restart file from: plx_hist_165_v1r05
2020-11-10 01:58:26: plx_rcp_190_v1r07: Particles: File=300993 New=147658 West=57135 I=90523 Total=391516
2020-11-10 01:58:26: plx_rcp_190_v1r07: Runtime=1200d: 2078-12-31 to 2075-09-18: Rep=6d (x199)
2020-11-10 01:58:26: plx_rcp_190_v1r07: Lon=190: Lat=[-2.6-2.6 x0.1]: Depth=[25-350m x25]f32
2020-11-10 01:58:27: Saved: /g/data/e14/as3189/OFAM/data/r_plx_rcp_190_v1r07.nc
2020-11-10 02:39:49: plx_hist_190_v1r06: Particles: File=280481 New=147658 West=65018 I=82640 Total=363121
2020-11-10 02:39:49: plx_hist_190_v1r06: Runtime=1200d: 1993-04-15 to 1990-01-01: Rep=6d (x199)
2020-11-10 02:39:49: plx_hist_190_v1r06: Lon=190: Lat=[-2.6-2.6 x0.1]: Depth=[25-350m x25]f32
2020-11-10 02:39:49: Saved: /g/data/e14/as3189/OFAM/data/r_plx_hist_190_v1r06.nc
2020-11-10 02:44:28: plx_rcp_165_v1r07: Particles: File=261850 New=147658 West=50109 I=97549 Total=359399
2020-11-10 02:44:28: plx_rcp_165_v1r07: Runtime=1200d: 2078-12-31 to 2075-09-18: Rep=6d (x199)
2020-11-10 02:44:28: plx_rcp_165_v1r07: Lon=165: Lat=[-2.6-2.6 x0.1]: Depth=[25-350m x25]f32
2020-11-10 02:44:28: Saved: /g/data/e14/as3189/OFAM/data/r_plx_rcp_165_v1r07.nc
2020-11-10 02:54:10: plx_rcp_250_v1r07: Particles: File=280023 New=147658 West=75489 I=72169 Total=352192
2020-11-10 02:54:10: plx_rcp_250_v1r07: Runtime=1200d: 2078-12-31 to 2075-09-18: Rep=6d (x199)
2020-11-10 02:54:10: plx_rcp_250_v1r07: Lon=250: Lat=[-2.6-2.6 x0.1]: Depth=[25-350m x25]f32
2020-11-10 02:54:10: Saved: /g/data/e14/as3189/OFAM/data/r_plx_rcp_250_v1r07.nc
2020-11-10 04:05:03: plx_rcp_220_v1r07: Particles: File=290197 New=147658 West=65262 I=82396 Total=372593
2020-11-10 04:05:03: plx_rcp_220_v1r07: Runtime=1200d: 2078-12-31 to 2075-09-18: Rep=6d (x199)
2020-11-10 04:05:03: plx_rcp_220_v1r07: Lon=220: Lat=[-2.6-2.6 x0.1]: Depth=[25-350m x25]f32
2020-11-10 04:05:03: Saved: /g/data/e14/as3189/OFAM/data/r_plx_rcp_220_v1r07.nc
2020-11-10 04:52:35: plx_hist_220_v1r06: Particles: File=270145 New=147658 West=72743 I=74915 Total=345060
2020-11-10 04:52:36: plx_hist_220_v1r06: Runtime=1200d: 1993-04-15 to 1990-01-01: Rep=6d (x199)
2020-11-10 04:52:36: plx_hist_220_v1r06: Lon=220: Lat=[-2.6-2.6 x0.1]: Depth=[25-350m x25]f32
2020-11-10 04:52:36: Saved: /g/data/e14/as3189/OFAM/data/r_plx_hist_220_v1r06.nc
2020-11-10 04:56:18: plx_hist_165_v1r06: Particles: File=242587 New=147658 West=57256 I=90402 Total=332989
2020-11-10 04:56:18: plx_hist_165_v1r06: Runtime=1200d: 1993-04-15 to 1990-01-01: Rep=6d (x199)
2020-11-10 04:56:18: plx_hist_165_v1r06: Lon=165: Lat=[-2.6-2.6 x0.1]: Depth=[25-350m x25]f32
2020-11-10 04:56:18: Saved: /g/data/e14/as3189/OFAM/data/r_plx_hist_165_v1r06.nc
2020-11-10 12:42:59:Generating restart file from: plx_rcp_165_v1r07
2020-11-10 12:42:59:Generating restart file from: plx_rcp_190_v1r07
2020-11-10 12:42:59:Generating restart file from: plx_rcp_220_v1r07
2020-11-10 12:42:59:Generating restart file from: plx_rcp_250_v1r07
2020-11-10 12:43:43:Generating restart file from: plx_hist_190_v1r06
2020-11-10 12:43:43:Generating restart file from: plx_hist_165_v1r06
2020-11-10 12:43:43:Generating restart file from: plx_hist_250_v1r05
2020-11-10 12:43:43:Generating restart file from: plx_hist_220_v1r06
2020-11-15 12:29:52:Generating restart file from: plx_hist_250_v1r05
2020-11-15 12:33:45:Generating restart file from: plx_hist_165_v1r06
2020-11-15 12:34:01:Generating restart file from: plx_hist_190_v1r06
2020-11-15 12:34:24:Generating restart file from: plx_hist_220_v1r06
2020-11-15 13:19:56:Generating restart file from: plx_rcp_165_v1r07
2020-11-15 13:19:56:Generating restart file from: plx_rcp_190_v1r07
2020-11-15 13:19:56:Generating restart file from: plx_rcp_220_v1r07
2020-11-15 13:19:56:Generating restart file from: plx_rcp_250_v1r07
2020-11-15 19:43:49: plx_rcp_190_v1r08: Particles: File=316018 New=147658 West=59724 I=87934 Total=403952
2020-11-15 19:43:49: plx_rcp_190_v1r08: Runtime=1200d: 2075-09-18 to 2072-06-05: Rep=6d (x199)
2020-11-15 19:43:49: plx_rcp_190_v1r08: Lon=190: Lat=[-2.6-2.6 x0.1]: Depth=[25-350m x25]f32
2020-11-15 19:43:49: Saved: /g/data/e14/as3189/OFAM/data/r_plx_rcp_190_v1r08.nc
2020-11-15 20:09:00: plx_rcp_165_v1r08: Particles: File=270357 New=147658 West=49615 I=98043 Total=368400
2020-11-15 20:09:00: plx_rcp_165_v1r08: Runtime=1200d: 2075-09-18 to 2072-06-05: Rep=6d (x199)
2020-11-15 20:09:00: plx_rcp_165_v1r08: Lon=165: Lat=[-2.6-2.6 x0.1]: Depth=[25-350m x25]f32
2020-11-15 20:09:00: Saved: /g/data/e14/as3189/OFAM/data/r_plx_rcp_165_v1r08.nc
2020-11-15 20:17:27: plx_rcp_220_v1r08: Particles: File=306757 New=147658 West=65402 I=82256 Total=389013
2020-11-15 20:17:27: plx_rcp_220_v1r08: Runtime=1200d: 2075-09-18 to 2072-06-05: Rep=6d (x199)
2020-11-15 20:17:27: plx_rcp_220_v1r08: Lon=220: Lat=[-2.6-2.6 x0.1]: Depth=[25-350m x25]f32
2020-11-15 20:17:27: Saved: /g/data/e14/as3189/OFAM/data/r_plx_rcp_220_v1r08.nc
2020-11-15 20:19:06: plx_rcp_250_v1r08: Particles: File=297898 New=147658 West=72958 I=74700 Total=372598
2020-11-15 20:19:06: plx_rcp_250_v1r08: Runtime=1200d: 2075-09-18 to 2072-06-05: Rep=6d (x199)
2020-11-15 20:19:06: plx_rcp_250_v1r08: Lon=250: Lat=[-2.6-2.6 x0.1]: Depth=[25-350m x25]f32
2020-11-15 20:19:06: Saved: /g/data/e14/as3189/OFAM/data/r_plx_rcp_250_v1r08.nc
2020-11-15 21:05:49: plx_hist_190_v1r07: Particles: File=304011 New=147658 West=61282 I=86376 Total=390387
2020-11-15 21:05:49: plx_hist_190_v1r07: Runtime=1200d: 1990-01-01 to 1986-09-19: Rep=6d (x199)
2020-11-15 21:05:49: plx_hist_190_v1r07: Lon=190: Lat=[-2.6-2.6 x0.1]: Depth=[25-350m x25]f32
2020-11-15 21:05:50: Saved: /g/data/e14/as3189/OFAM/data/r_plx_hist_190_v1r07.nc
2020-11-15 21:16:37: plx_hist_220_v1r07: Particles: File=294733 New=147658 West=68900 I=78758 Total=373491
2020-11-15 21:16:37: plx_hist_220_v1r07: Runtime=1200d: 1990-01-01 to 1986-09-19: Rep=6d (x199)
2020-11-15 21:16:37: plx_hist_220_v1r07: Lon=220: Lat=[-2.6-2.6 x0.1]: Depth=[25-350m x25]f32
2020-11-15 21:16:37: Saved: /g/data/e14/as3189/OFAM/data/r_plx_hist_220_v1r07.nc
2020-11-15 21:19:29: s10_plx_hist_165_v1r00: Run=2400d: 2012-12-31 to 2006-06-06: Particles=178741
2020-11-15 21:19:29: s10_plx_hist_165_v1r00: Tmp=FSOJFJCY: dt=60m: Out=2d: Land=0.975 Vmin=1e-07
2020-11-15 21:32:17: plx_hist_250_v1r06: Particles: File=256648 New=147658 West=76654 I=71004 Total=327652
2020-11-15 21:32:17: plx_hist_250_v1r06: Runtime=1200d: 1993-04-15 to 1990-01-01: Rep=6d (x199)
2020-11-15 21:32:17: plx_hist_250_v1r06: Lon=250: Lat=[-2.6-2.6 x0.1]: Depth=[25-350m x25]f32
2020-11-15 21:32:17: Saved: /g/data/e14/as3189/OFAM/data/r_plx_hist_250_v1r06.nc
2020-11-15 21:36:02: plx_hist_165_v1r07: Particles: File=262668 New=147658 West=59860 I=87798 Total=350466
2020-11-15 21:36:02: plx_hist_165_v1r07: Runtime=1200d: 1990-01-01 to 1986-09-19: Rep=6d (x199)
2020-11-15 21:36:02: plx_hist_165_v1r07: Lon=165: Lat=[-2.6-2.6 x0.1]: Depth=[25-350m x25]f32
2020-11-15 21:36:02: Saved: /g/data/e14/as3189/OFAM/data/r_plx_hist_165_v1r07.nc
2020-11-15 22:12:38: s10_plx_hist_250_v1r00: Run=2400d: 2012-12-31 to 2006-06-06: Particles=164563
2020-11-15 22:12:38: s10_plx_hist_250_v1r00: Tmp=EWSXKKCL: dt=60m: Out=2d: Land=0.975 Vmin=1e-07
2020-11-15 22:12:38: s10_plx_hist_250_v1r00: Rank= 0: Particles=164563
2020-11-15 22:12:41: s10_plx_hist_220_v1r00: Run=2400d: 2012-12-31 to 2006-06-06: Particles=179163
2020-11-15 22:12:41: s10_plx_hist_220_v1r00: Tmp=LGCHVPUS: dt=60m: Out=2d: Land=0.975 Vmin=1e-07
2020-11-15 22:12:41: s10_plx_hist_220_v1r00: Rank= 0: Particles=179163
2020-11-15 22:12:47: s10_plx_hist_190_v1r00: Run=2400d: 2012-12-31 to 2006-06-06: Particles=189704
2020-11-15 22:12:47: s10_plx_hist_190_v1r00: Tmp=NMONYVDN: dt=60m: Out=2d: Land=0.975 Vmin=1e-07
2020-11-15 22:12:47: s10_plx_hist_190_v1r00: Rank= 0: Particles=189704
2020-11-15 22:16:44: s10_plx_rcp_250_v1r00: Run=2400d: 2101-12-31 to 2095-06-05: Particles=166909
2020-11-15 22:16:44: s10_plx_rcp_250_v1r00: Tmp=HSDBRUAD: dt=60m: Out=2d: Land=0.975 Vmin=1e-07
2020-11-15 22:16:44: s10_plx_rcp_250_v1r00: Rank= 0: Particles=166909
2020-11-15 22:16:45: s10_plx_rcp_190_v1r00: Run=2400d: 2101-12-31 to 2095-06-05: Particles=197696
2020-11-15 22:16:45: s10_plx_rcp_190_v1r00: Tmp=MVNNVZXI: dt=60m: Out=2d: Land=0.975 Vmin=1e-07
2020-11-15 22:16:45: s10_plx_rcp_190_v1r00: Rank= 0: Particles=197696
2020-11-15 22:16:49: s10_plx_rcp_165_v1r00: Run=2400d: 2101-12-31 to 2095-06-05: Particles=179174
2020-11-15 22:16:49: s10_plx_rcp_165_v1r00: Tmp=BNRGXAIU: dt=60m: Out=2d: Land=0.975 Vmin=1e-07
2020-11-15 22:16:49: s10_plx_rcp_165_v1r00: Rank= 0: Particles=179174
2020-11-15 22:18:45: s10_plx_rcp_220_v1r00: Run=2400d: 2101-12-31 to 2095-06-05: Particles=187598
2020-11-15 22:18:45: s10_plx_rcp_220_v1r00: Tmp=FFZHQQJY: dt=60m: Out=2d: Land=0.975 Vmin=1e-07
2020-11-15 22:18:45: s10_plx_rcp_220_v1r00: Rank= 0: Particles=187598
2020-11-16 02:31:56:Generating restart file from: plx_rcp_165_v1r08
2020-11-16 03:30:37:Generating restart file from: plx_hist_165_v1r07
2020-11-16 03:33:57:Generating restart file from: plx_hist_250_v1r06
2020-11-16 04:02:14:Generating restart file from: plx_hist_220_v1r07
2020-11-16 04:11:30:Generating restart file from: plx_hist_190_v1r07
2020-11-16 04:25:06:Generating restart file from: plx_rcp_190_v1r08
2020-11-16 04:26:35: plx_rcp_190_v1r09: Runtime=886d: 2072-06-05 to 2070-01-01: Rep=6d (x147)
2020-11-16 07:48:12: plx_rcp_165_v1r09: Particles: File=282439 New=109074 West=37859 I=71215 Total=353654
2020-11-16 07:48:12: plx_rcp_165_v1r09: Runtime=886d: 2072-06-05 to 2070-01-01: Rep=6d (x147)
2020-11-16 07:48:12: plx_rcp_165_v1r09: Lon=165: Lat=[-2.6-2.6 x0.1]: Depth=[25-350m x25]f32
2020-11-16 07:48:12: Saved: /g/data/e14/as3189/OFAM/data/r_plx_rcp_165_v1r09.nc
2020-11-16 07:53:37:Generating restart file from: plx_rcp_220_v1r08
2020-11-16 07:53:50: plx_rcp_220_v1r09: Runtime=886d: 2072-06-05 to 2070-01-01: Rep=6d (x147)
2020-11-16 07:54:38:Generating restart file from: plx_rcp_250_v1r08
2020-11-16 07:54:58: plx_rcp_250_v1r09: Runtime=886d: 2072-06-05 to 2070-01-01: Rep=6d (x147)
2020-11-16 09:14:37: plx_rcp_190_v1r09: Particles: File=328551 New=109074 West=43018 I=66056 Total=394607
2020-11-16 09:14:37: plx_rcp_190_v1r09: Lon=190: Lat=[-2.6-2.6 x0.1]: Depth=[25-350m x25]f32
2020-11-16 09:14:37: Saved: /g/data/e14/as3189/OFAM/data/r_plx_rcp_190_v1r09.nc
2020-11-16 12:28:11: plx_hist_250_v1r07: Particles: File=283032 New=147658 West=79365 I=68293 Total=351325
2020-11-16 12:28:11: plx_hist_250_v1r07: Runtime=1200d: 1990-01-01 to 1986-09-19: Rep=6d (x199)
2020-11-16 12:28:11: plx_hist_250_v1r07: Lon=250: Lat=[-2.6-2.6 x0.1]: Depth=[25-350m x25]f32
2020-11-16 12:28:11: Saved: /g/data/e14/as3189/OFAM/data/r_plx_hist_250_v1r07.nc
2020-11-16 12:33:36: plx_hist_165_v1r08: Particles: File=276448 New=147658 West=58043 I=89615 Total=366063
2020-11-16 12:33:36: plx_hist_165_v1r08: Runtime=1200d: 1986-09-19 to 1983-06-07: Rep=6d (x199)
2020-11-16 12:33:36: plx_hist_165_v1r08: Lon=165: Lat=[-2.6-2.6 x0.1]: Depth=[25-350m x25]f32
2020-11-16 12:33:36: Saved: /g/data/e14/as3189/OFAM/data/r_plx_hist_165_v1r08.nc
2020-11-16 12:43:30: plx_hist_220_v1r08: Particles: File=317408 New=147658 West=67301 I=80357 Total=397765
2020-11-16 12:43:30: plx_hist_220_v1r08: Runtime=1200d: 1986-09-19 to 1983-06-07: Rep=6d (x199)
2020-11-16 12:43:30: plx_hist_220_v1r08: Lon=220: Lat=[-2.6-2.6 x0.1]: Depth=[25-350m x25]f32
2020-11-16 12:43:30: Saved: /g/data/e14/as3189/OFAM/data/r_plx_hist_220_v1r08.nc
2020-11-16 12:53:25: plx_hist_190_v1r08: Particles: File=328769 New=147658 West=62519 I=85139 Total=413908
2020-11-16 12:53:25: plx_hist_190_v1r08: Runtime=1200d: 1986-09-19 to 1983-06-07: Rep=6d (x199)
2020-11-16 12:53:25: plx_hist_190_v1r08: Lon=190: Lat=[-2.6-2.6 x0.1]: Depth=[25-350m x25]f32
2020-11-16 12:53:25: Saved: /g/data/e14/as3189/OFAM/data/r_plx_hist_190_v1r08.nc
2020-11-16 13:01:43: plx_rcp_220_v1r09: Particles: File=323973 New=109074 West=49430 I=59644 Total=383617
2020-11-16 13:01:43: plx_rcp_220_v1r09: Lon=220: Lat=[-2.6-2.6 x0.1]: Depth=[25-350m x25]f32
2020-11-16 13:01:43: Saved: /g/data/e14/as3189/OFAM/data/r_plx_rcp_220_v1r09.nc
2020-11-16 13:04:31: plx_rcp_250_v1r09: Particles: File=319926 New=109074 West=58625 I=50449 Total=370375
2020-11-16 13:04:31: plx_rcp_250_v1r09: Lon=250: Lat=[-2.6-2.6 x0.1]: Depth=[25-350m x25]f32
2020-11-16 13:04:31: Saved: /g/data/e14/as3189/OFAM/data/r_plx_rcp_250_v1r09.nc
2020-11-17 18:41:54:Generating restart file from: plx_hist_250_v1r07
2020-11-17 18:41:54:Generating restart file from: plx_hist_190_v1r08
2020-11-17 18:41:54:Generating restart file from: plx_hist_220_v1r08
2020-11-17 18:41:54:Generating restart file from: plx_hist_165_v1r08
2020-11-17 18:42:08: plx_hist_165_v1r09: Runtime=887d: 1983-06-07 to 1981-01-01: Rep=6d (x147)
2020-11-17 18:42:10: plx_hist_250_v1r08: Runtime=1200d: 1986-09-19 to 1983-06-07: Rep=6d (x199)
2020-11-17 18:42:12: plx_hist_220_v1r09: Runtime=887d: 1983-06-07 to 1981-01-01: Rep=6d (x147)
2020-11-17 18:42:14: plx_hist_190_v1r09: Runtime=887d: 1983-06-07 to 1981-01-01: Rep=6d (x147)
2020-11-18 01:16:55: plx_hist_190_v1r09: Particles: File=345310 New=109074 West=46376 I=62698 Total=408008
2020-11-18 01:16:55: plx_hist_190_v1r09: Lon=190: Lat=[-2.6-2.6 x0.1]: Depth=[25-350m x25]f32
2020-11-18 01:16:55: Saved: /g/data/e14/as3189/OFAM/data/r_plx_hist_190_v1r09.nc
2020-11-18 02:17:05: plx_hist_165_v1r09: Particles: File=289418 New=109074 West=41364 I=67710 Total=357128
2020-11-18 02:17:05: plx_hist_165_v1r09: Lon=165: Lat=[-2.6-2.6 x0.1]: Depth=[25-350m x25]f32
2020-11-18 02:17:07: Saved: /g/data/e14/as3189/OFAM/data/r_plx_hist_165_v1r09.nc
2020-11-18 02:26:13: plx_hist_220_v1r09: Particles: File=339158 New=109074 West=54862 I=54212 Total=393370
2020-11-18 02:26:13: plx_hist_220_v1r09: Lon=220: Lat=[-2.6-2.6 x0.1]: Depth=[25-350m x25]f32
2020-11-18 02:26:13: Saved: /g/data/e14/as3189/OFAM/data/r_plx_hist_220_v1r09.nc
2020-11-18 10:39:07:Generating restart file from: plx_hist_250_v1r07
2020-11-18 10:39:41: plx_hist_250_v1r08: Runtime=1200d: 1986-09-19 to 1983-06-07: Rep=6d (x199)
2020-11-18 20:16:46: plx_hist_250_v1r08: Particles: File=301888 New=147658 West=75416 I=72242 Total=374130
2020-11-18 20:16:46: plx_hist_250_v1r08: Lon=250: Lat=[-2.6-2.6 x0.1]: Depth=[25-350m x25]f32
2020-11-18 20:16:47: Saved: /g/data/e14/as3189/OFAM/data/r_plx_hist_250_v1r08.nc
