2021-07-21 12:57:57:Starting plx_hist_165_v1.
2021-07-21 13:00:02:plx_hist_165_v1: calculating year 2006...(0/6)
2021-07-21 13:25:10:Starting plx_hist_165_v1.
2021-07-21 13:33:06:plx_hist_165_v1: Adding up total transport.
2021-07-21 13:36:38:plx_hist_165_v1: Vitiaz Strait.
2021-07-21 13:45:26:Starting plx_hist_250_v1.
2021-07-21 13:45:26:Starting plx_rcp_250_v1.
2021-07-21 13:46:52:plx_hist_250_v1: Adding up total transport.
2021-07-21 13:46:57:plx_hist_250_v1: Vitiaz Strait.
2021-07-21 13:47:02:plx_rcp_250_v1: Adding up total transport.
2021-07-21 13:47:35:plx_rcp_250_v1: Vitiaz Strait.
2021-07-21 13:48:01:plx_hist_250_v1: Solomon Strait.
2021-07-21 13:48:12:plx_rcp_250_v1: Solomon Strait.
2021-07-21 13:48:17:plx_hist_250_v1: Mindanao Current.
2021-07-21 13:48:27:plx_rcp_250_v1: Mindanao Current.
2021-07-21 13:48:29:plx_hist_250_v1: Indonesian Seas.
2021-07-21 13:48:39:plx_rcp_250_v1: Indonesian Seas.
2021-07-21 13:48:40:plx_hist_250_v1: North Interior.
2021-07-21 13:48:50:plx_rcp_250_v1: North Interior.
2021-07-21 13:48:53:plx_hist_250_v1: South Interior.
2021-07-21 13:49:02:plx_rcp_250_v1: South Interior.
2021-07-21 13:49:04:plx_hist_250_v1: South of EUC.
2021-07-21 13:49:13:plx_rcp_250_v1: South of EUC.
2021-07-21 13:49:14:plx_hist_250_v1: North of EUC.
2021-07-21 13:51:08:Starting plx_rcp_165_v1.
2021-07-21 13:51:08:Starting plx_hist_165_v1.
