2020-04-18 09:29:05,186:reanalysis_wind:Creating file: erai_ps_01_climo.nc from /g/data/rr7/ERA_INT/ERA_INT/.
2020-04-18 09:29:05,186:reanalysis_wind:Creating file: erai_uas_05_climo.nc from /g/data/rr7/ERA_INT/ERA_INT/.
2020-04-18 09:29:05,186:reanalysis_wind:Creating file: erai_vas_05_climo.nc from /g/data/rr7/ERA_INT/ERA_INT/.
2020-04-18 09:29:05,186:reanalysis_wind:Creating file: erai_tas_05_climo.nc from /g/data/rr7/ERA_INT/ERA_INT/.
2020-04-18 09:29:05,186:reanalysis_wind:Creating file: erai_tas_01_climo.nc from /g/data/rr7/ERA_INT/ERA_INT/.
2020-04-18 09:29:05,186:reanalysis_wind:Creating file: erai_ps_05_climo.nc from /g/data/rr7/ERA_INT/ERA_INT/.
2020-04-18 09:29:08,639:reanalysis_wind:erai_tas_05_climo.nc OLD coords: Coordinates:
  * time     (time) datetime64[ns] 1981-01-01 1981-02-01 ... 2012-12-01
  * lon      (lon) float32 108.0 109.5 111.0 112.5 ... 286.5 288.0 289.5 291.0
  * lat      (lat) float32 -16.5 -15.0 -13.5 -12.0 -10.5 ... 12.0 13.5 15.0 16.5
2020-04-18 09:29:08,641:reanalysis_wind:erai_tas_05_climo.nc NEW coords: Coordinates:
  * time     (time) int64 1 2 3 4 5 6 7 8 9 10 11 12
  * lon      (lon) float64 109.0 109.5 110.0 110.5 ... 289.5 290.0 290.5 291.0
  * lat      (lat) float64 -16.0 -15.5 -15.0 -14.5 -14.0 ... 14.5 15.0 15.5 16.0
2020-04-18 09:29:08,649:reanalysis_wind:SUCCESS: erai_tas_05_climo.nc
2020-04-18 09:29:08,653:timed:reanalysis_wind: 0:0:03.47 total: 3.47 seconds.
2020-04-18 09:29:09,077:reanalysis_wind:erai_ps_05_climo.nc OLD coords: Coordinates:
  * time     (time) datetime64[ns] 1981-01-01 1981-02-01 ... 2012-12-01
  * lon      (lon) float32 108.0 109.5 111.0 112.5 ... 286.5 288.0 289.5 291.0
  * lat      (lat) float32 -16.5 -15.0 -13.5 -12.0 -10.5 ... 12.0 13.5 15.0 16.5
2020-04-18 09:29:09,079:reanalysis_wind:erai_ps_05_climo.nc NEW coords: Coordinates:
  * time     (time) int64 1 2 3 4 5 6 7 8 9 10 11 12
  * lon      (lon) float64 109.0 109.5 110.0 110.5 ... 289.5 290.0 290.5 291.0
  * lat      (lat) float64 -16.0 -15.5 -15.0 -14.5 -14.0 ... 14.5 15.0 15.5 16.0
2020-04-18 09:29:09,105:reanalysis_wind:SUCCESS: erai_ps_05_climo.nc
2020-04-18 09:29:09,109:timed:reanalysis_wind: 0:0:03.92 total: 3.92 seconds.
2020-04-18 09:29:09,162:reanalysis_wind:erai_tas_01_climo.nc OLD coords: Coordinates:
  * time     (time) datetime64[ns] 1981-01-01 1981-02-01 ... 2012-12-01
  * lat      (lat) float32 -16.5 -15.0 -13.5 -12.0 -10.5 ... 12.0 13.5 15.0 16.5
  * lon      (lon) float32 108.0 109.5 111.0 112.5 ... 286.5 288.0 289.5 291.0
2020-04-18 09:29:09,166:reanalysis_wind:erai_tas_01_climo.nc NEW coords: Coordinates:
  * time     (time) int64 1 2 3 4 5 6 7 8 9 10 11 12
  * lon      (lon) float64 109.0 109.1 109.2 109.3 ... 290.7 290.8 290.9 291.0
  * lat      (lat) float64 -16.0 -15.9 -15.8 -15.7 -15.6 ... 15.7 15.8 15.9 16.0
2020-04-18 09:29:09,208:reanalysis_wind:SUCCESS: erai_tas_01_climo.nc
2020-04-18 09:29:09,216:timed:reanalysis_wind: 0:0:04.03 total: 4.03 seconds.
