2020-04-23 10:26:06,157:reanalysis_wind:Creating file: erai_ws_climo.nc from /g/data/rr7/ERA_INT/ERA_INT/.
2020-04-23 10:31:58,812:reanalysis_wind:Creating file: erai_ws_climo.nc from /g/data/rr7/ERA_INT/ERA_INT/.
2020-04-23 10:31:58,812:reanalysis_wind:Creating file: erai_ws_climo.nc from /g/data/rr7/ERA_INT/ERA_INT/.
2020-04-23 10:34:55,199:reanalysis_wind:erai_ws_climo.nc NEW coords: Coordinates:
  * lon      (lon) float32 120.0 121.5 123.0 124.5 ... 292.5 294.0 295.5 297.0
  * lat      (lat) float64 -15.0 -13.5 -12.0 -10.5 -9.0 ... 10.5 12.0 13.5 15.0
  * time     (time) int64 1 2 3 4 5 6 7 8 9 10 11 12
2020-04-23 10:34:55,199:reanalysis_wind:erai_ws_climo.nc NEW coords: Coordinates:
  * lon      (lon) float32 120.0 121.5 123.0 124.5 ... 292.5 294.0 295.5 297.0
  * lat      (lat) float64 -15.0 -13.5 -12.0 -10.5 -9.0 ... 10.5 12.0 13.5 15.0
  * time     (time) int64 1 2 3 4 5 6 7 8 9 10 11 12
2020-04-23 10:34:55,286:reanalysis_wind:SUCCESS: erai_ws_climo.nc
2020-04-23 10:34:55,286:reanalysis_wind:SUCCESS: erai_ws_climo.nc
2020-04-23 10:34:55,290:timed:reanalysis_wind: 0:2:56.48 total: 176.48 seconds.
2020-04-23 10:34:55,290:timed:reanalysis_wind: 0:2:56.48 total: 176.48 seconds.
2020-04-23 13:03:26,519:reanalysis_wind:Creating file: erai_iws_climo.nc from /g/data/rr7/ERA_INT/ERA_INT/.
2020-04-23 13:03:26,636:reanalysis_wind:erai_iws_climo.nc NEW coords: Coordinates:
  * lon      (lon) float32 120.0 121.5 123.0 124.5 ... 292.5 294.0 295.5 297.0
  * lat      (lat) float32 
  * time     (time) int64 1 2 3 4 5 6 7 8 9 10 11 12
2020-04-23 13:03:26,645:reanalysis_wind:ERROR: erai_iws_climo.nc (all NaN).
2020-04-23 13:03:26,646:timed:reanalysis_wind: 0:0:00.13 total: 0.13 seconds.
2020-04-23 13:04:17,789:reanalysis_wind:Creating file: erai_iws_climo.nc from /g/data/rr7/ERA_INT/ERA_INT/.
2020-04-23 13:04:17,789:reanalysis_wind:Creating file: erai_iws_climo.nc from /g/data/rr7/ERA_INT/ERA_INT/.
2020-04-23 13:04:17,955:reanalysis_wind:erai_iws_climo.nc NEW coords: Coordinates:
  * lon      (lon) float32 120.0 121.5 123.0 124.5 ... 292.5 294.0 295.5 297.0
  * lat      (lat) float64 -15.0 -13.5 -12.0 -10.5 -9.0 ... 10.5 12.0 13.5 15.0
  * time     (time) int64 1 2 3 4 5 6 7 8 9 10 11 12
2020-04-23 13:04:17,955:reanalysis_wind:erai_iws_climo.nc NEW coords: Coordinates:
  * lon      (lon) float32 120.0 121.5 123.0 124.5 ... 292.5 294.0 295.5 297.0
  * lat      (lat) float64 -15.0 -13.5 -12.0 -10.5 -9.0 ... 10.5 12.0 13.5 15.0
  * time     (time) int64 1 2 3 4 5 6 7 8 9 10 11 12
2020-04-23 13:04:17,964:reanalysis_wind:SUCCESS: erai_iws_climo.nc
2020-04-23 13:04:17,964:reanalysis_wind:SUCCESS: erai_iws_climo.nc
2020-04-23 13:04:17,965:timed:reanalysis_wind: 0:0:00.18 total: 0.18 seconds.
2020-04-23 13:04:17,965:timed:reanalysis_wind: 0:0:00.18 total: 0.18 seconds.
2020-04-23 13:04:47,434:<module>:Creating file: erai_iws_climo.nc from /g/data/rr7/ERA_INT/ERA_INT/.
2020-04-23 13:04:47,434:<module>:Creating file: erai_iws_climo.nc from /g/data/rr7/ERA_INT/ERA_INT/.
2020-04-23 13:08:57,316:timed:wind_stress_curl: 0:0:01.17 total: 1.17 seconds.
2020-04-23 13:08:57,316:timed:wind_stress_curl: 0:0:01.17 total: 1.17 seconds.
2020-04-23 13:08:57,944:timed:wind_stress_curl: 0:0:00.02 total: 0.02 seconds.
2020-04-23 13:08:57,944:timed:wind_stress_curl: 0:0:00.02 total: 0.02 seconds.
2020-04-23 13:09:47,847:timed:wind_stress_curl: 0:0:01.17 total: 1.17 seconds.
2020-04-23 13:09:47,847:timed:wind_stress_curl: 0:0:01.17 total: 1.17 seconds.
2020-04-23 13:09:48,477:timed:wind_stress_curl: 0:0:00.02 total: 0.02 seconds.
2020-04-23 13:09:48,477:timed:wind_stress_curl: 0:0:00.02 total: 0.02 seconds.
2020-04-23 13:13:08,826:timed:wind_stress_curl: 0:0:01.16 total: 1.16 seconds.
2020-04-23 13:13:08,826:timed:wind_stress_curl: 0:0:01.16 total: 1.16 seconds.
2020-04-23 13:13:09,456:timed:wind_stress_curl: 0:0:00.02 total: 0.02 seconds.
2020-04-23 13:13:09,456:timed:wind_stress_curl: 0:0:00.02 total: 0.02 seconds.
2020-04-23 13:14:27,987:timed:wind_stress_curl: 0:0:01.18 total: 1.18 seconds.
2020-04-23 13:14:27,987:timed:wind_stress_curl: 0:0:01.18 total: 1.18 seconds.
2020-04-23 13:14:28,619:timed:wind_stress_curl: 0:0:00.02 total: 0.02 seconds.
2020-04-23 13:14:28,619:timed:wind_stress_curl: 0:0:00.02 total: 0.02 seconds.
2020-04-23 13:18:07,036:timed:wind_stress_curl: 0:0:01.36 total: 1.36 seconds.
2020-04-23 13:18:07,036:timed:wind_stress_curl: 0:0:01.36 total: 1.36 seconds.
2020-04-23 13:18:07,668:timed:wind_stress_curl: 0:0:00.02 total: 0.02 seconds.
2020-04-23 13:18:07,668:timed:wind_stress_curl: 0:0:00.02 total: 0.02 seconds.
2020-04-23 13:19:11,603:timed:wind_stress_curl: 0:0:01.18 total: 1.18 seconds.
2020-04-23 13:19:11,603:timed:wind_stress_curl: 0:0:01.18 total: 1.18 seconds.
2020-04-23 13:19:12,239:timed:wind_stress_curl: 0:0:00.02 total: 0.02 seconds.
2020-04-23 13:19:12,239:timed:wind_stress_curl: 0:0:00.02 total: 0.02 seconds.
2020-04-23 14:02:47,597:timed:wind_stress_curl: 0:0:01.57 total: 1.57 seconds.
2020-04-23 14:02:47,597:timed:wind_stress_curl: 0:0:01.57 total: 1.57 seconds.
2020-04-23 14:02:58,830:timed:wind_stress_curl: 0:0:00.02 total: 0.02 seconds.
2020-04-23 14:02:58,830:timed:wind_stress_curl: 0:0:00.02 total: 0.02 seconds.
2020-04-23 14:57:30,339:timed:wind_stress_curl: 0:0:00.01 total: 0.01 seconds.
2020-04-23 14:57:30,339:timed:wind_stress_curl: 0:0:00.01 total: 0.01 seconds.
2020-04-23 14:57:31,202:timed:wind_stress_curl: 0:0:00.01 total: 0.01 seconds.
2020-04-23 14:57:31,202:timed:wind_stress_curl: 0:0:00.01 total: 0.01 seconds.
2020-04-23 15:04:35,102:timed:wind_stress_curl: 0:0:01.34 total: 1.34 seconds.
2020-04-23 15:04:35,102:timed:wind_stress_curl: 0:0:01.34 total: 1.34 seconds.
2020-04-23 15:05:10,206:timed:wind_stress_curl: 0:0:01.31 total: 1.31 seconds.
2020-04-23 15:05:10,206:timed:wind_stress_curl: 0:0:01.31 total: 1.31 seconds.
2020-04-23 15:05:20,155:timed:wind_stress_curl: 0:0:00.01 total: 0.01 seconds.
2020-04-23 15:05:20,155:timed:wind_stress_curl: 0:0:00.01 total: 0.01 seconds.
2020-04-23 15:08:30,604:timed:wind_stress_curl: 0:0:01.32 total: 1.32 seconds.
2020-04-23 15:08:30,604:timed:wind_stress_curl: 0:0:01.32 total: 1.32 seconds.
2020-04-23 15:08:40,567:timed:wind_stress_curl: 0:0:00.01 total: 0.01 seconds.
2020-04-23 15:08:40,567:timed:wind_stress_curl: 0:0:00.01 total: 0.01 seconds.
2020-04-23 15:09:43,337:timed:wind_stress_curl: 0:0:01.40 total: 1.40 seconds.
2020-04-23 15:09:43,337:timed:wind_stress_curl: 0:0:01.40 total: 1.40 seconds.
2020-04-23 15:09:53,449:timed:wind_stress_curl: 0:0:00.01 total: 0.01 seconds.
2020-04-23 15:09:53,449:timed:wind_stress_curl: 0:0:00.01 total: 0.01 seconds.
2020-04-23 15:12:39,280:timed:wind_stress_curl: 0:0:01.49 total: 1.49 seconds.
2020-04-23 15:12:39,280:timed:wind_stress_curl: 0:0:01.49 total: 1.49 seconds.
2020-04-23 15:12:49,082:timed:wind_stress_curl: 0:0:00.01 total: 0.01 seconds.
2020-04-23 15:12:49,082:timed:wind_stress_curl: 0:0:00.01 total: 0.01 seconds.
2020-04-23 15:16:18,217:timed:wind_stress_curl: 0:0:01.29 total: 1.29 seconds.
2020-04-23 15:16:18,217:timed:wind_stress_curl: 0:0:01.29 total: 1.29 seconds.
2020-04-23 15:17:22,207:timed:wind_stress_curl: 0:0:01.37 total: 1.37 seconds.
2020-04-23 15:17:22,207:timed:wind_stress_curl: 0:0:01.37 total: 1.37 seconds.
2020-04-23 15:17:22,832:timed:wind_stress_curl: 0:0:00.01 total: 0.01 seconds.
2020-04-23 15:17:22,832:timed:wind_stress_curl: 0:0:00.01 total: 0.01 seconds.
2020-04-23 15:18:06,041:timed:wind_stress_curl: 0:0:01.30 total: 1.30 seconds.
2020-04-23 15:18:06,041:timed:wind_stress_curl: 0:0:01.30 total: 1.30 seconds.
2020-04-23 15:18:06,671:timed:wind_stress_curl: 0:0:00.01 total: 0.01 seconds.
2020-04-23 15:18:06,671:timed:wind_stress_curl: 0:0:00.01 total: 0.01 seconds.
2020-04-23 15:41:27,726:timed:wind_stress_curl: 0:0:01.26 total: 1.26 seconds.
2020-04-23 15:41:27,726:timed:wind_stress_curl: 0:0:01.26 total: 1.26 seconds.
2020-04-23 15:41:28,355:timed:wind_stress_curl: 0:0:00.01 total: 0.01 seconds.
2020-04-23 15:41:28,355:timed:wind_stress_curl: 0:0:00.01 total: 0.01 seconds.
2020-04-23 15:41:54,280:timed:wind_stress_curl: 0:0:01.28 total: 1.28 seconds.
2020-04-23 15:41:54,280:timed:wind_stress_curl: 0:0:01.28 total: 1.28 seconds.
2020-04-23 15:41:54,629:timed:wind_stress_curl: 0:0:00.01 total: 0.01 seconds.
2020-04-23 15:41:54,629:timed:wind_stress_curl: 0:0:00.01 total: 0.01 seconds.
2020-04-23 15:46:44,119:timed:wind_stress_curl: 0:0:00.08 total: 0.08 seconds.
2020-04-23 15:46:44,119:timed:wind_stress_curl: 0:0:00.08 total: 0.08 seconds.
2020-04-23 15:46:44,455:timed:wind_stress_curl: 0:0:00.01 total: 0.01 seconds.
2020-04-23 15:46:44,455:timed:wind_stress_curl: 0:0:00.01 total: 0.01 seconds.
2020-04-23 15:47:27,463:timed:wind_stress_curl: 0:0:00.09 total: 0.09 seconds.
2020-04-23 15:47:27,463:timed:wind_stress_curl: 0:0:00.09 total: 0.09 seconds.
2020-04-23 15:47:30,441:timed:wind_stress_curl: 0:0:00.01 total: 0.01 seconds.
2020-04-23 15:47:30,441:timed:wind_stress_curl: 0:0:00.01 total: 0.01 seconds.
2020-04-23 15:48:19,305:timed:wind_stress_curl: 0:0:00.08 total: 0.08 seconds.
2020-04-23 15:48:19,305:timed:wind_stress_curl: 0:0:00.08 total: 0.08 seconds.
2020-04-23 15:48:22,200:timed:wind_stress_curl: 0:0:00.01 total: 0.01 seconds.
2020-04-23 15:48:22,200:timed:wind_stress_curl: 0:0:00.01 total: 0.01 seconds.
2020-04-23 15:49:27,204:timed:wind_stress_curl: 0:0:00.02 total: 0.02 seconds.
2020-04-23 15:49:27,204:timed:wind_stress_curl: 0:0:00.02 total: 0.02 seconds.
2020-04-23 15:49:28,338:timed:wind_stress_curl: 0:0:00.01 total: 0.01 seconds.
2020-04-23 15:49:28,338:timed:wind_stress_curl: 0:0:00.01 total: 0.01 seconds.
2020-04-23 15:50:46,095:timed:wind_stress_curl: 0:0:01.36 total: 1.36 seconds.
2020-04-23 15:50:46,095:timed:wind_stress_curl: 0:0:01.36 total: 1.36 seconds.
2020-04-23 15:50:46,745:timed:wind_stress_curl: 0:0:00.01 total: 0.01 seconds.
2020-04-23 15:50:46,745:timed:wind_stress_curl: 0:0:00.01 total: 0.01 seconds.
2020-04-23 17:27:48,617:timed:wind_stress_curl: 0:0:01.65 total: 1.65 seconds.
2020-04-23 17:27:48,617:timed:wind_stress_curl: 0:0:01.65 total: 1.65 seconds.
2020-04-23 17:27:59,603:timed:wind_stress_curl: 0:0:00.01 total: 0.01 seconds.
2020-04-23 17:27:59,603:timed:wind_stress_curl: 0:0:00.01 total: 0.01 seconds.
2020-04-23 17:29:13,702:timed:wind_stress_curl: 0:0:01.30 total: 1.30 seconds.
2020-04-23 17:29:13,702:timed:wind_stress_curl: 0:0:01.30 total: 1.30 seconds.
2020-04-23 17:29:23,779:timed:wind_stress_curl: 0:0:00.01 total: 0.01 seconds.
2020-04-23 17:29:23,779:timed:wind_stress_curl: 0:0:00.01 total: 0.01 seconds.
2020-04-23 17:30:21,689:timed:wind_stress_curl: 0:0:01.24 total: 1.24 seconds.
2020-04-23 17:30:21,689:timed:wind_stress_curl: 0:0:01.24 total: 1.24 seconds.
2020-04-23 17:30:30,961:timed:wind_stress_curl: 0:0:00.01 total: 0.01 seconds.
2020-04-23 17:30:30,961:timed:wind_stress_curl: 0:0:00.01 total: 0.01 seconds.
