2020-04-18 18:11:25,871:reanalysis_wind:Creating file: jra55_vas_10_cubic_climo.nc from /g/data/rr7/JRA55/6hr/atmos/.
2020-04-18 18:11:25,871:reanalysis_wind:Creating file: jra55_uas_10_cubic_climo.nc from /g/data/rr7/JRA55/6hr/atmos/.
2020-04-18 18:11:25,871:reanalysis_wind:Creating file: jra55_huss_10_cubic_climo.nc from /g/data/rr7/JRA55/6hr/atmos/.
2020-04-18 18:11:25,871:reanalysis_wind:Creating file: jra55_tas_10_cubic_climo.nc from /g/data/rr7/JRA55/6hr/atmos/.
2020-04-18 18:11:25,871:reanalysis_wind:Creating file: jra55_psl_10_cubic_climo.nc from /g/data/rr7/JRA55/6hr/atmos/.
2020-04-18 18:14:26,219:reanalysis_wind:jra55_vas_10_cubic_climo.nc OLD coords: Coordinates:
  * lon      (lon) float32 108.75 110.0 111.25 112.5 ... 288.75 290.0 291.25
  * lat      (lat) float32 -16.25 -15.0 -13.75 -12.5 ... 12.5 13.75 15.0 16.25
  * time     (time) datetime64[ns] 1981-01-01 ... 2012-12-31T18:00:00
2020-04-18 18:14:26,227:reanalysis_wind:jra55_vas_10_cubic_climo.nc NEW coords: Coordinates:
  * time     (time) int64 1 2 3 4 5 6 7 8 9 10 11 12
  * lon      (lon) float64 109.0 110.0 111.0 112.0 ... 288.0 289.0 290.0 291.0
  * lat      (lat) float64 -16.0 -15.0 -14.0 -13.0 -12.0 ... 13.0 14.0 15.0 16.0
2020-04-18 18:14:26,256:reanalysis_wind:SUCCESS: jra55_vas_10_cubic_climo.nc
2020-04-18 18:14:26,298:timed:reanalysis_wind: 0:3:00.43 total: 180.43 seconds.
2020-04-18 18:14:34,375:reanalysis_wind:jra55_tas_10_cubic_climo.nc OLD coords: Coordinates:
  * lon      (lon) float32 108.75 110.0 111.25 112.5 ... 288.75 290.0 291.25
  * lat      (lat) float32 -16.25 -15.0 -13.75 -12.5 ... 12.5 13.75 15.0 16.25
  * time     (time) datetime64[ns] 1981-01-01 ... 2012-12-31T18:00:00
2020-04-18 18:14:34,381:reanalysis_wind:jra55_tas_10_cubic_climo.nc NEW coords: Coordinates:
  * time     (time) int64 1 2 3 4 5 6 7 8 9 10 11 12
  * lon      (lon) float64 109.0 110.0 111.0 112.0 ... 288.0 289.0 290.0 291.0
  * lat      (lat) float64 -16.0 -15.0 -14.0 -13.0 -12.0 ... 13.0 14.0 15.0 16.0
2020-04-18 18:14:34,401:reanalysis_wind:SUCCESS: jra55_tas_10_cubic_climo.nc
2020-04-18 18:14:34,435:timed:reanalysis_wind: 0:3:08.56 total: 188.56 seconds.
