2020-04-18 18:03:29,197:reanalysis_wind:Creating file: erai_psl_10_cubic_climo.nc from /g/data/rr7/ERA_INT/ERA_INT/.
2020-04-18 18:03:29,197:reanalysis_wind:Creating file: erai_ps_10_cubic_climo.nc from /g/data/rr7/ERA_INT/ERA_INT/.
2020-04-18 18:03:29,197:reanalysis_wind:Creating file: erai_uas_10_cubic_climo.nc from /g/data/rr7/ERA_INT/ERA_INT/.
2020-04-18 18:03:29,197:reanalysis_wind:Creating file: erai_tas_10_cubic_climo.nc from /g/data/rr7/ERA_INT/ERA_INT/.
2020-04-18 18:03:29,199:reanalysis_wind:Creating file: erai_ta2d_10_cubic_climo.nc from /g/data/rr7/ERA_INT/ERA_INT/.
2020-04-18 18:03:29,223:reanalysis_wind:Creating file: erai_vas_10_cubic_climo.nc from /g/data/rr7/ERA_INT/ERA_INT/.
2020-04-18 18:03:41,089:reanalysis_wind:erai_vas_10_cubic_climo.nc OLD coords: Coordinates:
  * time     (time) datetime64[ns] 1981-01-01 1981-02-01 ... 2012-12-01
  * lon      (lon) float32 108.0 109.5 111.0 112.5 ... 286.5 288.0 289.5 291.0
  * lat      (lat) float32 -16.5 -15.0 -13.5 -12.0 -10.5 ... 12.0 13.5 15.0 16.5
2020-04-18 18:03:41,091:reanalysis_wind:erai_vas_10_cubic_climo.nc NEW coords: Coordinates:
  * time     (time) int64 1 2 3 4 5 6 7 8 9 10 11 12
  * lon      (lon) float64 109.0 110.0 111.0 112.0 ... 288.0 289.0 290.0 291.0
  * lat      (lat) float64 -16.0 -15.0 -14.0 -13.0 -12.0 ... 13.0 14.0 15.0 16.0
2020-04-18 18:03:41,103:reanalysis_wind:SUCCESS: erai_vas_10_cubic_climo.nc
2020-04-18 18:03:41,121:timed:reanalysis_wind: 0:0:11.90 total: 11.90 seconds.
2020-04-18 18:03:41,263:reanalysis_wind:erai_uas_10_cubic_climo.nc OLD coords: Coordinates:
  * time     (time) datetime64[ns] 1981-01-01 1981-02-01 ... 2012-12-01
  * lat      (lat) float32 -16.5 -15.0 -13.5 -12.0 -10.5 ... 12.0 13.5 15.0 16.5
  * lon      (lon) float32 108.0 109.5 111.0 112.5 ... 286.5 288.0 289.5 291.0
2020-04-18 18:03:41,265:reanalysis_wind:erai_uas_10_cubic_climo.nc NEW coords: Coordinates:
  * time     (time) int64 1 2 3 4 5 6 7 8 9 10 11 12
  * lon      (lon) float64 109.0 110.0 111.0 112.0 ... 288.0 289.0 290.0 291.0
  * lat      (lat) float64 -16.0 -15.0 -14.0 -13.0 -12.0 ... 13.0 14.0 15.0 16.0
2020-04-18 18:03:41,274:reanalysis_wind:SUCCESS: erai_uas_10_cubic_climo.nc
2020-04-18 18:03:41,290:timed:reanalysis_wind: 0:0:12.09 total: 12.09 seconds.
2020-04-18 18:03:47,886:reanalysis_wind:erai_psl_10_cubic_climo.nc OLD coords: Coordinates:
  * time     (time) datetime64[ns] 1981-01-01 1981-02-01 ... 2012-12-01
  * lon      (lon) float32 108.0 109.5 111.0 112.5 ... 286.5 288.0 289.5 291.0
  * lat      (lat) float32 -16.5 -15.0 -13.5 -12.0 -10.5 ... 12.0 13.5 15.0 16.5
2020-04-18 18:03:47,890:reanalysis_wind:erai_psl_10_cubic_climo.nc NEW coords: Coordinates:
  * time     (time) int64 1 2 3 4 5 6 7 8 9 10 11 12
  * lon      (lon) float64 109.0 110.0 111.0 112.0 ... 288.0 289.0 290.0 291.0
  * lat      (lat) float64 -16.0 -15.0 -14.0 -13.0 -12.0 ... 13.0 14.0 15.0 16.0
2020-04-18 18:03:47,901:reanalysis_wind:SUCCESS: erai_psl_10_cubic_climo.nc
2020-04-18 18:03:47,913:timed:reanalysis_wind: 0:0:18.72 total: 18.72 seconds.
2020-04-18 18:03:48,160:reanalysis_wind:erai_ps_10_cubic_climo.nc OLD coords: Coordinates:
  * time     (time) datetime64[ns] 1981-01-01 1981-02-01 ... 2012-12-01
  * lon      (lon) float32 108.0 109.5 111.0 112.5 ... 286.5 288.0 289.5 291.0
  * lat      (lat) float32 -16.5 -15.0 -13.5 -12.0 -10.5 ... 12.0 13.5 15.0 16.5
2020-04-18 18:03:48,164:reanalysis_wind:erai_ps_10_cubic_climo.nc NEW coords: Coordinates:
  * time     (time) int64 1 2 3 4 5 6 7 8 9 10 11 12
  * lon      (lon) float64 109.0 110.0 111.0 112.0 ... 288.0 289.0 290.0 291.0
  * lat      (lat) float64 -16.0 -15.0 -14.0 -13.0 -12.0 ... 13.0 14.0 15.0 16.0
2020-04-18 18:03:48,176:reanalysis_wind:SUCCESS: erai_ps_10_cubic_climo.nc
2020-04-18 18:03:48,186:timed:reanalysis_wind: 0:0:18.99 total: 18.99 seconds.
