2020-04-22 17:15:04,835:reanalysis_wind:Creating file: jra55_uas_climo.nc from /g/data/rr7/JRA55/6hr/atmos/.
2020-04-22 18:24:09,276:reanalysis_wind:Creating file: jra55_tas_climo.nc from /g/data/rr7/JRA55/6hr/atmos/.
2020-04-22 18:24:09,276:reanalysis_wind:Creating file: jra55_vas_climo.nc from /g/data/rr7/JRA55/6hr/atmos/.
2020-04-22 18:24:09,276:reanalysis_wind:Creating file: jra55_huss_climo.nc from /g/data/rr7/JRA55/6hr/atmos/.
2020-04-22 18:24:09,276:reanalysis_wind:Creating file: jra55_uas_climo.nc from /g/data/rr7/JRA55/6hr/atmos/.
2020-04-22 18:24:09,276:reanalysis_wind:Creating file: jra55_psl_climo.nc from /g/data/rr7/JRA55/6hr/atmos/.
2020-04-22 18:24:59,274:reanalysis_wind:jra55_vas_climo.nc NEW coords: Coordinates:
  * lon      (lon) float32 120.0 121.25 122.5 123.75 ... 292.5 293.75 295.0
  * lat      (lat) float32 -15.0 -13.75 -12.5 -11.25 ... 11.25 12.5 13.75 15.0
  * time     (time) int64 1 2 3 4 5 6 7 8 9 10 11 12
2020-04-22 18:24:59,288:reanalysis_wind:SUCCESS: jra55_vas_climo.nc
2020-04-22 18:24:59,319:timed:reanalysis_wind: 0:0:50.04 total: 50.04 seconds.
2020-04-22 18:25:06,081:reanalysis_wind:jra55_tas_climo.nc NEW coords: Coordinates:
  * lon      (lon) float32 120.0 121.25 122.5 123.75 ... 292.5 293.75 295.0
  * lat      (lat) float32 -15.0 -13.75 -12.5 -11.25 ... 11.25 12.5 13.75 15.0
  * time     (time) int64 1 2 3 4 5 6 7 8 9 10 11 12
2020-04-22 18:25:06,094:reanalysis_wind:SUCCESS: jra55_tas_climo.nc
2020-04-22 18:25:06,119:timed:reanalysis_wind: 0:0:56.84 total: 56.84 seconds.
2020-04-22 18:25:09,746:reanalysis_wind:jra55_huss_climo.nc NEW coords: Coordinates:
  * lat      (lat) float32 -15.0 -13.75 -12.5 -11.25 ... 11.25 12.5 13.75 15.0
  * lon      (lon) float32 120.0 121.25 122.5 123.75 ... 292.5 293.75 295.0
  * time     (time) int64 1 2 3 4 5 6 7 8 9 10 11 12
2020-04-22 18:25:09,758:reanalysis_wind:SUCCESS: jra55_huss_climo.nc
2020-04-22 18:25:09,785:timed:reanalysis_wind: 0:1:00.51 total: 60.51 seconds.
2020-04-22 18:25:10,593:reanalysis_wind:jra55_uas_climo.nc NEW coords: Coordinates:
  * lat      (lat) float32 -15.0 -13.75 -12.5 -11.25 ... 11.25 12.5 13.75 15.0
  * lon      (lon) float32 120.0 121.25 122.5 123.75 ... 292.5 293.75 295.0
  * time     (time) int64 1 2 3 4 5 6 7 8 9 10 11 12
2020-04-22 18:25:10,607:reanalysis_wind:SUCCESS: jra55_uas_climo.nc
2020-04-22 18:25:10,632:timed:reanalysis_wind: 0:1:01.36 total: 61.36 seconds.
2020-04-22 18:25:14,811:reanalysis_wind:jra55_psl_climo.nc NEW coords: Coordinates:
  * lon      (lon) float32 120.0 121.25 122.5 123.75 ... 292.5 293.75 295.0
  * lat      (lat) float32 -15.0 -13.75 -12.5 -11.25 ... 11.25 12.5 13.75 15.0
  * time     (time) int64 1 2 3 4 5 6 7 8 9 10 11 12
2020-04-22 18:25:14,824:reanalysis_wind:SUCCESS: jra55_psl_climo.nc
2020-04-22 18:25:14,867:timed:reanalysis_wind: 0:1:05.59 total: 65.59 seconds.
