2020-04-17 19:09:53,936:reanalysis_wind:Creating file: erai_uas_15_climo.nc from /g/data/rr7/ERA_INT/ERA_INT/.
2020-04-17 19:09:54,005:reanalysis_wind:Creating file: erai_uas_10_climo.nc from /g/data/rr7/ERA_INT/ERA_INT/.
2020-04-17 19:09:54,005:reanalysis_wind:Creating file: erai_psl_01_climo.nc from /g/data/rr7/ERA_INT/ERA_INT/.
2020-04-17 19:09:54,005:reanalysis_wind:Creating file: erai_vas_15_climo.nc from /g/data/rr7/ERA_INT/ERA_INT/.
2020-04-17 19:09:54,005:reanalysis_wind:Creating file: erai_ps_01_climo.nc from /g/data/rr7/ERA_INT/ERA_INT/.
2020-04-17 19:09:54,005:reanalysis_wind:Creating file: erai_tas_01_climo.nc from /g/data/rr7/ERA_INT/ERA_INT/.
2020-04-17 19:09:54,005:reanalysis_wind:Creating file: erai_psl_10_climo.nc from /g/data/rr7/ERA_INT/ERA_INT/.
2020-04-17 19:09:54,005:reanalysis_wind:Creating file: erai_psl_05_climo.nc from /g/data/rr7/ERA_INT/ERA_INT/.
2020-04-17 19:09:54,005:reanalysis_wind:Creating file: erai_tas_15_climo.nc from /g/data/rr7/ERA_INT/ERA_INT/.
2020-04-17 19:09:54,005:reanalysis_wind:Creating file: erai_tas_05_climo.nc from /g/data/rr7/ERA_INT/ERA_INT/.
2020-04-17 19:09:54,005:reanalysis_wind:Creating file: erai_vas_10_climo.nc from /g/data/rr7/ERA_INT/ERA_INT/.
2020-04-17 19:09:54,005:reanalysis_wind:Creating file: erai_vas_01_climo.nc from /g/data/rr7/ERA_INT/ERA_INT/.
2020-04-17 19:09:54,005:reanalysis_wind:Creating file: erai_uas_01_climo.nc from /g/data/rr7/ERA_INT/ERA_INT/.
2020-04-17 19:09:54,005:reanalysis_wind:Creating file: erai_vas_05_climo.nc from /g/data/rr7/ERA_INT/ERA_INT/.
2020-04-17 19:09:54,005:reanalysis_wind:Creating file: erai_psl_15_climo.nc from /g/data/rr7/ERA_INT/ERA_INT/.
2020-04-17 19:09:54,005:reanalysis_wind:Creating file: erai_ps_05_climo.nc from /g/data/rr7/ERA_INT/ERA_INT/.
2020-04-17 19:09:54,005:reanalysis_wind:Creating file: erai_ps_15_climo.nc from /g/data/rr7/ERA_INT/ERA_INT/.
2020-04-17 19:09:54,005:reanalysis_wind:Creating file: erai_tas_10_climo.nc from /g/data/rr7/ERA_INT/ERA_INT/.
2020-04-17 19:09:54,005:reanalysis_wind:Creating file: erai_uas_05_climo.nc from /g/data/rr7/ERA_INT/ERA_INT/.
2020-04-17 19:09:54,005:reanalysis_wind:Creating file: erai_ps_10_climo.nc from /g/data/rr7/ERA_INT/ERA_INT/.
2020-04-17 19:09:54,010:reanalysis_wind:Creating file: erai_ta2d_05_climo.nc from /g/data/rr7/ERA_INT/ERA_INT/.
2020-04-17 19:09:54,010:reanalysis_wind:Creating file: erai_ta2d_10_climo.nc from /g/data/rr7/ERA_INT/ERA_INT/.
2020-04-17 19:09:54,010:reanalysis_wind:Creating file: erai_ta2d_15_climo.nc from /g/data/rr7/ERA_INT/ERA_INT/.
2020-04-17 19:09:54,011:reanalysis_wind:Creating file: erai_ta2d_01_climo.nc from /g/data/rr7/ERA_INT/ERA_INT/.
2020-04-17 19:09:54,897:reanalysis_wind:Creating file: jra55_uas_10_climo.nc from /g/data/rr7/JRA55/6hr/atmos/.
2020-04-17 19:09:54,897:reanalysis_wind:Creating file: jra55_vas_01_climo.nc from /g/data/rr7/JRA55/6hr/atmos/.
2020-04-17 19:09:54,897:reanalysis_wind:Creating file: jra55_psl_05_climo.nc from /g/data/rr7/JRA55/6hr/atmos/.
2020-04-17 19:09:54,897:reanalysis_wind:Creating file: jra55_huss_01_climo.nc from /g/data/rr7/JRA55/6hr/atmos/.
2020-04-17 19:09:54,897:reanalysis_wind:Creating file: jra55_psl_01_climo.nc from /g/data/rr7/JRA55/6hr/atmos/.
2020-04-17 19:09:54,897:reanalysis_wind:Creating file: jra55_psl_15_climo.nc from /g/data/rr7/JRA55/6hr/atmos/.
2020-04-17 19:09:54,898:reanalysis_wind:Creating file: jra55_vas_15_climo.nc from /g/data/rr7/JRA55/6hr/atmos/.
2020-04-17 19:09:54,898:reanalysis_wind:Creating file: jra55_uas_05_climo.nc from /g/data/rr7/JRA55/6hr/atmos/.
2020-04-17 19:09:54,898:reanalysis_wind:Creating file: jra55_vas_05_climo.nc from /g/data/rr7/JRA55/6hr/atmos/.
2020-04-17 19:09:54,898:reanalysis_wind:Creating file: jra55_psl_10_climo.nc from /g/data/rr7/JRA55/6hr/atmos/.
2020-04-17 19:09:54,899:reanalysis_wind:Creating file: jra55_tas_10_climo.nc from /g/data/rr7/JRA55/6hr/atmos/.
2020-04-17 19:09:54,899:reanalysis_wind:Creating file: jra55_huss_15_climo.nc from /g/data/rr7/JRA55/6hr/atmos/.
2020-04-17 19:09:54,899:reanalysis_wind:Creating file: jra55_tas_01_climo.nc from /g/data/rr7/JRA55/6hr/atmos/.
2020-04-17 19:09:54,899:reanalysis_wind:Creating file: jra55_huss_10_climo.nc from /g/data/rr7/JRA55/6hr/atmos/.
2020-04-17 19:09:54,902:reanalysis_wind:Creating file: jra55_uas_15_climo.nc from /g/data/rr7/JRA55/6hr/atmos/.
2020-04-17 19:09:54,902:reanalysis_wind:Creating file: jra55_uas_01_climo.nc from /g/data/rr7/JRA55/6hr/atmos/.
2020-04-17 19:09:54,903:reanalysis_wind:Creating file: jra55_tas_15_climo.nc from /g/data/rr7/JRA55/6hr/atmos/.
2020-04-17 19:09:54,904:reanalysis_wind:Creating file: jra55_tas_05_climo.nc from /g/data/rr7/JRA55/6hr/atmos/.
2020-04-17 19:09:54,943:reanalysis_wind:Creating file: jra55_vas_10_climo.nc from /g/data/rr7/JRA55/6hr/atmos/.
2020-04-17 19:09:54,943:reanalysis_wind:Creating file: jra55_huss_05_climo.nc from /g/data/rr7/JRA55/6hr/atmos/.
2020-04-17 19:09:55,772:reanalysis_wind:erai_tas_15_climo.nc OLD coords: Coordinates:
  * time     (time) datetime64[ns] 1981-01-01 1981-02-01 ... 2012-12-01
  * lon      (lon) float32 108.0 109.5 111.0 112.5 ... 286.5 288.0 289.5 291.0
  * lat      (lat) float32 -16.5 -15.0 -13.5 -12.0 -10.5 ... 12.0 13.5 15.0 16.5
2020-04-17 19:09:55,784:reanalysis_wind:erai_tas_15_climo.nc NEW coords: Coordinates:
  * time     (time) int64 1 2 3 4 5 6 7 8 9 10 11 12
  * lon      (lon) float64 109.0 110.5 112.0 113.5 ... 286.0 287.5 289.0 290.5
  * lat      (lat) float64 -16.0 -14.5 -13.0 -11.5 -10.0 ... 11.0 12.5 14.0 15.5
2020-04-17 19:09:55,794:reanalysis_wind:SUCCESS: erai_tas_15_climo.nc
2020-04-17 19:09:55,798:timed:reanalysis_wind: 0:0:01.79 total: 1.79 seconds.
2020-04-17 19:09:55,802:reanalysis_wind:erai_tas_10_climo.nc OLD coords: Coordinates:
  * time     (time) datetime64[ns] 1981-01-01 1981-02-01 ... 2012-12-01
  * lat      (lat) float32 -16.5 -15.0 -13.5 -12.0 -10.5 ... 12.0 13.5 15.0 16.5
  * lon      (lon) float32 108.0 109.5 111.0 112.5 ... 286.5 288.0 289.5 291.0
2020-04-17 19:09:55,804:reanalysis_wind:erai_tas_10_climo.nc NEW coords: Coordinates:
  * time     (time) int64 1 2 3 4 5 6 7 8 9 10 11 12
  * lon      (lon) float64 109.0 110.0 111.0 112.0 ... 288.0 289.0 290.0 291.0
  * lat      (lat) float64 -16.0 -15.0 -14.0 -13.0 -12.0 ... 13.0 14.0 15.0 16.0
2020-04-17 19:09:55,805:reanalysis_wind:erai_ps_15_climo.nc OLD coords: Coordinates:
  * time     (time) datetime64[ns] 1981-01-01 1981-02-01 ... 2012-12-01
  * lat      (lat) float32 -16.5 -15.0 -13.5 -12.0 -10.5 ... 12.0 13.5 15.0 16.5
  * lon      (lon) float32 108.0 109.5 111.0 112.5 ... 286.5 288.0 289.5 291.0
2020-04-17 19:09:55,806:reanalysis_wind:erai_vas_15_climo.nc OLD coords: Coordinates:
  * time     (time) datetime64[ns] 1981-01-01 1981-02-01 ... 2012-12-01
  * lon      (lon) float32 108.0 109.5 111.0 112.5 ... 286.5 288.0 289.5 291.0
  * lat      (lat) float32 -16.5 -15.0 -13.5 -12.0 -10.5 ... 12.0 13.5 15.0 16.5
2020-04-17 19:09:55,807:reanalysis_wind:erai_ps_15_climo.nc NEW coords: Coordinates:
  * time     (time) int64 1 2 3 4 5 6 7 8 9 10 11 12
  * lon      (lon) float64 109.0 110.5 112.0 113.5 ... 286.0 287.5 289.0 290.5
  * lat      (lat) float64 -16.0 -14.5 -13.0 -11.5 -10.0 ... 11.0 12.5 14.0 15.5
2020-04-17 19:09:55,808:reanalysis_wind:erai_vas_15_climo.nc NEW coords: Coordinates:
  * time     (time) int64 1 2 3 4 5 6 7 8 9 10 11 12
  * lon      (lon) float64 109.0 110.5 112.0 113.5 ... 286.0 287.5 289.0 290.5
  * lat      (lat) float64 -16.0 -14.5 -13.0 -11.5 -10.0 ... 11.0 12.5 14.0 15.5
2020-04-17 19:09:55,811:reanalysis_wind:erai_uas_10_climo.nc OLD coords: Coordinates:
  * time     (time) datetime64[ns] 1981-01-01 1981-02-01 ... 2012-12-01
  * lat      (lat) float32 -16.5 -15.0 -13.5 -12.0 -10.5 ... 12.0 13.5 15.0 16.5
  * lon      (lon) float32 108.0 109.5 111.0 112.5 ... 286.5 288.0 289.5 291.0
2020-04-17 19:09:55,811:reanalysis_wind:SUCCESS: erai_tas_10_climo.nc
2020-04-17 19:09:55,812:reanalysis_wind:erai_uas_10_climo.nc NEW coords: Coordinates:
  * time     (time) int64 1 2 3 4 5 6 7 8 9 10 11 12
  * lon      (lon) float64 109.0 110.0 111.0 112.0 ... 288.0 289.0 290.0 291.0
  * lat      (lat) float64 -16.0 -15.0 -14.0 -13.0 -12.0 ... 13.0 14.0 15.0 16.0
2020-04-17 19:09:55,814:reanalysis_wind:SUCCESS: erai_vas_15_climo.nc
2020-04-17 19:09:55,815:timed:reanalysis_wind: 0:0:01.81 total: 1.81 seconds.
2020-04-17 19:09:55,819:timed:reanalysis_wind: 0:0:01.81 total: 1.81 seconds.
2020-04-17 19:09:55,828:reanalysis_wind:SUCCESS: erai_uas_10_climo.nc
2020-04-17 19:09:55,832:timed:reanalysis_wind: 0:0:01.83 total: 1.83 seconds.
2020-04-17 19:09:55,863:reanalysis_wind:erai_vas_10_climo.nc OLD coords: Coordinates:
  * time     (time) datetime64[ns] 1981-01-01 1981-02-01 ... 2012-12-01
  * lat      (lat) float32 -16.5 -15.0 -13.5 -12.0 -10.5 ... 12.0 13.5 15.0 16.5
  * lon      (lon) float32 108.0 109.5 111.0 112.5 ... 286.5 288.0 289.5 291.0
2020-04-17 19:09:55,864:reanalysis_wind:SUCCESS: erai_ps_15_climo.nc
2020-04-17 19:09:55,865:reanalysis_wind:erai_vas_10_climo.nc NEW coords: Coordinates:
  * time     (time) int64 1 2 3 4 5 6 7 8 9 10 11 12
  * lon      (lon) float64 109.0 110.0 111.0 112.0 ... 288.0 289.0 290.0 291.0
  * lat      (lat) float64 -16.0 -15.0 -14.0 -13.0 -12.0 ... 13.0 14.0 15.0 16.0
2020-04-17 19:09:55,868:timed:reanalysis_wind: 0:0:01.86 total: 1.86 seconds.
2020-04-17 19:09:55,873:reanalysis_wind:SUCCESS: erai_vas_10_climo.nc
2020-04-17 19:09:55,876:reanalysis_wind:erai_psl_15_climo.nc OLD coords: Coordinates:
  * time     (time) datetime64[ns] 1981-01-01 1981-02-01 ... 2012-12-01
  * lat      (lat) float32 -16.5 -15.0 -13.5 -12.0 -10.5 ... 12.0 13.5 15.0 16.5
  * lon      (lon) float32 108.0 109.5 111.0 112.5 ... 286.5 288.0 289.5 291.0
2020-04-17 19:09:55,877:timed:reanalysis_wind: 0:0:01.87 total: 1.87 seconds.
2020-04-17 19:09:55,877:reanalysis_wind:erai_psl_15_climo.nc NEW coords: Coordinates:
  * time     (time) int64 1 2 3 4 5 6 7 8 9 10 11 12
  * lon      (lon) float64 109.0 110.5 112.0 113.5 ... 286.0 287.5 289.0 290.5
  * lat      (lat) float64 -16.0 -14.5 -13.0 -11.5 -10.0 ... 11.0 12.5 14.0 15.5
2020-04-17 19:09:55,884:reanalysis_wind:SUCCESS: erai_psl_15_climo.nc
2020-04-17 19:09:55,887:reanalysis_wind:erai_psl_10_climo.nc OLD coords: Coordinates:
  * time     (time) datetime64[ns] 1981-01-01 1981-02-01 ... 2012-12-01
  * lat      (lat) float32 -16.5 -15.0 -13.5 -12.0 -10.5 ... 12.0 13.5 15.0 16.5
  * lon      (lon) float32 108.0 109.5 111.0 112.5 ... 286.5 288.0 289.5 291.0
2020-04-17 19:09:55,888:timed:reanalysis_wind: 0:0:01.88 total: 1.88 seconds.
2020-04-17 19:09:55,889:reanalysis_wind:erai_psl_10_climo.nc NEW coords: Coordinates:
  * time     (time) int64 1 2 3 4 5 6 7 8 9 10 11 12
  * lon      (lon) float64 109.0 110.0 111.0 112.0 ... 288.0 289.0 290.0 291.0
  * lat      (lat) float64 -16.0 -15.0 -14.0 -13.0 -12.0 ... 13.0 14.0 15.0 16.0
2020-04-17 19:09:55,892:reanalysis_wind:erai_psl_05_climo.nc OLD coords: Coordinates:
  * time     (time) datetime64[ns] 1981-01-01 1981-02-01 ... 2012-12-01
  * lat      (lat) float32 -16.5 -15.0 -13.5 -12.0 -10.5 ... 12.0 13.5 15.0 16.5
  * lon      (lon) float32 108.0 109.5 111.0 112.5 ... 286.5 288.0 289.5 291.0
2020-04-17 19:09:55,895:reanalysis_wind:erai_psl_05_climo.nc NEW coords: Coordinates:
  * time     (time) int64 1 2 3 4 5 6 7 8 9 10 11 12
  * lon      (lon) float64 109.0 109.5 110.0 110.5 ... 289.5 290.0 290.5 291.0
  * lat      (lat) float64 -16.0 -15.5 -15.0 -14.5 -14.0 ... 14.5 15.0 15.5 16.0
2020-04-17 19:09:55,905:reanalysis_wind:SUCCESS: erai_psl_05_climo.nc
2020-04-17 19:09:55,910:timed:reanalysis_wind: 0:0:01.91 total: 1.91 seconds.
2020-04-17 19:09:55,931:reanalysis_wind:erai_ps_10_climo.nc OLD coords: Coordinates:
  * time     (time) datetime64[ns] 1981-01-01 1981-02-01 ... 2012-12-01
  * lat      (lat) float32 -16.5 -15.0 -13.5 -12.0 -10.5 ... 12.0 13.5 15.0 16.5
  * lon      (lon) float32 108.0 109.5 111.0 112.5 ... 286.5 288.0 289.5 291.0
2020-04-17 19:09:55,931:reanalysis_wind:SUCCESS: erai_psl_10_climo.nc
2020-04-17 19:09:55,933:reanalysis_wind:erai_ps_10_climo.nc NEW coords: Coordinates:
  * time     (time) int64 1 2 3 4 5 6 7 8 9 10 11 12
  * lon      (lon) float64 109.0 110.0 111.0 112.0 ... 288.0 289.0 290.0 291.0
  * lat      (lat) float64 -16.0 -15.0 -14.0 -13.0 -12.0 ... 13.0 14.0 15.0 16.0
2020-04-17 19:09:55,936:timed:reanalysis_wind: 0:0:01.93 total: 1.93 seconds.
2020-04-17 19:09:55,941:reanalysis_wind:SUCCESS: erai_ps_10_climo.nc
2020-04-17 19:09:55,945:timed:reanalysis_wind: 0:0:01.94 total: 1.94 seconds.
2020-04-17 19:09:56,202:reanalysis_wind:erai_vas_01_climo.nc OLD coords: Coordinates:
  * time     (time) datetime64[ns] 1981-01-01 1981-02-01 ... 2012-12-01
  * lon      (lon) float32 108.0 109.5 111.0 112.5 ... 286.5 288.0 289.5 291.0
  * lat      (lat) float32 -16.5 -15.0 -13.5 -12.0 -10.5 ... 12.0 13.5 15.0 16.5
2020-04-17 19:09:56,204:reanalysis_wind:erai_vas_01_climo.nc NEW coords: Coordinates:
  * time     (time) int64 1 2 3 4 5 6 7 8 9 10 11 12
  * lon      (lon) float64 109.0 109.1 109.2 109.3 ... 290.7 290.8 290.9 291.0
  * lat      (lat) float64 -16.0 -15.9 -15.8 -15.7 -15.6 ... 15.7 15.8 15.9 16.0
2020-04-17 19:09:56,268:reanalysis_wind:SUCCESS: erai_vas_01_climo.nc
2020-04-17 19:09:56,271:timed:reanalysis_wind: 0:0:02.27 total: 2.27 seconds.
2020-04-17 19:09:56,420:reanalysis_wind:erai_psl_01_climo.nc OLD coords: Coordinates:
  * time     (time) datetime64[ns] 1981-01-01 1981-02-01 ... 2012-12-01
  * lon      (lon) float32 108.0 109.5 111.0 112.5 ... 286.5 288.0 289.5 291.0
  * lat      (lat) float32 -16.5 -15.0 -13.5 -12.0 -10.5 ... 12.0 13.5 15.0 16.5
2020-04-17 19:09:56,425:reanalysis_wind:erai_psl_01_climo.nc NEW coords: Coordinates:
  * time     (time) int64 1 2 3 4 5 6 7 8 9 10 11 12
  * lon      (lon) float64 109.0 109.1 109.2 109.3 ... 290.7 290.8 290.9 291.0
  * lat      (lat) float64 -16.0 -15.9 -15.8 -15.7 -15.6 ... 15.7 15.8 15.9 16.0
2020-04-17 19:09:56,493:reanalysis_wind:SUCCESS: erai_psl_01_climo.nc
2020-04-17 19:09:56,517:reanalysis_wind:erai_uas_01_climo.nc OLD coords: Coordinates:
  * time     (time) datetime64[ns] 1981-01-01 1981-02-01 ... 2012-12-01
  * lat      (lat) float32 -16.5 -15.0 -13.5 -12.0 -10.5 ... 12.0 13.5 15.0 16.5
  * lon      (lon) float32 108.0 109.5 111.0 112.5 ... 286.5 288.0 289.5 291.0
2020-04-17 19:09:56,522:reanalysis_wind:erai_uas_01_climo.nc NEW coords: Coordinates:
  * time     (time) int64 1 2 3 4 5 6 7 8 9 10 11 12
  * lon      (lon) float64 109.0 109.1 109.2 109.3 ... 290.7 290.8 290.9 291.0
  * lat      (lat) float64 -16.0 -15.9 -15.8 -15.7 -15.6 ... 15.7 15.8 15.9 16.0
2020-04-17 19:09:56,556:timed:reanalysis_wind: 0:0:02.55 total: 2.55 seconds.
2020-04-17 19:09:56,587:reanalysis_wind:SUCCESS: erai_uas_01_climo.nc
2020-04-17 19:09:56,594:timed:reanalysis_wind: 0:0:02.59 total: 2.59 seconds.
2020-04-17 19:10:03,728:reanalysis_wind:erai_ta2d_01_climo.nc OLD coords: Coordinates:
  * lat      (lat) float64 -16.49 -15.79 -15.09 -14.39 ... 15.09 15.79 16.49
  * lon      (lon) float32 117.42191 118.12504 118.82816 ... 291.09384 291.79697
  * time     (time) datetime64[ns] 1981-01-01 1981-02-01 ... 2012-12-01
2020-04-17 19:10:03,728:reanalysis_wind:erai_ta2d_05_climo.nc OLD coords: Coordinates:
  * lat      (lat) float64 -16.49 -15.79 -15.09 -14.39 ... 15.09 15.79 16.49
  * lon      (lon) float32 117.42191 118.12504 118.82816 ... 291.09384 291.79697
  * time     (time) datetime64[ns] 1981-01-01 1981-02-01 ... 2012-12-01
2020-04-17 19:10:03,728:reanalysis_wind:erai_ta2d_10_climo.nc OLD coords: Coordinates:
  * lat      (lat) float64 -16.49 -15.79 -15.09 -14.39 ... 15.09 15.79 16.49
  * lon      (lon) float32 117.42191 118.12504 118.82816 ... 291.09384 291.79697
  * time     (time) datetime64[ns] 1981-01-01 1981-02-01 ... 2012-12-01
2020-04-17 19:10:03,728:reanalysis_wind:erai_ta2d_15_climo.nc OLD coords: Coordinates:
  * lat      (lat) float64 -16.49 -15.79 -15.09 -14.39 ... 15.09 15.79 16.49
  * lon      (lon) float32 117.42191 118.12504 118.82816 ... 291.09384 291.79697
  * time     (time) datetime64[ns] 1981-01-01 1981-02-01 ... 2012-12-01
2020-04-17 19:10:03,732:reanalysis_wind:erai_ta2d_01_climo.nc NEW coords: Coordinates:
  * time     (time) int64 1 2 3 4 5 6 7 8 9 10 11 12
  * lon      (lon) float64 109.0 109.1 109.2 109.3 ... 290.7 290.8 290.9 291.0
  * lat      (lat) float64 -16.0 -15.9 -15.8 -15.7 -15.6 ... 15.7 15.8 15.9 16.0
2020-04-17 19:10:03,732:reanalysis_wind:erai_ta2d_05_climo.nc NEW coords: Coordinates:
  * time     (time) int64 1 2 3 4 5 6 7 8 9 10 11 12
  * lon      (lon) float64 109.0 109.5 110.0 110.5 ... 289.5 290.0 290.5 291.0
  * lat      (lat) float64 -16.0 -15.5 -15.0 -14.5 -14.0 ... 14.5 15.0 15.5 16.0
2020-04-17 19:10:03,732:reanalysis_wind:erai_ta2d_15_climo.nc NEW coords: Coordinates:
  * time     (time) int64 1 2 3 4 5 6 7 8 9 10 11 12
  * lon      (lon) float64 109.0 110.5 112.0 113.5 ... 286.0 287.5 289.0 290.5
  * lat      (lat) float64 -16.0 -14.5 -13.0 -11.5 -10.0 ... 11.0 12.5 14.0 15.5
2020-04-17 19:10:03,732:reanalysis_wind:erai_ta2d_10_climo.nc NEW coords: Coordinates:
  * time     (time) int64 1 2 3 4 5 6 7 8 9 10 11 12
  * lon      (lon) float64 109.0 110.0 111.0 112.0 ... 288.0 289.0 290.0 291.0
  * lat      (lat) float64 -16.0 -15.0 -14.0 -13.0 -12.0 ... 13.0 14.0 15.0 16.0
2020-04-17 19:10:03,742:reanalysis_wind:SUCCESS: erai_ta2d_15_climo.nc
2020-04-17 19:10:03,743:reanalysis_wind:SUCCESS: erai_ta2d_10_climo.nc
2020-04-17 19:10:03,744:reanalysis_wind:SUCCESS: erai_ta2d_05_climo.nc
2020-04-17 19:10:03,756:timed:reanalysis_wind: 0:0:09.75 total: 9.75 seconds.
2020-04-17 19:10:03,757:timed:reanalysis_wind: 0:0:09.75 total: 9.75 seconds.
2020-04-17 19:10:03,759:timed:reanalysis_wind: 0:0:09.75 total: 9.75 seconds.
2020-04-17 19:10:03,784:reanalysis_wind:SUCCESS: erai_ta2d_01_climo.nc
2020-04-17 19:10:03,820:timed:reanalysis_wind: 0:0:09.81 total: 9.81 seconds.
2020-04-17 19:10:12,232:reanalysis_wind:jra55_psl_01_climo.nc OLD coords: Coordinates:
  * lon      (lon) float32 108.75 110.0 111.25 112.5 ... 288.75 290.0 291.25
  * lat      (lat) float32 -16.25 -15.0 -13.75 -12.5 ... 12.5 13.75 15.0 16.25
  * time     (time) datetime64[ns] 1981-01-01 ... 2012-12-31T18:00:00
2020-04-17 19:10:12,240:reanalysis_wind:jra55_psl_01_climo.nc NEW coords: Coordinates:
  * time     (time) int64 1 2 3 4 5 6 7 8 9 10 11 12
  * lon      (lon) float64 109.0 109.1 109.2 109.3 ... 290.7 290.8 290.9 291.0
  * lat      (lat) float64 -16.0 -15.9 -15.8 -15.7 -15.6 ... 15.7 15.8 15.9 16.0
2020-04-17 19:10:12,360:reanalysis_wind:SUCCESS: jra55_psl_01_climo.nc
2020-04-17 19:10:12,389:timed:reanalysis_wind: 0:0:17.49 total: 17.49 seconds.
2020-04-17 19:10:12,498:reanalysis_wind:jra55_tas_01_climo.nc OLD coords: Coordinates:
  * lat      (lat) float32 -16.25 -15.0 -13.75 -12.5 ... 12.5 13.75 15.0 16.25
  * lon      (lon) float32 108.75 110.0 111.25 112.5 ... 288.75 290.0 291.25
  * time     (time) datetime64[ns] 1981-01-01 ... 2012-12-31T18:00:00
2020-04-17 19:10:12,501:reanalysis_wind:jra55_tas_01_climo.nc NEW coords: Coordinates:
  * time     (time) int64 1 2 3 4 5 6 7 8 9 10 11 12
  * lon      (lon) float64 109.0 109.1 109.2 109.3 ... 290.7 290.8 290.9 291.0
  * lat      (lat) float64 -16.0 -15.9 -15.8 -15.7 -15.6 ... 15.7 15.8 15.9 16.0
2020-04-17 19:10:12,548:reanalysis_wind:SUCCESS: jra55_tas_01_climo.nc
2020-04-17 19:10:12,566:timed:reanalysis_wind: 0:0:17.67 total: 17.67 seconds.
2020-04-17 19:10:18,100:reanalysis_wind:jra55_vas_15_climo.nc OLD coords: Coordinates:
  * lon      (lon) float32 108.75 110.0 111.25 112.5 ... 288.75 290.0 291.25
  * lat      (lat) float32 -16.25 -15.0 -13.75 -12.5 ... 12.5 13.75 15.0 16.25
  * time     (time) datetime64[ns] 1981-01-01 ... 2012-12-31T18:00:00
2020-04-17 19:10:18,104:reanalysis_wind:jra55_vas_15_climo.nc NEW coords: Coordinates:
  * time     (time) int64 1 2 3 4 5 6 7 8 9 10 11 12
  * lon      (lon) float64 109.0 110.5 112.0 113.5 ... 286.0 287.5 289.0 290.5
  * lat      (lat) float64 -16.0 -14.5 -13.0 -11.5 -10.0 ... 11.0 12.5 14.0 15.5
2020-04-17 19:10:18,115:reanalysis_wind:SUCCESS: jra55_vas_15_climo.nc
2020-04-17 19:10:18,137:timed:reanalysis_wind: 0:0:23.24 total: 23.24 seconds.
2020-04-17 19:10:18,454:reanalysis_wind:jra55_vas_01_climo.nc OLD coords: Coordinates:
  * lat      (lat) float32 -16.25 -15.0 -13.75 -12.5 ... 12.5 13.75 15.0 16.25
  * lon      (lon) float32 108.75 110.0 111.25 112.5 ... 288.75 290.0 291.25
  * time     (time) datetime64[ns] 1981-01-01 ... 2012-12-31T18:00:00
2020-04-17 19:10:18,458:reanalysis_wind:jra55_vas_01_climo.nc NEW coords: Coordinates:
  * time     (time) int64 1 2 3 4 5 6 7 8 9 10 11 12
  * lon      (lon) float64 109.0 109.1 109.2 109.3 ... 290.7 290.8 290.9 291.0
  * lat      (lat) float64 -16.0 -15.9 -15.8 -15.7 -15.6 ... 15.7 15.8 15.9 16.0
2020-04-17 19:10:18,512:reanalysis_wind:SUCCESS: jra55_vas_01_climo.nc
2020-04-17 19:10:18,535:timed:reanalysis_wind: 0:0:23.64 total: 23.64 seconds.
2020-04-17 19:10:18,860:reanalysis_wind:jra55_uas_10_climo.nc OLD coords: Coordinates:
  * lon      (lon) float32 108.75 110.0 111.25 112.5 ... 288.75 290.0 291.25
  * lat      (lat) float32 -16.25 -15.0 -13.75 -12.5 ... 12.5 13.75 15.0 16.25
  * time     (time) datetime64[ns] 1981-01-01 ... 2012-12-31T18:00:00
2020-04-17 19:10:18,864:reanalysis_wind:jra55_uas_10_climo.nc NEW coords: Coordinates:
  * time     (time) int64 1 2 3 4 5 6 7 8 9 10 11 12
  * lon      (lon) float64 109.0 110.0 111.0 112.0 ... 288.0 289.0 290.0 291.0
  * lat      (lat) float64 -16.0 -15.0 -14.0 -13.0 -12.0 ... 13.0 14.0 15.0 16.0
2020-04-17 19:10:18,876:reanalysis_wind:SUCCESS: jra55_uas_10_climo.nc
2020-04-17 19:10:18,901:timed:reanalysis_wind: 0:0:24.00 total: 24.00 seconds.
2020-04-17 19:10:19,089:reanalysis_wind:jra55_uas_01_climo.nc OLD coords: Coordinates:
  * lat      (lat) float32 -16.25 -15.0 -13.75 -12.5 ... 12.5 13.75 15.0 16.25
  * lon      (lon) float32 108.75 110.0 111.25 112.5 ... 288.75 290.0 291.25
  * time     (time) datetime64[ns] 1981-01-01 ... 2012-12-31T18:00:00
2020-04-17 19:10:19,093:reanalysis_wind:jra55_uas_01_climo.nc NEW coords: Coordinates:
  * time     (time) int64 1 2 3 4 5 6 7 8 9 10 11 12
  * lon      (lon) float64 109.0 109.1 109.2 109.3 ... 290.7 290.8 290.9 291.0
  * lat      (lat) float64 -16.0 -15.9 -15.8 -15.7 -15.6 ... 15.7 15.8 15.9 16.0
2020-04-17 19:10:19,136:reanalysis_wind:SUCCESS: jra55_uas_01_climo.nc
2020-04-17 19:10:19,156:timed:reanalysis_wind: 0:0:24.25 total: 24.25 seconds.
2020-04-17 19:10:21,513:reanalysis_wind:jra55_huss_10_climo.nc OLD coords: Coordinates:
  * lon      (lon) float32 108.75 110.0 111.25 112.5 ... 288.75 290.0 291.25
  * lat      (lat) float32 -16.25 -15.0 -13.75 -12.5 ... 12.5 13.75 15.0 16.25
  * time     (time) datetime64[ns] 1981-01-01 ... 2012-12-31T18:00:00
2020-04-17 19:10:21,516:reanalysis_wind:jra55_huss_10_climo.nc NEW coords: Coordinates:
  * time     (time) int64 1 2 3 4 5 6 7 8 9 10 11 12
  * lon      (lon) float64 109.0 110.0 111.0 112.0 ... 288.0 289.0 290.0 291.0
  * lat      (lat) float64 -16.0 -15.0 -14.0 -13.0 -12.0 ... 13.0 14.0 15.0 16.0
2020-04-17 19:10:21,522:reanalysis_wind:jra55_huss_05_climo.nc OLD coords: Coordinates:
  * lon      (lon) float32 108.75 110.0 111.25 112.5 ... 288.75 290.0 291.25
  * lat      (lat) float32 -16.25 -15.0 -13.75 -12.5 ... 12.5 13.75 15.0 16.25
  * time     (time) datetime64[ns] 1981-01-01 ... 2012-12-31T18:00:00
2020-04-17 19:10:21,526:reanalysis_wind:jra55_huss_05_climo.nc NEW coords: Coordinates:
  * time     (time) int64 1 2 3 4 5 6 7 8 9 10 11 12
  * lon      (lon) float64 109.0 109.5 110.0 110.5 ... 289.5 290.0 290.5 291.0
  * lat      (lat) float64 -16.0 -15.5 -15.0 -14.5 -14.0 ... 14.5 15.0 15.5 16.0
2020-04-17 19:10:21,538:reanalysis_wind:SUCCESS: jra55_huss_05_climo.nc
2020-04-17 19:10:21,561:timed:reanalysis_wind: 0:0:26.62 total: 26.62 seconds.
2020-04-17 19:10:21,574:reanalysis_wind:SUCCESS: jra55_huss_10_climo.nc
2020-04-17 19:10:21,604:timed:reanalysis_wind: 0:0:26.70 total: 26.70 seconds.
2020-04-17 19:10:21,928:reanalysis_wind:jra55_huss_01_climo.nc OLD coords: Coordinates:
  * lon      (lon) float32 108.75 110.0 111.25 112.5 ... 288.75 290.0 291.25
  * lat      (lat) float32 -16.25 -15.0 -13.75 -12.5 ... 12.5 13.75 15.0 16.25
  * time     (time) datetime64[ns] 1981-01-01 ... 2012-12-31T18:00:00
2020-04-17 19:10:21,933:reanalysis_wind:jra55_huss_01_climo.nc NEW coords: Coordinates:
  * time     (time) int64 1 2 3 4 5 6 7 8 9 10 11 12
  * lon      (lon) float64 109.0 109.1 109.2 109.3 ... 290.7 290.8 290.9 291.0
  * lat      (lat) float64 -16.0 -15.9 -15.8 -15.7 -15.6 ... 15.7 15.8 15.9 16.0
2020-04-17 19:10:21,977:reanalysis_wind:SUCCESS: jra55_huss_01_climo.nc
2020-04-17 19:10:22,005:timed:reanalysis_wind: 0:0:27.11 total: 27.11 seconds.
