2020-04-17 13:26:03,488:reanalysis_wind:Creating file: erai_ps from /g/data/rr7/ERA_INT/ERA_INT/.
2020-04-17 13:26:03,489:reanalysis_wind:Creating file: jra55_uas from /g/data/rr7/JRA55/6hr/atmos/.
2020-04-17 13:26:03,488:reanalysis_wind:Creating file: erai_psl from /g/data/rr7/ERA_INT/ERA_INT/.
2020-04-17 13:26:03,489:reanalysis_wind:Creating file: jra55_huss from /g/data/rr7/JRA55/6hr/atmos/.
2020-04-17 13:26:03,488:reanalysis_wind:Creating file: erai_uas from /g/data/rr7/ERA_INT/ERA_INT/.
2020-04-17 13:26:03,489:reanalysis_wind:Creating file: jra55_vas from /g/data/rr7/JRA55/6hr/atmos/.
2020-04-17 13:26:03,488:reanalysis_wind:Creating file: erai_tas from /g/data/rr7/ERA_INT/ERA_INT/.
2020-04-17 13:26:03,489:reanalysis_wind:Creating file: jra55_psl from /g/data/rr7/JRA55/6hr/atmos/.
2020-04-17 13:26:03,488:reanalysis_wind:Creating file: erai_vas from /g/data/rr7/ERA_INT/ERA_INT/.
2020-04-17 13:26:03,489:reanalysis_wind:Creating file: jra55_tas from /g/data/rr7/JRA55/6hr/atmos/.
2020-04-17 13:26:03,491:reanalysis_wind:Creating file: erai_ta2d from /g/data/rr7/ERA_INT/ERA_INT/.
2020-04-17 13:26:05,928:reanalysis_wind:erai_tas old coords: Coordinates:
  * time     (time) datetime64[ns] 1981-01-01 1981-02-01 ... 2012-12-01
  * lon      (lon) float32 108.0 109.5 111.0 112.5 ... 286.5 288.0 289.5 291.0
  * lat      (lat) float32 -16.5 -15.0 -13.5 -12.0 -10.5 ... 12.0 13.5 15.0 16.5
2020-04-17 13:26:06,083:reanalysis_wind:erai_tas new coords: Coordinates:
  * time     (time) int64 1 2 3 4 5 6 7 8 9 10 11 12
  * lon      (lon) float64 109.0 109.1 109.2 109.3 ... 290.7 290.8 290.9 291.0
  * lat      (lat) float64 -16.0 -15.9 -15.8 -15.7 -15.6 ... 15.7 15.8 15.9 16.0
2020-04-17 13:26:06,369:reanalysis_wind:erai_psl old coords: Coordinates:
  * time     (time) datetime64[ns] 1981-01-01 1981-02-01 ... 2012-12-01
  * lat      (lat) float32 -16.5 -15.0 -13.5 -12.0 -10.5 ... 12.0 13.5 15.0 16.5
  * lon      (lon) float32 108.0 109.5 111.0 112.5 ... 286.5 288.0 289.5 291.0
2020-04-17 13:26:06,492:reanalysis_wind:erai_psl new coords: Coordinates:
  * time     (time) int64 1 2 3 4 5 6 7 8 9 10 11 12
  * lon      (lon) float64 109.0 109.1 109.2 109.3 ... 290.7 290.8 290.9 291.0
  * lat      (lat) float64 -16.0 -15.9 -15.8 -15.7 -15.6 ... 15.7 15.8 15.9 16.0
2020-04-17 13:26:06,622:reanalysis_wind:erai_vas old coords: Coordinates:
  * time     (time) datetime64[ns] 1981-01-01 1981-02-01 ... 2012-12-01
  * lon      (lon) float32 108.0 109.5 111.0 112.5 ... 286.5 288.0 289.5 291.0
  * lat      (lat) float32 -16.5 -15.0 -13.5 -12.0 -10.5 ... 12.0 13.5 15.0 16.5
2020-04-17 13:26:06,750:reanalysis_wind:erai_vas new coords: Coordinates:
  * time     (time) int64 1 2 3 4 5 6 7 8 9 10 11 12
  * lon      (lon) float64 109.0 109.1 109.2 109.3 ... 290.7 290.8 290.9 291.0
  * lat      (lat) float64 -16.0 -15.9 -15.8 -15.7 -15.6 ... 15.7 15.8 15.9 16.0
2020-04-17 13:26:06,896:reanalysis_wind:erai_uas old coords: Coordinates:
  * time     (time) datetime64[ns] 1981-01-01 1981-02-01 ... 2012-12-01
  * lat      (lat) float32 -16.5 -15.0 -13.5 -12.0 -10.5 ... 12.0 13.5 15.0 16.5
  * lon      (lon) float32 108.0 109.5 111.0 112.5 ... 286.5 288.0 289.5 291.0
2020-04-17 13:26:07,034:reanalysis_wind:erai_uas new coords: Coordinates:
  * time     (time) int64 1 2 3 4 5 6 7 8 9 10 11 12
  * lon      (lon) float64 109.0 109.1 109.2 109.3 ... 290.7 290.8 290.9 291.0
  * lat      (lat) float64 -16.0 -15.9 -15.8 -15.7 -15.6 ... 15.7 15.8 15.9 16.0
2020-04-17 13:26:07,116:reanalysis_wind:erai_ps old coords: Coordinates:
  * time     (time) datetime64[ns] 1981-01-01 1981-02-01 ... 2012-12-01
  * lat      (lat) float32 -16.5 -15.0 -13.5 -12.0 -10.5 ... 12.0 13.5 15.0 16.5
  * lon      (lon) float32 108.0 109.5 111.0 112.5 ... 286.5 288.0 289.5 291.0
2020-04-17 13:26:07,256:reanalysis_wind:erai_ps new coords: Coordinates:
  * time     (time) int64 1 2 3 4 5 6 7 8 9 10 11 12
  * lon      (lon) float64 109.0 109.1 109.2 109.3 ... 290.7 290.8 290.9 291.0
  * lat      (lat) float64 -16.0 -15.9 -15.8 -15.7 -15.6 ... 15.7 15.8 15.9 16.0
2020-04-17 13:26:07,708:reanalysis_wind:jra55_huss old coords: Coordinates:
  * lat      (lat) float32 -16.25 -15.0 -13.75 -12.5 ... 12.5 13.75 15.0 16.25
  * lon      (lon) float32 108.75 110.0 111.25 112.5 ... 288.75 290.0 291.25
  * time     (time) datetime64[ns] 1981-01-01 ... 2012-12-31T18:00:00
2020-04-17 13:26:07,925:reanalysis_wind:jra55_huss new coords: Coordinates:
  * time     (time) int64 1 2 3 4 5 6 7 8 9 10 11 12
  * lon      (lon) float64 109.0 109.1 109.2 109.3 ... 290.7 290.8 290.9 291.0
  * lat      (lat) float64 -16.0 -15.9 -15.8 -15.7 -15.6 ... 15.7 15.8 15.9 16.0
2020-04-17 13:26:08,038:reanalysis_wind:jra55_uas old coords: Coordinates:
  * lat      (lat) float32 -16.25 -15.0 -13.75 -12.5 ... 12.5 13.75 15.0 16.25
  * lon      (lon) float32 108.75 110.0 111.25 112.5 ... 288.75 290.0 291.25
  * time     (time) datetime64[ns] 1981-01-01 ... 2012-12-31T18:00:00
2020-04-17 13:26:08,216:reanalysis_wind:jra55_uas new coords: Coordinates:
  * time     (time) int64 1 2 3 4 5 6 7 8 9 10 11 12
  * lon      (lon) float64 109.0 109.1 109.2 109.3 ... 290.7 290.8 290.9 291.0
  * lat      (lat) float64 -16.0 -15.9 -15.8 -15.7 -15.6 ... 15.7 15.8 15.9 16.0
2020-04-17 13:26:08,657:reanalysis_wind:File completed: erai_tas
2020-04-17 13:26:08,664:reanalysis_wind:jra55_tas old coords: Coordinates:
  * lon      (lon) float32 108.75 110.0 111.25 112.5 ... 288.75 290.0 291.25
  * lat      (lat) float32 -16.25 -15.0 -13.75 -12.5 ... 12.5 13.75 15.0 16.25
  * time     (time) datetime64[ns] 1981-01-01 ... 2012-12-31T18:00:00
2020-04-17 13:26:08,677:timed:reanalysis_wind: 0:0:05.19 total: 5.19 seconds.
2020-04-17 13:26:08,853:reanalysis_wind:jra55_tas new coords: Coordinates:
  * time     (time) int64 1 2 3 4 5 6 7 8 9 10 11 12
  * lon      (lon) float64 109.0 109.1 109.2 109.3 ... 290.7 290.8 290.9 291.0
  * lat      (lat) float64 -16.0 -15.9 -15.8 -15.7 -15.6 ... 15.7 15.8 15.9 16.0
2020-04-17 13:26:09,670:reanalysis_wind:jra55_vas old coords: Coordinates:
  * lat      (lat) float32 -16.25 -15.0 -13.75 -12.5 ... 12.5 13.75 15.0 16.25
  * lon      (lon) float32 108.75 110.0 111.25 112.5 ... 288.75 290.0 291.25
  * time     (time) datetime64[ns] 1981-01-01 ... 2012-12-31T18:00:00
2020-04-17 13:26:09,823:reanalysis_wind:File completed: erai_vas
2020-04-17 13:26:09,830:reanalysis_wind:jra55_psl old coords: Coordinates:
  * lat      (lat) float32 -16.25 -15.0 -13.75 -12.5 ... 12.5 13.75 15.0 16.25
  * lon      (lon) float32 108.75 110.0 111.25 112.5 ... 288.75 290.0 291.25
  * time     (time) datetime64[ns] 1981-01-01 ... 2012-12-31T18:00:00
2020-04-17 13:26:09,840:timed:reanalysis_wind: 0:0:06.35 total: 6.35 seconds.
2020-04-17 13:26:09,840:reanalysis_wind:File completed: erai_psl
2020-04-17 13:26:09,857:reanalysis_wind:jra55_vas new coords: Coordinates:
  * time     (time) int64 1 2 3 4 5 6 7 8 9 10 11 12
  * lon      (lon) float64 109.0 109.1 109.2 109.3 ... 290.7 290.8 290.9 291.0
  * lat      (lat) float64 -16.0 -15.9 -15.8 -15.7 -15.6 ... 15.7 15.8 15.9 16.0
2020-04-17 13:26:09,863:timed:reanalysis_wind: 0:0:06.37 total: 6.37 seconds.
2020-04-17 13:26:10,020:reanalysis_wind:jra55_psl new coords: Coordinates:
  * time     (time) int64 1 2 3 4 5 6 7 8 9 10 11 12
  * lon      (lon) float64 109.0 109.1 109.2 109.3 ... 290.7 290.8 290.9 291.0
  * lat      (lat) float64 -16.0 -15.9 -15.8 -15.7 -15.6 ... 15.7 15.8 15.9 16.0
2020-04-17 13:26:10,103:reanalysis_wind:File completed: erai_uas
2020-04-17 13:26:10,116:timed:reanalysis_wind: 0:0:06.63 total: 6.63 seconds.
2020-04-17 13:26:10,201:reanalysis_wind:File completed: erai_ps
2020-04-17 13:26:10,210:timed:reanalysis_wind: 0:0:06.72 total: 6.72 seconds.
2020-04-17 13:26:16,242:reanalysis_wind:erai_ta2d old coords: Coordinates:
  * lon      (lon) float32 117.42191 118.12504 118.82816 ... 291.09384 291.79697
  * lat      (lat) float64 -16.49 -15.79 -15.09 -14.39 ... 15.09 15.79 16.49
  * time     (time) datetime64[ns] 1981-01-01 1981-02-01 ... 2012-12-01
2020-04-17 13:26:16,363:reanalysis_wind:erai_ta2d new coords: Coordinates:
  * time     (time) int64 1 2 3 4 5 6 7 8 9 10 11 12
  * lon      (lon) float64 109.0 109.1 109.2 109.3 ... 290.7 290.8 290.9 291.0
  * lat      (lat) float64 -16.0 -15.9 -15.8 -15.7 -15.6 ... 15.7 15.8 15.9 16.0
2020-04-17 13:26:23,174:reanalysis_wind:File completed: erai_ta2d
2020-04-17 13:26:23,214:timed:reanalysis_wind: 0:0:19.73 total: 19.73 seconds.
2020-04-17 13:27:09,931:reanalysis_wind:File completed: jra55_vas
2020-04-17 13:27:09,957:timed:reanalysis_wind: 0:1:06.47 total: 66.47 seconds.
2020-04-17 15:10:37,014:reanalysis_wind:Creating file: erai_tas 1.0 deg interp from /g/data/rr7/ERA_INT/ERA_INT/.
2020-04-17 15:10:37,014:reanalysis_wind:Creating file: erai_ps 1.0 deg interp from /g/data/rr7/ERA_INT/ERA_INT/.
2020-04-17 15:10:37,014:reanalysis_wind:Creating file: erai_psl 1.0 deg interp from /g/data/rr7/ERA_INT/ERA_INT/.
2020-04-17 15:10:37,014:reanalysis_wind:Creating file: erai_uas 1.0 deg interp from /g/data/rr7/ERA_INT/ERA_INT/.
2020-04-17 15:10:37,014:reanalysis_wind:Creating file: erai_vas 1.0 deg interp from /g/data/rr7/ERA_INT/ERA_INT/.
2020-04-17 15:10:37,015:reanalysis_wind:Creating file: erai_ta2d 1.0 deg interp from /g/data/rr7/ERA_INT/ERA_INT/.
2020-04-17 15:10:39,654:reanalysis_wind:erai_tas old coords: Coordinates:
  * time     (time) datetime64[ns] 1981-01-01 1981-02-01 ... 2012-12-01
  * lon      (lon) float32 108.0 109.5 111.0 112.5 ... 286.5 288.0 289.5 291.0
  * lat      (lat) float32 -16.5 -15.0 -13.5 -12.0 -10.5 ... 12.0 13.5 15.0 16.5
2020-04-17 15:10:39,791:reanalysis_wind:erai_tas new coords: Coordinates:
  * time     (time) int64 1 2 3 4 5 6 7 8 9 10 11 12
  * lon      (lon) float64 109.0 110.0 111.0 112.0 ... 288.0 289.0 290.0 291.0
  * lat      (lat) float64 -16.0 -15.0 -14.0 -13.0 -12.0 ... 13.0 14.0 15.0 16.0
2020-04-17 15:10:39,973:reanalysis_wind:erai_psl old coords: Coordinates:
  * time     (time) datetime64[ns] 1981-01-01 1981-02-01 ... 2012-12-01
  * lon      (lon) float32 108.0 109.5 111.0 112.5 ... 286.5 288.0 289.5 291.0
  * lat      (lat) float32 -16.5 -15.0 -13.5 -12.0 -10.5 ... 12.0 13.5 15.0 16.5
2020-04-17 15:10:40,102:reanalysis_wind:erai_psl new coords: Coordinates:
  * time     (time) int64 1 2 3 4 5 6 7 8 9 10 11 12
  * lon      (lon) float64 109.0 110.0 111.0 112.0 ... 288.0 289.0 290.0 291.0
  * lat      (lat) float64 -16.0 -15.0 -14.0 -13.0 -12.0 ... 13.0 14.0 15.0 16.0
2020-04-17 15:10:40,198:reanalysis_wind:erai_vas old coords: Coordinates:
  * time     (time) datetime64[ns] 1981-01-01 1981-02-01 ... 2012-12-01
  * lon      (lon) float32 108.0 109.5 111.0 112.5 ... 286.5 288.0 289.5 291.0
  * lat      (lat) float32 -16.5 -15.0 -13.5 -12.0 -10.5 ... 12.0 13.5 15.0 16.5
2020-04-17 15:10:40,332:reanalysis_wind:erai_vas new coords: Coordinates:
  * time     (time) int64 1 2 3 4 5 6 7 8 9 10 11 12
  * lon      (lon) float64 109.0 110.0 111.0 112.0 ... 288.0 289.0 290.0 291.0
  * lat      (lat) float64 -16.0 -15.0 -14.0 -13.0 -12.0 ... 13.0 14.0 15.0 16.0
2020-04-17 15:10:40,558:reanalysis_wind:erai_uas old coords: Coordinates:
  * time     (time) datetime64[ns] 1981-01-01 1981-02-01 ... 2012-12-01
  * lon      (lon) float32 108.0 109.5 111.0 112.5 ... 286.5 288.0 289.5 291.0
  * lat      (lat) float32 -16.5 -15.0 -13.5 -12.0 -10.5 ... 12.0 13.5 15.0 16.5
2020-04-17 15:10:40,674:reanalysis_wind:erai_uas new coords: Coordinates:
  * time     (time) int64 1 2 3 4 5 6 7 8 9 10 11 12
  * lon      (lon) float64 109.0 110.0 111.0 112.0 ... 288.0 289.0 290.0 291.0
  * lat      (lat) float64 -16.0 -15.0 -14.0 -13.0 -12.0 ... 13.0 14.0 15.0 16.0
2020-04-17 15:10:40,704:reanalysis_wind:SUCCESS: erai_tas
2020-04-17 15:10:40,712:timed:reanalysis_wind: 0:0:03.70 total: 3.70 seconds.
2020-04-17 15:10:40,754:reanalysis_wind:SUCCESS: erai_psl
2020-04-17 15:10:40,762:timed:reanalysis_wind: 0:0:03.75 total: 3.75 seconds.
2020-04-17 15:10:41,501:reanalysis_wind:erai_ps old coords: Coordinates:
  * time     (time) datetime64[ns] 1981-01-01 1981-02-01 ... 2012-12-01
  * lon      (lon) float32 108.0 109.5 111.0 112.5 ... 286.5 288.0 289.5 291.0
  * lat      (lat) float32 -16.5 -15.0 -13.5 -12.0 -10.5 ... 12.0 13.5 15.0 16.5
2020-04-17 15:10:41,626:reanalysis_wind:erai_ps new coords: Coordinates:
  * time     (time) int64 1 2 3 4 5 6 7 8 9 10 11 12
  * lon      (lon) float64 109.0 110.0 111.0 112.0 ... 288.0 289.0 290.0 291.0
  * lat      (lat) float64 -16.0 -15.0 -14.0 -13.0 -12.0 ... 13.0 14.0 15.0 16.0
2020-04-17 15:10:41,646:reanalysis_wind:SUCCESS: erai_uas
2020-04-17 15:10:41,655:timed:reanalysis_wind: 0:0:04.64 total: 4.64 seconds.
2020-04-17 15:10:42,709:reanalysis_wind:SUCCESS: erai_ps
2020-04-17 15:10:42,722:timed:reanalysis_wind: 0:0:05.71 total: 5.71 seconds.
2020-04-17 15:10:50,798:reanalysis_wind:erai_ta2d old coords: Coordinates:
  * lon      (lon) float32 117.42191 118.12504 118.82816 ... 291.09384 291.79697
  * lat      (lat) float64 -16.49 -15.79 -15.09 -14.39 ... 15.09 15.79 16.49
  * time     (time) datetime64[ns] 1981-01-01 1981-02-01 ... 2012-12-01
2020-04-17 15:10:50,923:reanalysis_wind:erai_ta2d new coords: Coordinates:
  * time     (time) int64 1 2 3 4 5 6 7 8 9 10 11 12
  * lon      (lon) float64 109.0 110.0 111.0 112.0 ... 288.0 289.0 290.0 291.0
  * lat      (lat) float64 -16.0 -15.0 -14.0 -13.0 -12.0 ... 13.0 14.0 15.0 16.0
2020-04-17 15:10:58,206:reanalysis_wind:SUCCESS: erai_ta2d
2020-04-17 15:10:58,249:timed:reanalysis_wind: 0:0:21.23 total: 21.23 seconds.
2020-04-17 15:13:00,214:reanalysis_wind:Creating file: jra55_tas 1.0 deg interp from /g/data/rr7/JRA55/6hr/atmos/.
2020-04-17 15:13:00,214:reanalysis_wind:Creating file: jra55_psl 1.0 deg interp from /g/data/rr7/JRA55/6hr/atmos/.
2020-04-17 15:13:00,214:reanalysis_wind:Creating file: jra55_vas 1.0 deg interp from /g/data/rr7/JRA55/6hr/atmos/.
2020-04-17 15:13:00,215:reanalysis_wind:Creating file: jra55_uas 1.0 deg interp from /g/data/rr7/JRA55/6hr/atmos/.
2020-04-17 15:13:00,215:reanalysis_wind:Creating file: jra55_huss 1.0 deg interp from /g/data/rr7/JRA55/6hr/atmos/.
2020-04-17 15:13:04,774:reanalysis_wind:jra55_uas old coords: Coordinates:
  * lat      (lat) float32 -16.25 -15.0 -13.75 -12.5 ... 12.5 13.75 15.0 16.25
  * lon      (lon) float32 108.75 110.0 111.25 112.5 ... 288.75 290.0 291.25
  * time     (time) datetime64[ns] 1981-01-01 ... 2012-12-31T18:00:00
2020-04-17 15:13:04,935:reanalysis_wind:jra55_huss old coords: Coordinates:
  * lon      (lon) float32 108.75 110.0 111.25 112.5 ... 288.75 290.0 291.25
  * lat      (lat) float32 -16.25 -15.0 -13.75 -12.5 ... 12.5 13.75 15.0 16.25
  * time     (time) datetime64[ns] 1981-01-01 ... 2012-12-31T18:00:00
2020-04-17 15:13:04,944:reanalysis_wind:jra55_uas new coords: Coordinates:
  * time     (time) int64 1 2 3 4 5 6 7 8 9 10 11 12
  * lon      (lon) float64 109.0 110.0 111.0 112.0 ... 288.0 289.0 290.0 291.0
  * lat      (lat) float64 -16.0 -15.0 -14.0 -13.0 -12.0 ... 13.0 14.0 15.0 16.0
2020-04-17 15:13:04,989:reanalysis_wind:jra55_vas old coords: Coordinates:
  * lat      (lat) float32 -16.25 -15.0 -13.75 -12.5 ... 12.5 13.75 15.0 16.25
  * lon      (lon) float32 108.75 110.0 111.25 112.5 ... 288.75 290.0 291.25
  * time     (time) datetime64[ns] 1981-01-01 ... 2012-12-31T18:00:00
2020-04-17 15:13:05,087:reanalysis_wind:jra55_huss new coords: Coordinates:
  * time     (time) int64 1 2 3 4 5 6 7 8 9 10 11 12
  * lon      (lon) float64 109.0 110.0 111.0 112.0 ... 288.0 289.0 290.0 291.0
  * lat      (lat) float64 -16.0 -15.0 -14.0 -13.0 -12.0 ... 13.0 14.0 15.0 16.0
2020-04-17 15:13:05,153:reanalysis_wind:jra55_vas new coords: Coordinates:
  * time     (time) int64 1 2 3 4 5 6 7 8 9 10 11 12
  * lon      (lon) float64 109.0 110.0 111.0 112.0 ... 288.0 289.0 290.0 291.0
  * lat      (lat) float64 -16.0 -15.0 -14.0 -13.0 -12.0 ... 13.0 14.0 15.0 16.0
2020-04-17 15:13:06,011:reanalysis_wind:jra55_tas old coords: Coordinates:
  * lat      (lat) float32 -16.25 -15.0 -13.75 -12.5 ... 12.5 13.75 15.0 16.25
  * lon      (lon) float32 108.75 110.0 111.25 112.5 ... 288.75 290.0 291.25
  * time     (time) datetime64[ns] 1981-01-01 ... 2012-12-31T18:00:00
2020-04-17 15:13:06,165:reanalysis_wind:jra55_tas new coords: Coordinates:
  * time     (time) int64 1 2 3 4 5 6 7 8 9 10 11 12
  * lon      (lon) float64 109.0 110.0 111.0 112.0 ... 288.0 289.0 290.0 291.0
  * lat      (lat) float64 -16.0 -15.0 -14.0 -13.0 -12.0 ... 13.0 14.0 15.0 16.0
2020-04-17 15:13:07,090:reanalysis_wind:jra55_psl old coords: Coordinates:
  * lat      (lat) float32 -16.25 -15.0 -13.75 -12.5 ... 12.5 13.75 15.0 16.25
  * lon      (lon) float32 108.75 110.0 111.25 112.5 ... 288.75 290.0 291.25
  * time     (time) datetime64[ns] 1981-01-01 ... 2012-12-31T18:00:00
2020-04-17 15:13:07,244:reanalysis_wind:jra55_psl new coords: Coordinates:
  * time     (time) int64 1 2 3 4 5 6 7 8 9 10 11 12
  * lon      (lon) float64 109.0 110.0 111.0 112.0 ... 288.0 289.0 290.0 291.0
  * lat      (lat) float64 -16.0 -15.0 -14.0 -13.0 -12.0 ... 13.0 14.0 15.0 16.0
2020-04-17 15:14:17,963:reanalysis_wind:SUCCESS: jra55_uas
2020-04-17 15:14:17,990:timed:reanalysis_wind: 0:1:17.77 total: 77.77 seconds.
2020-04-17 15:14:21,694:reanalysis_wind:SUCCESS: jra55_tas
2020-04-17 15:14:21,715:timed:reanalysis_wind: 0:1:21.50 total: 81.50 seconds.
2020-04-17 15:14:21,908:reanalysis_wind:SUCCESS: jra55_huss
2020-04-17 15:14:21,938:timed:reanalysis_wind: 0:1:21.72 total: 81.72 seconds.
2020-04-17 15:14:26,666:reanalysis_wind:SUCCESS: jra55_psl
2020-04-17 15:14:26,707:timed:reanalysis_wind: 0:1:26.49 total: 86.49 seconds.
2020-04-17 15:16:09,783:reanalysis_wind:Creating file: erai_vas 0.5 deg interp from /g/data/rr7/ERA_INT/ERA_INT/.
2020-04-17 15:16:09,783:reanalysis_wind:Creating file: erai_ps 0.5 deg interp from /g/data/rr7/ERA_INT/ERA_INT/.
2020-04-17 15:16:09,783:reanalysis_wind:Creating file: erai_tas 0.5 deg interp from /g/data/rr7/ERA_INT/ERA_INT/.
2020-04-17 15:16:09,783:reanalysis_wind:Creating file: erai_uas 0.5 deg interp from /g/data/rr7/ERA_INT/ERA_INT/.
2020-04-17 15:16:09,783:reanalysis_wind:Creating file: erai_psl 0.5 deg interp from /g/data/rr7/ERA_INT/ERA_INT/.
2020-04-17 15:16:09,785:reanalysis_wind:Creating file: erai_ta2d 0.5 deg interp from /g/data/rr7/ERA_INT/ERA_INT/.
2020-04-17 15:16:10,316:reanalysis_wind:erai_tas old coords: Coordinates:
  * time     (time) datetime64[ns] 1981-01-01 1981-02-01 ... 2012-12-01
  * lon      (lon) float32 108.0 109.5 111.0 112.5 ... 286.5 288.0 289.5 291.0
  * lat      (lat) float32 -16.5 -15.0 -13.5 -12.0 -10.5 ... 12.0 13.5 15.0 16.5
2020-04-17 15:16:10,345:reanalysis_wind:erai_psl old coords: Coordinates:
  * time     (time) datetime64[ns] 1981-01-01 1981-02-01 ... 2012-12-01
  * lon      (lon) float32 108.0 109.5 111.0 112.5 ... 286.5 288.0 289.5 291.0
  * lat      (lat) float32 -16.5 -15.0 -13.5 -12.0 -10.5 ... 12.0 13.5 15.0 16.5
2020-04-17 15:16:10,350:reanalysis_wind:erai_vas old coords: Coordinates:
  * time     (time) datetime64[ns] 1981-01-01 1981-02-01 ... 2012-12-01
  * lon      (lon) float32 108.0 109.5 111.0 112.5 ... 286.5 288.0 289.5 291.0
  * lat      (lat) float32 -16.5 -15.0 -13.5 -12.0 -10.5 ... 12.0 13.5 15.0 16.5
2020-04-17 15:16:10,359:reanalysis_wind:erai_ps old coords: Coordinates:
  * time     (time) datetime64[ns] 1981-01-01 1981-02-01 ... 2012-12-01
  * lat      (lat) float32 -16.5 -15.0 -13.5 -12.0 -10.5 ... 12.0 13.5 15.0 16.5
  * lon      (lon) float32 108.0 109.5 111.0 112.5 ... 286.5 288.0 289.5 291.0
2020-04-17 15:16:10,366:reanalysis_wind:erai_uas old coords: Coordinates:
  * time     (time) datetime64[ns] 1981-01-01 1981-02-01 ... 2012-12-01
  * lon      (lon) float32 108.0 109.5 111.0 112.5 ... 286.5 288.0 289.5 291.0
  * lat      (lat) float32 -16.5 -15.0 -13.5 -12.0 -10.5 ... 12.0 13.5 15.0 16.5
2020-04-17 15:16:10,430:reanalysis_wind:erai_tas new coords: Coordinates:
  * time     (time) int64 1 2 3 4 5 6 7 8 9 10 11 12
  * lon      (lon) float64 109.0 109.5 110.0 110.5 ... 289.5 290.0 290.5 291.0
  * lat      (lat) float64 -16.0 -15.5 -15.0 -14.5 -14.0 ... 14.5 15.0 15.5 16.0
2020-04-17 15:16:10,447:reanalysis_wind:erai_psl new coords: Coordinates:
  * time     (time) int64 1 2 3 4 5 6 7 8 9 10 11 12
  * lon      (lon) float64 109.0 109.5 110.0 110.5 ... 289.5 290.0 290.5 291.0
  * lat      (lat) float64 -16.0 -15.5 -15.0 -14.5 -14.0 ... 14.5 15.0 15.5 16.0
2020-04-17 15:16:10,459:reanalysis_wind:erai_vas new coords: Coordinates:
  * time     (time) int64 1 2 3 4 5 6 7 8 9 10 11 12
  * lon      (lon) float64 109.0 109.5 110.0 110.5 ... 289.5 290.0 290.5 291.0
  * lat      (lat) float64 -16.0 -15.5 -15.0 -14.5 -14.0 ... 14.5 15.0 15.5 16.0
2020-04-17 15:16:10,468:reanalysis_wind:erai_ps new coords: Coordinates:
  * time     (time) int64 1 2 3 4 5 6 7 8 9 10 11 12
  * lon      (lon) float64 109.0 109.5 110.0 110.5 ... 289.5 290.0 290.5 291.0
  * lat      (lat) float64 -16.0 -15.5 -15.0 -14.5 -14.0 ... 14.5 15.0 15.5 16.0
2020-04-17 15:16:10,470:reanalysis_wind:erai_uas new coords: Coordinates:
  * time     (time) int64 1 2 3 4 5 6 7 8 9 10 11 12
  * lon      (lon) float64 109.0 109.5 110.0 110.5 ... 289.5 290.0 290.5 291.0
  * lat      (lat) float64 -16.0 -15.5 -15.0 -14.5 -14.0 ... 14.5 15.0 15.5 16.0
2020-04-17 15:16:10,991:reanalysis_wind:SUCCESS: erai_vas
2020-04-17 15:16:11,009:reanalysis_wind:SUCCESS: erai_uas
2020-04-17 15:16:11,033:reanalysis_wind:SUCCESS: erai_tas
2020-04-17 15:16:11,058:reanalysis_wind:SUCCESS: erai_psl
2020-04-17 15:16:11,081:timed:reanalysis_wind: 0:0:01.30 total: 1.30 seconds.
2020-04-17 15:16:11,097:timed:reanalysis_wind: 0:0:01.31 total: 1.31 seconds.
2020-04-17 15:16:11,109:timed:reanalysis_wind: 0:0:01.33 total: 1.33 seconds.
2020-04-17 15:16:11,114:timed:reanalysis_wind: 0:0:01.33 total: 1.33 seconds.
2020-04-17 15:16:11,130:reanalysis_wind:SUCCESS: erai_ps
2020-04-17 15:16:11,153:timed:reanalysis_wind: 0:0:01.37 total: 1.37 seconds.
2020-04-17 15:16:16,506:reanalysis_wind:erai_ta2d old coords: Coordinates:
  * lon      (lon) float32 117.42191 118.12504 118.82816 ... 291.09384 291.79697
  * lat      (lat) float64 -16.49 -15.79 -15.09 -14.39 ... 15.09 15.79 16.49
  * time     (time) datetime64[ns] 1981-01-01 1981-02-01 ... 2012-12-01
2020-04-17 15:16:16,624:reanalysis_wind:erai_ta2d new coords: Coordinates:
  * time     (time) int64 1 2 3 4 5 6 7 8 9 10 11 12
  * lon      (lon) float64 109.0 109.5 110.0 110.5 ... 289.5 290.0 290.5 291.0
  * lat      (lat) float64 -16.0 -15.5 -15.0 -14.5 -14.0 ... 14.5 15.0 15.5 16.0
2020-04-17 15:16:55,375:reanalysis_wind:Creating file: jra55_uas 0.5 deg interp from /g/data/rr7/JRA55/6hr/atmos/.
2020-04-17 15:16:55,375:reanalysis_wind:Creating file: jra55_psl 0.5 deg interp from /g/data/rr7/JRA55/6hr/atmos/.
2020-04-17 15:16:55,375:reanalysis_wind:Creating file: jra55_vas 0.5 deg interp from /g/data/rr7/JRA55/6hr/atmos/.
2020-04-17 15:16:55,375:reanalysis_wind:Creating file: jra55_huss 0.5 deg interp from /g/data/rr7/JRA55/6hr/atmos/.
2020-04-17 15:16:55,375:reanalysis_wind:Creating file: jra55_tas 0.5 deg interp from /g/data/rr7/JRA55/6hr/atmos/.
2020-04-17 15:16:55,950:reanalysis_wind:jra55_huss old coords: Coordinates:
  * lat      (lat) float32 -16.25 -15.0 -13.75 -12.5 ... 12.5 13.75 15.0 16.25
  * lon      (lon) float32 108.75 110.0 111.25 112.5 ... 288.75 290.0 291.25
  * time     (time) datetime64[ns] 1981-01-01 ... 2012-12-31T18:00:00
2020-04-17 15:16:55,967:reanalysis_wind:jra55_psl old coords: Coordinates:
  * lat      (lat) float32 -16.25 -15.0 -13.75 -12.5 ... 12.5 13.75 15.0 16.25
  * lon      (lon) float32 108.75 110.0 111.25 112.5 ... 288.75 290.0 291.25
  * time     (time) datetime64[ns] 1981-01-01 ... 2012-12-31T18:00:00
2020-04-17 15:16:55,988:reanalysis_wind:jra55_vas old coords: Coordinates:
  * lon      (lon) float32 108.75 110.0 111.25 112.5 ... 288.75 290.0 291.25
  * lat      (lat) float32 -16.25 -15.0 -13.75 -12.5 ... 12.5 13.75 15.0 16.25
  * time     (time) datetime64[ns] 1981-01-01 ... 2012-12-31T18:00:00
2020-04-17 15:16:56,017:reanalysis_wind:jra55_uas old coords: Coordinates:
  * lon      (lon) float32 108.75 110.0 111.25 112.5 ... 288.75 290.0 291.25
  * lat      (lat) float32 -16.25 -15.0 -13.75 -12.5 ... 12.5 13.75 15.0 16.25
  * time     (time) datetime64[ns] 1981-01-01 ... 2012-12-31T18:00:00
2020-04-17 15:16:56,120:reanalysis_wind:jra55_huss new coords: Coordinates:
  * time     (time) int64 1 2 3 4 5 6 7 8 9 10 11 12
  * lon      (lon) float64 109.0 109.5 110.0 110.5 ... 289.5 290.0 290.5 291.0
  * lat      (lat) float64 -16.0 -15.5 -15.0 -14.5 -14.0 ... 14.5 15.0 15.5 16.0
2020-04-17 15:16:56,122:reanalysis_wind:jra55_psl new coords: Coordinates:
  * time     (time) int64 1 2 3 4 5 6 7 8 9 10 11 12
  * lon      (lon) float64 109.0 109.5 110.0 110.5 ... 289.5 290.0 290.5 291.0
  * lat      (lat) float64 -16.0 -15.5 -15.0 -14.5 -14.0 ... 14.5 15.0 15.5 16.0
2020-04-17 15:16:56,125:reanalysis_wind:jra55_tas old coords: Coordinates:
  * lon      (lon) float32 108.75 110.0 111.25 112.5 ... 288.75 290.0 291.25
  * lat      (lat) float32 -16.25 -15.0 -13.75 -12.5 ... 12.5 13.75 15.0 16.25
  * time     (time) datetime64[ns] 1981-01-01 ... 2012-12-31T18:00:00
2020-04-17 15:16:56,142:reanalysis_wind:jra55_vas new coords: Coordinates:
  * time     (time) int64 1 2 3 4 5 6 7 8 9 10 11 12
  * lon      (lon) float64 109.0 109.5 110.0 110.5 ... 289.5 290.0 290.5 291.0
  * lat      (lat) float64 -16.0 -15.5 -15.0 -14.5 -14.0 ... 14.5 15.0 15.5 16.0
2020-04-17 15:16:56,173:reanalysis_wind:jra55_uas new coords: Coordinates:
  * time     (time) int64 1 2 3 4 5 6 7 8 9 10 11 12
  * lon      (lon) float64 109.0 109.5 110.0 110.5 ... 289.5 290.0 290.5 291.0
  * lat      (lat) float64 -16.0 -15.5 -15.0 -14.5 -14.0 ... 14.5 15.0 15.5 16.0
2020-04-17 15:16:56,290:reanalysis_wind:jra55_tas new coords: Coordinates:
  * time     (time) int64 1 2 3 4 5 6 7 8 9 10 11 12
  * lon      (lon) float64 109.0 109.5 110.0 110.5 ... 289.5 290.0 290.5 291.0
  * lat      (lat) float64 -16.0 -15.5 -15.0 -14.5 -14.0 ... 14.5 15.0 15.5 16.0
2020-04-17 15:17:09,407:reanalysis_wind:SUCCESS: jra55_uas
2020-04-17 15:17:09,445:timed:reanalysis_wind: 0:0:14.07 total: 14.07 seconds.
2020-04-17 18:59:35,553:reanalysis_wind:Creating file: jra55_vas_05_climo.nc from /g/data/rr7/JRA55/6hr/atmos/.
2020-04-17 18:59:35,553:reanalysis_wind:Creating file: jra55_uas_05_climo.nc from /g/data/rr7/JRA55/6hr/atmos/.
2020-04-17 18:59:35,553:reanalysis_wind:Creating file: jra55_vas_15_climo.nc from /g/data/rr7/JRA55/6hr/atmos/.
2020-04-17 18:59:35,553:reanalysis_wind:Creating file: jra55_huss_01_climo.nc from /g/data/rr7/JRA55/6hr/atmos/.
2020-04-17 18:59:35,554:reanalysis_wind:Creating file: jra55_tas_05_climo.nc from /g/data/rr7/JRA55/6hr/atmos/.
2020-04-17 18:59:35,553:reanalysis_wind:Creating file: jra55_tas_01_climo.nc from /g/data/rr7/JRA55/6hr/atmos/.
2020-04-17 18:59:35,554:reanalysis_wind:Creating file: jra55_tas_15_climo.nc from /g/data/rr7/JRA55/6hr/atmos/.
2020-04-17 18:59:35,554:reanalysis_wind:Creating file: jra55_psl_10_climo.nc from /g/data/rr7/JRA55/6hr/atmos/.
2020-04-17 18:59:35,554:reanalysis_wind:Creating file: jra55_vas_01_climo.nc from /g/data/rr7/JRA55/6hr/atmos/.
2020-04-17 18:59:35,554:reanalysis_wind:Creating file: jra55_huss_10_climo.nc from /g/data/rr7/JRA55/6hr/atmos/.
2020-04-17 18:59:35,554:reanalysis_wind:Creating file: jra55_tas_10_climo.nc from /g/data/rr7/JRA55/6hr/atmos/.
2020-04-17 18:59:35,554:reanalysis_wind:Creating file: jra55_vas_10_climo.nc from /g/data/rr7/JRA55/6hr/atmos/.
2020-04-17 18:59:35,554:reanalysis_wind:Creating file: jra55_uas_10_climo.nc from /g/data/rr7/JRA55/6hr/atmos/.
2020-04-17 18:59:35,554:reanalysis_wind:Creating file: jra55_psl_05_climo.nc from /g/data/rr7/JRA55/6hr/atmos/.
2020-04-17 18:59:35,555:reanalysis_wind:Creating file: jra55_huss_15_climo.nc from /g/data/rr7/JRA55/6hr/atmos/.
2020-04-17 18:59:35,555:reanalysis_wind:Creating file: jra55_huss_05_climo.nc from /g/data/rr7/JRA55/6hr/atmos/.
2020-04-17 18:59:35,557:reanalysis_wind:Creating file: jra55_uas_01_climo.nc from /g/data/rr7/JRA55/6hr/atmos/.
2020-04-17 18:59:35,560:reanalysis_wind:Creating file: jra55_psl_15_climo.nc from /g/data/rr7/JRA55/6hr/atmos/.
2020-04-17 18:59:35,560:reanalysis_wind:Creating file: jra55_uas_15_climo.nc from /g/data/rr7/JRA55/6hr/atmos/.
2020-04-17 18:59:35,560:reanalysis_wind:Creating file: jra55_psl_01_climo.nc from /g/data/rr7/JRA55/6hr/atmos/.
2020-04-17 19:00:06,657:reanalysis_wind:Creating file: erai_vas_01_climo.nc from /g/data/rr7/ERA_INT/ERA_INT/.
2020-04-17 19:00:06,657:reanalysis_wind:Creating file: erai_ps_15_climo.nc from /g/data/rr7/ERA_INT/ERA_INT/.
2020-04-17 19:00:06,658:reanalysis_wind:Creating file: erai_uas_05_climo.nc from /g/data/rr7/ERA_INT/ERA_INT/.
2020-04-17 19:00:06,657:reanalysis_wind:Creating file: erai_tas_01_climo.nc from /g/data/rr7/ERA_INT/ERA_INT/.
2020-04-17 19:00:06,657:reanalysis_wind:Creating file: erai_psl_05_climo.nc from /g/data/rr7/ERA_INT/ERA_INT/.
2020-04-17 19:00:06,658:reanalysis_wind:Creating file: erai_vas_10_climo.nc from /g/data/rr7/ERA_INT/ERA_INT/.
2020-04-17 19:00:06,658:reanalysis_wind:Creating file: erai_uas_01_climo.nc from /g/data/rr7/ERA_INT/ERA_INT/.
2020-04-17 19:00:06,658:reanalysis_wind:Creating file: erai_psl_01_climo.nc from /g/data/rr7/ERA_INT/ERA_INT/.
2020-04-17 19:00:06,659:reanalysis_wind:Creating file: erai_vas_05_climo.nc from /g/data/rr7/ERA_INT/ERA_INT/.
2020-04-17 19:00:06,658:reanalysis_wind:Creating file: erai_psl_15_climo.nc from /g/data/rr7/ERA_INT/ERA_INT/.
2020-04-17 19:00:06,659:reanalysis_wind:Creating file: erai_uas_10_climo.nc from /g/data/rr7/ERA_INT/ERA_INT/.
2020-04-17 19:00:06,660:reanalysis_wind:Creating file: erai_ta2d_01_climo.nc from /g/data/rr7/ERA_INT/ERA_INT/.
2020-04-17 19:00:06,660:reanalysis_wind:Creating file: erai_uas_15_climo.nc from /g/data/rr7/ERA_INT/ERA_INT/.
2020-04-17 19:00:06,662:reanalysis_wind:Creating file: erai_vas_15_climo.nc from /g/data/rr7/ERA_INT/ERA_INT/.
2020-04-17 19:00:06,660:reanalysis_wind:Creating file: erai_ps_10_climo.nc from /g/data/rr7/ERA_INT/ERA_INT/.
2020-04-17 19:00:06,662:reanalysis_wind:Creating file: erai_tas_10_climo.nc from /g/data/rr7/ERA_INT/ERA_INT/.
2020-04-17 19:00:06,662:reanalysis_wind:Creating file: erai_tas_05_climo.nc from /g/data/rr7/ERA_INT/ERA_INT/.
2020-04-17 19:00:06,663:reanalysis_wind:Creating file: erai_ps_05_climo.nc from /g/data/rr7/ERA_INT/ERA_INT/.
2020-04-17 19:00:06,664:reanalysis_wind:Creating file: erai_ta2d_05_climo.nc from /g/data/rr7/ERA_INT/ERA_INT/.
2020-04-17 19:00:06,664:reanalysis_wind:Creating file: erai_ta2d_10_climo.nc from /g/data/rr7/ERA_INT/ERA_INT/.
2020-04-17 19:00:06,666:reanalysis_wind:Creating file: erai_ps_01_climo.nc from /g/data/rr7/ERA_INT/ERA_INT/.
2020-04-17 19:00:06,700:reanalysis_wind:Creating file: erai_ta2d_15_climo.nc from /g/data/rr7/ERA_INT/ERA_INT/.
2020-04-17 19:00:06,700:reanalysis_wind:Creating file: erai_psl_10_climo.nc from /g/data/rr7/ERA_INT/ERA_INT/.
2020-04-17 19:00:06,702:reanalysis_wind:Creating file: erai_tas_15_climo.nc from /g/data/rr7/ERA_INT/ERA_INT/.
2020-04-17 19:00:10,242:reanalysis_wind:erai_tas_10_climo.nc OLD coords: Coordinates:
  * time     (time) datetime64[ns] 1981-01-01 1981-02-01 ... 2012-12-01
  * lon      (lon) float32 108.0 109.5 111.0 112.5 ... 286.5 288.0 289.5 291.0
  * lat      (lat) float32 -16.5 -15.0 -13.5 -12.0 -10.5 ... 12.0 13.5 15.0 16.5
2020-04-17 19:00:10,246:reanalysis_wind:erai_tas_10_climo.nc NEW coords: Coordinates:
  * time     (time) int64 1 2 3 4 5 6 7 8 9 10 11 12
  * lon      (lon) float64 109.0 110.0 111.0 112.0 ... 288.0 289.0 290.0 291.0
  * lat      (lat) float64 -16.0 -15.0 -14.0 -13.0 -12.0 ... 13.0 14.0 15.0 16.0
2020-04-17 19:00:10,343:reanalysis_wind:SUCCESS: erai_tas_10_climo.nc
2020-04-17 19:00:10,349:timed:reanalysis_wind: 0:0:03.69 total: 3.69 seconds.
2020-04-17 19:00:10,367:reanalysis_wind:erai_uas_10_climo.nc OLD coords: Coordinates:
  * time     (time) datetime64[ns] 1981-01-01 1981-02-01 ... 2012-12-01
  * lat      (lat) float32 -16.5 -15.0 -13.5 -12.0 -10.5 ... 12.0 13.5 15.0 16.5
  * lon      (lon) float32 108.0 109.5 111.0 112.5 ... 286.5 288.0 289.5 291.0
2020-04-17 19:00:10,369:reanalysis_wind:erai_uas_10_climo.nc NEW coords: Coordinates:
  * time     (time) int64 1 2 3 4 5 6 7 8 9 10 11 12
  * lon      (lon) float64 109.0 110.0 111.0 112.0 ... 288.0 289.0 290.0 291.0
  * lat      (lat) float64 -16.0 -15.0 -14.0 -13.0 -12.0 ... 13.0 14.0 15.0 16.0
2020-04-17 19:00:10,448:reanalysis_wind:SUCCESS: erai_uas_10_climo.nc
2020-04-17 19:00:10,451:timed:reanalysis_wind: 0:0:03.79 total: 3.79 seconds.
2020-04-17 19:00:10,561:reanalysis_wind:erai_uas_15_climo.nc OLD coords: Coordinates:
  * time     (time) datetime64[ns] 1981-01-01 1981-02-01 ... 2012-12-01
  * lon      (lon) float32 108.0 109.5 111.0 112.5 ... 286.5 288.0 289.5 291.0
  * lat      (lat) float32 -16.5 -15.0 -13.5 -12.0 -10.5 ... 12.0 13.5 15.0 16.5
2020-04-17 19:00:10,564:reanalysis_wind:erai_uas_15_climo.nc NEW coords: Coordinates:
  * time     (time) int64 1 2 3 4 5 6 7 8 9 10 11 12
  * lon      (lon) float64 109.0 110.5 112.0 113.5 ... 286.0 287.5 289.0 290.5
  * lat      (lat) float64 -16.0 -14.5 -13.0 -11.5 -10.0 ... 11.0 12.5 14.0 15.5
2020-04-17 19:00:10,629:reanalysis_wind:erai_uas_05_climo.nc OLD coords: Coordinates:
  * time     (time) datetime64[ns] 1981-01-01 1981-02-01 ... 2012-12-01
  * lon      (lon) float32 108.0 109.5 111.0 112.5 ... 286.5 288.0 289.5 291.0
  * lat      (lat) float32 -16.5 -15.0 -13.5 -12.0 -10.5 ... 12.0 13.5 15.0 16.5
2020-04-17 19:00:10,629:reanalysis_wind:SUCCESS: erai_uas_15_climo.nc
2020-04-17 19:00:10,631:reanalysis_wind:erai_uas_05_climo.nc NEW coords: Coordinates:
  * time     (time) int64 1 2 3 4 5 6 7 8 9 10 11 12
  * lon      (lon) float64 109.0 109.5 110.0 110.5 ... 289.5 290.0 290.5 291.0
  * lat      (lat) float64 -16.0 -15.5 -15.0 -14.5 -14.0 ... 14.5 15.0 15.5 16.0
2020-04-17 19:00:10,633:timed:reanalysis_wind: 0:0:03.97 total: 3.97 seconds.
2020-04-17 19:00:10,678:reanalysis_wind:erai_vas_10_climo.nc OLD coords: Coordinates:
  * time     (time) datetime64[ns] 1981-01-01 1981-02-01 ... 2012-12-01
  * lat      (lat) float32 -16.5 -15.0 -13.5 -12.0 -10.5 ... 12.0 13.5 15.0 16.5
  * lon      (lon) float32 108.0 109.5 111.0 112.5 ... 286.5 288.0 289.5 291.0
2020-04-17 19:00:10,680:reanalysis_wind:erai_vas_10_climo.nc NEW coords: Coordinates:
  * time     (time) int64 1 2 3 4 5 6 7 8 9 10 11 12
  * lon      (lon) float64 109.0 110.0 111.0 112.0 ... 288.0 289.0 290.0 291.0
  * lat      (lat) float64 -16.0 -15.0 -14.0 -13.0 -12.0 ... 13.0 14.0 15.0 16.0
2020-04-17 19:00:10,686:reanalysis_wind:erai_psl_10_climo.nc OLD coords: Coordinates:
  * time     (time) datetime64[ns] 1981-01-01 1981-02-01 ... 2012-12-01
  * lon      (lon) float32 108.0 109.5 111.0 112.5 ... 286.5 288.0 289.5 291.0
  * lat      (lat) float32 -16.5 -15.0 -13.5 -12.0 -10.5 ... 12.0 13.5 15.0 16.5
2020-04-17 19:00:10,688:reanalysis_wind:erai_psl_10_climo.nc NEW coords: Coordinates:
  * time     (time) int64 1 2 3 4 5 6 7 8 9 10 11 12
  * lon      (lon) float64 109.0 110.0 111.0 112.0 ... 288.0 289.0 290.0 291.0
  * lat      (lat) float64 -16.0 -15.0 -14.0 -13.0 -12.0 ... 13.0 14.0 15.0 16.0
2020-04-17 19:00:10,706:reanalysis_wind:SUCCESS: erai_uas_05_climo.nc
2020-04-17 19:00:10,709:timed:reanalysis_wind: 0:0:04.05 total: 4.05 seconds.
2020-04-17 19:00:10,754:reanalysis_wind:SUCCESS: erai_vas_10_climo.nc
2020-04-17 19:00:10,757:timed:reanalysis_wind: 0:0:04.10 total: 4.10 seconds.
2020-04-17 19:00:10,764:reanalysis_wind:SUCCESS: erai_psl_10_climo.nc
2020-04-17 19:00:10,768:timed:reanalysis_wind: 0:0:04.07 total: 4.07 seconds.
2020-04-17 19:00:10,782:reanalysis_wind:erai_psl_15_climo.nc OLD coords: Coordinates:
  * time     (time) datetime64[ns] 1981-01-01 1981-02-01 ... 2012-12-01
  * lon      (lon) float32 108.0 109.5 111.0 112.5 ... 286.5 288.0 289.5 291.0
  * lat      (lat) float32 -16.5 -15.0 -13.5 -12.0 -10.5 ... 12.0 13.5 15.0 16.5
2020-04-17 19:00:10,785:reanalysis_wind:erai_psl_15_climo.nc NEW coords: Coordinates:
  * time     (time) int64 1 2 3 4 5 6 7 8 9 10 11 12
  * lon      (lon) float64 109.0 110.5 112.0 113.5 ... 286.0 287.5 289.0 290.5
  * lat      (lat) float64 -16.0 -14.5 -13.0 -11.5 -10.0 ... 11.0 12.5 14.0 15.5
2020-04-17 19:00:10,833:reanalysis_wind:erai_psl_05_climo.nc OLD coords: Coordinates:
  * time     (time) datetime64[ns] 1981-01-01 1981-02-01 ... 2012-12-01
  * lon      (lon) float32 108.0 109.5 111.0 112.5 ... 286.5 288.0 289.5 291.0
  * lat      (lat) float32 -16.5 -15.0 -13.5 -12.0 -10.5 ... 12.0 13.5 15.0 16.5
2020-04-17 19:00:10,836:reanalysis_wind:erai_psl_05_climo.nc NEW coords: Coordinates:
  * time     (time) int64 1 2 3 4 5 6 7 8 9 10 11 12
  * lon      (lon) float64 109.0 109.5 110.0 110.5 ... 289.5 290.0 290.5 291.0
  * lat      (lat) float64 -16.0 -15.5 -15.0 -14.5 -14.0 ... 14.5 15.0 15.5 16.0
2020-04-17 19:00:10,848:reanalysis_wind:SUCCESS: erai_psl_15_climo.nc
2020-04-17 19:00:10,852:timed:reanalysis_wind: 0:0:04.19 total: 4.19 seconds.
2020-04-17 19:00:10,870:reanalysis_wind:erai_ps_10_climo.nc OLD coords: Coordinates:
  * time     (time) datetime64[ns] 1981-01-01 1981-02-01 ... 2012-12-01
  * lat      (lat) float32 -16.5 -15.0 -13.5 -12.0 -10.5 ... 12.0 13.5 15.0 16.5
  * lon      (lon) float32 108.0 109.5 111.0 112.5 ... 286.5 288.0 289.5 291.0
2020-04-17 19:00:10,874:reanalysis_wind:erai_ps_10_climo.nc NEW coords: Coordinates:
  * time     (time) int64 1 2 3 4 5 6 7 8 9 10 11 12
  * lon      (lon) float64 109.0 110.0 111.0 112.0 ... 288.0 289.0 290.0 291.0
  * lat      (lat) float64 -16.0 -15.0 -14.0 -13.0 -12.0 ... 13.0 14.0 15.0 16.0
2020-04-17 19:00:10,923:reanalysis_wind:SUCCESS: erai_psl_05_climo.nc
2020-04-17 19:00:10,928:timed:reanalysis_wind: 0:0:04.27 total: 4.27 seconds.
2020-04-17 19:00:10,951:reanalysis_wind:SUCCESS: erai_ps_10_climo.nc
2020-04-17 19:00:10,957:timed:reanalysis_wind: 0:0:04.30 total: 4.30 seconds.
2020-04-17 19:00:11,276:reanalysis_wind:erai_uas_01_climo.nc OLD coords: Coordinates:
  * time     (time) datetime64[ns] 1981-01-01 1981-02-01 ... 2012-12-01
  * lon      (lon) float32 108.0 109.5 111.0 112.5 ... 286.5 288.0 289.5 291.0
  * lat      (lat) float32 -16.5 -15.0 -13.5 -12.0 -10.5 ... 12.0 13.5 15.0 16.5
2020-04-17 19:00:11,279:reanalysis_wind:erai_uas_01_climo.nc NEW coords: Coordinates:
  * time     (time) int64 1 2 3 4 5 6 7 8 9 10 11 12
  * lon      (lon) float64 109.0 109.1 109.2 109.3 ... 290.7 290.8 290.9 291.0
  * lat      (lat) float64 -16.0 -15.9 -15.8 -15.7 -15.6 ... 15.7 15.8 15.9 16.0
2020-04-17 19:00:11,323:reanalysis_wind:erai_tas_01_climo.nc OLD coords: Coordinates:
  * time     (time) datetime64[ns] 1981-01-01 1981-02-01 ... 2012-12-01
  * lat      (lat) float32 -16.5 -15.0 -13.5 -12.0 -10.5 ... 12.0 13.5 15.0 16.5
  * lon      (lon) float32 108.0 109.5 111.0 112.5 ... 286.5 288.0 289.5 291.0
2020-04-17 19:00:11,327:reanalysis_wind:erai_tas_01_climo.nc NEW coords: Coordinates:
  * time     (time) int64 1 2 3 4 5 6 7 8 9 10 11 12
  * lon      (lon) float64 109.0 109.1 109.2 109.3 ... 290.7 290.8 290.9 291.0
  * lat      (lat) float64 -16.0 -15.9 -15.8 -15.7 -15.6 ... 15.7 15.8 15.9 16.0
2020-04-17 19:00:11,338:reanalysis_wind:erai_vas_01_climo.nc OLD coords: Coordinates:
  * time     (time) datetime64[ns] 1981-01-01 1981-02-01 ... 2012-12-01
  * lon      (lon) float32 108.0 109.5 111.0 112.5 ... 286.5 288.0 289.5 291.0
  * lat      (lat) float32 -16.5 -15.0 -13.5 -12.0 -10.5 ... 12.0 13.5 15.0 16.5
2020-04-17 19:00:11,341:reanalysis_wind:erai_vas_01_climo.nc NEW coords: Coordinates:
  * time     (time) int64 1 2 3 4 5 6 7 8 9 10 11 12
  * lon      (lon) float64 109.0 109.1 109.2 109.3 ... 290.7 290.8 290.9 291.0
  * lat      (lat) float64 -16.0 -15.9 -15.8 -15.7 -15.6 ... 15.7 15.8 15.9 16.0
2020-04-17 19:00:11,611:reanalysis_wind:erai_ps_01_climo.nc OLD coords: Coordinates:
  * time     (time) datetime64[ns] 1981-01-01 1981-02-01 ... 2012-12-01
  * lat      (lat) float32 -16.5 -15.0 -13.5 -12.0 -10.5 ... 12.0 13.5 15.0 16.5
  * lon      (lon) float32 108.0 109.5 111.0 112.5 ... 286.5 288.0 289.5 291.0
2020-04-17 19:00:11,614:reanalysis_wind:erai_ps_01_climo.nc NEW coords: Coordinates:
  * time     (time) int64 1 2 3 4 5 6 7 8 9 10 11 12
  * lon      (lon) float64 109.0 109.1 109.2 109.3 ... 290.7 290.8 290.9 291.0
  * lat      (lat) float64 -16.0 -15.9 -15.8 -15.7 -15.6 ... 15.7 15.8 15.9 16.0
2020-04-17 19:00:11,644:reanalysis_wind:erai_psl_01_climo.nc OLD coords: Coordinates:
  * time     (time) datetime64[ns] 1981-01-01 1981-02-01 ... 2012-12-01
  * lon      (lon) float32 108.0 109.5 111.0 112.5 ... 286.5 288.0 289.5 291.0
  * lat      (lat) float32 -16.5 -15.0 -13.5 -12.0 -10.5 ... 12.0 13.5 15.0 16.5
2020-04-17 19:00:11,650:reanalysis_wind:erai_psl_01_climo.nc NEW coords: Coordinates:
  * time     (time) int64 1 2 3 4 5 6 7 8 9 10 11 12
  * lon      (lon) float64 109.0 109.1 109.2 109.3 ... 290.7 290.8 290.9 291.0
  * lat      (lat) float64 -16.0 -15.9 -15.8 -15.7 -15.6 ... 15.7 15.8 15.9 16.0
2020-04-17 19:00:11,732:reanalysis_wind:SUCCESS: erai_vas_01_climo.nc
2020-04-17 19:00:11,736:timed:reanalysis_wind: 0:0:05.08 total: 5.08 seconds.
2020-04-17 19:00:11,821:reanalysis_wind:SUCCESS: erai_tas_01_climo.nc
2020-04-17 19:00:11,826:timed:reanalysis_wind: 0:0:05.17 total: 5.17 seconds.
2020-04-17 19:00:11,849:reanalysis_wind:SUCCESS: erai_uas_01_climo.nc
2020-04-17 19:00:11,933:reanalysis_wind:SUCCESS: erai_ps_01_climo.nc
2020-04-17 19:00:11,940:timed:reanalysis_wind: 0:0:05.27 total: 5.27 seconds.
2020-04-17 19:00:12,238:reanalysis_wind:SUCCESS: erai_psl_01_climo.nc
2020-04-17 19:00:14,936:timed:reanalysis_wind: 0:0:08.28 total: 8.28 seconds.
2020-04-17 19:00:16,955:timed:reanalysis_wind: 0:0:10.30 total: 10.30 seconds.
2020-04-17 19:00:35,648:reanalysis_wind:erai_ta2d_15_climo.nc OLD coords: Coordinates:
  * lat      (lat) float64 -16.49 -15.79 -15.09 -14.39 ... 15.09 15.79 16.49
  * lon      (lon) float32 117.42191 118.12504 118.82816 ... 291.09384 291.79697
  * time     (time) datetime64[ns] 1981-01-01 1981-02-01 ... 2012-12-01
2020-04-17 19:00:35,652:reanalysis_wind:erai_ta2d_15_climo.nc NEW coords: Coordinates:
  * time     (time) int64 1 2 3 4 5 6 7 8 9 10 11 12
  * lon      (lon) float64 109.0 110.5 112.0 113.5 ... 286.0 287.5 289.0 290.5
  * lat      (lat) float64 -16.0 -14.5 -13.0 -11.5 -10.0 ... 11.0 12.5 14.0 15.5
2020-04-17 19:00:36,101:reanalysis_wind:erai_ta2d_10_climo.nc OLD coords: Coordinates:
  * lat      (lat) float64 -16.49 -15.79 -15.09 -14.39 ... 15.09 15.79 16.49
  * lon      (lon) float32 117.42191 118.12504 118.82816 ... 291.09384 291.79697
  * time     (time) datetime64[ns] 1981-01-01 1981-02-01 ... 2012-12-01
2020-04-17 19:00:36,106:reanalysis_wind:erai_ta2d_10_climo.nc NEW coords: Coordinates:
  * time     (time) int64 1 2 3 4 5 6 7 8 9 10 11 12
  * lon      (lon) float64 109.0 110.0 111.0 112.0 ... 288.0 289.0 290.0 291.0
  * lat      (lat) float64 -16.0 -15.0 -14.0 -13.0 -12.0 ... 13.0 14.0 15.0 16.0
2020-04-17 19:00:44,877:reanalysis_wind:SUCCESS: erai_ta2d_15_climo.nc
2020-04-17 19:00:46,054:timed:reanalysis_wind: 0:0:39.36 total: 39.36 seconds.
2020-04-17 19:00:47,327:reanalysis_wind:SUCCESS: erai_ta2d_10_climo.nc
2020-04-17 19:00:47,363:timed:reanalysis_wind: 0:0:40.70 total: 40.70 seconds.
2020-04-17 19:00:56,932:reanalysis_wind:jra55_huss_15_climo.nc OLD coords: Coordinates:
  * lat      (lat) float32 -16.25 -15.0 -13.75 -12.5 ... 12.5 13.75 15.0 16.25
  * lon      (lon) float32 108.75 110.0 111.25 112.5 ... 288.75 290.0 291.25
  * time     (time) datetime64[ns] 1981-01-01 ... 2012-12-31T18:00:00
2020-04-17 19:00:56,932:reanalysis_wind:jra55_huss_05_climo.nc OLD coords: Coordinates:
  * lon      (lon) float32 108.75 110.0 111.25 112.5 ... 288.75 290.0 291.25
  * lat      (lat) float32 -16.25 -15.0 -13.75 -12.5 ... 12.5 13.75 15.0 16.25
  * time     (time) datetime64[ns] 1981-01-01 ... 2012-12-31T18:00:00
2020-04-17 19:00:56,942:reanalysis_wind:jra55_huss_15_climo.nc NEW coords: Coordinates:
  * time     (time) int64 1 2 3 4 5 6 7 8 9 10 11 12
  * lon      (lon) float64 109.0 110.5 112.0 113.5 ... 286.0 287.5 289.0 290.5
  * lat      (lat) float64 -16.0 -14.5 -13.0 -11.5 -10.0 ... 11.0 12.5 14.0 15.5
2020-04-17 19:00:56,943:reanalysis_wind:jra55_huss_05_climo.nc NEW coords: Coordinates:
  * time     (time) int64 1 2 3 4 5 6 7 8 9 10 11 12
  * lon      (lon) float64 109.0 109.5 110.0 110.5 ... 289.5 290.0 290.5 291.0
  * lat      (lat) float64 -16.0 -15.5 -15.0 -14.5 -14.0 ... 14.5 15.0 15.5 16.0
2020-04-17 19:00:57,388:reanalysis_wind:jra55_uas_15_climo.nc OLD coords: Coordinates:
  * lon      (lon) float32 108.75 110.0 111.25 112.5 ... 288.75 290.0 291.25
  * lat      (lat) float32 -16.25 -15.0 -13.75 -12.5 ... 12.5 13.75 15.0 16.25
  * time     (time) datetime64[ns] 1981-01-01 ... 2012-12-31T18:00:00
2020-04-17 19:00:57,391:reanalysis_wind:jra55_uas_15_climo.nc NEW coords: Coordinates:
  * time     (time) int64 1 2 3 4 5 6 7 8 9 10 11 12
  * lon      (lon) float64 109.0 110.5 112.0 113.5 ... 286.0 287.5 289.0 290.5
  * lat      (lat) float64 -16.0 -14.5 -13.0 -11.5 -10.0 ... 11.0 12.5 14.0 15.5
2020-04-17 19:00:57,401:reanalysis_wind:jra55_uas_10_climo.nc OLD coords: Coordinates:
  * lon      (lon) float32 108.75 110.0 111.25 112.5 ... 288.75 290.0 291.25
  * lat      (lat) float32 -16.25 -15.0 -13.75 -12.5 ... 12.5 13.75 15.0 16.25
  * time     (time) datetime64[ns] 1981-01-01 ... 2012-12-31T18:00:00
2020-04-17 19:00:57,406:reanalysis_wind:jra55_uas_10_climo.nc NEW coords: Coordinates:
  * time     (time) int64 1 2 3 4 5 6 7 8 9 10 11 12
  * lon      (lon) float64 109.0 110.0 111.0 112.0 ... 288.0 289.0 290.0 291.0
  * lat      (lat) float64 -16.0 -15.0 -14.0 -13.0 -12.0 ... 13.0 14.0 15.0 16.0
2020-04-17 19:00:57,409:reanalysis_wind:jra55_uas_05_climo.nc OLD coords: Coordinates:
  * lon      (lon) float32 108.75 110.0 111.25 112.5 ... 288.75 290.0 291.25
  * lat      (lat) float32 -16.25 -15.0 -13.75 -12.5 ... 12.5 13.75 15.0 16.25
  * time     (time) datetime64[ns] 1981-01-01 ... 2012-12-31T18:00:00
2020-04-17 19:00:57,414:reanalysis_wind:jra55_uas_05_climo.nc NEW coords: Coordinates:
  * time     (time) int64 1 2 3 4 5 6 7 8 9 10 11 12
  * lon      (lon) float64 109.0 109.5 110.0 110.5 ... 289.5 290.0 290.5 291.0
  * lat      (lat) float64 -16.0 -15.5 -15.0 -14.5 -14.0 ... 14.5 15.0 15.5 16.0
2020-04-17 19:00:58,048:reanalysis_wind:jra55_uas_01_climo.nc OLD coords: Coordinates:
  * lon      (lon) float32 108.75 110.0 111.25 112.5 ... 288.75 290.0 291.25
  * lat      (lat) float32 -16.25 -15.0 -13.75 -12.5 ... 12.5 13.75 15.0 16.25
  * time     (time) datetime64[ns] 1981-01-01 ... 2012-12-31T18:00:00
2020-04-17 19:00:58,053:reanalysis_wind:jra55_uas_01_climo.nc NEW coords: Coordinates:
  * time     (time) int64 1 2 3 4 5 6 7 8 9 10 11 12
  * lon      (lon) float64 109.0 109.1 109.2 109.3 ... 290.7 290.8 290.9 291.0
  * lat      (lat) float64 -16.0 -15.9 -15.8 -15.7 -15.6 ... 15.7 15.8 15.9 16.0
2020-04-17 19:01:04,373:reanalysis_wind:jra55_psl_10_climo.nc OLD coords: Coordinates:
  * lon      (lon) float32 108.75 110.0 111.25 112.5 ... 288.75 290.0 291.25
  * lat      (lat) float32 -16.25 -15.0 -13.75 -12.5 ... 12.5 13.75 15.0 16.25
  * time     (time) datetime64[ns] 1981-01-01 ... 2012-12-31T18:00:00
2020-04-17 19:01:04,379:reanalysis_wind:jra55_psl_10_climo.nc NEW coords: Coordinates:
  * time     (time) int64 1 2 3 4 5 6 7 8 9 10 11 12
  * lon      (lon) float64 109.0 110.0 111.0 112.0 ... 288.0 289.0 290.0 291.0
  * lat      (lat) float64 -16.0 -15.0 -14.0 -13.0 -12.0 ... 13.0 14.0 15.0 16.0
2020-04-17 19:01:05,380:reanalysis_wind:jra55_psl_01_climo.nc OLD coords: Coordinates:
  * lon      (lon) float32 108.75 110.0 111.25 112.5 ... 288.75 290.0 291.25
  * lat      (lat) float32 -16.25 -15.0 -13.75 -12.5 ... 12.5 13.75 15.0 16.25
  * time     (time) datetime64[ns] 1981-01-01 ... 2012-12-31T18:00:00
2020-04-17 19:01:05,385:reanalysis_wind:jra55_psl_01_climo.nc NEW coords: Coordinates:
  * time     (time) int64 1 2 3 4 5 6 7 8 9 10 11 12
  * lon      (lon) float64 109.0 109.1 109.2 109.3 ... 290.7 290.8 290.9 291.0
  * lat      (lat) float64 -16.0 -15.9 -15.8 -15.7 -15.6 ... 15.7 15.8 15.9 16.0
2020-04-17 19:01:05,980:reanalysis_wind:jra55_tas_10_climo.nc OLD coords: Coordinates:
  * lat      (lat) float32 -16.25 -15.0 -13.75 -12.5 ... 12.5 13.75 15.0 16.25
  * lon      (lon) float32 108.75 110.0 111.25 112.5 ... 288.75 290.0 291.25
  * time     (time) datetime64[ns] 1981-01-01 ... 2012-12-31T18:00:00
2020-04-17 19:01:05,982:reanalysis_wind:jra55_tas_10_climo.nc NEW coords: Coordinates:
  * time     (time) int64 1 2 3 4 5 6 7 8 9 10 11 12
  * lon      (lon) float64 109.0 110.0 111.0 112.0 ... 288.0 289.0 290.0 291.0
  * lat      (lat) float64 -16.0 -15.0 -14.0 -13.0 -12.0 ... 13.0 14.0 15.0 16.0
2020-04-17 19:01:06,008:reanalysis_wind:jra55_tas_05_climo.nc OLD coords: Coordinates:
  * lon      (lon) float32 108.75 110.0 111.25 112.5 ... 288.75 290.0 291.25
  * lat      (lat) float32 -16.25 -15.0 -13.75 -12.5 ... 12.5 13.75 15.0 16.25
  * time     (time) datetime64[ns] 1981-01-01 ... 2012-12-31T18:00:00
2020-04-17 19:01:06,010:reanalysis_wind:jra55_tas_05_climo.nc NEW coords: Coordinates:
  * time     (time) int64 1 2 3 4 5 6 7 8 9 10 11 12
  * lon      (lon) float64 109.0 109.5 110.0 110.5 ... 289.5 290.0 290.5 291.0
  * lat      (lat) float64 -16.0 -15.5 -15.0 -14.5 -14.0 ... 14.5 15.0 15.5 16.0
2020-04-17 19:01:07,002:reanalysis_wind:jra55_tas_01_climo.nc OLD coords: Coordinates:
  * lat      (lat) float32 -16.25 -15.0 -13.75 -12.5 ... 12.5 13.75 15.0 16.25
  * lon      (lon) float32 108.75 110.0 111.25 112.5 ... 288.75 290.0 291.25
  * time     (time) datetime64[ns] 1981-01-01 ... 2012-12-31T18:00:00
2020-04-17 19:01:07,006:reanalysis_wind:jra55_tas_01_climo.nc NEW coords: Coordinates:
  * time     (time) int64 1 2 3 4 5 6 7 8 9 10 11 12
  * lon      (lon) float64 109.0 109.1 109.2 109.3 ... 290.7 290.8 290.9 291.0
  * lat      (lat) float64 -16.0 -15.9 -15.8 -15.7 -15.6 ... 15.7 15.8 15.9 16.0
2020-04-17 19:01:08,866:reanalysis_wind:SUCCESS: jra55_uas_10_climo.nc
2020-04-17 19:01:08,887:timed:reanalysis_wind: 0:1:33.33 total: 93.33 seconds.
2020-04-17 19:01:09,046:reanalysis_wind:jra55_vas_10_climo.nc OLD coords: Coordinates:
  * lat      (lat) float32 -16.25 -15.0 -13.75 -12.5 ... 12.5 13.75 15.0 16.25
  * lon      (lon) float32 108.75 110.0 111.25 112.5 ... 288.75 290.0 291.25
  * time     (time) datetime64[ns] 1981-01-01 ... 2012-12-31T18:00:00
2020-04-17 19:01:09,049:reanalysis_wind:jra55_vas_10_climo.nc NEW coords: Coordinates:
  * time     (time) int64 1 2 3 4 5 6 7 8 9 10 11 12
  * lon      (lon) float64 109.0 110.0 111.0 112.0 ... 288.0 289.0 290.0 291.0
  * lat      (lat) float64 -16.0 -15.0 -14.0 -13.0 -12.0 ... 13.0 14.0 15.0 16.0
2020-04-17 19:01:09,065:reanalysis_wind:jra55_vas_05_climo.nc OLD coords: Coordinates:
  * lon      (lon) float32 108.75 110.0 111.25 112.5 ... 288.75 290.0 291.25
  * lat      (lat) float32 -16.25 -15.0 -13.75 -12.5 ... 12.5 13.75 15.0 16.25
  * time     (time) datetime64[ns] 1981-01-01 ... 2012-12-31T18:00:00
2020-04-17 19:01:09,067:reanalysis_wind:jra55_vas_05_climo.nc NEW coords: Coordinates:
  * time     (time) int64 1 2 3 4 5 6 7 8 9 10 11 12
  * lon      (lon) float64 109.0 109.5 110.0 110.5 ... 289.5 290.0 290.5 291.0
  * lat      (lat) float64 -16.0 -15.5 -15.0 -14.5 -14.0 ... 14.5 15.0 15.5 16.0
2020-04-17 19:01:10,367:reanalysis_wind:jra55_vas_01_climo.nc OLD coords: Coordinates:
  * lat      (lat) float32 -16.25 -15.0 -13.75 -12.5 ... 12.5 13.75 15.0 16.25
  * lon      (lon) float32 108.75 110.0 111.25 112.5 ... 288.75 290.0 291.25
  * time     (time) datetime64[ns] 1981-01-01 ... 2012-12-31T18:00:00
2020-04-17 19:01:10,370:reanalysis_wind:jra55_vas_01_climo.nc NEW coords: Coordinates:
  * time     (time) int64 1 2 3 4 5 6 7 8 9 10 11 12
  * lon      (lon) float64 109.0 109.1 109.2 109.3 ... 290.7 290.8 290.9 291.0
  * lat      (lat) float64 -16.0 -15.9 -15.8 -15.7 -15.6 ... 15.7 15.8 15.9 16.0
2020-04-17 19:01:11,614:reanalysis_wind:SUCCESS: jra55_huss_15_climo.nc
2020-04-17 19:01:11,638:timed:reanalysis_wind: 0:1:36.08 total: 96.08 seconds.
2020-04-17 19:01:11,643:reanalysis_wind:SUCCESS: jra55_huss_05_climo.nc
2020-04-17 19:01:11,667:timed:reanalysis_wind: 0:1:36.11 total: 96.11 seconds.
2020-04-17 19:01:11,897:reanalysis_wind:SUCCESS: jra55_uas_01_climo.nc
2020-04-17 19:01:11,939:timed:reanalysis_wind: 0:1:36.38 total: 96.38 seconds.
2020-04-17 19:01:12,101:reanalysis_wind:SUCCESS: jra55_uas_15_climo.nc
2020-04-17 19:01:12,133:reanalysis_wind:SUCCESS: jra55_uas_05_climo.nc
2020-04-17 19:01:12,134:timed:reanalysis_wind: 0:1:36.57 total: 96.57 seconds.
2020-04-17 19:01:12,177:timed:reanalysis_wind: 0:1:36.62 total: 96.62 seconds.
2020-04-17 19:01:17,443:reanalysis_wind:SUCCESS: jra55_psl_10_climo.nc
2020-04-17 19:01:17,474:timed:reanalysis_wind: 0:1:41.92 total: 101.92 seconds.
2020-04-17 19:01:17,758:reanalysis_wind:SUCCESS: jra55_psl_01_climo.nc
2020-04-17 19:01:17,782:timed:reanalysis_wind: 0:1:42.22 total: 102.22 seconds.
2020-04-17 19:01:21,301:reanalysis_wind:SUCCESS: jra55_tas_10_climo.nc
2020-04-17 19:01:21,326:timed:reanalysis_wind: 0:1:45.77 total: 105.77 seconds.
2020-04-17 19:01:21,360:reanalysis_wind:SUCCESS: jra55_tas_05_climo.nc
2020-04-17 19:01:21,393:timed:reanalysis_wind: 0:1:45.84 total: 105.84 seconds.
2020-04-17 19:01:21,626:reanalysis_wind:SUCCESS: jra55_tas_01_climo.nc
2020-04-17 19:01:21,662:timed:reanalysis_wind: 0:1:46.11 total: 106.11 seconds.
2020-04-17 19:01:23,891:reanalysis_wind:SUCCESS: jra55_vas_10_climo.nc
2020-04-17 19:01:23,917:timed:reanalysis_wind: 0:1:48.36 total: 108.36 seconds.
2020-04-17 19:01:23,925:reanalysis_wind:SUCCESS: jra55_vas_05_climo.nc
2020-04-17 19:01:23,962:timed:reanalysis_wind: 0:1:48.41 total: 108.41 seconds.
2020-04-17 19:01:24,143:reanalysis_wind:SUCCESS: jra55_vas_01_climo.nc
2020-04-17 19:01:24,172:timed:reanalysis_wind: 0:1:48.62 total: 108.62 seconds.
2020-04-18 18:11:25,871:reanalysis_wind:Creating file: jra55_vas_10_cubic_climo.nc from /g/data/rr7/JRA55/6hr/atmos/.
2020-04-18 18:11:25,871:reanalysis_wind:Creating file: jra55_uas_10_cubic_climo.nc from /g/data/rr7/JRA55/6hr/atmos/.
2020-04-18 18:11:25,871:reanalysis_wind:Creating file: jra55_huss_10_cubic_climo.nc from /g/data/rr7/JRA55/6hr/atmos/.
2020-04-18 18:11:25,871:reanalysis_wind:Creating file: jra55_tas_10_cubic_climo.nc from /g/data/rr7/JRA55/6hr/atmos/.
2020-04-18 18:11:25,871:reanalysis_wind:Creating file: jra55_psl_10_cubic_climo.nc from /g/data/rr7/JRA55/6hr/atmos/.
2020-04-18 18:14:26,219:reanalysis_wind:jra55_vas_10_cubic_climo.nc OLD coords: Coordinates:
  * lon      (lon) float32 108.75 110.0 111.25 112.5 ... 288.75 290.0 291.25
  * lat      (lat) float32 -16.25 -15.0 -13.75 -12.5 ... 12.5 13.75 15.0 16.25
  * time     (time) datetime64[ns] 1981-01-01 ... 2012-12-31T18:00:00
2020-04-18 18:14:26,227:reanalysis_wind:jra55_vas_10_cubic_climo.nc NEW coords: Coordinates:
  * time     (time) int64 1 2 3 4 5 6 7 8 9 10 11 12
  * lon      (lon) float64 109.0 110.0 111.0 112.0 ... 288.0 289.0 290.0 291.0
  * lat      (lat) float64 -16.0 -15.0 -14.0 -13.0 -12.0 ... 13.0 14.0 15.0 16.0
2020-04-18 18:14:26,256:reanalysis_wind:SUCCESS: jra55_vas_10_cubic_climo.nc
2020-04-18 18:14:26,298:timed:reanalysis_wind: 0:3:00.43 total: 180.43 seconds.
2020-04-18 18:14:34,375:reanalysis_wind:jra55_tas_10_cubic_climo.nc OLD coords: Coordinates:
  * lon      (lon) float32 108.75 110.0 111.25 112.5 ... 288.75 290.0 291.25
  * lat      (lat) float32 -16.25 -15.0 -13.75 -12.5 ... 12.5 13.75 15.0 16.25
  * time     (time) datetime64[ns] 1981-01-01 ... 2012-12-31T18:00:00
2020-04-18 18:14:34,381:reanalysis_wind:jra55_tas_10_cubic_climo.nc NEW coords: Coordinates:
  * time     (time) int64 1 2 3 4 5 6 7 8 9 10 11 12
  * lon      (lon) float64 109.0 110.0 111.0 112.0 ... 288.0 289.0 290.0 291.0
  * lat      (lat) float64 -16.0 -15.0 -14.0 -13.0 -12.0 ... 13.0 14.0 15.0 16.0
2020-04-18 18:14:34,401:reanalysis_wind:SUCCESS: jra55_tas_10_cubic_climo.nc
2020-04-18 18:14:34,435:timed:reanalysis_wind: 0:3:08.56 total: 188.56 seconds.
2020-04-22 17:15:04,835:reanalysis_wind:Creating file: jra55_uas_climo.nc from /g/data/rr7/JRA55/6hr/atmos/.
2020-04-22 18:24:09,276:reanalysis_wind:Creating file: jra55_tas_climo.nc from /g/data/rr7/JRA55/6hr/atmos/.
2020-04-22 18:24:09,276:reanalysis_wind:Creating file: jra55_vas_climo.nc from /g/data/rr7/JRA55/6hr/atmos/.
2020-04-22 18:24:09,276:reanalysis_wind:Creating file: jra55_huss_climo.nc from /g/data/rr7/JRA55/6hr/atmos/.
2020-04-22 18:24:09,276:reanalysis_wind:Creating file: jra55_uas_climo.nc from /g/data/rr7/JRA55/6hr/atmos/.
2020-04-22 18:24:09,276:reanalysis_wind:Creating file: jra55_psl_climo.nc from /g/data/rr7/JRA55/6hr/atmos/.
2020-04-22 18:24:59,274:reanalysis_wind:jra55_vas_climo.nc NEW coords: Coordinates:
  * lon      (lon) float32 120.0 121.25 122.5 123.75 ... 292.5 293.75 295.0
  * lat      (lat) float32 -15.0 -13.75 -12.5 -11.25 ... 11.25 12.5 13.75 15.0
  * time     (time) int64 1 2 3 4 5 6 7 8 9 10 11 12
2020-04-22 18:24:59,288:reanalysis_wind:SUCCESS: jra55_vas_climo.nc
2020-04-22 18:24:59,319:timed:reanalysis_wind: 0:0:50.04 total: 50.04 seconds.
2020-04-22 18:25:06,081:reanalysis_wind:jra55_tas_climo.nc NEW coords: Coordinates:
  * lon      (lon) float32 120.0 121.25 122.5 123.75 ... 292.5 293.75 295.0
  * lat      (lat) float32 -15.0 -13.75 -12.5 -11.25 ... 11.25 12.5 13.75 15.0
  * time     (time) int64 1 2 3 4 5 6 7 8 9 10 11 12
2020-04-22 18:25:06,094:reanalysis_wind:SUCCESS: jra55_tas_climo.nc
2020-04-22 18:25:06,119:timed:reanalysis_wind: 0:0:56.84 total: 56.84 seconds.
2020-04-22 18:25:09,746:reanalysis_wind:jra55_huss_climo.nc NEW coords: Coordinates:
  * lat      (lat) float32 -15.0 -13.75 -12.5 -11.25 ... 11.25 12.5 13.75 15.0
  * lon      (lon) float32 120.0 121.25 122.5 123.75 ... 292.5 293.75 295.0
  * time     (time) int64 1 2 3 4 5 6 7 8 9 10 11 12
2020-04-22 18:25:09,758:reanalysis_wind:SUCCESS: jra55_huss_climo.nc
2020-04-22 18:25:09,785:timed:reanalysis_wind: 0:1:00.51 total: 60.51 seconds.
2020-04-22 18:25:10,593:reanalysis_wind:jra55_uas_climo.nc NEW coords: Coordinates:
  * lat      (lat) float32 -15.0 -13.75 -12.5 -11.25 ... 11.25 12.5 13.75 15.0
  * lon      (lon) float32 120.0 121.25 122.5 123.75 ... 292.5 293.75 295.0
  * time     (time) int64 1 2 3 4 5 6 7 8 9 10 11 12
2020-04-22 18:25:10,607:reanalysis_wind:SUCCESS: jra55_uas_climo.nc
2020-04-22 18:25:10,632:timed:reanalysis_wind: 0:1:01.36 total: 61.36 seconds.
2020-04-22 18:25:14,811:reanalysis_wind:jra55_psl_climo.nc NEW coords: Coordinates:
  * lon      (lon) float32 120.0 121.25 122.5 123.75 ... 292.5 293.75 295.0
  * lat      (lat) float32 -15.0 -13.75 -12.5 -11.25 ... 11.25 12.5 13.75 15.0
  * time     (time) int64 1 2 3 4 5 6 7 8 9 10 11 12
2020-04-22 18:25:14,824:reanalysis_wind:SUCCESS: jra55_psl_climo.nc
2020-04-22 18:25:14,867:timed:reanalysis_wind: 0:1:05.59 total: 65.59 seconds.
2020-04-22 19:41:52,884:reanalysis_wind:Creating file: erai_ws_climo.nc from /g/data/rr7/ERA_INT/ERA_INT/.
2020-04-22 19:43:36,409:reanalysis_wind:Creating file: erai_ws_climo.nc from /g/data/rr7/ERA_INT/ERA_INT/.
2020-04-22 19:43:36,409:reanalysis_wind:Creating file: erai_ws_climo.nc from /g/data/rr7/ERA_INT/ERA_INT/.
2020-04-22 19:45:10,675:reanalysis_wind:Creating file: erai_ws_climo.nc from /g/data/rr7/ERA_INT/ERA_INT/.
2020-04-22 19:45:10,675:reanalysis_wind:Creating file: erai_ws_climo.nc from /g/data/rr7/ERA_INT/ERA_INT/.
2020-04-22 19:45:10,675:reanalysis_wind:Creating file: erai_ws_climo.nc from /g/data/rr7/ERA_INT/ERA_INT/.
2020-04-22 19:45:19,524:reanalysis_wind:Creating file: erai_ws_climo.nc from /g/data/rr7/ERA_INT/ERA_INT/.
2020-04-22 19:45:19,524:reanalysis_wind:Creating file: erai_ws_climo.nc from /g/data/rr7/ERA_INT/ERA_INT/.
2020-04-22 19:45:19,524:reanalysis_wind:Creating file: erai_ws_climo.nc from /g/data/rr7/ERA_INT/ERA_INT/.
2020-04-22 19:45:19,524:reanalysis_wind:Creating file: erai_ws_climo.nc from /g/data/rr7/ERA_INT/ERA_INT/.
2020-04-22 20:06:30,806:reanalysis_wind:Creating file: erai_ws_climo.nc from /g/data/rr7/ERA_INT/ERA_INT/.
2020-04-22 20:06:30,806:reanalysis_wind:Creating file: erai_ws_climo.nc from /g/data/rr7/ERA_INT/ERA_INT/.
2020-04-22 20:06:30,806:reanalysis_wind:Creating file: erai_ws_climo.nc from /g/data/rr7/ERA_INT/ERA_INT/.
2020-04-22 20:06:30,806:reanalysis_wind:Creating file: erai_ws_climo.nc from /g/data/rr7/ERA_INT/ERA_INT/.
2020-04-22 20:06:30,806:reanalysis_wind:Creating file: erai_ws_climo.nc from /g/data/rr7/ERA_INT/ERA_INT/.
2020-04-22 20:11:30,475:reanalysis_wind:erai_ws_climo.nc NEW coords: Coordinates:
  * lat      (lat) float64 -15.09 -14.39 -13.68 -12.98 ... 14.39 15.09 15.79
  * lon      (lon) float32 119.53129 120.23441 120.937546 ... 295.3126 296.01572
  * time     (time) int64 1 2 3 4 5 6 7 8 9 10 11 12
2020-04-22 20:11:30,475:reanalysis_wind:erai_ws_climo.nc NEW coords: Coordinates:
  * lat      (lat) float64 -15.09 -14.39 -13.68 -12.98 ... 14.39 15.09 15.79
  * lon      (lon) float32 119.53129 120.23441 120.937546 ... 295.3126 296.01572
  * time     (time) int64 1 2 3 4 5 6 7 8 9 10 11 12
2020-04-22 20:11:30,475:reanalysis_wind:erai_ws_climo.nc NEW coords: Coordinates:
  * lat      (lat) float64 -15.09 -14.39 -13.68 -12.98 ... 14.39 15.09 15.79
  * lon      (lon) float32 119.53129 120.23441 120.937546 ... 295.3126 296.01572
  * time     (time) int64 1 2 3 4 5 6 7 8 9 10 11 12
2020-04-22 20:11:30,475:reanalysis_wind:erai_ws_climo.nc NEW coords: Coordinates:
  * lat      (lat) float64 -15.09 -14.39 -13.68 -12.98 ... 14.39 15.09 15.79
  * lon      (lon) float32 119.53129 120.23441 120.937546 ... 295.3126 296.01572
  * time     (time) int64 1 2 3 4 5 6 7 8 9 10 11 12
2020-04-22 20:11:30,475:reanalysis_wind:erai_ws_climo.nc NEW coords: Coordinates:
  * lat      (lat) float64 -15.09 -14.39 -13.68 -12.98 ... 14.39 15.09 15.79
  * lon      (lon) float32 119.53129 120.23441 120.937546 ... 295.3126 296.01572
  * time     (time) int64 1 2 3 4 5 6 7 8 9 10 11 12
2020-04-22 20:11:30,489:reanalysis_wind:SUCCESS: erai_ws_climo.nc
2020-04-22 20:11:30,489:reanalysis_wind:SUCCESS: erai_ws_climo.nc
2020-04-22 20:11:30,489:reanalysis_wind:SUCCESS: erai_ws_climo.nc
2020-04-22 20:11:30,489:reanalysis_wind:SUCCESS: erai_ws_climo.nc
2020-04-22 20:11:30,489:reanalysis_wind:SUCCESS: erai_ws_climo.nc
2020-04-22 20:11:30,816:timed:reanalysis_wind: 0:5:00.02 total: 300.02 seconds.
2020-04-22 20:11:30,816:timed:reanalysis_wind: 0:5:00.02 total: 300.02 seconds.
2020-04-22 20:11:30,816:timed:reanalysis_wind: 0:5:00.02 total: 300.02 seconds.
2020-04-22 20:11:30,816:timed:reanalysis_wind: 0:5:00.02 total: 300.02 seconds.
2020-04-22 20:11:30,816:timed:reanalysis_wind: 0:5:00.02 total: 300.02 seconds.
2020-04-22 20:21:42,898:reanalysis_wind:Creating file: erai_ws_climo.nc from /g/data/rr7/ERA_INT/ERA_INT/.
2020-04-22 20:25:57,446:reanalysis_wind:erai_ws_climo.nc NEW coords: Coordinates:
  * lat      (lat) float64 -15.09 -14.39 -13.68 -12.98 ... 14.39 15.09 15.79
  * lon      (lon) float32 119.53129 120.23441 120.937546 ... 295.3126 296.01572
  * time     (time) int64 1 2 3 4 5 6 7 8 9 10 11 12
2020-04-22 20:25:57,455:reanalysis_wind:SUCCESS: erai_ws_climo.nc
2020-04-22 20:25:57,663:timed:reanalysis_wind: 0:4:14.85 total: 254.85 seconds.
2020-04-22 22:20:13,268:timed:wind_stress_curl: 0:0:01.18 total: 1.18 seconds.
2020-04-22 22:20:48,904:timed:wind_stress_curl: 0:0:01.26 total: 1.26 seconds.
2020-04-22 22:21:07,899:timed:wind_stress_curl: 0:0:01.21 total: 1.21 seconds.
2020-04-22 22:21:09,899:timed:wind_stress_curl: 0:0:01.19 total: 1.19 seconds.
2020-04-22 22:25:09,304:timed:wind_stress_curl: 0:0:01.23 total: 1.23 seconds.
2020-04-22 22:25:10,151:timed:wind_stress_curl: 0:0:00.03 total: 0.03 seconds.
2020-04-22 22:31:37,913:timed:wind_stress_curl: 0:0:01.19 total: 1.19 seconds.
2020-04-22 22:32:30,522:timed:wind_stress_curl: 0:0:01.18 total: 1.18 seconds.
2020-04-22 22:32:30,996:timed:wind_stress_curl: 0:0:00.03 total: 0.03 seconds.
2020-04-22 22:37:26,077:reanalysis_wind:Creating file: erai_ws_climo.nc from /g/data/rr7/ERA_INT/ERA_INT/.
2020-04-22 22:37:26,077:reanalysis_wind:Creating file: erai_ws_climo.nc from /g/data/rr7/ERA_INT/ERA_INT/.
2020-04-22 22:42:18,865:timed:wind_stress_curl: 0:0:01.18 total: 1.18 seconds.
2020-04-22 22:42:18,865:timed:wind_stress_curl: 0:0:01.18 total: 1.18 seconds.
2020-04-22 22:43:25,319:timed:wind_stress_curl: 0:0:01.18 total: 1.18 seconds.
2020-04-22 22:43:25,319:timed:wind_stress_curl: 0:0:01.18 total: 1.18 seconds.
2020-04-22 22:43:31,707:timed:wind_stress_curl: 0:0:01.17 total: 1.17 seconds.
2020-04-22 22:43:31,707:timed:wind_stress_curl: 0:0:01.17 total: 1.17 seconds.
2020-04-22 22:44:09,416:timed:wind_stress_curl: 0:0:01.49 total: 1.49 seconds.
2020-04-22 22:44:09,416:timed:wind_stress_curl: 0:0:01.49 total: 1.49 seconds.
2020-04-22 22:44:17,345:timed:wind_stress_curl: 0:0:01.69 total: 1.69 seconds.
2020-04-22 22:44:17,345:timed:wind_stress_curl: 0:0:01.69 total: 1.69 seconds.
2020-04-22 22:44:18,704:timed:wind_stress_curl: 0:0:01.36 total: 1.36 seconds.
2020-04-22 22:44:18,704:timed:wind_stress_curl: 0:0:01.36 total: 1.36 seconds.
2020-04-22 22:44:53,831:timed:wind_stress_curl: 0:0:01.69 total: 1.69 seconds.
2020-04-22 22:44:53,831:timed:wind_stress_curl: 0:0:01.69 total: 1.69 seconds.
2020-04-22 22:45:00,843:timed:wind_stress_curl: 0:0:01.69 total: 1.69 seconds.
2020-04-22 22:45:00,843:timed:wind_stress_curl: 0:0:01.69 total: 1.69 seconds.
2020-04-22 22:45:02,596:timed:wind_stress_curl: 0:0:01.75 total: 1.75 seconds.
2020-04-22 22:45:02,596:timed:wind_stress_curl: 0:0:01.75 total: 1.75 seconds.
2020-04-22 22:46:40,622:timed:wind_stress_curl: 0:0:01.50 total: 1.50 seconds.
2020-04-22 22:46:40,622:timed:wind_stress_curl: 0:0:01.50 total: 1.50 seconds.
2020-04-22 22:46:41,193:timed:wind_stress_curl: 0:0:00.03 total: 0.03 seconds.
2020-04-22 22:46:41,193:timed:wind_stress_curl: 0:0:00.03 total: 0.03 seconds.
2020-04-22 22:55:56,550:timed:wind_stress_curl: 0:0:01.54 total: 1.54 seconds.
2020-04-22 22:55:56,550:timed:wind_stress_curl: 0:0:01.54 total: 1.54 seconds.
2020-04-22 22:55:57,115:timed:wind_stress_curl: 0:0:00.03 total: 0.03 seconds.
2020-04-22 22:55:57,115:timed:wind_stress_curl: 0:0:00.03 total: 0.03 seconds.
2020-04-22 23:04:26,325:timed:wind_stress_curl: 0:0:01.38 total: 1.38 seconds.
2020-04-22 23:04:26,325:timed:wind_stress_curl: 0:0:01.38 total: 1.38 seconds.
2020-04-22 23:04:26,869:timed:wind_stress_curl: 0:0:00.03 total: 0.03 seconds.
2020-04-22 23:04:26,869:timed:wind_stress_curl: 0:0:00.03 total: 0.03 seconds.
2020-04-22 23:05:39,456:timed:wind_stress_curl: 0:0:01.31 total: 1.31 seconds.
2020-04-22 23:05:39,456:timed:wind_stress_curl: 0:0:01.31 total: 1.31 seconds.
2020-04-22 23:05:39,965:timed:wind_stress_curl: 0:0:00.03 total: 0.03 seconds.
2020-04-22 23:05:39,965:timed:wind_stress_curl: 0:0:00.03 total: 0.03 seconds.
2020-04-22 23:06:50,325:timed:wind_stress_curl: 0:0:01.53 total: 1.53 seconds.
2020-04-22 23:06:50,325:timed:wind_stress_curl: 0:0:01.53 total: 1.53 seconds.
2020-04-22 23:06:52,447:timed:wind_stress_curl: 0:0:01.59 total: 1.59 seconds.
2020-04-22 23:06:52,447:timed:wind_stress_curl: 0:0:01.59 total: 1.59 seconds.
2020-04-22 23:06:53,982:timed:wind_stress_curl: 0:0:01.53 total: 1.53 seconds.
2020-04-22 23:06:53,982:timed:wind_stress_curl: 0:0:01.53 total: 1.53 seconds.
2020-04-22 23:31:30,180:timed:wind_stress_curl: 0:0:01.33 total: 1.33 seconds.
2020-04-22 23:31:30,180:timed:wind_stress_curl: 0:0:01.33 total: 1.33 seconds.
2020-04-22 23:31:30,876:timed:wind_stress_curl: 0:0:00.03 total: 0.03 seconds.
2020-04-22 23:31:30,876:timed:wind_stress_curl: 0:0:00.03 total: 0.03 seconds.
2020-04-22 23:33:16,921:timed:wind_stress_curl: 0:0:01.49 total: 1.49 seconds.
2020-04-22 23:33:16,921:timed:wind_stress_curl: 0:0:01.49 total: 1.49 seconds.
2020-04-22 23:33:18,031:timed:wind_stress_curl: 0:0:00.01 total: 0.01 seconds.
2020-04-22 23:33:18,031:timed:wind_stress_curl: 0:0:00.01 total: 0.01 seconds.
2020-04-22 23:35:02,832:timed:wind_stress_curl: 0:0:01.51 total: 1.51 seconds.
2020-04-22 23:35:02,832:timed:wind_stress_curl: 0:0:01.51 total: 1.51 seconds.
2020-04-22 23:35:07,815:timed:wind_stress_curl: 0:0:00.03 total: 0.03 seconds.
2020-04-22 23:35:07,815:timed:wind_stress_curl: 0:0:00.03 total: 0.03 seconds.
2020-04-22 23:35:53,740:timed:wind_stress_curl: 0:0:01.66 total: 1.66 seconds.
2020-04-22 23:35:53,740:timed:wind_stress_curl: 0:0:01.66 total: 1.66 seconds.
2020-04-22 23:35:59,092:timed:wind_stress_curl: 0:0:00.03 total: 0.03 seconds.
2020-04-22 23:35:59,092:timed:wind_stress_curl: 0:0:00.03 total: 0.03 seconds.
2020-04-22 23:40:18,799:timed:wind_stress_curl: 0:0:01.58 total: 1.58 seconds.
2020-04-22 23:40:18,799:timed:wind_stress_curl: 0:0:01.58 total: 1.58 seconds.
2020-04-22 23:40:23,744:timed:wind_stress_curl: 0:0:00.02 total: 0.02 seconds.
2020-04-22 23:40:23,744:timed:wind_stress_curl: 0:0:00.02 total: 0.02 seconds.
2020-04-22 23:41:55,817:timed:wind_stress_curl: 0:0:01.44 total: 1.44 seconds.
2020-04-22 23:41:55,817:timed:wind_stress_curl: 0:0:01.44 total: 1.44 seconds.
2020-04-22 23:42:00,672:timed:wind_stress_curl: 0:0:00.02 total: 0.02 seconds.
2020-04-22 23:42:00,672:timed:wind_stress_curl: 0:0:00.02 total: 0.02 seconds.
2020-04-22 23:46:13,187:timed:wind_stress_curl: 0:0:01.65 total: 1.65 seconds.
2020-04-22 23:46:13,187:timed:wind_stress_curl: 0:0:01.65 total: 1.65 seconds.
2020-04-22 23:46:18,538:timed:wind_stress_curl: 0:0:00.03 total: 0.03 seconds.
2020-04-22 23:46:18,538:timed:wind_stress_curl: 0:0:00.03 total: 0.03 seconds.
2020-04-22 23:46:46,814:timed:wind_stress_curl: 0:0:01.31 total: 1.31 seconds.
2020-04-22 23:46:46,814:timed:wind_stress_curl: 0:0:01.31 total: 1.31 seconds.
2020-04-22 23:46:51,196:timed:wind_stress_curl: 0:0:00.04 total: 0.04 seconds.
2020-04-22 23:46:51,196:timed:wind_stress_curl: 0:0:00.04 total: 0.04 seconds.
2020-04-22 23:48:04,906:timed:wind_stress_curl: 0:0:01.47 total: 1.47 seconds.
2020-04-22 23:48:04,906:timed:wind_stress_curl: 0:0:01.47 total: 1.47 seconds.
2020-04-22 23:48:12,866:timed:wind_stress_curl: 0:0:01.60 total: 1.60 seconds.
2020-04-22 23:48:12,866:timed:wind_stress_curl: 0:0:01.60 total: 1.60 seconds.
2020-04-22 23:49:04,506:timed:wind_stress_curl: 0:0:01.49 total: 1.49 seconds.
2020-04-22 23:49:04,506:timed:wind_stress_curl: 0:0:01.49 total: 1.49 seconds.
2020-04-22 23:49:19,136:timed:wind_stress_curl: 0:0:01.87 total: 1.87 seconds.
2020-04-22 23:49:19,136:timed:wind_stress_curl: 0:0:01.87 total: 1.87 seconds.
2020-04-23 00:46:43,065:timed:wind_stress_curl: 0:0:01.94 total: 1.94 seconds.
2020-04-23 00:46:43,065:timed:wind_stress_curl: 0:0:01.94 total: 1.94 seconds.
2020-04-23 00:46:44,440:timed:wind_stress_curl: 0:0:00.04 total: 0.04 seconds.
2020-04-23 00:46:44,440:timed:wind_stress_curl: 0:0:00.04 total: 0.04 seconds.
2020-04-23 10:26:06,157:reanalysis_wind:Creating file: erai_ws_climo.nc from /g/data/rr7/ERA_INT/ERA_INT/.
2020-04-23 10:31:58,812:reanalysis_wind:Creating file: erai_ws_climo.nc from /g/data/rr7/ERA_INT/ERA_INT/.
2020-04-23 10:31:58,812:reanalysis_wind:Creating file: erai_ws_climo.nc from /g/data/rr7/ERA_INT/ERA_INT/.
2020-04-23 10:34:55,199:reanalysis_wind:erai_ws_climo.nc NEW coords: Coordinates:
  * lon      (lon) float32 120.0 121.5 123.0 124.5 ... 292.5 294.0 295.5 297.0
  * lat      (lat) float64 -15.0 -13.5 -12.0 -10.5 -9.0 ... 10.5 12.0 13.5 15.0
  * time     (time) int64 1 2 3 4 5 6 7 8 9 10 11 12
2020-04-23 10:34:55,199:reanalysis_wind:erai_ws_climo.nc NEW coords: Coordinates:
  * lon      (lon) float32 120.0 121.5 123.0 124.5 ... 292.5 294.0 295.5 297.0
  * lat      (lat) float64 -15.0 -13.5 -12.0 -10.5 -9.0 ... 10.5 12.0 13.5 15.0
  * time     (time) int64 1 2 3 4 5 6 7 8 9 10 11 12
2020-04-23 10:34:55,286:reanalysis_wind:SUCCESS: erai_ws_climo.nc
2020-04-23 10:34:55,286:reanalysis_wind:SUCCESS: erai_ws_climo.nc
2020-04-23 10:34:55,290:timed:reanalysis_wind: 0:2:56.48 total: 176.48 seconds.
2020-04-23 10:34:55,290:timed:reanalysis_wind: 0:2:56.48 total: 176.48 seconds.
2020-04-23 13:03:26,519:reanalysis_wind:Creating file: erai_iws_climo.nc from /g/data/rr7/ERA_INT/ERA_INT/.
2020-04-23 13:03:26,636:reanalysis_wind:erai_iws_climo.nc NEW coords: Coordinates:
  * lon      (lon) float32 120.0 121.5 123.0 124.5 ... 292.5 294.0 295.5 297.0
  * lat      (lat) float32 
  * time     (time) int64 1 2 3 4 5 6 7 8 9 10 11 12
2020-04-23 13:03:26,645:reanalysis_wind:ERROR: erai_iws_climo.nc (all NaN).
2020-04-23 13:03:26,646:timed:reanalysis_wind: 0:0:00.13 total: 0.13 seconds.
2020-04-23 13:04:17,789:reanalysis_wind:Creating file: erai_iws_climo.nc from /g/data/rr7/ERA_INT/ERA_INT/.
2020-04-23 13:04:17,789:reanalysis_wind:Creating file: erai_iws_climo.nc from /g/data/rr7/ERA_INT/ERA_INT/.
2020-04-23 13:04:17,955:reanalysis_wind:erai_iws_climo.nc NEW coords: Coordinates:
  * lon      (lon) float32 120.0 121.5 123.0 124.5 ... 292.5 294.0 295.5 297.0
  * lat      (lat) float64 -15.0 -13.5 -12.0 -10.5 -9.0 ... 10.5 12.0 13.5 15.0
  * time     (time) int64 1 2 3 4 5 6 7 8 9 10 11 12
2020-04-23 13:04:17,955:reanalysis_wind:erai_iws_climo.nc NEW coords: Coordinates:
  * lon      (lon) float32 120.0 121.5 123.0 124.5 ... 292.5 294.0 295.5 297.0
  * lat      (lat) float64 -15.0 -13.5 -12.0 -10.5 -9.0 ... 10.5 12.0 13.5 15.0
  * time     (time) int64 1 2 3 4 5 6 7 8 9 10 11 12
2020-04-23 13:04:17,964:reanalysis_wind:SUCCESS: erai_iws_climo.nc
2020-04-23 13:04:17,964:reanalysis_wind:SUCCESS: erai_iws_climo.nc
2020-04-23 13:04:17,965:timed:reanalysis_wind: 0:0:00.18 total: 0.18 seconds.
2020-04-23 13:04:17,965:timed:reanalysis_wind: 0:0:00.18 total: 0.18 seconds.
2020-04-23 13:04:47,434:<module>:Creating file: erai_iws_climo.nc from /g/data/rr7/ERA_INT/ERA_INT/.
2020-04-23 13:04:47,434:<module>:Creating file: erai_iws_climo.nc from /g/data/rr7/ERA_INT/ERA_INT/.
2020-04-23 13:08:57,316:timed:wind_stress_curl: 0:0:01.17 total: 1.17 seconds.
2020-04-23 13:08:57,316:timed:wind_stress_curl: 0:0:01.17 total: 1.17 seconds.
2020-04-23 13:08:57,944:timed:wind_stress_curl: 0:0:00.02 total: 0.02 seconds.
2020-04-23 13:08:57,944:timed:wind_stress_curl: 0:0:00.02 total: 0.02 seconds.
2020-04-23 13:09:47,847:timed:wind_stress_curl: 0:0:01.17 total: 1.17 seconds.
2020-04-23 13:09:47,847:timed:wind_stress_curl: 0:0:01.17 total: 1.17 seconds.
2020-04-23 13:09:48,477:timed:wind_stress_curl: 0:0:00.02 total: 0.02 seconds.
2020-04-23 13:09:48,477:timed:wind_stress_curl: 0:0:00.02 total: 0.02 seconds.
2020-04-23 13:13:08,826:timed:wind_stress_curl: 0:0:01.16 total: 1.16 seconds.
2020-04-23 13:13:08,826:timed:wind_stress_curl: 0:0:01.16 total: 1.16 seconds.
2020-04-23 13:13:09,456:timed:wind_stress_curl: 0:0:00.02 total: 0.02 seconds.
2020-04-23 13:13:09,456:timed:wind_stress_curl: 0:0:00.02 total: 0.02 seconds.
2020-04-23 13:14:27,987:timed:wind_stress_curl: 0:0:01.18 total: 1.18 seconds.
2020-04-23 13:14:27,987:timed:wind_stress_curl: 0:0:01.18 total: 1.18 seconds.
2020-04-23 13:14:28,619:timed:wind_stress_curl: 0:0:00.02 total: 0.02 seconds.
2020-04-23 13:14:28,619:timed:wind_stress_curl: 0:0:00.02 total: 0.02 seconds.
2020-04-23 13:18:07,036:timed:wind_stress_curl: 0:0:01.36 total: 1.36 seconds.
2020-04-23 13:18:07,036:timed:wind_stress_curl: 0:0:01.36 total: 1.36 seconds.
2020-04-23 13:18:07,668:timed:wind_stress_curl: 0:0:00.02 total: 0.02 seconds.
2020-04-23 13:18:07,668:timed:wind_stress_curl: 0:0:00.02 total: 0.02 seconds.
2020-04-23 13:19:11,603:timed:wind_stress_curl: 0:0:01.18 total: 1.18 seconds.
2020-04-23 13:19:11,603:timed:wind_stress_curl: 0:0:01.18 total: 1.18 seconds.
2020-04-23 13:19:12,239:timed:wind_stress_curl: 0:0:00.02 total: 0.02 seconds.
2020-04-23 13:19:12,239:timed:wind_stress_curl: 0:0:00.02 total: 0.02 seconds.
2020-04-23 14:02:47,597:timed:wind_stress_curl: 0:0:01.57 total: 1.57 seconds.
2020-04-23 14:02:47,597:timed:wind_stress_curl: 0:0:01.57 total: 1.57 seconds.
2020-04-23 14:02:58,830:timed:wind_stress_curl: 0:0:00.02 total: 0.02 seconds.
2020-04-23 14:02:58,830:timed:wind_stress_curl: 0:0:00.02 total: 0.02 seconds.
2020-04-23 14:57:30,339:timed:wind_stress_curl: 0:0:00.01 total: 0.01 seconds.
2020-04-23 14:57:30,339:timed:wind_stress_curl: 0:0:00.01 total: 0.01 seconds.
2020-04-23 14:57:31,202:timed:wind_stress_curl: 0:0:00.01 total: 0.01 seconds.
2020-04-23 14:57:31,202:timed:wind_stress_curl: 0:0:00.01 total: 0.01 seconds.
2020-04-23 15:04:35,102:timed:wind_stress_curl: 0:0:01.34 total: 1.34 seconds.
2020-04-23 15:04:35,102:timed:wind_stress_curl: 0:0:01.34 total: 1.34 seconds.
2020-04-23 15:05:10,206:timed:wind_stress_curl: 0:0:01.31 total: 1.31 seconds.
2020-04-23 15:05:10,206:timed:wind_stress_curl: 0:0:01.31 total: 1.31 seconds.
2020-04-23 15:05:20,155:timed:wind_stress_curl: 0:0:00.01 total: 0.01 seconds.
2020-04-23 15:05:20,155:timed:wind_stress_curl: 0:0:00.01 total: 0.01 seconds.
2020-04-23 15:08:30,604:timed:wind_stress_curl: 0:0:01.32 total: 1.32 seconds.
2020-04-23 15:08:30,604:timed:wind_stress_curl: 0:0:01.32 total: 1.32 seconds.
2020-04-23 15:08:40,567:timed:wind_stress_curl: 0:0:00.01 total: 0.01 seconds.
2020-04-23 15:08:40,567:timed:wind_stress_curl: 0:0:00.01 total: 0.01 seconds.
2020-04-23 15:09:43,337:timed:wind_stress_curl: 0:0:01.40 total: 1.40 seconds.
2020-04-23 15:09:43,337:timed:wind_stress_curl: 0:0:01.40 total: 1.40 seconds.
2020-04-23 15:09:53,449:timed:wind_stress_curl: 0:0:00.01 total: 0.01 seconds.
2020-04-23 15:09:53,449:timed:wind_stress_curl: 0:0:00.01 total: 0.01 seconds.
2020-04-23 15:12:39,280:timed:wind_stress_curl: 0:0:01.49 total: 1.49 seconds.
2020-04-23 15:12:39,280:timed:wind_stress_curl: 0:0:01.49 total: 1.49 seconds.
2020-04-23 15:12:49,082:timed:wind_stress_curl: 0:0:00.01 total: 0.01 seconds.
2020-04-23 15:12:49,082:timed:wind_stress_curl: 0:0:00.01 total: 0.01 seconds.
2020-04-23 15:16:18,217:timed:wind_stress_curl: 0:0:01.29 total: 1.29 seconds.
2020-04-23 15:16:18,217:timed:wind_stress_curl: 0:0:01.29 total: 1.29 seconds.
2020-04-23 15:17:22,207:timed:wind_stress_curl: 0:0:01.37 total: 1.37 seconds.
2020-04-23 15:17:22,207:timed:wind_stress_curl: 0:0:01.37 total: 1.37 seconds.
2020-04-23 15:17:22,832:timed:wind_stress_curl: 0:0:00.01 total: 0.01 seconds.
2020-04-23 15:17:22,832:timed:wind_stress_curl: 0:0:00.01 total: 0.01 seconds.
2020-04-23 15:18:06,041:timed:wind_stress_curl: 0:0:01.30 total: 1.30 seconds.
2020-04-23 15:18:06,041:timed:wind_stress_curl: 0:0:01.30 total: 1.30 seconds.
2020-04-23 15:18:06,671:timed:wind_stress_curl: 0:0:00.01 total: 0.01 seconds.
2020-04-23 15:18:06,671:timed:wind_stress_curl: 0:0:00.01 total: 0.01 seconds.
2020-04-23 15:41:27,726:timed:wind_stress_curl: 0:0:01.26 total: 1.26 seconds.
2020-04-23 15:41:27,726:timed:wind_stress_curl: 0:0:01.26 total: 1.26 seconds.
2020-04-23 15:41:28,355:timed:wind_stress_curl: 0:0:00.01 total: 0.01 seconds.
2020-04-23 15:41:28,355:timed:wind_stress_curl: 0:0:00.01 total: 0.01 seconds.
2020-04-23 15:41:54,280:timed:wind_stress_curl: 0:0:01.28 total: 1.28 seconds.
2020-04-23 15:41:54,280:timed:wind_stress_curl: 0:0:01.28 total: 1.28 seconds.
2020-04-23 15:41:54,629:timed:wind_stress_curl: 0:0:00.01 total: 0.01 seconds.
2020-04-23 15:41:54,629:timed:wind_stress_curl: 0:0:00.01 total: 0.01 seconds.
2020-04-23 15:46:44,119:timed:wind_stress_curl: 0:0:00.08 total: 0.08 seconds.
2020-04-23 15:46:44,119:timed:wind_stress_curl: 0:0:00.08 total: 0.08 seconds.
2020-04-23 15:46:44,455:timed:wind_stress_curl: 0:0:00.01 total: 0.01 seconds.
2020-04-23 15:46:44,455:timed:wind_stress_curl: 0:0:00.01 total: 0.01 seconds.
2020-04-23 15:47:27,463:timed:wind_stress_curl: 0:0:00.09 total: 0.09 seconds.
2020-04-23 15:47:27,463:timed:wind_stress_curl: 0:0:00.09 total: 0.09 seconds.
2020-04-23 15:47:30,441:timed:wind_stress_curl: 0:0:00.01 total: 0.01 seconds.
2020-04-23 15:47:30,441:timed:wind_stress_curl: 0:0:00.01 total: 0.01 seconds.
2020-04-23 15:48:19,305:timed:wind_stress_curl: 0:0:00.08 total: 0.08 seconds.
2020-04-23 15:48:19,305:timed:wind_stress_curl: 0:0:00.08 total: 0.08 seconds.
2020-04-23 15:48:22,200:timed:wind_stress_curl: 0:0:00.01 total: 0.01 seconds.
2020-04-23 15:48:22,200:timed:wind_stress_curl: 0:0:00.01 total: 0.01 seconds.
2020-04-23 15:49:27,204:timed:wind_stress_curl: 0:0:00.02 total: 0.02 seconds.
2020-04-23 15:49:27,204:timed:wind_stress_curl: 0:0:00.02 total: 0.02 seconds.
2020-04-23 15:49:28,338:timed:wind_stress_curl: 0:0:00.01 total: 0.01 seconds.
2020-04-23 15:49:28,338:timed:wind_stress_curl: 0:0:00.01 total: 0.01 seconds.
2020-04-23 15:50:46,095:timed:wind_stress_curl: 0:0:01.36 total: 1.36 seconds.
2020-04-23 15:50:46,095:timed:wind_stress_curl: 0:0:01.36 total: 1.36 seconds.
2020-04-23 15:50:46,745:timed:wind_stress_curl: 0:0:00.01 total: 0.01 seconds.
2020-04-23 15:50:46,745:timed:wind_stress_curl: 0:0:00.01 total: 0.01 seconds.
2020-04-23 17:27:48,617:timed:wind_stress_curl: 0:0:01.65 total: 1.65 seconds.
2020-04-23 17:27:48,617:timed:wind_stress_curl: 0:0:01.65 total: 1.65 seconds.
2020-04-23 17:27:59,603:timed:wind_stress_curl: 0:0:00.01 total: 0.01 seconds.
2020-04-23 17:27:59,603:timed:wind_stress_curl: 0:0:00.01 total: 0.01 seconds.
2020-04-23 17:29:13,702:timed:wind_stress_curl: 0:0:01.30 total: 1.30 seconds.
2020-04-23 17:29:13,702:timed:wind_stress_curl: 0:0:01.30 total: 1.30 seconds.
2020-04-23 17:29:23,779:timed:wind_stress_curl: 0:0:00.01 total: 0.01 seconds.
2020-04-23 17:29:23,779:timed:wind_stress_curl: 0:0:00.01 total: 0.01 seconds.
2020-04-23 17:30:21,689:timed:wind_stress_curl: 0:0:01.24 total: 1.24 seconds.
2020-04-23 17:30:21,689:timed:wind_stress_curl: 0:0:01.24 total: 1.24 seconds.
2020-04-23 17:30:30,961:timed:wind_stress_curl: 0:0:00.01 total: 0.01 seconds.
2020-04-23 17:30:30,961:timed:wind_stress_curl: 0:0:00.01 total: 0.01 seconds.
