2020-07-28 16:07:54,732:__init__:WARNING:Casting lon data to np.float32
2020-07-28 16:07:54,734:__init__:WARNING:Casting lat data to np.float32
2020-07-28 16:07:54,734:__init__:WARNING:Casting depth data to np.float32
2020-07-28 16:07:54,736:__init__:WARNING:Casting lon data to np.float32
2020-07-28 16:07:54,736:__init__:WARNING:Casting lat data to np.float32
2020-07-28 16:07:54,736:__init__:WARNING:Casting depth data to np.float32
2020-07-28 16:07:54,739:__init__:WARNING:Casting lon data to np.float32
2020-07-28 16:07:54,740:__init__:WARNING:Casting lat data to np.float32
2020-07-28 16:07:54,740:__init__:WARNING:Casting depth data to np.float32
2020-07-28 16:07:54,741:__init__:WARNING:Casting lon data to np.float32
2020-07-28 16:07:54,741:__init__:WARNING:Casting lat data to np.float32
2020-07-28 16:07:54,742:__init__:WARNING:Casting depth data to np.float32
2020-07-28 16:07:54,742:__init__:WARNING:Casting lon data to np.float32
2020-07-28 16:07:54,743:__init__:WARNING:Casting lat data to np.float32
2020-07-28 16:07:54,743:__init__:WARNING:Casting depth data to np.float32
2020-07-28 16:07:54,744:__init__:WARNING:Casting lon data to np.float32
2020-07-28 16:07:54,744:__init__:WARNING:Casting lat data to np.float32
2020-07-28 16:07:54,744:__init__:WARNING:Casting depth data to np.float32
2020-07-28 16:07:54,744:__init__:WARNING:Casting lon data to np.float32
2020-07-28 16:07:54,744:__init__:WARNING:Casting lat data to np.float32
2020-07-28 16:07:54,744:__init__:WARNING:Casting depth data to np.float32
2020-07-28 16:07:54,745:__init__:WARNING:Casting lon data to np.float32
2020-07-28 16:07:54,745:__init__:WARNING:Casting lon data to np.float32
2020-07-28 16:07:54,745:__init__:WARNING:Casting lat data to np.float32
2020-07-28 16:07:54,745:__init__:WARNING:Casting lat data to np.float32
2020-07-28 16:07:54,745:__init__:WARNING:Casting depth data to np.float32
2020-07-28 16:07:54,745:__init__:WARNING:Casting depth data to np.float32
2020-07-28 16:07:54,746:__init__:WARNING:Casting lon data to np.float32
2020-07-28 16:07:54,746:__init__:WARNING:Casting lon data to np.float32
2020-07-28 16:07:54,746:__init__:WARNING:Casting lat data to np.float32
2020-07-28 16:07:54,746:__init__:WARNING:Casting lat data to np.float32
2020-07-28 16:07:54,746:__init__:WARNING:Casting depth data to np.float32
2020-07-28 16:07:54,746:__init__:WARNING:Casting depth data to np.float32
2020-07-28 16:07:54,747:__init__:WARNING:Casting lon data to np.float32
2020-07-28 16:07:54,747:__init__:WARNING:Casting lat data to np.float32
2020-07-28 16:07:54,747:__init__:WARNING:Casting depth data to np.float32
2020-07-28 16:07:54,748:__init__:WARNING:Casting lon data to np.float32
2020-07-28 16:07:54,748:__init__:WARNING:Casting lat data to np.float32
2020-07-28 16:07:54,748:__init__:WARNING:Casting lon data to np.float32
2020-07-28 16:07:54,748:__init__:WARNING:Casting lon data to np.float32
2020-07-28 16:07:54,748:__init__:WARNING:Casting lat data to np.float32
2020-07-28 16:07:54,748:__init__:WARNING:Casting depth data to np.float32
2020-07-28 16:07:54,748:__init__:WARNING:Casting lat data to np.float32
2020-07-28 16:07:54,748:__init__:WARNING:Casting depth data to np.float32
2020-07-28 16:07:54,748:__init__:WARNING:Casting depth data to np.float32
2020-07-28 16:07:54,748:__init__:WARNING:Casting lon data to np.float32
2020-07-28 16:07:54,748:__init__:WARNING:Casting lat data to np.float32
2020-07-28 16:07:54,749:__init__:WARNING:Casting lon data to np.float32
2020-07-28 16:07:54,749:__init__:WARNING:Casting depth data to np.float32
2020-07-28 16:07:54,749:__init__:WARNING:Casting lat data to np.float32
2020-07-28 16:07:54,749:__init__:WARNING:Casting depth data to np.float32
2020-07-28 16:07:54,749:__init__:WARNING:Casting lon data to np.float32
2020-07-28 16:07:54,749:__init__:WARNING:Casting lat data to np.float32
2020-07-28 16:07:54,749:__init__:WARNING:Casting depth data to np.float32
2020-07-28 16:07:54,749:__init__:WARNING:Casting lon data to np.float32
2020-07-28 16:07:54,749:__init__:WARNING:Casting lon data to np.float32
2020-07-28 16:07:54,749:__init__:WARNING:Casting lat data to np.float32
2020-07-28 16:07:54,749:__init__:WARNING:Casting lat data to np.float32
2020-07-28 16:07:54,750:__init__:WARNING:Casting depth data to np.float32
2020-07-28 16:07:54,750:__init__:WARNING:Casting depth data to np.float32
2020-07-28 16:07:54,750:__init__:WARNING:Casting lon data to np.float32
2020-07-28 16:07:54,750:__init__:WARNING:Casting lat data to np.float32
2020-07-28 16:07:54,750:__init__:WARNING:Casting depth data to np.float32
2020-07-28 16:07:54,750:__init__:WARNING:Casting lon data to np.float32
2020-07-28 16:07:54,751:__init__:WARNING:Casting lat data to np.float32
2020-07-28 16:07:54,751:__init__:WARNING:Casting lon data to np.float32
2020-07-28 16:07:54,751:__init__:WARNING:Casting lat data to np.float32
2020-07-28 16:07:54,751:__init__:WARNING:Casting depth data to np.float32
2020-07-28 16:07:54,751:__init__:WARNING:Casting lon data to np.float32
2020-07-28 16:07:54,751:__init__:WARNING:Casting lon data to np.float32
2020-07-28 16:07:54,751:__init__:WARNING:Casting lat data to np.float32
2020-07-28 16:07:54,751:__init__:WARNING:Casting depth data to np.float32
2020-07-28 16:07:54,751:__init__:WARNING:Casting lat data to np.float32
2020-07-28 16:07:54,751:__init__:WARNING:Casting lon data to np.float32
2020-07-28 16:07:54,751:__init__:WARNING:Casting depth data to np.float32
2020-07-28 16:07:54,751:__init__:WARNING:Casting lat data to np.float32
2020-07-28 16:07:54,751:__init__:WARNING:Casting depth data to np.float32
2020-07-28 16:07:54,751:__init__:WARNING:Casting depth data to np.float32
2020-07-28 16:07:54,752:__init__:WARNING:Casting lon data to np.float32
2020-07-28 16:07:54,752:__init__:WARNING:Casting lat data to np.float32
2020-07-28 16:07:54,752:__init__:WARNING:Casting depth data to np.float32
2020-07-28 16:07:54,752:__init__:WARNING:Casting lon data to np.float32
2020-07-28 16:07:54,753:__init__:WARNING:Casting lat data to np.float32
2020-07-28 16:07:54,753:__init__:WARNING:Casting depth data to np.float32
2020-07-28 16:07:54,753:__init__:WARNING:Casting lon data to np.float32
2020-07-28 16:07:54,753:__init__:WARNING:Casting lat data to np.float32
2020-07-28 16:07:54,753:__init__:WARNING:Casting depth data to np.float32
2020-07-28 16:07:54,754:__init__:WARNING:Casting lon data to np.float32
2020-07-28 16:07:54,754:__init__:WARNING:Casting lon data to np.float32
2020-07-28 16:07:54,754:__init__:WARNING:Casting lat data to np.float32
2020-07-28 16:07:54,754:__init__:WARNING:Casting lat data to np.float32
2020-07-28 16:07:54,754:__init__:WARNING:Casting depth data to np.float32
2020-07-28 16:07:54,754:__init__:WARNING:Casting depth data to np.float32
2020-07-28 16:07:54,755:__init__:WARNING:Casting lon data to np.float32
2020-07-28 16:07:54,755:__init__:WARNING:Casting lon data to np.float32
2020-07-28 16:07:54,755:__init__:WARNING:Casting lat data to np.float32
2020-07-28 16:07:54,756:__init__:WARNING:Casting lat data to np.float32
2020-07-28 16:07:54,756:__init__:WARNING:Casting lon data to np.float32
2020-07-28 16:07:54,756:__init__:WARNING:Casting depth data to np.float32
2020-07-28 16:07:54,756:__init__:WARNING:Casting depth data to np.float32
2020-07-28 16:07:54,756:__init__:WARNING:Casting lat data to np.float32
2020-07-28 16:07:54,756:__init__:WARNING:Casting depth data to np.float32
2020-07-28 16:07:54,757:__init__:WARNING:Casting lon data to np.float32
2020-07-28 16:07:54,758:__init__:WARNING:Casting lat data to np.float32
2020-07-28 16:07:54,758:__init__:WARNING:Casting depth data to np.float32
2020-07-28 16:07:54,758:__init__:WARNING:Casting lon data to np.float32
2020-07-28 16:07:54,759:__init__:WARNING:Casting lat data to np.float32
2020-07-28 16:07:54,759:__init__:WARNING:Casting depth data to np.float32
2020-07-28 16:07:54,760:__init__:WARNING:Casting lon data to np.float32
2020-07-28 16:07:54,760:__init__:WARNING:Casting lat data to np.float32
2020-07-28 16:07:54,760:__init__:WARNING:Casting depth data to np.float32
2020-07-28 16:07:54,761:__init__:WARNING:Casting lon data to np.float32
2020-07-28 16:07:54,761:__init__:WARNING:Casting lat data to np.float32
2020-07-28 16:07:54,762:__init__:WARNING:Casting depth data to np.float32
2020-07-28 16:07:54,762:__init__:WARNING:Casting lon data to np.float32
2020-07-28 16:07:54,762:__init__:WARNING:Casting lon data to np.float32
2020-07-28 16:07:54,762:__init__:WARNING:Casting lat data to np.float32
2020-07-28 16:07:54,762:__init__:WARNING:Casting lat data to np.float32
2020-07-28 16:07:54,762:__init__:WARNING:Casting depth data to np.float32
2020-07-28 16:07:54,763:__init__:WARNING:Casting depth data to np.float32
2020-07-28 16:07:54,765:__init__:WARNING:Casting lon data to np.float32
2020-07-28 16:07:54,765:__init__:WARNING:Casting lat data to np.float32
2020-07-28 16:07:54,765:__init__:WARNING:Casting depth data to np.float32
2020-07-28 16:07:54,767:__init__:WARNING:Casting lon data to np.float32
2020-07-28 16:07:54,767:__init__:WARNING:Casting lat data to np.float32
2020-07-28 16:07:54,768:__init__:WARNING:Casting depth data to np.float32
2020-07-28 16:07:54,772:__init__:WARNING:Casting lon data to np.float32
2020-07-28 16:07:54,772:__init__:WARNING:Casting lat data to np.float32
2020-07-28 16:07:54,773:__init__:WARNING:Casting depth data to np.float32
2020-07-28 16:07:54,773:__init__:WARNING:Casting lon data to np.float32
2020-07-28 16:07:54,774:__init__:WARNING:Casting lat data to np.float32
2020-07-28 16:07:54,774:__init__:WARNING:Casting depth data to np.float32
2020-07-28 16:07:54,775:__init__:WARNING:Casting lon data to np.float32
2020-07-28 16:07:54,775:__init__:WARNING:Casting lat data to np.float32
2020-07-28 16:07:54,775:__init__:WARNING:Casting depth data to np.float32
2020-07-28 16:07:54,779:__init__:WARNING:Casting lon data to np.float32
2020-07-28 16:07:54,779:__init__:WARNING:Casting lat data to np.float32
2020-07-28 16:07:54,780:__init__:WARNING:Casting depth data to np.float32
2020-07-28 16:07:54,794:__init__:WARNING:Casting lon data to np.float32
2020-07-28 16:07:54,794:__init__:WARNING:Casting lat data to np.float32
2020-07-28 16:07:54,794:__init__:WARNING:Casting depth data to np.float32
2020-07-28 16:07:54,859:__init__:WARNING:Casting lon data to np.float32
2020-07-28 16:07:54,859:__init__:WARNING:Casting lat data to np.float32
2020-07-28 16:07:54,860:__init__:WARNING:Casting depth data to np.float32
2020-07-28 16:07:55,142:from_netcdf:WARNING:Trying to initialize a shared grid with different chunking sizes - action prohibited. Replacing requested field_chunksize with grid's master chunksize.
2020-07-28 16:07:55,142:from_netcdf:WARNING:Trying to initialize a shared grid with different chunking sizes - action prohibited. Replacing requested field_chunksize with grid's master chunksize.
2020-07-28 16:07:55,142:from_netcdf:WARNING:Trying to initialize a shared grid with different chunking sizes - action prohibited. Replacing requested field_chunksize with grid's master chunksize.
2020-07-28 16:07:55,142:from_netcdf:WARNING:Trying to initialize a shared grid with different chunking sizes - action prohibited. Replacing requested field_chunksize with grid's master chunksize.
2020-07-28 16:07:55,142:from_netcdf:WARNING:Trying to initialize a shared grid with different chunking sizes - action prohibited. Replacing requested field_chunksize with grid's master chunksize.
2020-07-28 16:07:55,142:from_netcdf:WARNING:Trying to initialize a shared grid with different chunking sizes - action prohibited. Replacing requested field_chunksize with grid's master chunksize.
2020-07-28 16:07:55,142:from_netcdf:WARNING:Trying to initialize a shared grid with different chunking sizes - action prohibited. Replacing requested field_chunksize with grid's master chunksize.
2020-07-28 16:07:55,142:from_netcdf:WARNING:Trying to initialize a shared grid with different chunking sizes - action prohibited. Replacing requested field_chunksize with grid's master chunksize.
2020-07-28 16:07:55,142:from_netcdf:WARNING:Trying to initialize a shared grid with different chunking sizes - action prohibited. Replacing requested field_chunksize with grid's master chunksize.
2020-07-28 16:07:55,142:from_netcdf:WARNING:Trying to initialize a shared grid with different chunking sizes - action prohibited. Replacing requested field_chunksize with grid's master chunksize.
2020-07-28 16:07:55,142:from_netcdf:WARNING:Trying to initialize a shared grid with different chunking sizes - action prohibited. Replacing requested field_chunksize with grid's master chunksize.
2020-07-28 16:07:55,142:from_netcdf:WARNING:Trying to initialize a shared grid with different chunking sizes - action prohibited. Replacing requested field_chunksize with grid's master chunksize.
2020-07-28 16:07:55,142:from_netcdf:WARNING:Trying to initialize a shared grid with different chunking sizes - action prohibited. Replacing requested field_chunksize with grid's master chunksize.
2020-07-28 16:07:55,142:from_netcdf:WARNING:Trying to initialize a shared grid with different chunking sizes - action prohibited. Replacing requested field_chunksize with grid's master chunksize.
2020-07-28 16:07:55,142:from_netcdf:WARNING:Trying to initialize a shared grid with different chunking sizes - action prohibited. Replacing requested field_chunksize with grid's master chunksize.
2020-07-28 16:07:55,142:from_netcdf:WARNING:Trying to initialize a shared grid with different chunking sizes - action prohibited. Replacing requested field_chunksize with grid's master chunksize.
2020-07-28 16:07:55,142:from_netcdf:WARNING:Trying to initialize a shared grid with different chunking sizes - action prohibited. Replacing requested field_chunksize with grid's master chunksize.
2020-07-28 16:07:55,142:from_netcdf:WARNING:Trying to initialize a shared grid with different chunking sizes - action prohibited. Replacing requested field_chunksize with grid's master chunksize.
2020-07-28 16:07:55,142:from_netcdf:WARNING:Trying to initialize a shared grid with different chunking sizes - action prohibited. Replacing requested field_chunksize with grid's master chunksize.
2020-07-28 16:07:55,142:from_netcdf:WARNING:Trying to initialize a shared grid with different chunking sizes - action prohibited. Replacing requested field_chunksize with grid's master chunksize.
2020-07-28 16:07:55,142:from_netcdf:WARNING:Trying to initialize a shared grid with different chunking sizes - action prohibited. Replacing requested field_chunksize with grid's master chunksize.
2020-07-28 16:07:55,142:from_netcdf:WARNING:Trying to initialize a shared grid with different chunking sizes - action prohibited. Replacing requested field_chunksize with grid's master chunksize.
2020-07-28 16:07:55,142:from_netcdf:WARNING:Trying to initialize a shared grid with different chunking sizes - action prohibited. Replacing requested field_chunksize with grid's master chunksize.
2020-07-28 16:07:55,142:from_netcdf:WARNING:Trying to initialize a shared grid with different chunking sizes - action prohibited. Replacing requested field_chunksize with grid's master chunksize.
2020-07-28 16:07:55,142:from_netcdf:WARNING:Trying to initialize a shared grid with different chunking sizes - action prohibited. Replacing requested field_chunksize with grid's master chunksize.
2020-07-28 16:07:55,142:from_netcdf:WARNING:Trying to initialize a shared grid with different chunking sizes - action prohibited. Replacing requested field_chunksize with grid's master chunksize.
2020-07-28 16:07:55,142:from_netcdf:WARNING:Trying to initialize a shared grid with different chunking sizes - action prohibited. Replacing requested field_chunksize with grid's master chunksize.
2020-07-28 16:07:55,142:from_netcdf:WARNING:Trying to initialize a shared grid with different chunking sizes - action prohibited. Replacing requested field_chunksize with grid's master chunksize.
2020-07-28 16:07:55,142:from_netcdf:WARNING:Trying to initialize a shared grid with different chunking sizes - action prohibited. Replacing requested field_chunksize with grid's master chunksize.
2020-07-28 16:07:55,142:from_netcdf:WARNING:Trying to initialize a shared grid with different chunking sizes - action prohibited. Replacing requested field_chunksize with grid's master chunksize.
2020-07-28 16:07:55,142:from_netcdf:WARNING:Trying to initialize a shared grid with different chunking sizes - action prohibited. Replacing requested field_chunksize with grid's master chunksize.
2020-07-28 16:07:55,142:from_netcdf:WARNING:Trying to initialize a shared grid with different chunking sizes - action prohibited. Replacing requested field_chunksize with grid's master chunksize.
2020-07-28 16:07:55,142:from_netcdf:WARNING:Trying to initialize a shared grid with different chunking sizes - action prohibited. Replacing requested field_chunksize with grid's master chunksize.
2020-07-28 16:07:55,143:from_netcdf:WARNING:Trying to initialize a shared grid with different chunking sizes - action prohibited. Replacing requested field_chunksize with grid's master chunksize.
2020-07-28 16:07:55,143:from_netcdf:WARNING:Trying to initialize a shared grid with different chunking sizes - action prohibited. Replacing requested field_chunksize with grid's master chunksize.
2020-07-28 16:07:55,143:from_netcdf:WARNING:Trying to initialize a shared grid with different chunking sizes - action prohibited. Replacing requested field_chunksize with grid's master chunksize.
2020-07-28 16:07:55,143:from_netcdf:WARNING:Trying to initialize a shared grid with different chunking sizes - action prohibited. Replacing requested field_chunksize with grid's master chunksize.
2020-07-28 16:07:55,143:from_netcdf:WARNING:Trying to initialize a shared grid with different chunking sizes - action prohibited. Replacing requested field_chunksize with grid's master chunksize.
2020-07-28 16:07:55,143:from_netcdf:WARNING:Trying to initialize a shared grid with different chunking sizes - action prohibited. Replacing requested field_chunksize with grid's master chunksize.
2020-07-28 16:07:55,143:from_netcdf:WARNING:Trying to initialize a shared grid with different chunking sizes - action prohibited. Replacing requested field_chunksize with grid's master chunksize.
2020-07-28 16:07:55,143:from_netcdf:WARNING:Trying to initialize a shared grid with different chunking sizes - action prohibited. Replacing requested field_chunksize with grid's master chunksize.
2020-07-28 16:07:55,143:from_netcdf:WARNING:Trying to initialize a shared grid with different chunking sizes - action prohibited. Replacing requested field_chunksize with grid's master chunksize.
2020-07-28 16:07:55,143:from_netcdf:WARNING:Trying to initialize a shared grid with different chunking sizes - action prohibited. Replacing requested field_chunksize with grid's master chunksize.
2020-07-28 16:07:55,143:from_netcdf:WARNING:Trying to initialize a shared grid with different chunking sizes - action prohibited. Replacing requested field_chunksize with grid's master chunksize.
2020-07-28 16:07:55,143:from_netcdf:WARNING:Trying to initialize a shared grid with different chunking sizes - action prohibited. Replacing requested field_chunksize with grid's master chunksize.
2020-07-28 16:07:55,143:from_netcdf:WARNING:Trying to initialize a shared grid with different chunking sizes - action prohibited. Replacing requested field_chunksize with grid's master chunksize.
2020-07-28 16:07:55,143:from_netcdf:WARNING:Trying to initialize a shared grid with different chunking sizes - action prohibited. Replacing requested field_chunksize with grid's master chunksize.
2020-07-28 16:07:55,143:from_netcdf:WARNING:Trying to initialize a shared grid with different chunking sizes - action prohibited. Replacing requested field_chunksize with grid's master chunksize.
2020-07-28 16:27:50,818:reshape:WARNING:Casting field data to np.float32
2020-07-28 16:27:50,820:reshape:WARNING:Casting field data to np.float32
2020-07-28 16:27:50,818:reshape:WARNING:Casting field data to np.float32
2020-07-28 16:27:50,818:reshape:WARNING:Casting field data to np.float32
2020-07-28 16:27:51,255:reshape:WARNING:Casting field data to np.float32
2020-07-28 16:27:51,388:reshape:WARNING:Casting field data to np.float32
2020-07-28 16:27:51,388:reshape:WARNING:Casting field data to np.float32
2020-07-28 16:27:51,389:reshape:WARNING:Casting field data to np.float32
2020-07-28 16:27:51,389:reshape:WARNING:Casting field data to np.float32
2020-07-28 16:27:51,390:reshape:WARNING:Casting field data to np.float32
2020-07-28 16:27:51,390:reshape:WARNING:Casting field data to np.float32
2020-07-28 16:27:51,390:reshape:WARNING:Casting field data to np.float32
2020-07-28 16:27:51,392:reshape:WARNING:Casting field data to np.float32
2020-07-28 16:27:51,392:reshape:WARNING:Casting field data to np.float32
2020-07-28 16:27:51,393:reshape:WARNING:Casting field data to np.float32
2020-07-28 16:27:51,479:reshape:WARNING:Casting field data to np.float32
2020-07-28 16:27:51,479:reshape:WARNING:Casting field data to np.float32
2020-07-28 16:27:51,481:reshape:WARNING:Casting field data to np.float32
2020-07-28 16:27:51,494:reshape:WARNING:Casting field data to np.float32
2020-07-28 16:27:51,494:reshape:WARNING:Casting field data to np.float32
2020-07-28 16:27:51,493:reshape:WARNING:Casting field data to np.float32
2020-07-28 16:27:51,494:reshape:WARNING:Casting field data to np.float32
2020-07-28 16:27:51,495:reshape:WARNING:Casting field data to np.float32
2020-07-28 16:27:51,497:reshape:WARNING:Casting field data to np.float32
2020-07-28 16:27:51,498:reshape:WARNING:Casting field data to np.float32
2020-07-28 16:27:51,498:reshape:WARNING:Casting field data to np.float32
2020-07-28 16:27:51,499:reshape:WARNING:Casting field data to np.float32
2020-07-28 16:27:51,499:reshape:WARNING:Casting field data to np.float32
2020-07-28 16:27:51,502:reshape:WARNING:Casting field data to np.float32
2020-07-28 16:27:51,502:reshape:WARNING:Casting field data to np.float32
2020-07-28 16:27:51,503:reshape:WARNING:Casting field data to np.float32
2020-07-28 16:27:51,504:reshape:WARNING:Casting field data to np.float32
2020-07-28 16:27:51,504:reshape:WARNING:Casting field data to np.float32
2020-07-28 16:27:51,507:reshape:WARNING:Casting field data to np.float32
2020-07-28 16:27:51,511:reshape:WARNING:Casting field data to np.float32
2020-07-28 16:27:51,514:reshape:WARNING:Casting field data to np.float32
2020-07-28 16:27:51,522:reshape:WARNING:Casting field data to np.float32
2020-07-28 16:27:51,535:reshape:WARNING:Casting field data to np.float32
2020-07-28 16:27:51,539:reshape:WARNING:Casting field data to np.float32
2020-07-28 16:27:51,547:reshape:WARNING:Casting field data to np.float32
2020-07-28 16:27:51,551:reshape:WARNING:Casting field data to np.float32
2020-07-28 16:27:51,554:reshape:WARNING:Casting field data to np.float32
2020-07-28 16:27:51,554:reshape:WARNING:Casting field data to np.float32
2020-07-28 16:27:51,564:reshape:WARNING:Casting field data to np.float32
2020-07-28 16:27:51,565:reshape:WARNING:Casting field data to np.float32
2020-07-28 16:27:51,571:reshape:WARNING:Casting field data to np.float32
2020-07-28 16:27:51,872:reshape:WARNING:Casting field data to np.float32
2020-07-28 16:27:51,925:reshape:WARNING:Casting field data to np.float32
2020-07-28 16:28:07,338:__init__:WARNING:Particle initialisation from field can be very slow as it is computed in scipy mode.
2020-07-28 16:28:07,339:__init__:WARNING:Particle initialisation from field can be very slow as it is computed in scipy mode.
2020-07-28 16:28:07,339:__init__:WARNING:Particle initialisation from field can be very slow as it is computed in scipy mode.
2020-07-28 16:28:07,340:__init__:WARNING:Particle initialisation from field can be very slow as it is computed in scipy mode.
2020-07-28 16:28:07,340:__init__:WARNING:Particle initialisation from field can be very slow as it is computed in scipy mode.
2020-07-28 16:28:07,340:__init__:WARNING:Particle initialisation from field can be very slow as it is computed in scipy mode.
2020-07-28 16:28:07,340:__init__:WARNING:Particle initialisation from field can be very slow as it is computed in scipy mode.
2020-07-28 16:28:07,340:__init__:WARNING:Particle initialisation from field can be very slow as it is computed in scipy mode.
2020-07-28 16:28:07,344:__init__:WARNING:Particle initialisation from field can be very slow as it is computed in scipy mode.
2020-07-28 16:28:07,345:__init__:WARNING:Particle initialisation from field can be very slow as it is computed in scipy mode.
2020-07-28 16:28:07,345:__init__:WARNING:Particle initialisation from field can be very slow as it is computed in scipy mode.
2020-07-28 16:28:07,345:__init__:WARNING:Particle initialisation from field can be very slow as it is computed in scipy mode.
2020-07-28 16:28:07,346:__init__:WARNING:Particle initialisation from field can be very slow as it is computed in scipy mode.
2020-07-28 16:28:07,347:__init__:WARNING:Particle initialisation from field can be very slow as it is computed in scipy mode.
2020-07-28 16:28:07,355:__init__:WARNING:Particle initialisation from field can be very slow as it is computed in scipy mode.
2020-07-28 16:28:07,357:__init__:WARNING:Particle initialisation from field can be very slow as it is computed in scipy mode.
2020-07-28 16:28:07,358:__init__:WARNING:Particle initialisation from field can be very slow as it is computed in scipy mode.
2020-07-28 16:28:07,358:__init__:WARNING:Particle initialisation from field can be very slow as it is computed in scipy mode.
2020-07-28 16:28:07,358:__init__:WARNING:Particle initialisation from field can be very slow as it is computed in scipy mode.
2020-07-28 16:28:07,359:__init__:WARNING:Particle initialisation from field can be very slow as it is computed in scipy mode.
2020-07-28 16:28:07,359:__init__:WARNING:Particle initialisation from field can be very slow as it is computed in scipy mode.
2020-07-28 16:28:07,359:__init__:WARNING:Particle initialisation from field can be very slow as it is computed in scipy mode.
2020-07-28 16:28:07,359:__init__:WARNING:Particle initialisation from field can be very slow as it is computed in scipy mode.
2020-07-28 16:28:07,359:__init__:WARNING:Particle initialisation from field can be very slow as it is computed in scipy mode.
2020-07-28 16:28:07,360:__init__:WARNING:Particle initialisation from field can be very slow as it is computed in scipy mode.
2020-07-28 16:28:07,363:__init__:WARNING:Particle initialisation from field can be very slow as it is computed in scipy mode.
2020-07-28 16:28:07,364:__init__:WARNING:Particle initialisation from field can be very slow as it is computed in scipy mode.
2020-07-28 16:28:07,373:__init__:WARNING:Particle initialisation from field can be very slow as it is computed in scipy mode.
2020-07-28 16:28:07,374:__init__:WARNING:Particle initialisation from field can be very slow as it is computed in scipy mode.
2020-07-28 16:28:07,375:__init__:WARNING:Particle initialisation from field can be very slow as it is computed in scipy mode.
2020-07-28 16:28:07,375:__init__:WARNING:Particle initialisation from field can be very slow as it is computed in scipy mode.
2020-07-28 16:28:07,375:__init__:WARNING:Particle initialisation from field can be very slow as it is computed in scipy mode.
2020-07-28 16:28:07,375:__init__:WARNING:Particle initialisation from field can be very slow as it is computed in scipy mode.
2020-07-28 16:28:07,375:__init__:WARNING:Particle initialisation from field can be very slow as it is computed in scipy mode.
2020-07-28 16:28:07,375:__init__:WARNING:Particle initialisation from field can be very slow as it is computed in scipy mode.
2020-07-28 16:28:07,375:__init__:WARNING:Particle initialisation from field can be very slow as it is computed in scipy mode.
2020-07-28 16:28:07,375:__init__:WARNING:Particle initialisation from field can be very slow as it is computed in scipy mode.
2020-07-28 16:28:07,376:__init__:WARNING:Particle initialisation from field can be very slow as it is computed in scipy mode.
2020-07-28 16:28:07,376:__init__:WARNING:Particle initialisation from field can be very slow as it is computed in scipy mode.
2020-07-28 16:28:07,376:__init__:WARNING:Particle initialisation from field can be very slow as it is computed in scipy mode.
2020-07-28 16:28:07,377:__init__:WARNING:Particle initialisation from field can be very slow as it is computed in scipy mode.
2020-07-28 16:28:07,377:__init__:WARNING:Particle initialisation from field can be very slow as it is computed in scipy mode.
2020-07-28 16:28:07,377:__init__:WARNING:Particle initialisation from field can be very slow as it is computed in scipy mode.
2020-07-28 16:28:07,377:__init__:WARNING:Particle initialisation from field can be very slow as it is computed in scipy mode.
2020-07-28 16:28:07,377:__init__:WARNING:Particle initialisation from field can be very slow as it is computed in scipy mode.
2020-07-28 16:28:07,377:__init__:WARNING:Particle initialisation from field can be very slow as it is computed in scipy mode.
2020-07-28 16:28:07,378:__init__:WARNING:Particle initialisation from field can be very slow as it is computed in scipy mode.
2020-07-28 16:28:07,378:__init__:WARNING:Particle initialisation from field can be very slow as it is computed in scipy mode.
2020-07-28 16:42:45,336:__init__:WARNING:Casting lon data to np.float32
2020-07-28 16:42:45,338:__init__:WARNING:Casting lon data to np.float32
2020-07-28 16:42:45,340:__init__:WARNING:Casting lon data to np.float32
2020-07-28 16:42:45,341:__init__:WARNING:Casting lon data to np.float32
2020-07-28 16:42:45,341:__init__:WARNING:Casting lon data to np.float32
2020-07-28 16:42:45,343:__init__:WARNING:Casting lon data to np.float32
2020-07-28 16:42:45,343:__init__:WARNING:Casting lon data to np.float32
2020-07-28 16:42:45,344:__init__:WARNING:Casting lon data to np.float32
2020-07-28 16:42:45,344:__init__:WARNING:Casting lon data to np.float32
2020-07-28 16:42:45,344:__init__:WARNING:Casting lon data to np.float32
2020-07-28 16:42:45,345:__init__:WARNING:Casting lon data to np.float32
2020-07-28 16:42:45,345:__init__:WARNING:Casting lon data to np.float32
2020-07-28 16:42:45,345:__init__:WARNING:Casting lon data to np.float32
2020-07-28 16:42:45,346:__init__:WARNING:Casting lon data to np.float32
2020-07-28 16:42:45,346:__init__:WARNING:Casting lon data to np.float32
2020-07-28 16:42:45,347:__init__:WARNING:Casting lon data to np.float32
2020-07-28 16:42:45,348:__init__:WARNING:Casting lon data to np.float32
2020-07-28 16:42:45,348:__init__:WARNING:Casting lon data to np.float32
2020-07-28 16:42:45,349:__init__:WARNING:Casting lon data to np.float32
2020-07-28 16:42:45,349:__init__:WARNING:Casting lon data to np.float32
2020-07-28 16:42:45,350:__init__:WARNING:Casting lon data to np.float32
2020-07-28 16:42:45,351:__init__:WARNING:Casting lon data to np.float32
2020-07-28 16:42:45,351:__init__:WARNING:Casting lon data to np.float32
2020-07-28 16:42:45,352:__init__:WARNING:Casting lon data to np.float32
2020-07-28 16:42:45,353:__init__:WARNING:Casting lon data to np.float32
2020-07-28 16:42:45,353:__init__:WARNING:Casting lon data to np.float32
2020-07-28 16:42:45,353:__init__:WARNING:Casting lat data to np.float32
2020-07-28 16:42:45,353:__init__:WARNING:Casting lat data to np.float32
2020-07-28 16:42:45,353:__init__:WARNING:Casting lat data to np.float32
2020-07-28 16:42:45,353:__init__:WARNING:Casting lat data to np.float32
2020-07-28 16:42:45,353:__init__:WARNING:Casting lon data to np.float32
2020-07-28 16:42:45,353:__init__:WARNING:Casting lat data to np.float32
2020-07-28 16:42:45,353:__init__:WARNING:Casting lat data to np.float32
2020-07-28 16:42:45,353:__init__:WARNING:Casting lat data to np.float32
2020-07-28 16:42:45,353:__init__:WARNING:Casting lat data to np.float32
2020-07-28 16:42:45,353:__init__:WARNING:Casting lat data to np.float32
2020-07-28 16:42:45,353:__init__:WARNING:Casting lat data to np.float32
2020-07-28 16:42:45,353:__init__:WARNING:Casting lat data to np.float32
2020-07-28 16:42:45,353:__init__:WARNING:Casting lat data to np.float32
2020-07-28 16:42:45,353:__init__:WARNING:Casting lat data to np.float32
2020-07-28 16:42:45,353:__init__:WARNING:Casting lat data to np.float32
2020-07-28 16:42:45,353:__init__:WARNING:Casting lat data to np.float32
2020-07-28 16:42:45,353:__init__:WARNING:Casting lat data to np.float32
2020-07-28 16:42:45,353:__init__:WARNING:Casting lat data to np.float32
2020-07-28 16:42:45,353:__init__:WARNING:Casting lat data to np.float32
2020-07-28 16:42:45,353:__init__:WARNING:Casting lat data to np.float32
2020-07-28 16:42:45,353:__init__:WARNING:Casting lat data to np.float32
2020-07-28 16:42:45,353:__init__:WARNING:Casting lat data to np.float32
2020-07-28 16:42:45,353:__init__:WARNING:Casting lat data to np.float32
2020-07-28 16:42:45,353:__init__:WARNING:Casting lat data to np.float32
2020-07-28 16:42:45,353:__init__:WARNING:Casting lat data to np.float32
2020-07-28 16:42:45,353:__init__:WARNING:Casting lat data to np.float32
2020-07-28 16:42:45,353:__init__:WARNING:Casting lat data to np.float32
2020-07-28 16:42:45,353:__init__:WARNING:Casting lat data to np.float32
2020-07-28 16:42:45,353:__init__:WARNING:Casting depth data to np.float32
2020-07-28 16:42:45,354:__init__:WARNING:Casting depth data to np.float32
2020-07-28 16:42:45,354:__init__:WARNING:Casting depth data to np.float32
2020-07-28 16:42:45,354:__init__:WARNING:Casting depth data to np.float32
2020-07-28 16:42:45,354:__init__:WARNING:Casting depth data to np.float32
2020-07-28 16:42:45,354:__init__:WARNING:Casting depth data to np.float32
2020-07-28 16:42:45,354:__init__:WARNING:Casting depth data to np.float32
2020-07-28 16:42:45,354:__init__:WARNING:Casting depth data to np.float32
2020-07-28 16:42:45,354:__init__:WARNING:Casting depth data to np.float32
2020-07-28 16:42:45,354:__init__:WARNING:Casting depth data to np.float32
2020-07-28 16:42:45,354:__init__:WARNING:Casting depth data to np.float32
2020-07-28 16:42:45,354:__init__:WARNING:Casting depth data to np.float32
2020-07-28 16:42:45,354:__init__:WARNING:Casting depth data to np.float32
2020-07-28 16:42:45,354:__init__:WARNING:Casting depth data to np.float32
2020-07-28 16:42:45,354:__init__:WARNING:Casting lon data to np.float32
2020-07-28 16:42:45,354:__init__:WARNING:Casting depth data to np.float32
2020-07-28 16:42:45,354:__init__:WARNING:Casting depth data to np.float32
2020-07-28 16:42:45,354:__init__:WARNING:Casting depth data to np.float32
2020-07-28 16:42:45,354:__init__:WARNING:Casting depth data to np.float32
2020-07-28 16:42:45,354:__init__:WARNING:Casting depth data to np.float32
2020-07-28 16:42:45,354:__init__:WARNING:Casting lon data to np.float32
2020-07-28 16:42:45,354:__init__:WARNING:Casting depth data to np.float32
2020-07-28 16:42:45,354:__init__:WARNING:Casting depth data to np.float32
2020-07-28 16:42:45,354:__init__:WARNING:Casting depth data to np.float32
2020-07-28 16:42:45,354:__init__:WARNING:Casting depth data to np.float32
2020-07-28 16:42:45,354:__init__:WARNING:Casting depth data to np.float32
2020-07-28 16:42:45,354:__init__:WARNING:Casting depth data to np.float32
2020-07-28 16:42:45,354:__init__:WARNING:Casting depth data to np.float32
2020-07-28 16:42:45,354:__init__:WARNING:Casting depth data to np.float32
2020-07-28 16:42:45,354:__init__:WARNING:Casting lon data to np.float32
2020-07-28 16:42:45,354:__init__:WARNING:Casting lat data to np.float32
2020-07-28 16:42:45,354:__init__:WARNING:Casting lat data to np.float32
2020-07-28 16:42:45,355:__init__:WARNING:Casting lat data to np.float32
2020-07-28 16:42:45,355:__init__:WARNING:Casting depth data to np.float32
2020-07-28 16:42:45,355:__init__:WARNING:Casting lon data to np.float32
2020-07-28 16:42:45,355:__init__:WARNING:Casting depth data to np.float32
2020-07-28 16:42:45,355:__init__:WARNING:Casting lat data to np.float32
2020-07-28 16:42:45,355:__init__:WARNING:Casting depth data to np.float32
2020-07-28 16:42:45,355:__init__:WARNING:Casting depth data to np.float32
2020-07-28 16:42:45,355:__init__:WARNING:Casting lon data to np.float32
2020-07-28 16:42:45,355:__init__:WARNING:Casting lat data to np.float32
2020-07-28 16:42:45,355:__init__:WARNING:Casting lon data to np.float32
2020-07-28 16:42:45,355:__init__:WARNING:Casting depth data to np.float32
2020-07-28 16:42:45,355:__init__:WARNING:Casting lon data to np.float32
2020-07-28 16:42:45,355:__init__:WARNING:Casting lat data to np.float32
2020-07-28 16:42:45,356:__init__:WARNING:Casting lat data to np.float32
2020-07-28 16:42:45,356:__init__:WARNING:Casting depth data to np.float32
2020-07-28 16:42:45,356:__init__:WARNING:Casting depth data to np.float32
2020-07-28 16:42:45,356:__init__:WARNING:Casting lon data to np.float32
2020-07-28 16:42:45,356:__init__:WARNING:Casting lat data to np.float32
2020-07-28 16:42:45,356:__init__:WARNING:Casting depth data to np.float32
2020-07-28 16:42:45,356:__init__:WARNING:Casting lon data to np.float32
2020-07-28 16:42:45,357:__init__:WARNING:Casting lat data to np.float32
2020-07-28 16:42:45,357:__init__:WARNING:Casting depth data to np.float32
2020-07-28 16:42:45,358:__init__:WARNING:Casting lon data to np.float32
2020-07-28 16:42:45,358:__init__:WARNING:Casting lat data to np.float32
2020-07-28 16:42:45,358:__init__:WARNING:Casting depth data to np.float32
2020-07-28 16:42:45,358:__init__:WARNING:Casting lon data to np.float32
2020-07-28 16:42:45,359:__init__:WARNING:Casting lat data to np.float32
2020-07-28 16:42:45,359:__init__:WARNING:Casting depth data to np.float32
2020-07-28 16:42:45,359:__init__:WARNING:Casting lon data to np.float32
2020-07-28 16:42:45,359:__init__:WARNING:Casting lat data to np.float32
2020-07-28 16:42:45,359:__init__:WARNING:Casting depth data to np.float32
2020-07-28 16:42:45,360:__init__:WARNING:Casting lon data to np.float32
2020-07-28 16:42:45,360:__init__:WARNING:Casting lat data to np.float32
2020-07-28 16:42:45,360:__init__:WARNING:Casting depth data to np.float32
2020-07-28 16:42:45,362:__init__:WARNING:Casting lon data to np.float32
2020-07-28 16:42:45,362:__init__:WARNING:Casting lat data to np.float32
2020-07-28 16:42:45,363:__init__:WARNING:Casting depth data to np.float32
2020-07-28 16:42:45,364:__init__:WARNING:Casting lon data to np.float32
2020-07-28 16:42:45,364:__init__:WARNING:Casting lat data to np.float32
2020-07-28 16:42:45,364:__init__:WARNING:Casting depth data to np.float32
2020-07-28 16:42:45,366:__init__:WARNING:Casting lon data to np.float32
2020-07-28 16:42:45,367:__init__:WARNING:Casting lat data to np.float32
2020-07-28 16:42:45,367:__init__:WARNING:Casting depth data to np.float32
2020-07-28 16:42:45,368:__init__:WARNING:Casting lon data to np.float32
2020-07-28 16:42:45,368:__init__:WARNING:Casting lat data to np.float32
2020-07-28 16:42:45,368:__init__:WARNING:Casting depth data to np.float32
2020-07-28 16:42:45,370:__init__:WARNING:Casting lon data to np.float32
2020-07-28 16:42:45,370:__init__:WARNING:Casting lat data to np.float32
2020-07-28 16:42:45,370:__init__:WARNING:Casting depth data to np.float32
2020-07-28 16:42:45,374:__init__:WARNING:Casting lon data to np.float32
2020-07-28 16:42:45,374:__init__:WARNING:Casting lat data to np.float32
2020-07-28 16:42:45,375:__init__:WARNING:Casting depth data to np.float32
2020-07-28 16:42:45,379:__init__:WARNING:Casting lon data to np.float32
2020-07-28 16:42:45,379:__init__:WARNING:Casting lat data to np.float32
2020-07-28 16:42:45,380:__init__:WARNING:Casting depth data to np.float32
2020-07-28 16:42:45,448:__init__:WARNING:Casting lon data to np.float32
2020-07-28 16:42:45,448:__init__:WARNING:Casting lat data to np.float32
2020-07-28 16:42:45,448:__init__:WARNING:Casting depth data to np.float32
2020-07-28 16:42:45,765:from_netcdf:WARNING:Trying to initialize a shared grid with different chunking sizes - action prohibited. Replacing requested field_chunksize with grid's master chunksize.
2020-07-28 16:42:45,765:from_netcdf:WARNING:Trying to initialize a shared grid with different chunking sizes - action prohibited. Replacing requested field_chunksize with grid's master chunksize.
2020-07-28 16:42:45,765:from_netcdf:WARNING:Trying to initialize a shared grid with different chunking sizes - action prohibited. Replacing requested field_chunksize with grid's master chunksize.
2020-07-28 16:42:45,765:from_netcdf:WARNING:Trying to initialize a shared grid with different chunking sizes - action prohibited. Replacing requested field_chunksize with grid's master chunksize.
2020-07-28 16:42:45,765:from_netcdf:WARNING:Trying to initialize a shared grid with different chunking sizes - action prohibited. Replacing requested field_chunksize with grid's master chunksize.
2020-07-28 16:42:45,765:from_netcdf:WARNING:Trying to initialize a shared grid with different chunking sizes - action prohibited. Replacing requested field_chunksize with grid's master chunksize.
2020-07-28 16:42:45,765:from_netcdf:WARNING:Trying to initialize a shared grid with different chunking sizes - action prohibited. Replacing requested field_chunksize with grid's master chunksize.
2020-07-28 16:42:45,765:from_netcdf:WARNING:Trying to initialize a shared grid with different chunking sizes - action prohibited. Replacing requested field_chunksize with grid's master chunksize.
2020-07-28 16:42:45,765:from_netcdf:WARNING:Trying to initialize a shared grid with different chunking sizes - action prohibited. Replacing requested field_chunksize with grid's master chunksize.
2020-07-28 16:42:45,765:from_netcdf:WARNING:Trying to initialize a shared grid with different chunking sizes - action prohibited. Replacing requested field_chunksize with grid's master chunksize.
2020-07-28 16:42:45,765:from_netcdf:WARNING:Trying to initialize a shared grid with different chunking sizes - action prohibited. Replacing requested field_chunksize with grid's master chunksize.
2020-07-28 16:42:45,765:from_netcdf:WARNING:Trying to initialize a shared grid with different chunking sizes - action prohibited. Replacing requested field_chunksize with grid's master chunksize.
2020-07-28 16:42:45,765:from_netcdf:WARNING:Trying to initialize a shared grid with different chunking sizes - action prohibited. Replacing requested field_chunksize with grid's master chunksize.
2020-07-28 16:42:45,765:from_netcdf:WARNING:Trying to initialize a shared grid with different chunking sizes - action prohibited. Replacing requested field_chunksize with grid's master chunksize.
2020-07-28 16:42:45,765:from_netcdf:WARNING:Trying to initialize a shared grid with different chunking sizes - action prohibited. Replacing requested field_chunksize with grid's master chunksize.
2020-07-28 16:42:45,765:from_netcdf:WARNING:Trying to initialize a shared grid with different chunking sizes - action prohibited. Replacing requested field_chunksize with grid's master chunksize.
2020-07-28 16:42:45,765:from_netcdf:WARNING:Trying to initialize a shared grid with different chunking sizes - action prohibited. Replacing requested field_chunksize with grid's master chunksize.
2020-07-28 16:42:45,765:from_netcdf:WARNING:Trying to initialize a shared grid with different chunking sizes - action prohibited. Replacing requested field_chunksize with grid's master chunksize.
2020-07-28 16:42:45,766:from_netcdf:WARNING:Trying to initialize a shared grid with different chunking sizes - action prohibited. Replacing requested field_chunksize with grid's master chunksize.
2020-07-28 16:42:45,766:from_netcdf:WARNING:Trying to initialize a shared grid with different chunking sizes - action prohibited. Replacing requested field_chunksize with grid's master chunksize.
2020-07-28 16:42:45,766:from_netcdf:WARNING:Trying to initialize a shared grid with different chunking sizes - action prohibited. Replacing requested field_chunksize with grid's master chunksize.
2020-07-28 16:42:45,766:from_netcdf:WARNING:Trying to initialize a shared grid with different chunking sizes - action prohibited. Replacing requested field_chunksize with grid's master chunksize.
2020-07-28 16:42:45,766:from_netcdf:WARNING:Trying to initialize a shared grid with different chunking sizes - action prohibited. Replacing requested field_chunksize with grid's master chunksize.
2020-07-28 16:42:45,766:from_netcdf:WARNING:Trying to initialize a shared grid with different chunking sizes - action prohibited. Replacing requested field_chunksize with grid's master chunksize.
2020-07-28 16:42:45,766:from_netcdf:WARNING:Trying to initialize a shared grid with different chunking sizes - action prohibited. Replacing requested field_chunksize with grid's master chunksize.
2020-07-28 16:42:45,766:from_netcdf:WARNING:Trying to initialize a shared grid with different chunking sizes - action prohibited. Replacing requested field_chunksize with grid's master chunksize.
2020-07-28 16:42:45,766:from_netcdf:WARNING:Trying to initialize a shared grid with different chunking sizes - action prohibited. Replacing requested field_chunksize with grid's master chunksize.
2020-07-28 16:42:45,766:from_netcdf:WARNING:Trying to initialize a shared grid with different chunking sizes - action prohibited. Replacing requested field_chunksize with grid's master chunksize.
2020-07-28 16:42:45,766:from_netcdf:WARNING:Trying to initialize a shared grid with different chunking sizes - action prohibited. Replacing requested field_chunksize with grid's master chunksize.
2020-07-28 16:42:45,766:from_netcdf:WARNING:Trying to initialize a shared grid with different chunking sizes - action prohibited. Replacing requested field_chunksize with grid's master chunksize.
2020-07-28 16:42:45,766:from_netcdf:WARNING:Trying to initialize a shared grid with different chunking sizes - action prohibited. Replacing requested field_chunksize with grid's master chunksize.
2020-07-28 16:42:45,766:from_netcdf:WARNING:Trying to initialize a shared grid with different chunking sizes - action prohibited. Replacing requested field_chunksize with grid's master chunksize.
2020-07-28 16:42:45,766:from_netcdf:WARNING:Trying to initialize a shared grid with different chunking sizes - action prohibited. Replacing requested field_chunksize with grid's master chunksize.
2020-07-28 16:42:45,766:from_netcdf:WARNING:Trying to initialize a shared grid with different chunking sizes - action prohibited. Replacing requested field_chunksize with grid's master chunksize.
2020-07-28 16:42:45,766:from_netcdf:WARNING:Trying to initialize a shared grid with different chunking sizes - action prohibited. Replacing requested field_chunksize with grid's master chunksize.
2020-07-28 16:42:45,766:from_netcdf:WARNING:Trying to initialize a shared grid with different chunking sizes - action prohibited. Replacing requested field_chunksize with grid's master chunksize.
2020-07-28 16:42:45,766:from_netcdf:WARNING:Trying to initialize a shared grid with different chunking sizes - action prohibited. Replacing requested field_chunksize with grid's master chunksize.
2020-07-28 16:42:45,766:from_netcdf:WARNING:Trying to initialize a shared grid with different chunking sizes - action prohibited. Replacing requested field_chunksize with grid's master chunksize.
2020-07-28 16:42:45,766:from_netcdf:WARNING:Trying to initialize a shared grid with different chunking sizes - action prohibited. Replacing requested field_chunksize with grid's master chunksize.
2020-07-28 16:42:45,766:from_netcdf:WARNING:Trying to initialize a shared grid with different chunking sizes - action prohibited. Replacing requested field_chunksize with grid's master chunksize.
2020-07-28 16:42:45,766:from_netcdf:WARNING:Trying to initialize a shared grid with different chunking sizes - action prohibited. Replacing requested field_chunksize with grid's master chunksize.
2020-07-28 16:42:45,766:from_netcdf:WARNING:Trying to initialize a shared grid with different chunking sizes - action prohibited. Replacing requested field_chunksize with grid's master chunksize.
2020-07-28 16:42:45,766:from_netcdf:WARNING:Trying to initialize a shared grid with different chunking sizes - action prohibited. Replacing requested field_chunksize with grid's master chunksize.
2020-07-28 16:42:45,766:from_netcdf:WARNING:Trying to initialize a shared grid with different chunking sizes - action prohibited. Replacing requested field_chunksize with grid's master chunksize.
2020-07-28 16:42:45,766:from_netcdf:WARNING:Trying to initialize a shared grid with different chunking sizes - action prohibited. Replacing requested field_chunksize with grid's master chunksize.
2020-07-28 16:42:45,766:from_netcdf:WARNING:Trying to initialize a shared grid with different chunking sizes - action prohibited. Replacing requested field_chunksize with grid's master chunksize.
2020-07-28 16:42:45,767:from_netcdf:WARNING:Trying to initialize a shared grid with different chunking sizes - action prohibited. Replacing requested field_chunksize with grid's master chunksize.
2020-07-28 16:42:45,767:from_netcdf:WARNING:Trying to initialize a shared grid with different chunking sizes - action prohibited. Replacing requested field_chunksize with grid's master chunksize.
2020-07-28 16:51:48,769:pset_euc:INFO:sim_hist_165_v0r0:Particles: /repeat=742: Total=180306
2020-07-28 16:51:48,780:pset_euc:INFO:sim_hist_165_v0r0:Lon=165: Lat=[-2.6-2.6 x0.1]: Depth=[25-350m x25]
2020-07-28 16:51:48,781:run_EUC:DEBUG:sim_hist_165_v0r0:Temp=OIAHSHVG: Rank= 4: #Particles=3402
2020-07-28 16:51:48,781:run_EUC:DEBUG:sim_hist_165_v0r0:Temp=OIAHSHVG: Rank=16: #Particles=3402
2020-07-28 16:51:48,781:run_EUC:DEBUG:sim_hist_165_v0r0:Temp=OIAHSHVG: Rank=24: #Particles=3402
2020-07-28 16:51:48,781:run_EUC:DEBUG:sim_hist_165_v0r0:Temp=OIAHSHVG: Rank=28: #Particles=3402
2020-07-28 16:51:48,781:run_EUC:DEBUG:sim_hist_165_v0r0:Temp=OIAHSHVG: Rank=33: #Particles=3402
2020-07-28 16:51:48,781:run_EUC:DEBUG:sim_hist_165_v0r0:Temp=OIAHSHVG: Rank=11: #Particles=3402
2020-07-28 16:51:48,781:run_EUC:DEBUG:sim_hist_165_v0r0:Temp=OIAHSHVG: Rank= 8: #Particles=3402
2020-07-28 16:51:48,781:run_EUC:DEBUG:sim_hist_165_v0r0:Temp=OIAHSHVG: Rank=19: #Particles=3402
2020-07-28 16:51:48,781:run_EUC:DEBUG:sim_hist_165_v0r0:Temp=OIAHSHVG: Rank= 3: #Particles=3402
2020-07-28 16:51:48,781:run_EUC:DEBUG:sim_hist_165_v0r0:Temp=OIAHSHVG: Rank=43: #Particles=3402
2020-07-28 16:51:48,781:run_EUC:DEBUG:sim_hist_165_v0r0:Temp=OIAHSHVG: Rank= 1: #Particles=3402
2020-07-28 16:51:48,781:run_EUC:DEBUG:sim_hist_165_v0r0:Temp=OIAHSHVG: Rank= 7: #Particles=3402
2020-07-28 16:51:48,781:run_EUC:DEBUG:sim_hist_165_v0r0:Temp=OIAHSHVG: Rank=35: #Particles=3402
2020-07-28 16:51:48,781:run_EUC:DEBUG:sim_hist_165_v0r0:Temp=OIAHSHVG: Rank=32: #Particles=3402
2020-07-28 16:51:48,781:run_EUC:DEBUG:sim_hist_165_v0r0:Temp=OIAHSHVG: Rank=39: #Particles=3402
2020-07-28 16:51:48,781:run_EUC:DEBUG:sim_hist_165_v0r0:Temp=OIAHSHVG: Rank=12: #Particles=3402
2020-07-28 16:51:48,781:run_EUC:DEBUG:sim_hist_165_v0r0:Temp=OIAHSHVG: Rank=23: #Particles=3402
2020-07-28 16:51:48,781:run_EUC:DEBUG:sim_hist_165_v0r0:Temp=OIAHSHVG: Rank=40: #Particles=3402
2020-07-28 16:51:48,781:run_EUC:DEBUG:sim_hist_165_v0r0:Temp=OIAHSHVG: Rank=27: #Particles=3402
2020-07-28 16:51:48,782:run_EUC:INFO:sim_hist_165_v0r0:2013-01-01 to 2008-12-29: Runtime=1464 days
2020-07-28 16:51:48,783:run_EUC:INFO:sim_hist_165_v0r0:Repeat=6 days: Step=60 mins: Output=1 day
2020-07-28 16:51:48,783:run_EUC:INFO:sim_hist_165_v0r0:Field=b-grid: Chunks=300: Time=1981-2012
2020-07-28 16:51:48,783:run_EUC:DEBUG:sim_hist_165_v0r0:Temp=OIAHSHVG: Rank= 0: #Particles=3402
2020-07-28 16:51:48,799:run_EUC:DEBUG:sim_hist_165_v0r0:Temp=OIAHSHVG: Rank=44: #Particles=3402
2020-07-28 16:51:48,803:run_EUC:DEBUG:sim_hist_165_v0r0:Temp=OIAHSHVG: Rank=17: #Particles=3402
2020-07-28 16:51:48,803:run_EUC:DEBUG:sim_hist_165_v0r0:Temp=OIAHSHVG: Rank=20: #Particles=3402
2020-07-28 16:51:48,804:run_EUC:DEBUG:sim_hist_165_v0r0:Temp=OIAHSHVG: Rank=36: #Particles=3402
2020-07-28 16:51:55,859:compile:INFO:Compiled zParticleDelWestAdvectionRK4_3DbBeachTestUnBeachingAgeZoneDistance ==> /jobfs/9105181.gadi-pbs/parcels-12904/723f7c8cce6d7c2d7306ebad892b078b_39.so
2020-07-28 16:51:55,859:compile:INFO:Compiled zParticleDelWestAdvectionRK4_3DbBeachTestUnBeachingAgeZoneDistance ==> /jobfs/9105181.gadi-pbs/parcels-12904/723f7c8cce6d7c2d7306ebad892b078b_40.so
2020-07-28 16:51:55,859:compile:INFO:Compiled zParticleDelWestAdvectionRK4_3DbBeachTestUnBeachingAgeZoneDistance ==> /jobfs/9105181.gadi-pbs/parcels-12904/723f7c8cce6d7c2d7306ebad892b078b_28.so
2020-07-28 16:51:55,859:compile:INFO:Compiled zParticleDelWestAdvectionRK4_3DbBeachTestUnBeachingAgeZoneDistance ==> /jobfs/9105181.gadi-pbs/parcels-12904/723f7c8cce6d7c2d7306ebad892b078b_33.so
2020-07-28 16:51:55,859:compile:INFO:Compiled zParticleDelWestAdvectionRK4_3DbBeachTestUnBeachingAgeZoneDistance ==> /jobfs/9105181.gadi-pbs/parcels-12904/723f7c8cce6d7c2d7306ebad892b078b_32.so
2020-07-28 16:51:55,859:compile:INFO:Compiled zParticleDelWestAdvectionRK4_3DbBeachTestUnBeachingAgeZoneDistance ==> /jobfs/9105181.gadi-pbs/parcels-12904/723f7c8cce6d7c2d7306ebad892b078b_35.so
2020-07-28 16:51:55,859:compile:INFO:Compiled zParticleDelWestAdvectionRK4_3DbBeachTestUnBeachingAgeZoneDistance ==> /jobfs/9105181.gadi-pbs/parcels-12904/723f7c8cce6d7c2d7306ebad892b078b_27.so
2020-07-28 16:51:55,859:compile:INFO:Compiled zParticleDelWestAdvectionRK4_3DbBeachTestUnBeachingAgeZoneDistance ==> /jobfs/9105181.gadi-pbs/parcels-12904/723f7c8cce6d7c2d7306ebad892b078b_12.so
2020-07-28 16:51:55,980:compile:INFO:Compiled zParticleDelWestAdvectionRK4_3DbBeachTestUnBeachingAgeZoneDistance ==> /jobfs/9105181.gadi-pbs/parcels-12904/723f7c8cce6d7c2d7306ebad892b078b_7.so
2020-07-28 16:51:56,003:compile:INFO:Compiled zParticleDelWestAdvectionRK4_3DbBeachTestUnBeachingAgeZoneDistance ==> /jobfs/9105181.gadi-pbs/parcels-12904/723f7c8cce6d7c2d7306ebad892b078b_3.so
2020-07-28 16:51:56,003:compile:INFO:Compiled zParticleDelWestAdvectionRK4_3DbBeachTestUnBeachingAgeZoneDistance ==> /jobfs/9105181.gadi-pbs/parcels-12904/723f7c8cce6d7c2d7306ebad892b078b_4.so
2020-07-28 16:51:56,004:compile:INFO:Compiled zParticleDelWestAdvectionRK4_3DbBeachTestUnBeachingAgeZoneDistance ==> /jobfs/9105181.gadi-pbs/parcels-12904/723f7c8cce6d7c2d7306ebad892b078b_8.so
2020-07-28 16:51:56,431:compile:INFO:Compiled zParticleDelWestAdvectionRK4_3DbBeachTestUnBeachingAgeZoneDistance ==> /jobfs/9105181.gadi-pbs/parcels-12904/723f7c8cce6d7c2d7306ebad892b078b_43.so
2020-07-28 16:51:56,431:compile:INFO:Compiled zParticleDelWestAdvectionRK4_3DbBeachTestUnBeachingAgeZoneDistance ==> /jobfs/9105181.gadi-pbs/parcels-12904/723f7c8cce6d7c2d7306ebad892b078b_44.so
2020-07-28 16:51:56,433:compile:INFO:Compiled zParticleDelWestAdvectionRK4_3DbBeachTestUnBeachingAgeZoneDistance ==> /jobfs/9105181.gadi-pbs/parcels-12904/723f7c8cce6d7c2d7306ebad892b078b_36.so
2020-07-28 16:51:56,448:compile:INFO:Compiled zParticleDelWestAdvectionRK4_3DbBeachTestUnBeachingAgeZoneDistance ==> /jobfs/9105181.gadi-pbs/parcels-12904/723f7c8cce6d7c2d7306ebad892b078b_24.so
2020-07-28 16:51:56,653:compile:INFO:Compiled zParticleDelWestAdvectionRK4_3DbBeachTestUnBeachingAgeZoneDistance ==> /jobfs/9105181.gadi-pbs/parcels-12904/723f7c8cce6d7c2d7306ebad892b078b_23.so
2020-07-28 16:51:56,654:compile:INFO:Compiled zParticleDelWestAdvectionRK4_3DbBeachTestUnBeachingAgeZoneDistance ==> /jobfs/9105181.gadi-pbs/parcels-12904/723f7c8cce6d7c2d7306ebad892b078b_16.so
2020-07-28 16:51:56,674:compile:INFO:Compiled zParticleDelWestAdvectionRK4_3DbBeachTestUnBeachingAgeZoneDistance ==> /jobfs/9105181.gadi-pbs/parcels-12904/723f7c8cce6d7c2d7306ebad892b078b_17.so
2020-07-28 16:51:56,674:compile:INFO:Compiled zParticleDelWestAdvectionRK4_3DbBeachTestUnBeachingAgeZoneDistance ==> /jobfs/9105181.gadi-pbs/parcels-12904/723f7c8cce6d7c2d7306ebad892b078b_19.so
2020-07-28 16:51:56,674:compile:INFO:Compiled zParticleDelWestAdvectionRK4_3DbBeachTestUnBeachingAgeZoneDistance ==> /jobfs/9105181.gadi-pbs/parcels-12904/723f7c8cce6d7c2d7306ebad892b078b_20.so
2020-07-28 16:51:56,701:compile:INFO:Compiled zParticleDelWestAdvectionRK4_3DbBeachTestUnBeachingAgeZoneDistance ==> /jobfs/9105181.gadi-pbs/parcels-12904/723f7c8cce6d7c2d7306ebad892b078b_1.so
2020-07-28 16:51:56,737:compile:INFO:Compiled zParticleDelWestAdvectionRK4_3DbBeachTestUnBeachingAgeZoneDistance ==> /jobfs/9105181.gadi-pbs/parcels-12904/723f7c8cce6d7c2d7306ebad892b078b_11.so
2020-07-28 16:51:56,750:compile:INFO:Compiled zParticleDelWestAdvectionRK4_3DbBeachTestUnBeachingAgeZoneDistance ==> /jobfs/9105181.gadi-pbs/parcels-12904/723f7c8cce6d7c2d7306ebad892b078b_0.so
2020-07-28 16:52:43,378:run_EUC:DEBUG:sim_hist_165_v0r0:Temp=OIAHSHVG: Rank= 9: #Particles=6804
2020-07-28 16:52:43,378:run_EUC:DEBUG:sim_hist_165_v0r0:Temp=OIAHSHVG: Rank=25: #Particles=3402
2020-07-28 16:52:43,378:run_EUC:DEBUG:sim_hist_165_v0r0:Temp=OIAHSHVG: Rank=41: #Particles=3402
2020-07-28 16:52:44,152:run_EUC:DEBUG:sim_hist_165_v0r0:Temp=OIAHSHVG: Rank= 5: #Particles=6804
2020-07-28 16:52:44,152:run_EUC:DEBUG:sim_hist_165_v0r0:Temp=OIAHSHVG: Rank=29: #Particles=3402
2020-07-28 16:52:44,152:run_EUC:DEBUG:sim_hist_165_v0r0:Temp=OIAHSHVG: Rank=13: #Particles=3402
2020-07-28 16:52:44,152:run_EUC:DEBUG:sim_hist_165_v0r0:Temp=OIAHSHVG: Rank=21: #Particles=3402
2020-07-28 16:52:44,152:run_EUC:DEBUG:sim_hist_165_v0r0:Temp=OIAHSHVG: Rank=45: #Particles=3402
2020-07-28 16:52:44,152:run_EUC:DEBUG:sim_hist_165_v0r0:Temp=OIAHSHVG: Rank=37: #Particles=3402
2020-07-28 16:52:46,648:compile:INFO:Compiled zParticleDelWestAdvectionRK4_3DbBeachTestUnBeachingAgeZoneDistance ==> /jobfs/9105181.gadi-pbs/parcels-12904/723f7c8cce6d7c2d7306ebad892b078b_25.so
2020-07-28 16:52:46,705:compile:INFO:Compiled zParticleDelWestAdvectionRK4_3DbBeachTestUnBeachingAgeZoneDistance ==> /jobfs/9105181.gadi-pbs/parcels-12904/723f7c8cce6d7c2d7306ebad892b078b_41.so
2020-07-28 16:52:46,800:compile:INFO:Compiled zParticleDelWestAdvectionRK4_3DbBeachTestUnBeachingAgeZoneDistance ==> /jobfs/9105181.gadi-pbs/parcels-12904/723f7c8cce6d7c2d7306ebad892b078b_9.so
2020-07-28 16:52:47,636:compile:INFO:Compiled zParticleDelWestAdvectionRK4_3DbBeachTestUnBeachingAgeZoneDistance ==> /jobfs/9105181.gadi-pbs/parcels-12904/723f7c8cce6d7c2d7306ebad892b078b_29.so
2020-07-28 16:52:47,736:compile:INFO:Compiled zParticleDelWestAdvectionRK4_3DbBeachTestUnBeachingAgeZoneDistance ==> /jobfs/9105181.gadi-pbs/parcels-12904/723f7c8cce6d7c2d7306ebad892b078b_37.so
2020-07-28 16:52:47,748:compile:INFO:Compiled zParticleDelWestAdvectionRK4_3DbBeachTestUnBeachingAgeZoneDistance ==> /jobfs/9105181.gadi-pbs/parcels-12904/723f7c8cce6d7c2d7306ebad892b078b_45.so
2020-07-28 16:52:47,780:compile:INFO:Compiled zParticleDelWestAdvectionRK4_3DbBeachTestUnBeachingAgeZoneDistance ==> /jobfs/9105181.gadi-pbs/parcels-12904/723f7c8cce6d7c2d7306ebad892b078b_5.so
2020-07-28 16:52:47,851:compile:INFO:Compiled zParticleDelWestAdvectionRK4_3DbBeachTestUnBeachingAgeZoneDistance ==> /jobfs/9105181.gadi-pbs/parcels-12904/723f7c8cce6d7c2d7306ebad892b078b_13.so
2020-07-28 16:52:47,860:compile:INFO:Compiled zParticleDelWestAdvectionRK4_3DbBeachTestUnBeachingAgeZoneDistance ==> /jobfs/9105181.gadi-pbs/parcels-12904/723f7c8cce6d7c2d7306ebad892b078b_21.so
2020-07-28 16:52:51,747:run_EUC:DEBUG:sim_hist_165_v0r0:Temp=OIAHSHVG: Rank= 2: #Particles=6804
2020-07-28 16:52:51,747:run_EUC:DEBUG:sim_hist_165_v0r0:Temp=OIAHSHVG: Rank=10: #Particles=3402
2020-07-28 16:52:51,747:run_EUC:DEBUG:sim_hist_165_v0r0:Temp=OIAHSHVG: Rank=38: #Particles=3402
2020-07-28 16:52:51,747:run_EUC:DEBUG:sim_hist_165_v0r0:Temp=OIAHSHVG: Rank= 6: #Particles=3402
2020-07-28 16:52:51,747:run_EUC:DEBUG:sim_hist_165_v0r0:Temp=OIAHSHVG: Rank=26: #Particles=3402
2020-07-28 16:52:51,747:run_EUC:DEBUG:sim_hist_165_v0r0:Temp=OIAHSHVG: Rank=34: #Particles=3402
2020-07-28 16:52:51,747:run_EUC:DEBUG:sim_hist_165_v0r0:Temp=OIAHSHVG: Rank=42: #Particles=3402
2020-07-28 16:52:51,747:run_EUC:DEBUG:sim_hist_165_v0r0:Temp=OIAHSHVG: Rank=30: #Particles=3402
2020-07-28 16:52:51,747:run_EUC:DEBUG:sim_hist_165_v0r0:Temp=OIAHSHVG: Rank=46: #Particles=3402
2020-07-28 16:52:51,747:run_EUC:DEBUG:sim_hist_165_v0r0:Temp=OIAHSHVG: Rank=22: #Particles=3402
2020-07-28 16:52:51,747:run_EUC:DEBUG:sim_hist_165_v0r0:Temp=OIAHSHVG: Rank=14: #Particles=3402
2020-07-28 16:52:56,056:compile:INFO:Compiled zParticleDelWestAdvectionRK4_3DbBeachTestUnBeachingAgeZoneDistance ==> /jobfs/9105181.gadi-pbs/parcels-12904/723f7c8cce6d7c2d7306ebad892b078b_30.so
2020-07-28 16:52:56,056:compile:INFO:Compiled zParticleDelWestAdvectionRK4_3DbBeachTestUnBeachingAgeZoneDistance ==> /jobfs/9105181.gadi-pbs/parcels-12904/723f7c8cce6d7c2d7306ebad892b078b_34.so
2020-07-28 16:52:56,056:compile:INFO:Compiled zParticleDelWestAdvectionRK4_3DbBeachTestUnBeachingAgeZoneDistance ==> /jobfs/9105181.gadi-pbs/parcels-12904/723f7c8cce6d7c2d7306ebad892b078b_26.so
2020-07-28 16:52:56,093:compile:INFO:Compiled zParticleDelWestAdvectionRK4_3DbBeachTestUnBeachingAgeZoneDistance ==> /jobfs/9105181.gadi-pbs/parcels-12904/723f7c8cce6d7c2d7306ebad892b078b_46.so
2020-07-28 16:52:56,103:compile:INFO:Compiled zParticleDelWestAdvectionRK4_3DbBeachTestUnBeachingAgeZoneDistance ==> /jobfs/9105181.gadi-pbs/parcels-12904/723f7c8cce6d7c2d7306ebad892b078b_38.so
2020-07-28 16:52:56,113:compile:INFO:Compiled zParticleDelWestAdvectionRK4_3DbBeachTestUnBeachingAgeZoneDistance ==> /jobfs/9105181.gadi-pbs/parcels-12904/723f7c8cce6d7c2d7306ebad892b078b_42.so
2020-07-28 16:52:56,208:compile:INFO:Compiled zParticleDelWestAdvectionRK4_3DbBeachTestUnBeachingAgeZoneDistance ==> /jobfs/9105181.gadi-pbs/parcels-12904/723f7c8cce6d7c2d7306ebad892b078b_2.so
2020-07-28 16:52:56,208:compile:INFO:Compiled zParticleDelWestAdvectionRK4_3DbBeachTestUnBeachingAgeZoneDistance ==> /jobfs/9105181.gadi-pbs/parcels-12904/723f7c8cce6d7c2d7306ebad892b078b_10.so
2020-07-28 16:52:56,209:compile:INFO:Compiled zParticleDelWestAdvectionRK4_3DbBeachTestUnBeachingAgeZoneDistance ==> /jobfs/9105181.gadi-pbs/parcels-12904/723f7c8cce6d7c2d7306ebad892b078b_6.so
2020-07-28 16:52:56,392:compile:INFO:Compiled zParticleDelWestAdvectionRK4_3DbBeachTestUnBeachingAgeZoneDistance ==> /jobfs/9105181.gadi-pbs/parcels-12904/723f7c8cce6d7c2d7306ebad892b078b_22.so
2020-07-28 16:52:56,395:compile:INFO:Compiled zParticleDelWestAdvectionRK4_3DbBeachTestUnBeachingAgeZoneDistance ==> /jobfs/9105181.gadi-pbs/parcels-12904/723f7c8cce6d7c2d7306ebad892b078b_14.so
2020-07-28 16:52:56,734:run_EUC:DEBUG:sim_hist_165_v0r0:Temp=OIAHSHVG: Rank=15: #Particles=6804
2020-07-28 16:52:56,734:run_EUC:DEBUG:sim_hist_165_v0r0:Temp=OIAHSHVG: Rank=47: #Particles=3402
2020-07-28 16:52:56,734:run_EUC:DEBUG:sim_hist_165_v0r0:Temp=OIAHSHVG: Rank=31: #Particles=3402
2020-07-28 16:52:57,018:run_EUC:DEBUG:sim_hist_165_v0r0:Temp=OIAHSHVG: Rank=18: #Particles=6804
2020-07-28 16:53:00,289:compile:INFO:Compiled zParticleDelWestAdvectionRK4_3DbBeachTestUnBeachingAgeZoneDistance ==> /jobfs/9105181.gadi-pbs/parcels-12904/723f7c8cce6d7c2d7306ebad892b078b_31.so
2020-07-28 16:53:00,306:compile:INFO:Compiled zParticleDelWestAdvectionRK4_3DbBeachTestUnBeachingAgeZoneDistance ==> /jobfs/9105181.gadi-pbs/parcels-12904/723f7c8cce6d7c2d7306ebad892b078b_47.so
2020-07-28 16:53:00,742:compile:INFO:Compiled zParticleDelWestAdvectionRK4_3DbBeachTestUnBeachingAgeZoneDistance ==> /jobfs/9105181.gadi-pbs/parcels-12904/723f7c8cce6d7c2d7306ebad892b078b_15.so
2020-07-28 16:53:00,848:compile:INFO:Compiled zParticleDelWestAdvectionRK4_3DbBeachTestUnBeachingAgeZoneDistance ==> /jobfs/9105181.gadi-pbs/parcels-12904/723f7c8cce6d7c2d7306ebad892b078b_18.so
2020-07-28 16:54:25,387:reshape:WARNING:Casting field data to np.float32
2020-07-28 16:54:25,389:reshape:WARNING:Casting field data to np.float32
2020-07-28 16:54:25,390:reshape:WARNING:Casting field data to np.float32
2020-07-28 16:54:25,390:reshape:WARNING:Casting field data to np.float32
2020-07-28 16:54:25,390:reshape:WARNING:Casting field data to np.float32
2020-07-28 16:54:25,391:reshape:WARNING:Casting field data to np.float32
2020-07-28 16:54:25,391:reshape:WARNING:Casting field data to np.float32
2020-07-28 16:54:25,392:reshape:WARNING:Casting field data to np.float32
2020-07-28 16:54:25,392:reshape:WARNING:Casting field data to np.float32
2020-07-28 16:54:25,392:reshape:WARNING:Casting field data to np.float32
2020-07-28 16:54:25,392:reshape:WARNING:Casting field data to np.float32
2020-07-28 16:54:25,392:reshape:WARNING:Casting field data to np.float32
2020-07-28 16:54:25,393:reshape:WARNING:Casting field data to np.float32
2020-07-28 16:54:25,393:reshape:WARNING:Casting field data to np.float32
2020-07-28 16:54:25,393:reshape:WARNING:Casting field data to np.float32
2020-07-28 16:54:25,393:reshape:WARNING:Casting field data to np.float32
2020-07-28 16:54:25,393:reshape:WARNING:Casting field data to np.float32
2020-07-28 16:54:25,393:reshape:WARNING:Casting field data to np.float32
2020-07-28 16:54:25,394:reshape:WARNING:Casting field data to np.float32
2020-07-28 16:54:25,395:reshape:WARNING:Casting field data to np.float32
2020-07-28 16:54:25,396:reshape:WARNING:Casting field data to np.float32
2020-07-28 16:54:25,397:reshape:WARNING:Casting field data to np.float32
2020-07-28 16:54:25,402:reshape:WARNING:Casting field data to np.float32
2020-07-28 16:54:25,403:reshape:WARNING:Casting field data to np.float32
2020-07-28 16:54:25,406:reshape:WARNING:Casting field data to np.float32
2020-07-28 16:54:25,407:reshape:WARNING:Casting field data to np.float32
2020-07-28 16:54:25,407:reshape:WARNING:Casting field data to np.float32
2020-07-28 16:54:25,407:reshape:WARNING:Casting field data to np.float32
2020-07-28 16:54:25,407:reshape:WARNING:Casting field data to np.float32
2020-07-28 16:54:25,408:reshape:WARNING:Casting field data to np.float32
2020-07-28 16:54:25,408:reshape:WARNING:Casting field data to np.float32
2020-07-28 16:54:25,408:reshape:WARNING:Casting field data to np.float32
2020-07-28 16:54:25,408:reshape:WARNING:Casting field data to np.float32
2020-07-28 16:54:25,408:reshape:WARNING:Casting field data to np.float32
2020-07-28 16:54:25,409:reshape:WARNING:Casting field data to np.float32
2020-07-28 16:54:25,409:reshape:WARNING:Casting field data to np.float32
2020-07-28 16:54:25,410:reshape:WARNING:Casting field data to np.float32
2020-07-28 16:54:25,410:reshape:WARNING:Casting field data to np.float32
2020-07-28 16:54:25,410:reshape:WARNING:Casting field data to np.float32
2020-07-28 16:54:25,411:reshape:WARNING:Casting field data to np.float32
2020-07-28 16:54:25,412:reshape:WARNING:Casting field data to np.float32
2020-07-28 16:54:25,413:reshape:WARNING:Casting field data to np.float32
2020-07-28 16:54:25,413:reshape:WARNING:Casting field data to np.float32
2020-07-28 16:54:25,414:reshape:WARNING:Casting field data to np.float32
2020-07-28 16:54:25,414:reshape:WARNING:Casting field data to np.float32
2020-07-28 16:54:25,418:reshape:WARNING:Casting field data to np.float32
2020-07-28 16:54:25,442:reshape:WARNING:Casting field data to np.float32
2020-07-28 16:54:25,487:reshape:WARNING:Casting field data to np.float32
2020-07-28 16:54:31,665:__init__:WARNING:Particle initialisation from field can be very slow as it is computed in scipy mode.
2020-07-28 16:54:31,671:__init__:WARNING:Particle initialisation from field can be very slow as it is computed in scipy mode.
2020-07-28 16:54:31,671:__init__:WARNING:Particle initialisation from field can be very slow as it is computed in scipy mode.
2020-07-28 16:54:31,671:__init__:WARNING:Particle initialisation from field can be very slow as it is computed in scipy mode.
2020-07-28 16:54:31,685:__init__:WARNING:Particle initialisation from field can be very slow as it is computed in scipy mode.
2020-07-28 16:54:31,691:__init__:WARNING:Particle initialisation from field can be very slow as it is computed in scipy mode.
2020-07-28 16:54:31,692:__init__:WARNING:Particle initialisation from field can be very slow as it is computed in scipy mode.
2020-07-28 16:54:31,692:__init__:WARNING:Particle initialisation from field can be very slow as it is computed in scipy mode.
2020-07-28 16:54:31,692:__init__:WARNING:Particle initialisation from field can be very slow as it is computed in scipy mode.
2020-07-28 16:54:31,692:__init__:WARNING:Particle initialisation from field can be very slow as it is computed in scipy mode.
2020-07-28 16:54:31,692:__init__:WARNING:Particle initialisation from field can be very slow as it is computed in scipy mode.
2020-07-28 16:54:31,692:__init__:WARNING:Particle initialisation from field can be very slow as it is computed in scipy mode.
2020-07-28 16:54:31,692:__init__:WARNING:Particle initialisation from field can be very slow as it is computed in scipy mode.
2020-07-28 16:54:31,692:__init__:WARNING:Particle initialisation from field can be very slow as it is computed in scipy mode.
2020-07-28 16:54:31,692:__init__:WARNING:Particle initialisation from field can be very slow as it is computed in scipy mode.
2020-07-28 16:54:31,692:__init__:WARNING:Particle initialisation from field can be very slow as it is computed in scipy mode.
2020-07-28 16:54:31,692:__init__:WARNING:Particle initialisation from field can be very slow as it is computed in scipy mode.
2020-07-28 16:54:31,701:__init__:WARNING:Particle initialisation from field can be very slow as it is computed in scipy mode.
2020-07-28 16:54:31,702:__init__:WARNING:Particle initialisation from field can be very slow as it is computed in scipy mode.
2020-07-28 16:54:31,702:__init__:WARNING:Particle initialisation from field can be very slow as it is computed in scipy mode.
2020-07-28 16:54:31,702:__init__:WARNING:Particle initialisation from field can be very slow as it is computed in scipy mode.
2020-07-28 16:54:31,702:__init__:WARNING:Particle initialisation from field can be very slow as it is computed in scipy mode.
2020-07-28 16:54:31,702:__init__:WARNING:Particle initialisation from field can be very slow as it is computed in scipy mode.
2020-07-28 16:54:31,702:__init__:WARNING:Particle initialisation from field can be very slow as it is computed in scipy mode.
2020-07-28 16:54:31,702:__init__:WARNING:Particle initialisation from field can be very slow as it is computed in scipy mode.
2020-07-28 16:54:31,720:__init__:WARNING:Particle initialisation from field can be very slow as it is computed in scipy mode.
2020-07-28 16:54:31,721:__init__:WARNING:Particle initialisation from field can be very slow as it is computed in scipy mode.
2020-07-28 16:54:31,721:__init__:WARNING:Particle initialisation from field can be very slow as it is computed in scipy mode.
2020-07-28 16:54:31,721:__init__:WARNING:Particle initialisation from field can be very slow as it is computed in scipy mode.
2020-07-28 16:54:31,721:__init__:WARNING:Particle initialisation from field can be very slow as it is computed in scipy mode.
2020-07-28 16:54:31,722:__init__:WARNING:Particle initialisation from field can be very slow as it is computed in scipy mode.
2020-07-28 16:54:31,722:__init__:WARNING:Particle initialisation from field can be very slow as it is computed in scipy mode.
2020-07-28 16:54:31,722:__init__:WARNING:Particle initialisation from field can be very slow as it is computed in scipy mode.
2020-07-28 16:54:31,722:__init__:WARNING:Particle initialisation from field can be very slow as it is computed in scipy mode.
2020-07-28 16:54:31,722:__init__:WARNING:Particle initialisation from field can be very slow as it is computed in scipy mode.
2020-07-28 16:54:31,722:__init__:WARNING:Particle initialisation from field can be very slow as it is computed in scipy mode.
2020-07-28 16:54:31,722:__init__:WARNING:Particle initialisation from field can be very slow as it is computed in scipy mode.
2020-07-28 16:54:31,722:__init__:WARNING:Particle initialisation from field can be very slow as it is computed in scipy mode.
2020-07-28 16:54:31,722:__init__:WARNING:Particle initialisation from field can be very slow as it is computed in scipy mode.
2020-07-28 16:54:31,725:__init__:WARNING:Particle initialisation from field can be very slow as it is computed in scipy mode.
2020-07-28 16:54:31,725:__init__:WARNING:Particle initialisation from field can be very slow as it is computed in scipy mode.
2020-07-28 16:54:31,725:__init__:WARNING:Particle initialisation from field can be very slow as it is computed in scipy mode.
2020-07-28 16:54:31,725:__init__:WARNING:Particle initialisation from field can be very slow as it is computed in scipy mode.
2020-07-28 16:54:31,725:__init__:WARNING:Particle initialisation from field can be very slow as it is computed in scipy mode.
2020-07-28 16:54:31,725:__init__:WARNING:Particle initialisation from field can be very slow as it is computed in scipy mode.
2020-07-28 16:54:31,725:__init__:WARNING:Particle initialisation from field can be very slow as it is computed in scipy mode.
2020-07-28 16:54:31,725:__init__:WARNING:Particle initialisation from field can be very slow as it is computed in scipy mode.
2020-07-28 16:54:31,725:__init__:WARNING:Particle initialisation from field can be very slow as it is computed in scipy mode.
