2020-07-10 13:08:29,266:pset_euc:INFO:sim_hist_190_v1r0:Particles: /repeat=742: Total=21518
2020-07-10 13:08:29,266:pset_euc:INFO:sim_hist_190_v1r0:Lon=190: Lat=[-2.6-2.6 x0.1]: Depth=[25-350m x25]
2020-07-10 13:08:29,268:run_EUC:INFO:sim_hist_190_v1r0:2013-01-01 to 2012-07-05: Runtime=180 days
2020-07-10 13:08:29,269:run_EUC:INFO:sim_hist_190_v1r0:Repeat=6 days: Step=60 mins: Output=1 day
2020-07-10 13:08:29,269:run_EUC:INFO:sim_hist_190_v1r0:Field=b-grid: Chunks=300: Time=1981-2012
2020-07-10 13:08:29,267:run_EUC:INFO:sim_hist_190_v1r0:Temp=CEHEYIQT: Rank= 7: #Particles=812
2020-07-10 13:08:29,267:run_EUC:INFO:sim_hist_190_v1r0:Temp=CEHEYIQT: Rank= 9: #Particles=812
2020-07-10 13:08:29,267:run_EUC:INFO:sim_hist_190_v1r0:Temp=CEHEYIQT: Rank= 6: #Particles=812
2020-07-10 13:08:29,267:run_EUC:INFO:sim_hist_190_v1r0:Temp=CEHEYIQT: Rank=20: #Particles=406
2020-07-10 13:08:29,267:run_EUC:INFO:sim_hist_190_v1r0:Temp=CEHEYIQT: Rank=30: #Particles=406
2020-07-10 13:08:29,267:run_EUC:INFO:sim_hist_190_v1r0:Temp=CEHEYIQT: Rank= 1: #Particles=406
2020-07-10 13:08:29,267:run_EUC:INFO:sim_hist_190_v1r0:Temp=CEHEYIQT: Rank=43: #Particles=406
2020-07-10 13:08:29,267:run_EUC:INFO:sim_hist_190_v1r0:Temp=CEHEYIQT: Rank=39: #Particles=406
2020-07-10 13:08:29,267:run_EUC:INFO:sim_hist_190_v1r0:Temp=CEHEYIQT: Rank=46: #Particles=406
2020-07-10 13:08:29,267:run_EUC:INFO:sim_hist_190_v1r0:Temp=CEHEYIQT: Rank=47: #Particles=406
2020-07-10 13:08:29,267:run_EUC:INFO:sim_hist_190_v1r0:Temp=CEHEYIQT: Rank=16: #Particles=406
2020-07-10 13:08:29,267:run_EUC:INFO:sim_hist_190_v1r0:Temp=CEHEYIQT: Rank=22: #Particles=406
2020-07-10 13:08:29,267:run_EUC:INFO:sim_hist_190_v1r0:Temp=CEHEYIQT: Rank=45: #Particles=406
2020-07-10 13:08:29,267:run_EUC:INFO:sim_hist_190_v1r0:Temp=CEHEYIQT: Rank=17: #Particles=406
2020-07-10 13:08:29,267:run_EUC:INFO:sim_hist_190_v1r0:Temp=CEHEYIQT: Rank=14: #Particles=406
2020-07-10 13:08:29,267:run_EUC:INFO:sim_hist_190_v1r0:Temp=CEHEYIQT: Rank=35: #Particles=406
2020-07-10 13:08:29,267:run_EUC:INFO:sim_hist_190_v1r0:Temp=CEHEYIQT: Rank=27: #Particles=406
2020-07-10 13:08:29,267:run_EUC:INFO:sim_hist_190_v1r0:Temp=CEHEYIQT: Rank=10: #Particles=406
2020-07-10 13:08:29,267:run_EUC:INFO:sim_hist_190_v1r0:Temp=CEHEYIQT: Rank=19: #Particles=406
2020-07-10 13:08:29,267:run_EUC:INFO:sim_hist_190_v1r0:Temp=CEHEYIQT: Rank=31: #Particles=406
2020-07-10 13:08:29,267:run_EUC:INFO:sim_hist_190_v1r0:Temp=CEHEYIQT: Rank= 8: #Particles=406
2020-07-10 13:08:29,267:run_EUC:INFO:sim_hist_190_v1r0:Temp=CEHEYIQT: Rank= 3: #Particles=406
2020-07-10 13:08:29,267:run_EUC:INFO:sim_hist_190_v1r0:Temp=CEHEYIQT: Rank=21: #Particles=406
2020-07-10 13:08:29,267:run_EUC:INFO:sim_hist_190_v1r0:Temp=CEHEYIQT: Rank=23: #Particles=406
2020-07-10 13:08:29,267:run_EUC:INFO:sim_hist_190_v1r0:Temp=CEHEYIQT: Rank= 5: #Particles=406
2020-07-10 13:08:29,267:run_EUC:INFO:sim_hist_190_v1r0:Temp=CEHEYIQT: Rank=15: #Particles=406
2020-07-10 13:08:29,267:run_EUC:INFO:sim_hist_190_v1r0:Temp=CEHEYIQT: Rank=11: #Particles=406
2020-07-10 13:08:29,267:run_EUC:INFO:sim_hist_190_v1r0:Temp=CEHEYIQT: Rank=29: #Particles=406
2020-07-10 13:08:29,267:run_EUC:INFO:sim_hist_190_v1r0:Temp=CEHEYIQT: Rank=13: #Particles=406
2020-07-10 13:08:29,267:run_EUC:INFO:sim_hist_190_v1r0:Temp=CEHEYIQT: Rank=18: #Particles=406
2020-07-10 13:08:29,267:run_EUC:INFO:sim_hist_190_v1r0:Temp=CEHEYIQT: Rank= 4: #Particles=406
2020-07-10 13:08:29,267:run_EUC:INFO:sim_hist_190_v1r0:Temp=CEHEYIQT: Rank=25: #Particles=406
2020-07-10 13:08:29,267:run_EUC:INFO:sim_hist_190_v1r0:Temp=CEHEYIQT: Rank=44: #Particles=406
2020-07-10 13:08:29,267:run_EUC:INFO:sim_hist_190_v1r0:Temp=CEHEYIQT: Rank=38: #Particles=406
2020-07-10 13:08:29,267:run_EUC:INFO:sim_hist_190_v1r0:Temp=CEHEYIQT: Rank=32: #Particles=406
2020-07-10 13:08:29,267:run_EUC:INFO:sim_hist_190_v1r0:Temp=CEHEYIQT: Rank=36: #Particles=406
2020-07-10 13:08:29,267:run_EUC:INFO:sim_hist_190_v1r0:Temp=CEHEYIQT: Rank=41: #Particles=406
2020-07-10 13:08:29,267:run_EUC:INFO:sim_hist_190_v1r0:Temp=CEHEYIQT: Rank=34: #Particles=406
2020-07-10 13:08:29,267:run_EUC:INFO:sim_hist_190_v1r0:Temp=CEHEYIQT: Rank=42: #Particles=406
2020-07-10 13:08:29,267:run_EUC:INFO:sim_hist_190_v1r0:Temp=CEHEYIQT: Rank=33: #Particles=406
2020-07-10 13:08:29,267:run_EUC:INFO:sim_hist_190_v1r0:Temp=CEHEYIQT: Rank=40: #Particles=406
2020-07-10 13:08:29,267:run_EUC:INFO:sim_hist_190_v1r0:Temp=CEHEYIQT: Rank=28: #Particles=406
2020-07-10 13:08:29,267:run_EUC:INFO:sim_hist_190_v1r0:Temp=CEHEYIQT: Rank=37: #Particles=406
2020-07-10 13:08:29,267:run_EUC:INFO:sim_hist_190_v1r0:Temp=CEHEYIQT: Rank=26: #Particles=406
2020-07-10 13:08:29,267:run_EUC:INFO:sim_hist_190_v1r0:Temp=CEHEYIQT: Rank= 2: #Particles=406
2020-07-10 13:08:29,267:run_EUC:INFO:sim_hist_190_v1r0:Temp=CEHEYIQT: Rank=12: #Particles=406
2020-07-10 13:08:29,269:run_EUC:INFO:sim_hist_190_v1r0:Temp=CEHEYIQT: Rank= 0: #Particles=812
2020-07-10 13:08:33,185:run_EUC:INFO:sim_hist_190_v1r0:Temp=CEHEYIQT: Rank=24: #Particles=812
2020-07-10 13:16:07,820:run_EUC:INFO:sim_hist_190_v1r0:Completed!: 00:20:32: Rank=16: #Particles=406-397=9
2020-07-10 13:16:07,832:run_EUC:INFO:sim_hist_190_v1r0:Completed!: 00:20:32: Rank=11: #Particles=406-386=20
2020-07-10 13:16:07,832:run_EUC:INFO:sim_hist_190_v1r0:Completed!: 00:20:32: Rank=10: #Particles=406-402=4
2020-07-10 13:16:08,017:run_EUC:INFO:sim_hist_190_v1r0:Completed!: 00:20:32: Rank=33: #Particles=406-231=175
2020-07-10 13:16:08,018:run_EUC:INFO:sim_hist_190_v1r0:Completed!: 00:20:32: Rank=27: #Particles=406-391=15
2020-07-10 13:16:08,019:run_EUC:INFO:sim_hist_190_v1r0:Completed!: 00:20:32: Rank=22: #Particles=406-201=205
2020-07-10 13:16:08,045:run_EUC:INFO:sim_hist_190_v1r0:Completed!: 00:20:32: Rank=28: #Particles=406-242=164
2020-07-10 13:16:08,067:run_EUC:INFO:sim_hist_190_v1r0:Completed!: 00:20:32: Rank=44: #Particles=406-398=8
2020-07-10 13:16:08,071:run_EUC:INFO:sim_hist_190_v1r0:Completed!: 00:20:32: Rank= 8: #Particles=406-217=189
2020-07-10 13:16:08,074:run_EUC:INFO:sim_hist_190_v1r0:Completed!: 00:20:32: Rank= 2: #Particles=406-184=222
2020-07-10 13:16:08,075:run_EUC:INFO:sim_hist_190_v1r0:Completed!: 00:20:32: Rank= 0: #Particles=812-786=26
2020-07-10 13:16:08,081:run_EUC:INFO:sim_hist_190_v1r0:Completed!: 00:20:32: Rank=40: #Particles=406-171=235
2020-07-10 13:16:08,084:run_EUC:INFO:sim_hist_190_v1r0:Completed!: 00:20:32: Rank=43: #Particles=406-189=217
2020-07-10 13:16:08,096:run_EUC:INFO:sim_hist_190_v1r0:Completed!: 00:20:32: Rank=45: #Particles=406-384=22
2020-07-10 13:16:08,097:run_EUC:INFO:sim_hist_190_v1r0:Completed!: 00:20:32: Rank=36: #Particles=406-283=123
2020-07-10 13:16:08,108:run_EUC:INFO:sim_hist_190_v1r0:Completed!: 00:20:32: Rank=14: #Particles=406-258=148
2020-07-10 13:16:08,131:run_EUC:INFO:sim_hist_190_v1r0:Completed!: 00:20:32: Rank=21: #Particles=406-195=211
2020-07-10 13:16:08,214:run_EUC:INFO:sim_hist_190_v1r0:Completed!: 00:20:32: Rank=47: #Particles=406-395=11
2020-07-10 13:16:08,228:run_EUC:INFO:sim_hist_190_v1r0:Completed!: 00:20:32: Rank=23: #Particles=406-374=32
2020-07-10 13:16:08,320:run_EUC:INFO:sim_hist_190_v1r0:Completed!: 00:20:32: Rank=46: #Particles=406-355=51
2020-07-10 13:16:09,095:run_EUC:INFO:sim_hist_190_v1r0:Completed!: 00:20:33: Rank= 5: #Particles=406-324=82
2020-07-10 13:25:49,187:run_EUC:INFO:sim_hist_190_v1r0:Completed!: 00:30:13: Rank=39: #Particles=406-161=245
2020-07-10 13:31:58,898:run_EUC:INFO:sim_hist_190_v1r0:Completed!: 00:36:23: Rank=12: #Particles=406-145=261
2020-07-10 13:33:16,947:run_EUC:INFO:sim_hist_190_v1r0:Completed!: 00:37:41: Rank=38: #Particles=406-150=256
2020-07-10 13:54:02,975:run_EUC:INFO:sim_hist_190_v1r0:Completed!: 00:58:27: Rank=18: #Particles=406-152=254
2020-07-10 14:03:46,056:run_EUC:INFO:sim_hist_190_v1r0:Completed!: 01:08:10: Rank=35: #Particles=406-143=263
2020-07-10 14:08:15,845:run_EUC:INFO:sim_hist_190_v1r0:Completed!: 01:12:40: Rank= 4: #Particles=406-136=270
2020-07-10 14:18:49,811:run_EUC:INFO:sim_hist_190_v1r0:Completed!: 01:23:14: Rank=37: #Particles=406-141=265
2020-07-10 15:11:38,783:run_EUC:INFO:sim_hist_190_v1r0:Completed!: 02:16:03: Rank=32: #Particles=406-120=286
2020-07-10 15:32:20,861:run_EUC:INFO:sim_hist_190_v1r0:Completed!: 02:36:45: Rank=25: #Particles=406-273=133
2020-07-10 15:33:05,907:run_EUC:INFO:sim_hist_190_v1r0:Completed!: 02:37:30: Rank=15: #Particles=406-126=280
2020-07-10 15:46:30,904:run_EUC:INFO:sim_hist_190_v1r0:Completed!: 02:50:55: Rank=41: #Particles=406-123=283
