2022-04-22 17:18:01:              165E:  HIST   PROJ     D    (D%)     p   sum_H% sum_P%   pp   
2022-04-22 17:18:01:             total:  20.64 24.04  3.40 ( 16%) p<0.001
2022-04-22 17:18:01:     Vitiaz Strait:   4.11  5.33  1.22 ( 30%) p<0.001    20%    22%   2.3%
2022-04-22 17:18:01:    Solomon Strait:   6.37  9.27  2.90 ( 46%) p<0.001    31%    39%   7.7%
2022-04-22 17:18:01:    South Interior:   5.39  4.44 -0.95 (-18%) p=0.002    26%    18%  -7.6%
2022-04-22 17:18:01:    North Interior:   0.62  0.42 -0.20 (-32%) p<0.001     3%     2%  -1.2%
2022-04-22 17:18:01:  Mindanao Current:   2.43  2.36 -0.07 ( -3%)  p=0.63    12%    10%  -1.9%
2022-04-22 17:18:01:       Celebes Sea:   1.07  1.59  0.52 ( 49%) p<0.001     5%     7%   1.4%
2022-04-22 17:18:01:   Indonesian Seas:   0.08  0.22  0.13 (158%) p<0.001     0%     1%   0.5%
2022-04-22 17:18:01:              None:   0.57  0.41 -0.17 (-29%) p<0.001     3%     2%  -1.1%
2022-04-22 17:18:01:                NH:   3.05  2.78 -0.27 ( -9%)  p<0.01    15%    12%  -3.2%
2022-04-22 17:18:01:                SH:  15.87 19.04  3.17 ( 20%) p<0.001    77%    79%   2.3%
2022-04-22 17:18:01:             LLWBC:  12.90 16.96  4.06 ( 31%) p<0.001    63%    71%   8.0%
2022-04-22 17:18:01:          Interior:   6.01  4.86 -1.15 (-19%) p<0.001    29%    20%  -8.9%
2022-04-22 17:18:01:
2022-04-22 17:18:18:              190E:  HIST   PROJ     D    (D%)     p   sum_H% sum_P%   pp   
2022-04-22 17:18:18:             total:  26.74 28.32  1.58 (  6%) p=0.006
2022-04-22 17:18:18:     Vitiaz Strait:   4.52  5.38  0.86 ( 19%) p<0.001    17%    19%   2.1%
2022-04-22 17:18:18:    Solomon Strait:   6.74  9.38  2.64 ( 39%) p<0.001    25%    33%   7.9%
2022-04-22 17:18:18:    South Interior:   7.50  6.04 -1.46 (-19%) p<0.001    28%    21%  -6.7%
2022-04-22 17:18:18:    North Interior:   1.36  0.95 -0.41 (-30%) p<0.001     5%     3%  -1.7%
2022-04-22 17:18:18:  Mindanao Current:   3.88  3.60 -0.29 ( -7%)  p<0.01    15%    13%  -1.8%
2022-04-22 17:18:18:       Celebes Sea:   1.40  2.00  0.60 ( 43%) p<0.001     5%     7%   1.8%
2022-04-22 17:18:18:   Indonesian Seas:   0.07  0.14  0.07 (102%) p<0.001     0%     0%   0.2%
2022-04-22 17:18:18:              None:   1.28  0.83 -0.45 (-35%) p<0.001     5%     3%  -1.8%
2022-04-22 17:18:18:                NH:   5.24  4.55 -0.69 (-13%) p<0.001    20%    16%  -3.5%
2022-04-22 17:18:18:                SH:  18.76 20.81  2.05 ( 11%) p<0.001    70%    73%   3.3%
2022-04-22 17:18:18:             LLWBC:  15.14 18.36  3.22 ( 21%) p<0.001    57%    65%   8.2%
2022-04-22 17:18:18:          Interior:   8.86  6.99 -1.87 (-21%) p<0.001    33%    25%  -8.4%
2022-04-22 17:18:18:
2022-04-22 17:18:33:              220E:  HIST   PROJ     D    (D%)     p   sum_H% sum_P%   pp   
2022-04-22 17:18:33:             total:  28.42 28.69  0.27 (  1%)  p=0.34
2022-04-22 17:18:33:     Vitiaz Strait:   4.47  4.90  0.43 ( 10%) p<0.001    16%    17%   1.3%
2022-04-22 17:18:33:    Solomon Strait:   6.77  8.87  2.10 ( 31%) p<0.001    24%    31%   7.1%
2022-04-22 17:18:33:    South Interior:   7.92  6.71 -1.21 (-15%) p<0.001    28%    23%  -4.5%
2022-04-22 17:18:33:    North Interior:   2.23  1.71 -0.52 (-23%) p<0.001     8%     6%  -1.9%
2022-04-22 17:18:33:  Mindanao Current:   4.41  3.89 -0.52 (-12%) p<0.001    16%    14%  -2.0%
2022-04-22 17:18:34:       Celebes Sea:   1.31  1.79  0.48 ( 37%) p<0.001     5%     6%   1.6%
2022-04-22 17:18:34:   Indonesian Seas:   0.07  0.10  0.02 ( 30%)  p=0.08     0%     0%   0.1%
2022-04-22 17:18:34:              None:   1.26  0.75 -0.51 (-40%) p<0.001     4%     3%  -1.8%
2022-04-22 17:18:34:                NH:   6.64  5.59 -1.04 (-16%) p<0.001    23%    19%  -3.9%
2022-04-22 17:18:34:                SH:  19.15 20.47  1.32 (  7%) p<0.001    67%    71%   4.0%
2022-04-22 17:18:34:             LLWBC:  15.65 17.65  2.00 ( 13%) p<0.001    55%    62%   6.5%
2022-04-22 17:18:34:          Interior:  10.14  8.42 -1.73 (-17%) p<0.001    36%    29%  -6.4%
2022-04-22 17:18:34:
2022-04-22 17:18:47:              250E:  HIST   PROJ     D    (D%)     p   sum_H% sum_P%   pp   
2022-04-22 17:18:47:             total:  23.79 22.83 -0.96 ( -4%) p=0.003
2022-04-22 17:18:47:     Vitiaz Strait:   4.19  4.19  0.00 (  0%)  p=0.99    18%    18%   0.8%
2022-04-22 17:18:47:    Solomon Strait:   6.52  7.66  1.14 ( 18%) p<0.001    27%    34%   6.2%
2022-04-22 17:18:47:    South Interior:   5.41  4.45 -0.96 (-18%) p<0.001    23%    19%  -3.3%
2022-04-22 17:18:48:    North Interior:   1.91  1.34 -0.57 (-30%) p<0.001     8%     6%  -2.2%
2022-04-22 17:18:48:  Mindanao Current:   3.60  2.95 -0.66 (-18%) p<0.001    15%    13%  -2.2%
2022-04-22 17:18:48:       Celebes Sea:   0.96  1.29  0.33 ( 34%) p<0.001     4%     6%   1.6%
2022-04-22 17:18:48:   Indonesian Seas:   0.07  0.07 -0.00 ( -6%)  p=0.61     0%     0%  -0.0%
2022-04-22 17:18:48:              None:   1.12  0.88 -0.24 (-21%) p<0.001     5%     4%  -0.8%
2022-04-22 17:18:48:                NH:   5.52  4.29 -1.23 (-22%) p<0.001    23%    19%  -4.4%
2022-04-22 17:18:48:                SH:  16.12 16.30  0.18 (  1%)   p=0.5    68%    71%   3.6%
2022-04-22 17:18:48:             LLWBC:  14.31 14.80  0.49 (  3%) p=0.006    60%    65%   4.7%
2022-04-22 17:18:48:          Interior:   7.32  5.79 -1.54 (-21%) p<0.001    31%    25%  -5.4%
2022-05-15 18:58:48:
2022-05-16 13:53:54:              165E:  HIST   PROJ     D    (D%)     p   sum_H% sum_P%   pp   
2022-05-16 13:53:54:             total:  20.64 24.04  3.40 ( 16%) p<0.001
2022-05-16 13:53:54:     Vitiaz Strait:   4.11  5.33  1.22 ( 30%) p<0.001    20%    22%   2.3%
2022-05-16 13:53:54:    Solomon Strait:   6.37  9.27  2.90 ( 46%) p<0.001    31%    39%   7.7%
2022-05-16 13:53:54:      East Solomon:   0.83  1.28  0.45 ( 54%) p<0.001     4%     5%   1.3%
2022-05-16 13:53:54:    South Interior:   4.56  3.16 -1.40 (-31%) p<0.001    22%    13%  -8.9%
2022-05-16 13:53:54:    North Interior:   0.62  0.42 -0.20 (-32%) p<0.001     3%     2%  -1.2%
2022-05-16 13:53:54:  Mindanao Current:   2.43  2.36 -0.07 ( -3%)  p=0.63    12%    10%  -1.9%
2022-05-16 13:53:54:       Celebes Sea:   1.07  1.59  0.52 ( 49%) p<0.001     5%     7%   1.4%
2022-05-16 13:53:54:   Indonesian Seas:   0.08  0.22  0.13 (158%) p<0.001     0%     1%   0.5%
2022-05-16 13:53:55:              None:   0.57  0.41 -0.17 (-29%) p<0.001     3%     2%  -1.1%
2022-05-16 13:53:55:                SH:  15.87 19.04  3.17 ( 20%) p<0.001    77%    79%   2.3%
2022-05-16 13:53:55:                NH:   3.05  2.78 -0.27 ( -9%)  p<0.01    15%    12%  -3.2%
2022-05-16 13:53:55:             LLWBC:  13.73 18.24  4.51 ( 33%) p<0.001    67%    76%   9.3%
2022-05-16 13:53:55:          Interior:   5.18  3.59 -1.60 (-31%) p<0.001    25%    15% -10.2%
2022-05-16 13:53:55:
2022-05-16 13:54:46:              190E:  HIST   PROJ     D    (D%)     p   sum_H% sum_P%   pp   
2022-05-16 13:54:46:             total:  26.74 28.32  1.58 (  6%) p=0.006
2022-05-16 13:54:47:     Vitiaz Strait:   4.52  5.38  0.86 ( 19%) p<0.001    17%    19%   2.1%
2022-05-16 13:54:47:    Solomon Strait:   6.74  9.38  2.64 ( 39%) p<0.001    25%    33%   7.9%
2022-05-16 13:54:47:      East Solomon:   0.82  1.17  0.36 ( 44%) p<0.001     3%     4%   1.1%
2022-05-16 13:54:47:    South Interior:   6.68  4.87 -1.81 (-27%) p<0.001    25%    17%  -7.8%
2022-05-16 13:54:47:    North Interior:   1.36  0.95 -0.41 (-30%) p<0.001     5%     3%  -1.7%
2022-05-16 13:54:47:  Mindanao Current:   3.88  3.60 -0.29 ( -7%)  p<0.01    15%    13%  -1.8%
2022-05-16 13:54:47:       Celebes Sea:   1.40  2.00  0.60 ( 43%) p<0.001     5%     7%   1.8%
2022-05-16 13:54:47:   Indonesian Seas:   0.07  0.14  0.07 (102%) p<0.001     0%     0%   0.2%
2022-05-16 13:54:47:              None:   1.28  0.83 -0.45 (-35%) p<0.001     5%     3%  -1.8%
2022-05-16 13:54:47:                SH:  18.76 20.81  2.05 ( 11%) p<0.001    70%    73%   3.3%
2022-05-16 13:54:47:                NH:   5.24  4.55 -0.69 (-13%) p<0.001    20%    16%  -3.5%
2022-05-16 13:54:47:             LLWBC:  15.96 19.53  3.58 ( 22%) p<0.001    60%    69%   9.3%
2022-05-16 13:54:47:          Interior:   8.04  5.82 -2.22 (-28%) p<0.001    30%    21%  -9.5%
2022-05-16 13:54:47:
2022-05-16 13:55:20:              220E:  HIST   PROJ     D    (D%)     p   sum_H% sum_P%   pp   
2022-05-16 13:55:20:             total:  28.42 28.69  0.27 (  1%)  p=0.34
2022-05-16 13:55:20:     Vitiaz Strait:   4.47  4.90  0.43 ( 10%) p<0.001    16%    17%   1.3%
2022-05-16 13:55:20:    Solomon Strait:   6.77  8.87  2.10 ( 31%) p<0.001    24%    31%   7.1%
2022-05-16 13:55:20:      East Solomon:   0.78  1.07  0.29 ( 37%) p<0.001     3%     4%   1.0%
2022-05-16 13:55:20:    South Interior:   7.13  5.64 -1.49 (-21%) p<0.001    25%    20%  -5.4%
2022-05-16 13:55:20:    North Interior:   2.23  1.71 -0.52 (-23%) p<0.001     8%     6%  -1.9%
2022-05-16 13:55:20:  Mindanao Current:   4.41  3.89 -0.52 (-12%) p<0.001    16%    14%  -2.0%
2022-05-16 13:55:20:       Celebes Sea:   1.31  1.79  0.48 ( 37%) p<0.001     5%     6%   1.6%
2022-05-16 13:55:20:   Indonesian Seas:   0.07  0.10  0.02 ( 30%)  p=0.08     0%     0%   0.1%
2022-05-16 13:55:20:              None:   1.26  0.75 -0.51 (-40%) p<0.001     4%     3%  -1.8%
2022-05-16 13:55:20:                SH:  19.15 20.47  1.32 (  7%) p<0.001    67%    71%   4.0%
2022-05-16 13:55:20:                NH:   6.64  5.59 -1.04 (-16%) p<0.001    23%    19%  -3.9%
2022-05-16 13:55:21:             LLWBC:  16.43 18.72  2.29 ( 14%) p<0.001    58%    65%   7.4%
2022-05-16 13:55:21:          Interior:   9.36  7.35 -2.01 (-22%) p<0.001    33%    26%  -7.3%
2022-05-16 13:55:21:
2022-05-16 13:55:57:              250E:  HIST   PROJ     D    (D%)     p   sum_H% sum_P%   pp   
2022-05-16 13:55:57:             total:  23.79 22.83 -0.96 ( -4%) p=0.003
2022-05-16 13:55:57:     Vitiaz Strait:   4.19  4.19  0.00 (  0%)  p=0.99    18%    18%   0.8%
2022-05-16 13:55:57:    Solomon Strait:   6.52  7.66  1.14 ( 18%) p<0.001    27%    34%   6.2%
2022-05-16 13:55:57:      East Solomon:   0.72  0.92  0.19 ( 27%) p<0.001     3%     4%   1.0%
2022-05-16 13:55:57:    South Interior:   4.69  3.53 -1.16 (-25%) p<0.001    20%    15%  -4.3%
2022-05-16 13:55:57:    North Interior:   1.91  1.34 -0.57 (-30%) p<0.001     8%     6%  -2.2%
2022-05-16 13:55:57:  Mindanao Current:   3.60  2.95 -0.66 (-18%) p<0.001    15%    13%  -2.2%
2022-05-16 13:55:57:       Celebes Sea:   0.96  1.29  0.33 ( 34%) p<0.001     4%     6%   1.6%
2022-05-16 13:55:57:   Indonesian Seas:   0.07  0.07 -0.00 ( -6%)  p=0.61     0%     0%  -0.0%
2022-05-16 13:55:57:              None:   1.12  0.88 -0.24 (-21%) p<0.001     5%     4%  -0.8%
2022-05-16 13:55:57:                SH:  16.12 16.30  0.18 (  1%)   p=0.5    68%    71%   3.6%
2022-05-16 13:55:57:                NH:   5.52  4.29 -1.23 (-22%) p<0.001    23%    19%  -4.4%
2022-05-16 13:55:58:             LLWBC:  15.03 15.72  0.69 (  5%) p=0.002    63%    69%   5.7%
2022-05-16 13:55:58:          Interior:   6.60  4.87 -1.73 (-26%) p<0.001    28%    21%  -6.4%
2022-05-16 13:55:58:
