2021-11-24 03:31:52:plx_sources_hist_250_v1: Start source transport.
2021-11-24 03:31:52:plx_sources_hist_250_v1: Getting source transport.
2021-11-24 03:48:01:plx_sources_hist_250_v1: Start source transport.
2021-11-24 03:48:17:plx_sources_hist_250_v1: Getting source transport.
2021-11-24 03:51:24:plx_sources_hist_250_v1: Start source transport.
2021-11-24 03:51:24:plx_sources_hist_250_v1: Getting source transport.
2021-11-24 04:23:47:plx_sources_hist_250_v1: None u=0.0 0.6% total=0.0
2021-11-24 04:23:47:plx_sources_hist_250_v1: Vitiaz Strait u=2570993821227831100290805738519324912965514304887444664564496085926292238778985712706031096267017359716279039970187372092626828895260105237229354787172047915910962891757857865506744242618430943360748459401068399844619624794453373375153531476625234254147687561145386742695800025937637182674767713713258496.0 22095605201533762881995097082056858515057607834663154834416211455098317530306609434494497430381504959636237548993929473873773924406052471651788545497133132669370414196950755489811902459045899466010179705211800942787273741539092217643809542070327145469425898018314913034994711528982935905050258558776382586880.0% total=0.0
2021-11-24 04:23:47:plx_sources_hist_250_v1: Solomon Strait u=-345896371455048866067238493108181420506810046967908220823802369951679066082975048402672308865929459376147292588683836728907986073857429889900138519686464386263621051968680927118185480759883899682189010986632845211764616553904699947133002896502991476686805029072869734859270854864518711366532641404747776.0 -2972698573294843670544962714309193556911274663838696769796990089718069189047323233090761410233037446422432114974733943820607490668320998612377312412349814443057258918241584866372156755569703115768281925795144586998159792786818478252497361269600844327803404361256738523046362890589960313542763290396781969408.0% total=0.0
2021-11-24 04:23:47:plx_sources_hist_250_v1: Mindanao Current u=-1067159011490259748852524470773886213447222405181442936068896739884779156000925151380267612521590545913077047700182606218181717506403218440062729136297589517144173836775702144660201041089787279879540974437813766272329942865061130193261207964388922870351269444359812251515114398544811580953937779359744.0 -9171365567065783591888741870104092292392776568385124828035061787883654483660023149345346268675914173168242489913200275041305439596126488296214780151918774165232351841378816249468152359902396699536344862514063243107288468332860623846684283121745483004664496189463004653923545749545930727866688211353862144.0% total=0.0
2021-11-24 04:23:47:plx_sources_hist_250_v1: EUC recirculation u=-4117241577449490481620428838869464058577901243474168060578313585737952218844350257345479868549633049458379738326606055314912321358920246449017470221279179383796888345598929782618512356027744222326788597360670806231069207086266858999841337494111096494138008424622779050799560165273236533976264753922703360.0 -35384349687475334699784217985186984568276871020923363144071227144346070575048359199136258537330000702557647611540264979692818237946855591603097975593637848912808653340215319986797120204850066754707637083118168437243379612666990135189163846336394501425141675772763098914919535813323198405775096507642664714240.0% total=0.0
2021-11-24 04:23:47:plx_sources_hist_250_v1: South of EUC u=-1292554004830333675932477320455191695066877521513542685872238464575303349105087255350409629443164842398567224697511870497441814823638033851142358111110546609515797635253643082709914320011242192419380467680278169780471346624993095197018503455293327841080614855018257627095187014817585288015746671663120384.0 -11108452597818034020335242206612298367589244552231492903708037736221399182649780290962707379974935724342468799836442428831799341179658459750452372685530550044524430492675284294502109778494875777322349054013642553366088043548681751530173420786309300573265091412620852803926231380758391828472963234181555421184.0% total=0.0
2021-11-24 04:23:47:plx_sources_hist_250_v1: North of EUC u=31094870644933776322444443759295993162270513574008439066524244065945180909125446780326202821245911288795966497607010697582192967070143551337722105425576950472149265012964611364643253559514467305334279787036527991679375599928123985250306463485013171268961214304657804095501770027188214211025200255592300544.0 inf% total=0.0
2021-11-24 04:23:47:plx_sources_hist_250_v1: Indonesian Seas u=161743988264985731834310046887393492208743440208133402424535579629610580706611406041747568828954799734457442140745131521318745210369319639011493245708366151848556155750749594242698393382559100396618711874351671137023752342234215521638360353230367404580387140581726001523261013472255558877607944142192640.0 1390058303103146828664937504522296623062937318316843520454526850565431628907617158623200238000077018353533866411720011279448216463851701461139656265707915032167992224542830915616699710819632721370454654365778886439602287699098001957698337073684853820079134548303997503670882330573881942017920489229779992576.0% total=0.0
2021-11-24 04:23:47:plx_sources_hist_250_v1: North Interior u=2337304556666176199506789514512901942964525575658744822700763114166533926802006772021093080822460051567538794879879752892771703089593931048485468977189047605856656759116457639234643444523604527705730393349606470559206204361455646269918910567087263186995965774465388868315650253714796326101136033573765120.0 20087235641499128692977330118452919584793901597543821705953712156354839968073725369968313943074153323404090276582141729455515306393997966994773628372550944524936892478603038309143791599805954041969839258073621380343674377758720719809415223115198852259529786664125657120524185530214437845501782810262622961664.0% total=0.0
2021-11-24 04:23:47:plx_sources_hist_250_v1: South Interior u=-42254513908221785881984518475719316048248060858200589312315119879761802159862679091523112988297409192963914397556009995298860563674784792860444408990947288377105130078093554682502167228113127736899166737326203540507995760916570843449990786824072752014517606668488349806104391710017737131029767080650997760.0 -inf% total=0.0
2021-11-24 04:23:47:plx_sources_hist_250_v1: Out of Bounds u=863735751027032949071440240010838421239747601995183757710826995741530955234147514961089347309125437747027073801588159617879364223060175904758683972575142200133706848639131938137627783535591841153899632909522132476114388162723164900110064137644617672501578252914707586919484372948174834799476736.0 7423107747504914672573622269586799038064566944108309852369335364317669678547672214028813626398301238524931787777594115460017980469201179354328008389323860625275292840871581349977973396721924539548593618636640218614676031849932455235850855027481397721825492491898443202641356782792587134857522446336.0% total=0.0
2021-11-24 04:23:47:plx_sources_hist_250_v1: Saving source transport.
2021-11-24 06:26:36:plx_sources_hist_250_v1:10 Subset zone.
2021-11-24 06:27:06:plx_sources_hist_250_v1:0 Subset zone.
2021-11-24 06:27:07:plx_sources_hist_250_v1:0 sum u zone.
2021-11-24 06:27:46:plx_sources_hist_250_v1:0 Subset zone.
2021-11-24 06:30:24:plx_sources_hist_250_v1: Start source transport.
2021-11-24 06:30:24:plx_sources_hist_250_v1: Getting source transport.
2021-11-24 06:30:24:Sum total transport...
2021-11-24 06:30:53:Sum total transport. Success!
2021-11-24 06:30:53:plx_sources_hist_250_v1:0 Subset zone.
2021-11-24 06:35:01:plx_sources_hist_250_v1: Start source transport.
2021-11-24 06:35:01:plx_sources_hist_250_v1: Getting source transport.
2021-11-24 06:35:13:Sum total transport...
2021-11-24 06:35:32:Sum total transport. Success!
2021-11-24 06:35:32:plx_sources_hist_250_v1:0 Subset zone.
2021-11-24 06:35:54:plx_sources_hist_250_v1:0 sum u zone.
2021-11-24 06:36:02:plx_sources_hist_250_v1: 0 u=0.1 0.5% total=23.8
2021-11-24 06:36:02:plx_sources_hist_250_v1:1 Subset zone.
2021-11-24 06:36:11:plx_sources_hist_250_v1:1 sum u zone.
2021-11-24 06:36:19:plx_sources_hist_250_v1: 1 u=2.7 11.5% total=23.8
2021-11-24 06:36:19:plx_sources_hist_250_v1:2 Subset zone.
2021-11-24 06:36:29:plx_sources_hist_250_v1:2 sum u zone.
2021-11-24 06:36:36:plx_sources_hist_250_v1: 2 u=4.3 18.3% total=23.8
2021-11-24 06:36:36:plx_sources_hist_250_v1:3 Subset zone.
2021-11-24 06:36:45:plx_sources_hist_250_v1:3 sum u zone.
2021-11-24 06:36:52:plx_sources_hist_250_v1: 3 u=1.1 4.8% total=23.8
2021-11-24 06:36:52:plx_sources_hist_250_v1:4 Subset zone.
2021-11-24 06:37:01:plx_sources_hist_250_v1:4 sum u zone.
2021-11-24 06:37:08:plx_sources_hist_250_v1: 4 u=3.5 14.7% total=23.8
2021-11-24 06:37:08:plx_sources_hist_250_v1:5 Subset zone.
2021-11-24 06:37:17:plx_sources_hist_250_v1:5 sum u zone.
2021-11-24 06:37:24:plx_sources_hist_250_v1: 5 u=3.8 16.1% total=23.8
2021-11-24 06:37:24:plx_sources_hist_250_v1:6 Subset zone.
2021-11-24 06:37:32:plx_sources_hist_250_v1:6 sum u zone.
2021-11-24 06:37:39:plx_sources_hist_250_v1: 6 u=4.9 20.6% total=23.8
2021-11-24 06:37:39:plx_sources_hist_250_v1:7 Subset zone.
2021-11-24 06:37:48:plx_sources_hist_250_v1:7 sum u zone.
2021-11-24 06:37:55:plx_sources_hist_250_v1: 7 u=0.8 3.4% total=23.8
2021-11-24 06:37:55:plx_sources_hist_250_v1:8 Subset zone.
2021-11-24 06:38:03:plx_sources_hist_250_v1:8 sum u zone.
2021-11-24 06:38:11:plx_sources_hist_250_v1: 8 u=0.3 1.2% total=23.8
2021-11-24 06:38:11:plx_sources_hist_250_v1:9 Subset zone.
2021-11-24 06:38:25:plx_sources_hist_250_v1:9 sum u zone.
2021-11-24 06:38:34:plx_sources_hist_250_v1: 9 u=2.1 8.7% total=23.8
2021-11-24 06:38:34:plx_sources_hist_250_v1:10 Subset zone.
2021-11-24 06:38:38:plx_sources_hist_250_v1:10 sum u zone.
2021-11-24 06:38:57:plx_sources_hist_250_v1: 10 u=0.0 0.1% total=23.8
2021-11-24 06:40:37:plx_sources_hist_250_v1: Start source transport.
2021-11-24 06:40:37:plx_sources_hist_250_v1: Getting source transport.
2021-11-24 06:40:37:Sum total transport...
2021-11-24 06:40:53:plx_sources_rcp_250_v1: Start source transport.
2021-11-24 06:40:54:plx_sources_rcp_250_v1: Getting source transport.
2021-11-24 06:40:54:Sum total transport...
2021-11-24 06:41:02:Sum total transport. Success!
2021-11-24 06:41:02:plx_sources_hist_250_v1: u total=23.8
2021-11-24 06:41:27:Sum total transport. Success!
2021-11-24 06:41:27:plx_sources_rcp_250_v1: u total=22.8
2021-11-24 06:42:01:plx_sources_rcp_250_v1: 0 u=0.0 0.2% 
2021-11-24 06:42:18:plx_sources_rcp_250_v1: 1 u=2.8 12.5% 
2021-11-24 06:42:37:plx_sources_rcp_250_v1: 2 u=5.2 22.8% 
2021-11-24 06:42:55:plx_sources_rcp_250_v1: 3 u=0.7 3.3% 
2021-11-24 06:43:10:plx_sources_rcp_250_v1: 4 u=3.4 15.1% 
2021-11-24 06:43:26:plx_sources_rcp_250_v1: 5 u=3.4 14.9% 
2021-11-24 06:43:43:plx_sources_rcp_250_v1: 6 u=4.3 18.7% 
2021-11-24 06:43:59:plx_sources_rcp_250_v1: 7 u=1.0 4.4% 
2021-11-24 06:44:18:plx_sources_rcp_250_v1: 8 u=0.1 0.6% 
2021-11-24 06:44:33:plx_sources_rcp_250_v1: 9 u=1.7 7.5% 
2021-11-24 06:44:50:plx_sources_rcp_250_v1: 10 u=0.0 0.1% 
2021-11-24 07:00:33:plx_sources_rcp_250_v1: Start source transport.
2021-11-24 07:00:33:plx_sources_rcp_250_v1: Getting source transport.
2021-11-24 07:00:33:Sum total transport...
2021-11-24 07:00:53:Sum total transport. Success!
2021-11-24 07:00:53:plx_sources_rcp_250_v1: u total=22.8
2021-11-24 07:01:26:plx_sources_rcp_250_v1: 0 u=0.0 0.2% 
2021-11-24 07:01:43:plx_sources_rcp_250_v1: 1 u=2.8 12.5% 
2021-11-24 07:02:03:plx_sources_rcp_250_v1: 2 u=5.2 22.8% 
2021-11-24 07:02:19:plx_sources_rcp_250_v1: 3 u=0.7 3.3% 
2021-11-24 07:02:36:plx_sources_rcp_250_v1: 4 u=3.4 15.1% 
2021-11-24 07:02:52:plx_sources_rcp_250_v1: 5 u=3.4 14.9% 
2021-11-24 07:03:14:plx_sources_rcp_250_v1: 6 u=4.3 18.7% 
2021-11-24 07:03:29:plx_sources_rcp_250_v1: 7 u=1.0 4.4% 
2021-11-24 07:03:54:plx_sources_rcp_250_v1: 8 u=0.1 0.6% 
2021-11-24 07:04:10:plx_sources_rcp_250_v1: 9 u=1.7 7.5% 
2021-11-24 07:04:36:plx_sources_rcp_250_v1: 10 u=0.0 0.1% 
2021-11-24 07:22:11:plx_sources_hist_250_v1: Start source transport.
2021-11-24 07:22:11:plx_sources_hist_250_v1: Getting source transport.
2021-11-24 07:22:11:Sum total transport...
2021-11-24 07:22:30:Sum total transport. Success!
2021-11-24 07:22:30:plx_sources_hist_250_v1: u total=23.8
2021-11-24 07:23:02:plx_sources_hist_250_v1: 0 u=0.1 0.5% 
2021-11-24 07:23:18:plx_sources_hist_250_v1: 1 u=2.7 11.5% 
2021-11-24 07:23:40:plx_sources_hist_250_v1: 2 u=4.3 18.3% 
2021-11-24 07:23:55:plx_sources_hist_250_v1: 3 u=1.1 4.8% 
2021-11-24 07:24:11:plx_sources_hist_250_v1: 4 u=3.5 14.7% 
2021-11-24 07:24:26:plx_sources_hist_250_v1: 5 u=3.8 16.1% 
2021-11-24 07:24:45:plx_sources_hist_250_v1: 6 u=4.9 20.6% 
2021-11-24 07:25:00:plx_sources_hist_250_v1: 7 u=0.8 3.4% 
2021-11-24 07:25:16:plx_sources_hist_250_v1: 8 u=0.3 1.2% 
2021-11-24 07:25:31:plx_sources_hist_250_v1: 9 u=2.1 8.7% 
2021-11-24 07:25:47:plx_sources_hist_250_v1: 10 u=0.0 0.1% 
2021-11-24 07:58:29:plx_sources_rcp_165_v1: Start source transport.
2021-11-24 07:58:29:plx_sources_rcp_165_v1: Getting source transport.
2021-11-24 07:58:29:Sum total transport...
2021-11-24 07:59:06:Sum total transport. Success!
2021-11-24 07:59:06:plx_sources_rcp_165_v1: u total=24.0
2021-11-24 07:59:52:plx_sources_rcp_165_v1: 0 u=0.0 0.1% 
2021-11-24 08:00:29:plx_sources_rcp_165_v1: 1 u=4.5 18.9% 
2021-11-24 08:01:08:plx_sources_rcp_165_v1: 2 u=7.9 32.9% 
2021-11-24 08:01:43:plx_sources_rcp_165_v1: 3 u=1.3 5.2% 
2021-11-24 08:02:15:plx_sources_rcp_165_v1: 4 u=2.9 12.2% 
2021-11-24 08:02:58:plx_sources_rcp_165_v1: 5 u=2.5 10.4% 
2021-11-24 08:03:30:plx_sources_rcp_165_v1: 6 u=0.8 3.5% 
2021-11-24 08:04:10:plx_sources_rcp_165_v1: 7 u=2.2 9.3% 
2021-11-24 08:04:43:plx_sources_rcp_165_v1: 8 u=0.1 0.4% 
2021-11-24 08:05:24:plx_sources_rcp_165_v1: 9 u=1.7 7.1% 
2021-11-24 08:06:00:plx_sources_rcp_165_v1: 10 u=0.0 0.0% 
2021-11-24 08:18:35:plx_sources_hist_165_v1: Start source transport.
2021-11-24 08:18:35:plx_sources_hist_165_v1: Getting source transport.
2021-11-24 08:18:35:Sum total transport...
2021-11-24 08:19:06:Sum total transport. Success!
2021-11-24 08:19:06:plx_sources_hist_165_v1: u total=20.6
2021-11-24 08:19:51:plx_sources_hist_165_v1: 0 u=0.0 0.2% 
2021-11-24 08:20:20:plx_sources_hist_165_v1: 1 u=3.5 17.1% 
2021-11-24 08:20:47:plx_sources_hist_165_v1: 2 u=5.5 26.4% 
2021-11-24 08:21:27:plx_sources_hist_165_v1: 3 u=1.5 7.3% 
2021-11-24 08:21:55:plx_sources_hist_165_v1: 4 u=3.0 14.3% 
2021-11-24 08:22:26:plx_sources_hist_165_v1: 5 u=2.8 13.5% 
2021-11-24 08:22:58:plx_sources_hist_165_v1: 6 u=1.1 5.5% 
2021-11-24 08:23:30:plx_sources_hist_165_v1: 7 u=1.4 6.7% 
2021-11-24 08:24:21:plx_sources_hist_165_v1: 8 u=0.1 0.4% 
2021-11-24 08:24:50:plx_sources_hist_165_v1: 9 u=1.8 8.5% 
2021-11-24 08:25:23:plx_sources_hist_165_v1: 10 u=0.0 0.0% 
2021-11-24 08:39:44:plx_sources_rcp_165_v1: Start source transport.
