
2022-09-21 02:29:58:
2022-09-21 02:30:22:speed 190     Vitiaz Strait mode: H=0.022 R=0.024 D=0.002
2022-09-21 02:30:24:speed 190    Solomon Strait mode: H=0.021 R=0.021 D=0.000
2022-09-21 02:30:25:speed 190   Solomon Islands mode: H=0.021 R=0.022 D=0.001
2022-09-21 02:30:26:speed 190  Mindanao Current mode: H=0.021 R=0.022 D=0.001
2022-09-21 02:30:26:speed 190       Celebes Sea mode: H=0.021 R=0.025 D=0.003
2022-09-21 02:30:28:speed 190    South Interior mode: H=0.019 R=0.012 D=-0.007
2022-09-21 02:30:28:speed 190    North Interior mode: H=0.021 R=0.021 D=-0.001
2022-09-21 02:30:28:speed 190   Indonesian Seas mode: H=0.006 R=0.006 D=0.000
2022-09-21 02:30:28:
2022-09-21 02:30:49:speed 220     Vitiaz Strait mode: H=0.010 R=0.026 D=0.016
2022-09-21 02:30:51:speed 220    Solomon Strait mode: H=0.010 R=0.010 D=0.000
2022-09-21 02:30:51:speed 220   Solomon Islands mode: H=0.021 R=0.024 D=0.003
2022-09-21 02:30:52:speed 220  Mindanao Current mode: H=0.012 R=0.016 D=0.004
2022-09-21 02:30:52:speed 220       Celebes Sea mode: H=0.023 R=0.027 D=0.004
2022-09-21 02:30:54:speed 220    South Interior mode: H=0.013 R=0.013 D=-0.001
2022-09-21 02:30:55:speed 220    North Interior mode: H=0.021 R=0.018 D=-0.003
2022-09-21 02:30:55:speed 220   Indonesian Seas mode: H=0.007 R=0.007 D=0.000
2022-09-21 02:30:55:
2022-09-21 02:31:12:speed 250     Vitiaz Strait mode: H=0.017 R=0.019 D=0.001
2022-09-21 02:31:14:speed 250    Solomon Strait mode: H=0.017 R=0.018 D=0.000
2022-09-21 02:31:14:speed 250   Solomon Islands mode: H=0.017 R=0.023 D=0.006
2022-09-21 02:31:15:speed 250  Mindanao Current mode: H=0.016 R=0.016 D=-0.001
2022-09-21 02:31:15:speed 250       Celebes Sea mode: H=0.024 R=0.020 D=-0.004
2022-09-21 02:31:16:speed 250    South Interior mode: H=0.013 R=0.013 D=-0.000
2022-09-21 02:31:17:speed 250    North Interior mode: H=0.016 R=0.016 D=-0.000
2022-09-21 02:31:17:speed 250   Indonesian Seas mode: H=0.009 R=0.010 D=0.001
2022-09-21 02:31:17:
2022-09-21 02:33:13:age 165     Vitiaz Strait mode: H=287.7 R=278.0 D=-9.7
2022-09-21 02:33:16:age 165    Solomon Strait mode: H=102.4 R=105.1 D=2.7
2022-09-21 02:33:17:age 165   Solomon Islands mode: H=156.4 R=106.2 D=-50.2
2022-09-21 02:33:18:age 165  Mindanao Current mode: H=223.4 R=236.7 D=13.2
2022-09-21 02:33:19:age 165       Celebes Sea mode: H=280.8 R=189.7 D=-91.0
2022-09-21 02:33:20:age 165    South Interior mode: H=475.6 R=453.9 D=-21.8
2022-09-21 02:33:20:age 165    North Interior mode: H=1227.0 R=219.8 D=-1007.2
2022-09-21 02:33:21:age 165   Indonesian Seas mode: H=499.9 R=741.1 D=241.2
2022-09-21 02:33:21:
2022-09-21 02:33:46:age 190     Vitiaz Strait mode: H=487.9 R=386.6 D=-101.3
2022-09-21 02:33:48:age 190    Solomon Strait mode: H=274.6 R=225.9 D=-48.7
2022-09-21 02:33:49:age 190   Solomon Islands mode: H=320.7 R=280.2 D=-40.6
2022-09-21 02:33:50:age 190  Mindanao Current mode: H=398.0 R=351.6 D=-46.5
2022-09-21 02:33:51:age 190       Celebes Sea mode: H=389.6 R=347.8 D=-41.8
2022-09-21 02:33:53:age 190    South Interior mode: H=453.2 R=451.2 D=-2.0
2022-09-21 02:33:53:age 190    North Interior mode: H=779.1 R=1032.0 D=253.0
2022-09-21 02:33:53:age 190   Indonesian Seas mode: H=2328.4 R=944.9 D=-1383.5
2022-09-21 02:33:53:
2022-09-21 02:34:14:age 220     Vitiaz Strait mode: H=559.6 R=459.9 D=-99.7
2022-09-21 02:34:16:age 220    Solomon Strait mode: H=387.1 R=340.7 D=-46.4
2022-09-21 02:34:16:age 220   Solomon Islands mode: H=423.0 R=395.7 D=-27.4
2022-09-21 02:34:18:age 220  Mindanao Current mode: H=493.1 R=392.4 D=-100.8
2022-09-21 02:34:18:age 220       Celebes Sea mode: H=490.7 R=456.6 D=-34.2
2022-09-21 02:34:20:age 220    South Interior mode: H=353.7 R=443.0 D=89.3
2022-09-21 02:34:20:age 220    North Interior mode: H=653.4 R=676.6 D=23.2
2022-09-21 02:34:21:age 220   Indonesian Seas mode: H=1987.9 R=1457.5 D=-530.3
2022-09-21 02:34:21:
2022-09-21 02:34:39:age 250     Vitiaz Strait mode: H=612.7 R=544.3 D=-68.4
2022-09-21 02:34:41:age 250    Solomon Strait mode: H=377.7 R=408.4 D=30.7
2022-09-21 02:34:41:age 250   Solomon Islands mode: H=441.1 R=439.5 D=-1.6
2022-09-21 02:34:42:age 250  Mindanao Current mode: H=566.2 R=455.4 D=-110.7
2022-09-21 02:34:43:age 250       Celebes Sea mode: H=567.5 R=492.6 D=-75.0
2022-09-21 02:34:44:age 250    South Interior mode: H=418.7 R=472.6 D=53.9
2022-09-21 02:34:44:age 250    North Interior mode: H=462.1 R=521.7 D=59.7
2022-09-21 02:34:44:age 250   Indonesian Seas mode: H=3206.9 R=1589.9 D=-1616.9
2022-09-21 02:34:44:
2022-09-21 02:35:09:distance 165     Vitiaz Strait mode: H=6.2 R=7.0 D=0.8
2022-09-21 02:35:12:distance 165    Solomon Strait mode: H=3.1 R=3.0 D=-0.1
2022-09-21 02:35:13:distance 165   Solomon Islands mode: H=3.2 R=3.0 D=-0.2
2022-09-21 02:35:14:distance 165  Mindanao Current mode: H=5.4 R=6.0 D=0.6
2022-09-21 02:35:15:distance 165       Celebes Sea mode: H=6.1 R=5.8 D=-0.3
2022-09-21 02:35:16:distance 165    South Interior mode: H=8.1 R=8.1 D=0.1
2022-09-21 02:35:16:distance 165    North Interior mode: H=27.1 R=5.0 D=-22.1
2022-09-21 02:35:17:distance 165   Indonesian Seas mode: H=8.9 R=9.1 D=0.2
2022-09-21 02:35:17:
2022-09-21 02:35:41:distance 190     Vitiaz Strait mode: H=9.9 R=9.5 D=-0.3
2022-09-21 02:35:44:distance 190    Solomon Strait mode: H=5.7 R=5.7 D=0.0
2022-09-21 02:35:44:distance 190   Solomon Islands mode: H=6.0 R=6.5 D=0.5
2022-09-21 02:35:46:distance 190  Mindanao Current mode: H=8.9 R=8.4 D=-0.5
2022-09-21 02:35:46:distance 190       Celebes Sea mode: H=9.4 R=9.1 D=-0.3
2022-09-21 02:35:48:distance 190    South Interior mode: H=6.6 R=6.5 D=-0.2
2022-09-21 02:35:49:distance 190    North Interior mode: H=17.9 R=17.1 D=-0.8
2022-09-21 02:35:49:distance 190   Indonesian Seas mode: H=16.1 R=12.9 D=-3.2
2022-09-21 02:35:49:
2022-09-21 02:36:09:distance 220     Vitiaz Strait mode: H=13.2 R=12.9 D=-0.3
2022-09-21 02:36:11:distance 220    Solomon Strait mode: H=9.1 R=9.2 D=0.1
2022-09-21 02:36:12:distance 220   Solomon Islands mode: H=9.9 R=9.4 D=-0.4
2022-09-21 02:36:13:distance 220  Mindanao Current mode: H=12.0 R=12.3 D=0.3
2022-09-21 02:36:13:distance 220       Celebes Sea mode: H=12.5 R=12.1 D=-0.4
2022-09-21 02:36:15:distance 220    South Interior mode: H=3.9 R=4.1 D=0.2
2022-09-21 02:36:16:distance 220    North Interior mode: H=7.6 R=11.4 D=3.8
2022-09-21 02:36:16:distance 220   Indonesian Seas mode: H=19.5 R=18.6 D=-0.9
2022-09-21 02:36:16:
2022-09-21 02:36:34:distance 250     Vitiaz Strait mode: H=16.1 R=16.4 D=0.4
2022-09-21 02:36:36:distance 250    Solomon Strait mode: H=12.4 R=12.9 D=0.5
2022-09-21 02:36:36:distance 250   Solomon Islands mode: H=13.1 R=13.2 D=0.0
2022-09-21 02:36:37:distance 250  Mindanao Current mode: H=15.4 R=15.5 D=0.1
2022-09-21 02:36:37:distance 250       Celebes Sea mode: H=16.0 R=16.0 D=-0.0
2022-09-21 02:36:38:distance 250    South Interior mode: H=6.4 R=7.1 D=0.7
2022-09-21 02:36:39:distance 250    North Interior mode: H=9.5 R=10.1 D=0.5
2022-09-21 02:36:39:distance 250   Indonesian Seas mode: H=21.8 R=21.4 D=-0.4
2022-09-21 02:36:39:
2022-10-12 19:20:46:age 165     Vitiaz Strait mode: H=301.5 R=296.7 D=-4.7 (-1.6%)
2022-10-12 19:20:49:age 165    Solomon Strait mode: H=104.7 R=107.1 D=2.4 (2.3%)
2022-10-12 19:20:50:age 165   Solomon Islands mode: H=124.2 R=118.2 D=-6.0 (-4.8%)
2022-10-12 19:20:51:age 165  Mindanao Current mode: H=226.3 R=233.2 D=6.9 (3.0%)
2022-10-12 19:20:52:age 165       Celebes Sea mode: H=282.3 R=238.9 D=-43.4 (-15.4%)
2022-10-12 19:20:54:age 165    South Interior mode: H=447.1 R=468.5 D=21.4 (4.8%)
2022-10-12 19:20:54:age 165    North Interior mode: H=1186.6 R=190.0 D=-996.6 (-84.0%)
2022-10-12 19:20:55:age 165   Indonesian Seas mode: H=486.4 R=700.2 D=213.8 (44.0%)
2022-10-12 19:20:55:
2022-10-12 19:21:35:age 190     Vitiaz Strait mode: H=459.4 R=383.9 D=-75.5 (-16.4%)
2022-10-12 19:21:38:age 190    Solomon Strait mode: H=223.0 R=226.4 D=3.3 (1.5%)
2022-10-12 19:21:38:age 190   Solomon Islands mode: H=282.3 R=260.0 D=-22.4 (-7.9%)
2022-10-12 19:21:40:age 190  Mindanao Current mode: H=360.6 R=295.1 D=-65.4 (-18.1%)
2022-10-12 19:21:41:age 190       Celebes Sea mode: H=360.8 R=374.7 D=14.0 (3.9%)
2022-10-12 19:21:43:age 190    South Interior mode: H=461.6 R=481.1 D=19.5 (4.2%)
2022-10-12 19:21:43:age 190    North Interior mode: H=783.7 R=882.2 D=98.5 (12.6%)
2022-10-12 19:21:44:age 190   Indonesian Seas mode: H=2307.5 R=959.0 D=-1348.5 (-58.4%)
2022-10-12 19:21:44:
2022-10-12 19:22:17:age 220     Vitiaz Strait mode: H=540.1 R=509.0 D=-31.1 (-5.8%)
2022-10-12 19:22:20:age 220    Solomon Strait mode: H=351.5 R=350.9 D=-0.6 (-0.2%)
2022-10-12 19:22:20:age 220   Solomon Islands mode: H=411.8 R=393.1 D=-18.8 (-4.6%)
2022-10-12 19:22:21:age 220  Mindanao Current mode: H=481.1 R=425.8 D=-55.2 (-11.5%)
2022-10-12 19:22:22:age 220       Celebes Sea mode: H=489.8 R=451.3 D=-38.4 (-7.8%)
2022-10-12 19:22:24:age 220    South Interior mode: H=313.2 R=409.4 D=96.3 (30.7%)
2022-10-12 19:22:25:age 220    North Interior mode: H=638.6 R=643.0 D=4.4 (0.7%)
2022-10-12 19:22:25:age 220   Indonesian Seas mode: H=2040.8 R=1470.7 D=-570.1 (-27.9%)
2022-10-12 19:22:25:
2022-10-12 19:22:55:age 250     Vitiaz Strait mode: H=580.3 R=557.6 D=-22.6 (-3.9%)
2022-10-12 19:22:57:age 250    Solomon Strait mode: H=394.3 R=403.4 D=9.1 (2.3%)
2022-10-12 19:22:57:age 250   Solomon Islands mode: H=441.7 R=416.4 D=-25.3 (-5.7%)
2022-10-12 19:22:58:age 250  Mindanao Current mode: H=556.5 R=490.5 D=-65.9 (-11.8%)
2022-10-12 19:22:59:age 250       Celebes Sea mode: H=544.1 R=498.7 D=-45.4 (-8.3%)
2022-10-12 19:23:00:age 250    South Interior mode: H=366.0 R=447.8 D=81.8 (22.4%)
2022-10-12 19:23:01:age 250    North Interior mode: H=457.1 R=473.7 D=16.5 (3.6%)
2022-10-12 19:23:01:age 250   Indonesian Seas mode: H=3248.4 R=1561.8 D=-1686.6 (-51.9%)
2022-10-12 19:23:01:
2022-10-12 19:23:45:distance 165     Vitiaz Strait mode: H=6.7 R=7.0 D=0.2 (3.3%)
2022-10-12 19:23:49:distance 165    Solomon Strait mode: H=2.71 R=2.86 D=0.14 (5.3%)
2022-10-12 19:23:49:distance 165   Solomon Islands mode: H=3.30 R=3.05 D=-0.25 (-7.6%)
2022-10-12 19:23:51:distance 165  Mindanao Current mode: H=5.9 R=5.8 D=-0.1 (-2.5%)
2022-10-12 19:23:51:distance 165       Celebes Sea mode: H=6.4 R=6.3 D=-0.2 (-2.6%)
2022-10-12 19:23:53:distance 165    South Interior mode: H=4.64 R=7.86 D=3.22 (69.4%)
2022-10-12 19:23:53:distance 165    North Interior mode: H=27.0 R=5.0 D=-21.9 (-81.3%)
2022-10-12 19:23:54:distance 165   Indonesian Seas mode: H=8.6 R=9.4 D=0.7 (8.4%)
2022-10-12 19:23:54:
2022-10-12 19:24:36:distance 190     Vitiaz Strait mode: H=9.8 R=9.6 D=-0.2 (-2.2%)
2022-10-12 19:24:39:distance 190    Solomon Strait mode: H=5.7 R=5.6 D=-0.1 (-1.7%)
2022-10-12 19:24:40:distance 190   Solomon Islands mode: H=6.1 R=6.3 D=0.1 (2.3%)
2022-10-12 19:24:42:distance 190  Mindanao Current mode: H=8.7 R=8.4 D=-0.3 (-3.2%)
2022-10-12 19:24:42:distance 190       Celebes Sea mode: H=9.2 R=9.2 D=-0.1 (-0.5%)
2022-10-12 19:24:45:distance 190    South Interior mode: H=6.2 R=6.0 D=-0.2 (-2.7%)
2022-10-12 19:24:45:distance 190    North Interior mode: H=18.0 R=17.3 D=-0.7 (-3.8%)
2022-10-12 19:24:46:distance 190   Indonesian Seas mode: H=15.8 R=12.7 D=-3.1 (-19.6%)
2022-10-12 19:24:46:
2022-10-12 19:26:22:distance 220     Vitiaz Strait mode: H=13.1 R=13.0 D=-0.2 (-1.3%)
2022-10-12 19:26:27:distance 220    Solomon Strait mode: H=9.2 R=9.1 D=-0.1 (-0.6%)
2022-10-12 19:26:28:distance 220   Solomon Islands mode: H=9.7 R=9.8 D=0.1 (1.0%)
2022-10-12 19:26:30:distance 220  Mindanao Current mode: H=12.0 R=12.2 D=0.1 (1.2%)
2022-10-12 19:26:31:distance 220       Celebes Sea mode: H=12.5 R=12.5 D=-0.0 (-0.2%)
2022-10-12 19:26:35:distance 220    South Interior mode: H=4.14 R=3.79 D=-0.34 (-8.3%)
2022-10-12 19:26:43:distance 220    North Interior mode: H=7.9 R=10.5 D=2.6 (33.3%)
2022-10-12 19:26:45:distance 220   Indonesian Seas mode: H=19.6 R=18.4 D=-1.1 (-5.8%)
2022-10-12 19:26:45:
2022-10-12 19:28:06:distance 250     Vitiaz Strait mode: H=16.2 R=16.0 D=-0.2 (-1.5%)
2022-10-12 19:28:08:distance 250    Solomon Strait mode: H=12.5 R=12.9 D=0.4 (3.0%)
2022-10-12 19:28:09:distance 250   Solomon Islands mode: H=12.8 R=12.8 D=-0.0 (-0.1%)
2022-10-12 19:28:10:distance 250  Mindanao Current mode: H=15.3 R=15.4 D=0.1 (0.8%)
2022-10-12 19:28:11:distance 250       Celebes Sea mode: H=16.2 R=15.8 D=-0.4 (-2.5%)
2022-10-12 19:28:12:distance 250    South Interior mode: H=6.2 R=7.2 D=1.0 (16.6%)
2022-10-12 19:28:13:distance 250    North Interior mode: H=9.6 R=9.3 D=-0.2 (-2.3%)
2022-10-12 19:28:13:distance 250   Indonesian Seas mode: H=21.5 R=21.4 D=-0.1 (-0.6%)
2022-10-12 19:28:13:
2022-10-12 19:29:01:speed 165     Vitiaz Strait mode: H=0.02 R=0.02 D=-0.00 (-4.1%)
2022-10-12 19:29:04:speed 165    Solomon Strait mode: H=0.02 R=0.02 D=0.00 (2.7%)
2022-10-12 19:29:04:speed 165   Solomon Islands mode: H=0.02 R=0.02 D=0.00 (7.3%)
2022-10-12 19:29:05:speed 165  Mindanao Current mode: H=0.02 R=0.02 D=0.00 (0.2%)
2022-10-12 19:29:06:speed 165       Celebes Sea mode: H=0.02 R=0.02 D=0.00 (0.4%)
2022-10-12 19:29:07:speed 165    South Interior mode: H=0.02 R=0.02 D=-0.00 (-14.6%)
2022-10-12 19:29:08:speed 165    North Interior mode: H=0.02 R=0.02 D=-0.00 (-7.3%)
2022-10-12 19:29:08:speed 165   Indonesian Seas mode: H=0.01 R=0.02 D=0.01 (207.5%)
2022-10-12 19:29:08:
2022-10-12 19:29:53:speed 190     Vitiaz Strait mode: H=0.02 R=0.02 D=0.00 (6.9%)
2022-10-12 19:29:55:speed 190    Solomon Strait mode: H=0.02 R=0.02 D=0.00 (3.5%)
2022-10-12 19:29:56:speed 190   Solomon Islands mode: H=0.02 R=0.02 D=0.00 (5.6%)
2022-10-12 19:29:57:speed 190  Mindanao Current mode: H=0.02 R=0.02 D=0.00 (2.5%)
2022-10-12 19:29:58:speed 190       Celebes Sea mode: H=0.02 R=0.02 D=0.00 (14.3%)
2022-10-12 19:29:59:speed 190    South Interior mode: H=0.02 R=0.01 D=-0.01 (-35.2%)
2022-10-12 19:30:00:speed 190    North Interior mode: H=0.02 R=0.02 D=-0.00 (-4.2%)
2022-10-12 19:30:00:speed 190   Indonesian Seas mode: H=0.01 R=0.01 D=0.00 (2.1%)
2022-10-12 19:30:00:
2022-10-12 19:30:49:speed 220     Vitiaz Strait mode: H=0.01 R=0.03 D=0.02 (168.3%)
2022-10-12 19:30:51:speed 220    Solomon Strait mode: H=0.01 R=0.01 D=0.00 (7.0%)
2022-10-12 19:30:52:speed 220   Solomon Islands mode: H=0.01 R=0.02 D=0.01 (148.0%)
2022-10-12 19:30:53:speed 220  Mindanao Current mode: H=0.02 R=0.02 D=0.00 (1.1%)
2022-10-12 19:30:53:speed 220       Celebes Sea mode: H=0.02 R=0.03 D=0.00 (10.7%)
2022-10-12 19:30:55:speed 220    South Interior mode: H=0.01 R=0.01 D=-0.00 (-7.1%)
2022-10-12 19:30:55:speed 220    North Interior mode: H=0.02 R=0.02 D=-0.00 (-1.0%)
2022-10-12 19:30:55:speed 220   Indonesian Seas mode: H=0.01 R=0.01 D=0.00 (3.9%)
2022-10-12 19:30:55:
2022-10-12 19:31:24:speed 250     Vitiaz Strait mode: H=0.02 R=0.02 D=0.00 (7.4%)
2022-10-12 19:31:26:speed 250    Solomon Strait mode: H=0.02 R=0.02 D=0.00 (4.2%)
2022-10-12 19:31:27:speed 250   Solomon Islands mode: H=0.02 R=0.02 D=0.01 (32.0%)
2022-10-12 19:31:27:speed 250  Mindanao Current mode: H=0.02 R=0.02 D=-0.00 (-6.1%)
2022-10-12 19:31:28:speed 250       Celebes Sea mode: H=0.02 R=0.02 D=-0.00 (-15.3%)
2022-10-12 19:31:29:speed 250    South Interior mode: H=0.01 R=0.01 D=0.00 (9.2%)
2022-10-12 19:31:29:speed 250    North Interior mode: H=0.02 R=0.02 D=-0.00 (-6.7%)
2022-10-12 19:31:29:speed 250   Indonesian Seas mode: H=0.01 R=0.01 D=0.00 (13.1%)
2022-10-12 19:31:29:
############################# Post Bounds update ########################################
2022-10-17 15:55:54:age 165     Vitiaz Strait mode: H=301.5 R=296.7 D=-4.7 (-1.6%)
2022-10-17 15:55:58:age 165    Solomon Strait mode: H=104.7 R=107.1 D=2.4 (2.3%)
2022-10-17 15:55:58:age 165   Solomon Islands mode: H=124.2 R=118.2 D=-6.0 (-4.8%)
2022-10-17 15:56:00:age 165  Mindanao Current mode: H=226.3 R=233.2 D=6.9 (3.0%)
2022-10-17 15:56:00:age 165       Celebes Sea mode: H=282.3 R=238.9 D=-43.4 (-15.4%)
2022-10-17 15:56:02:age 165    South Interior mode: H=447.1 R=468.5 D=21.4 (4.8%)
2022-10-17 15:56:03:age 165    North Interior mode: H=1186.6 R=190.0 D=-996.6 (-84.0%)
2022-10-17 15:56:03:age 165   Indonesian Seas mode: H=486.4 R=700.2 D=213.8 (44.0%)
2022-10-17 15:56:03:
2022-10-17 15:56:43:age 190     Vitiaz Strait mode: H=459.4 R=383.9 D=-75.5 (-16.4%)
2022-10-17 15:56:45:age 190    Solomon Strait mode: H=223.0 R=226.4 D=3.3 (1.5%)
2022-10-17 15:56:46:age 190   Solomon Islands mode: H=282.3 R=260.0 D=-22.4 (-7.9%)
2022-10-17 15:56:47:age 190  Mindanao Current mode: H=360.6 R=295.1 D=-65.4 (-18.1%)
2022-10-17 15:56:48:age 190       Celebes Sea mode: H=360.8 R=374.7 D=14.0 (3.9%)
2022-10-17 15:56:50:age 190    South Interior mode: H=461.6 R=481.1 D=19.5 (4.2%)
2022-10-17 15:56:51:age 190    North Interior mode: H=783.7 R=882.2 D=98.5 (12.6%)
2022-10-17 15:56:51:age 190   Indonesian Seas mode: H=2307.5 R=959.0 D=-1348.5 (-58.4%)
2022-10-17 15:56:51:
2022-10-17 15:57:26:age 220     Vitiaz Strait mode: H=540.1 R=509.0 D=-31.1 (-5.8%)
2022-10-17 15:57:28:age 220    Solomon Strait mode: H=351.5 R=350.9 D=-0.6 (-0.2%)
2022-10-17 15:57:28:age 220   Solomon Islands mode: H=411.8 R=393.1 D=-18.8 (-4.6%)
2022-10-17 15:57:30:age 220  Mindanao Current mode: H=481.1 R=425.8 D=-55.2 (-11.5%)
2022-10-17 15:57:30:age 220       Celebes Sea mode: H=489.8 R=451.3 D=-38.4 (-7.8%)
2022-10-17 15:57:32:age 220    South Interior mode: H=313.2 R=409.4 D=96.3 (30.7%)
2022-10-17 15:57:33:age 220    North Interior mode: H=638.6 R=643.0 D=4.4 (0.7%)
2022-10-17 15:57:33:age 220   Indonesian Seas mode: H=2040.8 R=1470.7 D=-570.1 (-27.9%)
2022-10-17 15:57:33:
2022-10-17 15:58:02:age 250     Vitiaz Strait mode: H=580.3 R=557.6 D=-22.6 (-3.9%)
2022-10-17 15:58:04:age 250    Solomon Strait mode: H=394.3 R=403.4 D=9.1 (2.3%)
2022-10-17 15:58:04:age 250   Solomon Islands mode: H=441.7 R=416.4 D=-25.3 (-5.7%)
2022-10-17 15:58:05:age 250  Mindanao Current mode: H=556.5 R=490.5 D=-65.9 (-11.8%)
2022-10-17 15:58:06:age 250       Celebes Sea mode: H=544.1 R=498.7 D=-45.4 (-8.3%)
2022-10-17 15:58:07:age 250    South Interior mode: H=366.0 R=447.8 D=81.8 (22.4%)
2022-10-17 15:58:07:age 250    North Interior mode: H=457.1 R=473.7 D=16.5 (3.6%)
2022-10-17 15:58:07:age 250   Indonesian Seas mode: H=3248.4 R=1561.8 D=-1686.6 (-51.9%)
2022-10-17 15:58:07:

2022-10-18 18:40:27:distance 165     Vitiaz Strait mode: H=7.2 R=7.3 D=0.1 (1.9%)
2022-10-18 18:40:32:distance 165    Solomon Strait mode: H=3.0 R=3.2 D=0.2 (5.9%)
2022-10-18 18:40:33:distance 165   Solomon Islands mode: H=3.6 R=3.4 D=-0.2 (-6.8%)
2022-10-18 18:40:36:distance 165  Mindanao Current mode: H=6.3 R=6.1 D=-0.2 (-3.1%)
2022-10-18 18:40:38:distance 165       Celebes Sea mode: H=6.7 R=6.5 D=-0.2 (-2.9%)
2022-10-18 18:40:40:distance 165    South Interior mode: H=5.0 R=8.2 D=3.2 (63.6%)
2022-10-18 18:40:41:distance 165    North Interior mode: H=27.3 R=5.3 D=-22.0 (-80.4%)
2022-10-18 18:40:41:distance 165   Indonesian Seas mode: H=8.9 R=9.6 D=0.7 (7.5%)
2022-10-18 18:40:41:
2022-10-18 18:41:22:distance 190     Vitiaz Strait mode: H=10.1 R=9.9 D=-0.2 (-2.4%)
2022-10-18 18:41:26:distance 190    Solomon Strait mode: H=6.1 R=6.0 D=-0.1 (-1.6%)
2022-10-18 18:41:27:distance 190   Solomon Islands mode: H=6.4 R=6.6 D=0.2 (2.4%)
2022-10-18 18:41:30:distance 190  Mindanao Current mode: H=9.1 R=8.7 D=-0.3 (-3.7%)
2022-10-18 18:41:31:distance 190       Celebes Sea mode: H=9.5 R=9.5 D=-0.0 (-0.4%)
2022-10-18 18:41:34:distance 190    South Interior mode: H=6.5 R=6.4 D=-0.1 (-2.3%)
2022-10-18 18:41:35:distance 190    North Interior mode: H=18.4 R=17.7 D=-0.7 (-3.9%)
2022-10-18 18:41:35:distance 190   Indonesian Seas mode: H=16.1 R=13.0 D=-3.1 (-19.4%)
2022-10-18 18:41:35:
2022-10-18 18:42:09:distance 220     Vitiaz Strait mode: H=13.5 R=13.3 D=-0.2 (-1.6%)
2022-10-18 18:42:12:distance 220    Solomon Strait mode: H=9.5 R=9.5 D=-0.1 (-0.6%)
2022-10-18 18:42:13:distance 220   Solomon Islands mode: H=10.0 R=10.2 D=0.1 (1.2%)
2022-10-18 18:42:16:distance 220  Mindanao Current mode: H=12.3 R=12.5 D=0.1 (1.2%)
2022-10-18 18:42:17:distance 220       Celebes Sea mode: H=12.8 R=12.8 D=-0.0 (-0.2%)
2022-10-18 18:42:20:distance 220    South Interior mode: H=4.5 R=4.1 D=-0.4 (-8.5%)
2022-10-18 18:42:21:distance 220    North Interior mode: H=8.2 R=10.8 D=2.6 (31.9%)
2022-10-18 18:42:21:distance 220   Indonesian Seas mode: H=19.8 R=18.6 D=-1.1 (-5.7%)
2022-10-18 18:42:21:
2022-10-18 18:42:51:distance 250     Vitiaz Strait mode: H=16.5 R=16.3 D=-0.3 (-1.6%)
2022-10-18 18:42:54:distance 250    Solomon Strait mode: H=12.8 R=13.1 D=0.4 (2.8%)
2022-10-18 18:42:55:distance 250   Solomon Islands mode: H=13.1 R=13.0 D=-0.1 (-0.5%)
2022-10-18 18:42:57:distance 250  Mindanao Current mode: H=15.6 R=15.7 D=0.1 (0.5%)
2022-10-18 18:42:58:distance 250       Celebes Sea mode: H=16.5 R=16.1 D=-0.4 (-2.3%)
2022-10-18 18:43:00:distance 250    South Interior mode: H=6.5 R=7.5 D=1.0 (15.6%)
2022-10-18 18:43:01:distance 250    North Interior mode: H=9.9 R=9.6 D=-0.2 (-2.5%)
2022-10-18 18:43:02:distance 250   Indonesian Seas mode: H=21.7 R=21.6 D=-0.1 (-0.5%)
2022-10-18 18:43:02:
2022-10-18 18:43:44:speed 165     Vitiaz Strait mode: H=0.022 R=0.021 D=-0.001 (-4.1%)
2022-10-18 18:43:51:speed 165    Solomon Strait mode: H=0.018 R=0.019 D=0.000 (2.7%)
2022-10-18 18:43:54:speed 165   Solomon Islands mode: H=0.018 R=0.019 D=0.001 (7.4%)
2022-10-18 18:43:58:speed 165  Mindanao Current mode: H=0.022 R=0.022 D=0.000 (0.2%)
2022-10-18 18:44:02:speed 165       Celebes Sea mode: H=0.022 R=0.022 D=0.000 (0.4%)
2022-10-18 18:44:09:speed 165    South Interior mode: H=0.020 R=0.017 D=-0.003 (-14.6%)
2022-10-18 18:44:14:speed 165    North Interior mode: H=0.022 R=0.020 D=-0.002 (-7.3%)
2022-10-18 18:44:16:speed 165   Indonesian Seas mode: H=0.006 R=0.017 D=0.012 (204.8%)
2022-10-18 18:44:16:
2022-10-18 18:44:58:speed 190     Vitiaz Strait mode: H=0.022 R=0.024 D=0.002 (6.9%)
2022-10-18 18:45:04:speed 190    Solomon Strait mode: H=0.021 R=0.022 D=0.001 (3.4%)
2022-10-18 18:45:07:speed 190   Solomon Islands mode: H=0.021 R=0.022 D=0.001 (5.6%)
2022-10-18 18:45:12:speed 190  Mindanao Current mode: H=0.021 R=0.022 D=0.001 (2.4%)
2022-10-18 18:45:17:speed 190       Celebes Sea mode: H=0.022 R=0.025 D=0.003 (14.2%)
2022-10-18 18:45:24:speed 190    South Interior mode: H=0.019 R=0.012 D=-0.007 (-35.0%)
2022-10-18 18:45:29:speed 190    North Interior mode: H=0.022 R=0.021 D=-0.001 (-4.2%)
2022-10-18 18:45:32:speed 190   Indonesian Seas mode: H=0.007 R=0.007 D=0.000 (2.1%)
2022-10-18 18:45:32:
2022-10-18 18:46:10:speed 220     Vitiaz Strait mode: H=0.010 R=0.026 D=0.016 (166.3%)
2022-10-18 18:46:16:speed 220    Solomon Strait mode: H=0.010 R=0.010 D=0.001 (6.8%)
2022-10-18 18:46:19:speed 220   Solomon Islands mode: H=0.010 R=0.025 D=0.015 (146.6%)
2022-10-18 18:46:23:speed 220  Mindanao Current mode: H=0.016 R=0.016 D=0.000 (1.0%)
2022-10-18 18:46:27:speed 220       Celebes Sea mode: H=0.024 R=0.027 D=0.003 (10.5%)
2022-10-18 18:46:34:speed 220    South Interior mode: H=0.014 R=0.013 D=-0.001 (-7.1%)
2022-10-18 18:46:39:speed 220    North Interior mode: H=0.021 R=0.021 D=-0.000 (-1.0%)
2022-10-18 18:46:43:speed 220   Indonesian Seas mode: H=0.007 R=0.007 D=0.000 (4.3%)
2022-10-18 18:46:43:
2022-10-18 18:47:15:speed 250     Vitiaz Strait mode: H=0.018 R=0.019 D=0.001 (7.3%)
2022-10-18 18:47:20:speed 250    Solomon Strait mode: H=0.017 R=0.018 D=0.001 (4.1%)
2022-10-18 18:47:23:speed 250   Solomon Islands mode: H=0.017 R=0.023 D=0.005 (31.9%)
2022-10-18 18:47:28:speed 250  Mindanao Current mode: H=0.017 R=0.016 D=-0.001 (-6.1%)
2022-10-18 18:47:31:speed 250       Celebes Sea mode: H=0.024 R=0.020 D=-0.004 (-15.2%)
2022-10-18 18:47:37:speed 250    South Interior mode: H=0.013 R=0.014 D=0.001 (9.1%)
2022-10-18 18:47:42:speed 250    North Interior mode: H=0.018 R=0.016 D=-0.001 (-6.7%)
2022-10-18 18:47:46:speed 250   Indonesian Seas mode: H=0.009 R=0.010 D=0.001 (12.7%)
2022-10-18 18:47:46:
2022-10-21 10:27:14:age 165     Vitiaz Strait mode: H=301.5-376.0 R=296.7-371.7D=-4.7--4.3 (-1.6%--1.1%)
2022-10-21 10:27:19:age 165    Solomon Strait mode: H=104.7-179.3 R=107.1-182.2D=2.4-2.9 (2.3%-1.6%)
2022-10-21 10:27:22:age 165   Solomon Islands mode: H=124.2-196.4 R=118.2-192.4D=-6.0--3.9 (-4.8%--2.0%)
2022-10-21 10:27:26:age 165  Mindanao Current mode: H=226.3-299.5 R=233.2-306.8D=6.9-7.3 (3.0%-2.4%)
2022-10-21 10:27:28:age 165       Celebes Sea mode: H=282.3-344.4 R=238.9-311.6D=-43.4--32.9 (-15.4%--9.5%)
2022-10-21 10:27:31:age 165    South Interior mode: H=447.1-520.3 R=468.5-543.6D=21.4-23.3 (4.8%-4.5%)
2022-10-21 10:27:32:age 165    North Interior mode: H=1186.6-1260.2 R=190.0-263.0D=-996.6--997.2 (-84.0%--79.1%)
2022-10-21 10:27:33:age 165   Indonesian Seas mode: H=486.4-545.3 R=700.2-766.8D=213.8-221.5 (44.0%-40.6%)
2022-10-21 10:27:33:
2022-10-21 10:28:21:age 190     Vitiaz Strait mode: H=459.4-534.8 R=383.9-459.2D=-75.5--75.6 (-16.4%--14.1%)
2022-10-21 10:28:26:age 190    Solomon Strait mode: H=223.0-297.6 R=226.4-302.5D=3.3-5.0 (1.5%-1.7%)
2022-10-21 10:28:28:age 190   Solomon Islands mode: H=282.3-353.5 R=260.0-333.9D=-22.4--19.5 (-7.9%--5.5%)
2022-10-21 10:28:31:age 190  Mindanao Current mode: H=360.6-434.8 R=295.1-368.7D=-65.4--66.0 (-18.1%--15.2%)
2022-10-21 10:28:33:age 190       Celebes Sea mode: H=360.8-429.8 R=374.7-447.9D=14.0-18.2 (3.9%-4.2%)
2022-10-21 10:28:37:age 190    South Interior mode: H=461.6-536.6 R=481.1-557.3D=19.5-20.7 (4.2%-3.9%)
2022-10-21 10:28:38:age 190    North Interior mode: H=783.7-858.1 R=882.2-958.0D=98.5-100.0 (12.6%-11.6%)
2022-10-21 10:28:39:age 190   Indonesian Seas mode: H=2307.5-2377.9 R=959.0-1024.2D=-1348.5--1353.8 (-58.4%--56.9%)
2022-10-21 10:28:39:
2022-10-21 10:29:23:age 220     Vitiaz Strait mode: H=540.1-615.2 R=509.0-583.3D=-31.1--31.9 (-5.8%--5.2%)
2022-10-21 10:29:26:age 220    Solomon Strait mode: H=351.5-426.0 R=350.9-426.5D=-0.6-0.6 (-0.2%-0.1%)
2022-10-21 10:29:28:age 220   Solomon Islands mode: H=411.8-485.8 R=393.1-468.8D=-18.8--17.0 (-4.6%--3.5%)
2022-10-21 10:29:30:age 220  Mindanao Current mode: H=481.1-553.3 R=425.8-497.8D=-55.2--55.5 (-11.5%--10.0%)
2022-10-21 10:29:32:age 220       Celebes Sea mode: H=489.8-562.8 R=451.3-525.1D=-38.4--37.7 (-7.8%--6.7%)
2022-10-21 10:29:35:age 220    South Interior mode: H=313.2-387.5 R=409.4-484.5D=96.3-97.1 (30.7%-25.1%)
2022-10-21 10:29:37:age 220    North Interior mode: H=638.6-714.2 R=643.0-718.1D=4.4-3.9 (0.7%-0.5%)
2022-10-21 10:29:38:age 220   Indonesian Seas mode: H=2040.8-2102.0 R=1470.7-1538.0D=-570.1--564.0 (-27.9%--26.8%)
2022-10-21 10:29:38:
2022-10-21 10:30:14:age 250     Vitiaz Strait mode: H=580.3-654.8 R=557.6-632.6D=-22.6--22.3 (-3.9%--3.4%)
2022-10-21 10:30:17:age 250    Solomon Strait mode: H=394.3-469.0 R=403.4-478.5D=9.1-9.5 (2.3%-2.0%)
2022-10-21 10:30:18:age 250   Solomon Islands mode: H=441.7-511.0 R=416.4-491.2D=-25.3--19.7 (-5.7%--3.9%)
2022-10-21 10:30:21:age 250  Mindanao Current mode: H=556.5-631.1 R=490.5-563.4D=-65.9--67.7 (-11.8%--10.7%)
2022-10-21 10:30:22:age 250       Celebes Sea mode: H=544.1-611.2 R=498.7-571.5D=-45.4--39.7 (-8.3%--6.5%)
2022-10-21 10:30:26:age 250    South Interior mode: H=366.0-440.4 R=447.8-523.7D=81.8-83.3 (22.4%-18.9%)
2022-10-21 10:30:28:age 250    North Interior mode: H=457.1-533.0 R=473.7-548.4D=16.5-15.4 (3.6%-2.9%)
2022-10-21 10:30:29:age 250   Indonesian Seas mode: H=3248.4-3322.2 R=1561.8-1630.5D=-1686.6--1691.6 (-51.9%--50.9%)
2022-10-21 10:30:29:
2022-10-21 10:32:01:distance 165     Vitiaz Strait mode: H=6.7-7.6 R=7.0-7.6D=0.2-0.0 (3.3%-0.5%)
2022-10-21 10:32:08:distance 165    Solomon Strait mode: H=2.7-3.3 R=2.9-3.5D=0.1-0.2 (5.3%-6.3%)
2022-10-21 10:32:10:distance 165   Solomon Islands mode: H=3.3-3.9 R=3.1-3.7D=-0.3--0.2 (-7.6%--6.1%)
2022-10-21 10:32:15:distance 165  Mindanao Current mode: H=5.9-6.7 R=5.8-6.4D=-0.1--0.2 (-2.5%--3.6%)
2022-10-21 10:32:18:distance 165       Celebes Sea mode: H=6.4-7.0 R=6.3-6.8D=-0.2--0.2 (-2.6%--3.1%)
2022-10-21 10:32:21:distance 165    South Interior mode: H=4.6-5.3 R=7.9-8.5D=3.2-3.1 (69.4%-58.6%)
2022-10-21 10:32:23:distance 165    North Interior mode: H=27.0-27.7 R=5.0-5.7D=-21.9--22.0 (-81.3%--79.6%)
2022-10-21 10:32:25:distance 165   Indonesian Seas mode: H=8.6-9.2 R=9.4-9.8D=0.7-0.6 (8.4%-6.6%)
2022-10-21 10:32:25:
2022-10-21 10:33:48:distance 190     Vitiaz Strait mode: H=9.8-10.5 R=9.6-10.2D=-0.2--0.3 (-2.2%--2.5%)
2022-10-21 10:33:55:distance 190    Solomon Strait mode: H=5.7-6.4 R=5.6-6.3D=-0.1--0.1 (-1.7%--1.5%)
2022-10-21 10:33:57:distance 190   Solomon Islands mode: H=6.1-6.7 R=6.3-6.9D=0.1-0.2 (2.3%-2.4%)
2022-10-21 10:34:02:distance 190  Mindanao Current mode: H=8.7-9.4 R=8.4-9.0D=-0.3--0.4 (-3.2%--4.2%)
2022-10-21 10:34:04:distance 190       Celebes Sea mode: H=9.2-9.8 R=9.2-9.8D=-0.1--0.0 (-0.5%--0.2%)
2022-10-21 10:34:08:distance 190    South Interior mode: H=6.2-6.9 R=6.0-6.7D=-0.2--0.1 (-2.7%--1.9%)
2022-10-21 10:34:10:distance 190    North Interior mode: H=18.0-18.7 R=17.3-18.0D=-0.7--0.8 (-3.8%--4.1%)
2022-10-21 10:34:11:distance 190   Indonesian Seas mode: H=15.8-16.4 R=12.7-13.2D=-3.1--3.2 (-19.6%--19.3%)
2022-10-21 10:34:11:
2022-10-21 10:35:21:distance 220     Vitiaz Strait mode: H=13.1-13.9 R=13.0-13.6D=-0.2--0.3 (-1.3%--1.9%)
2022-10-21 10:35:26:distance 220    Solomon Strait mode: H=9.2-9.9 R=9.1-9.8D=-0.1--0.1 (-0.6%--0.6%)
2022-10-21 10:35:28:distance 220   Solomon Islands mode: H=9.7-10.3 R=9.8-10.5D=0.1-0.1 (1.0%-1.4%)
2022-10-21 10:35:32:distance 220  Mindanao Current mode: H=12.0-12.6 R=12.2-12.8D=0.1-0.1 (1.2%-1.2%)
2022-10-21 10:35:35:distance 220       Celebes Sea mode: H=12.5-13.1 R=12.5-13.1D=-0.0--0.0 (-0.2%--0.2%)
2022-10-21 10:35:38:distance 220    South Interior mode: H=4.1-4.9 R=3.8-4.4D=-0.3--0.4 (-8.3%--8.7%)
2022-10-21 10:35:41:distance 220    North Interior mode: H=7.9-8.5 R=10.5-11.0D=2.6-2.6 (33.3%-30.6%)
2022-10-21 10:35:42:distance 220   Indonesian Seas mode: H=19.6-20.0 R=18.4-18.9D=-1.1--1.1 (-5.8%--5.5%)
2022-10-21 10:35:42:
2022-10-21 10:36:27:distance 250     Vitiaz Strait mode: H=16.2-16.9 R=16.0-16.6D=-0.2--0.3 (-1.5%--1.7%)
2022-10-21 10:36:31:distance 250    Solomon Strait mode: H=12.5-13.1 R=12.9-13.4D=0.4-0.3 (3.0%-2.6%)
2022-10-21 10:36:33:distance 250   Solomon Islands mode: H=12.8-13.4 R=12.8-13.3D=-0.0--0.1 (-0.1%--1.0%)
2022-10-21 10:36:36:distance 250  Mindanao Current mode: H=15.3-15.9 R=15.4-16.0D=0.1-0.0 (0.8%-0.2%)
2022-10-21 10:36:38:distance 250       Celebes Sea mode: H=16.2-16.7 R=15.8-16.4D=-0.4--0.4 (-2.5%--2.1%)
2022-10-21 10:36:41:distance 250    South Interior mode: H=6.2-6.8 R=7.2-7.8D=1.0-1.0 (16.6%-14.6%)
2022-10-21 10:36:44:distance 250    North Interior mode: H=9.6-10.1 R=9.3-9.9D=-0.2--0.3 (-2.3%--2.7%)
2022-10-21 10:36:45:distance 250   Indonesian Seas mode: H=21.5-22.0 R=21.4-21.9D=-0.1--0.1 (-0.6%--0.5%)
2022-10-21 10:36:45:
2022-10-21 10:38:20:speed 165     Vitiaz Strait mode: H=0.022-0.022 R=0.021-0.021D=-0.001--0.001 (-4.1%--4.1%)
2022-10-21 10:38:30:speed 165    Solomon Strait mode: H=0.018-0.018 R=0.018-0.019D=0.000-0.000 (2.7%-2.7%)
2022-10-21 10:38:36:speed 165   Solomon Islands mode: H=0.018-0.018 R=0.019-0.019D=0.001-0.001 (7.3%-7.6%)
2022-10-21 10:38:43:speed 165  Mindanao Current mode: H=0.022-0.022 R=0.022-0.022D=0.000-0.000 (0.2%-0.1%)
2022-10-21 10:38:51:speed 165       Celebes Sea mode: H=0.022-0.022 R=0.022-0.022D=0.000-0.000 (0.4%-0.5%)
2022-10-21 10:39:01:speed 165    South Interior mode: H=0.020-0.020 R=0.017-0.017D=-0.003--0.003 (-14.6%--14.6%)
2022-10-21 10:39:08:speed 165    North Interior mode: H=0.022-0.022 R=0.020-0.020D=-0.002--0.002 (-7.3%--7.2%)
2022-10-21 10:39:12:speed 165   Indonesian Seas mode: H=0.006-0.006 R=0.017-0.017D=0.012-0.012 (207.5%-202.1%)
2022-10-21 10:39:12:
2022-10-21 10:40:33:speed 190     Vitiaz Strait mode: H=0.022-0.022 R=0.024-0.024D=0.002-0.002 (6.9%-7.0%)
2022-10-21 10:40:43:speed 190    Solomon Strait mode: H=0.021-0.021 R=0.022-0.022D=0.001-0.001 (3.5%-3.4%)
2022-10-21 10:40:48:speed 190   Solomon Islands mode: H=0.021-0.021 R=0.022-0.022D=0.001-0.001 (5.6%-5.7%)
2022-10-21 10:40:55:speed 190  Mindanao Current mode: H=0.021-0.022 R=0.022-0.022D=0.001-0.001 (2.5%-2.3%)
2022-10-21 10:41:01:speed 190       Celebes Sea mode: H=0.021-0.022 R=0.025-0.025D=0.003-0.003 (14.3%-14.1%)
2022-10-21 10:41:13:speed 190    South Interior mode: H=0.019-0.019 R=0.012-0.012D=-0.007--0.007 (-35.2%--34.9%)
2022-10-21 10:41:21:speed 190    North Interior mode: H=0.022-0.022 R=0.021-0.021D=-0.001--0.001 (-4.2%--4.2%)
2022-10-21 10:41:26:speed 190   Indonesian Seas mode: H=0.006-0.007 R=0.007-0.007D=0.000-0.000 (2.1%-2.2%)
2022-10-21 10:41:26:
2022-10-21 10:42:25:speed 220     Vitiaz Strait mode: H=0.010-0.010 R=0.026-0.026D=0.016-0.016 (168.3%-164.4%)
2022-10-21 10:42:35:speed 220    Solomon Strait mode: H=0.010-0.010 R=0.010-0.011D=0.001-0.001 (7.0%-6.7%)
2022-10-21 10:42:40:speed 220   Solomon Islands mode: H=0.010-0.010 R=0.025-0.025D=0.015-0.015 (148.0%-145.2%)
2022-10-21 10:42:47:speed 220  Mindanao Current mode: H=0.016-0.016 R=0.016-0.016D=0.000-0.000 (1.1%-1.0%)
2022-10-21 10:42:54:speed 220       Celebes Sea mode: H=0.024-0.025 R=0.027-0.027D=0.003-0.003 (10.7%-10.4%)
2022-10-21 10:43:08:speed 220    South Interior mode: H=0.013-0.014 R=0.013-0.013D=-0.001--0.001 (-7.1%--7.1%)
2022-10-21 10:43:14:speed 220    North Interior mode: H=0.021-0.021 R=0.021-0.021D=-0.000--0.000 (-1.0%--0.9%)
2022-10-21 10:43:20:speed 220   Indonesian Seas mode: H=0.007-0.007 R=0.007-0.007D=0.000-0.000 (3.9%-4.7%)
2022-10-21 10:43:20:
2022-10-21 10:44:29:speed 250     Vitiaz Strait mode: H=0.017-0.018 R=0.019-0.019D=0.001-0.001 (7.4%-7.3%)
2022-10-21 10:44:37:speed 250    Solomon Strait mode: H=0.017-0.017 R=0.018-0.018D=0.001-0.001 (4.2%-4.0%)
2022-10-21 10:44:42:speed 250   Solomon Islands mode: H=0.017-0.017 R=0.022-0.023D=0.005-0.005 (32.0%-31.8%)
2022-10-21 10:44:48:speed 250  Mindanao Current mode: H=0.016-0.017 R=0.015-0.016D=-0.001--0.001 (-6.1%--6.0%)
2022-10-21 10:44:54:speed 250       Celebes Sea mode: H=0.024-0.024 R=0.020-0.020D=-0.004--0.004 (-15.3%--15.2%)
2022-10-21 10:45:05:speed 250    South Interior mode: H=0.013-0.013 R=0.014-0.014D=0.001-0.001 (9.2%-9.0%)
2022-10-21 10:45:13:speed 250    North Interior mode: H=0.018-0.018 R=0.016-0.017D=-0.001--0.001 (-6.7%--6.8%)
2022-10-21 10:45:19:speed 250   Indonesian Seas mode: H=0.009-0.009 R=0.010-0.010D=0.001-0.001 (13.1%-12.3%)
2022-10-21 10:45:19:
